FtcAuto.startMode_INFO [0.006087959] ***** Starting autonomous: 20251214@152623 *****
FtcAuto.startMode_INFO [0.006760543] <Info name="MatchInfo" date="Sun Dec 14 15:21:18 PST 2025" type="QUALIFICATION" number=21 />
FtcAuto.startMode_INFO [0.008106001] <Info name="AutoChoices" startDelay=0 alliance="RED_ALLIANCE" startPos="FAR_CENTER" strategy="DECODE_AUTO" classifierVision="NO" loadingPickup="NO" openGate="NO" spikeMarkCount=2 shootDelay1=0 shootDelay2=0 shootDelay3=0 parkOption="CLASSIFIER_PARK" xTarget=4.0 yTarget=4.0 turnTarget=90 driveTime=5 drivePower=0.5 />
FtcAuto.startMode_INFO [0.008876293] Obelisk AprilTag 21: [Green, Purple, Purple]
CmdDecodeAuto.cmdPeriodic_INFO [0.021512461] <Event name="StateInfo" time="0.021226627" tag="vvvvv" CmdDecodeAuto.state="START" />
CmdDecodeAuto.cmdPeriodic_INFO [0.075251466] Set callback event to turn on auto tracking (event=(CmdDecodeAuto.goalTrackingCallbackEvent=CLEARED))
CmdDecodeAuto.cmdPeriodic_INFO [0.089574343] Pre-spin shooter(shootParams={name=FarZoneShootPoint, distance=111.300001, region={tiltAngle=42.0, coeffs=[[3063.63635, 15.15152]]}, outputs=[4750.0]})
CmdDecodeAuto.cmdPeriodic_INFO [0.090716218] <Event name="StateInfo" time="0.090293593" tag="^^^^^" CmdDecodeAuto.state="START" />
CmdDecodeAuto.cmdPeriodic_INFO [0.093349676] <Event name="StateInfo" time="0.092991801" tag="vvvvv" CmdDecodeAuto.state="GOTO_SHOOT_POS" />
CmdDecodeAuto.cmdPeriodic_INFO [0.094850885] <Event name="StateInfo" time="0.094338426" tag="^^^^^" CmdDecodeAuto.state="GOTO_SHOOT_POS" />
CmdDecodeAuto.cmdPeriodic_INFO [0.096997843] <Event name="StateInfo" time="0.096333427" tag="vvvvv" CmdDecodeAuto.state="SHOOT_ARTIFACTS" />
TaskAutoShoot.autoShoot_INFO [0.099600094] autoShoot(owner=null, event=(CmdDecodeAuto=CLEARED), taskParams=(alliance=RED_ALLIANCE,inAuto=true,useAprilTagVision=true,doMotif=true,useClassifierVision=false,useRegression=true,flywheelTracking=true,relocalize=false,numArtifactsToShoot=3,moveToNextExitSlot=false))
CmdDecodeAuto.cmdPeriodic_INFO [0.102687094] <Event name="StateInfo" time="0.102313761" tag="^^^^^" CmdDecodeAuto.state="SHOOT_ARTIFACTS" />
TaskAutoShoot.autoTask_INFO [0.104545886] <Event name="StateInfo" time="0.104095261" tag="vvvvv" TaskAutoShoot.state="START" />
TaskAutoShoot.runTaskState_INFO [0.106061678] ***** Setting up Vision (useClassifierVision=false, classifierVisionEnabled=false)
TaskAutoShoot.autoTask_INFO [0.108127261] <Event name="StateInfo" time="0.107697928" tag="^^^^^" TaskAutoShoot.state="START" />
TaskAutoShoot.autoTask_INFO [0.111220387] <Event name="StateInfo" time="0.110113511" tag="vvvvv" TaskAutoShoot.state="DO_VISION" />
TaskAutoShoot.runTaskState_INFO [0.113888553] ***** Vision found AprilTag 24: aprilTagPose=(x=44.752035,y=125.952629,angle=19.560557)
TaskAutoShoot.runTaskState_INFO [0.120061096] ***** MotifSequence=[Green, Purple, Purple] (index=0)
TaskAutoShoot.autoTask_INFO [0.121513596] <Event name="StateInfo" time="0.120803096" tag="^^^^^" TaskAutoShoot.state="DO_VISION" />
TaskAutoShoot.autoTask_INFO [0.123477388] <Event name="StateInfo" time="0.123145179" tag="vvvvv" TaskAutoShoot.state="AIM" />
TaskAutoShoot.runTaskState_INFO [0.124937471] ***** Shooting Green artifact (MotifArtifact=Green, exitArtifact=null).
Spindexer.findSlot_INFO [0.128447097] find slot for Green (0=Green)
Spindexer.moveToExitSlotWithArtifact_INFO [0.129477555] MoveToExitSlot: FromSlot=null, ToSlot=0, artifactType=Green
Spindexer.moveToExitSlot_INFO [0.130715097] MoveToExitSlot: Slot=0, event=(TaskAutoShoot.spindexerEvent=CLEARED)
TaskAutoShoot.runTaskState_INFO [0.146637182] ***** ShootParams: dist=133.666785, bearing=-68.333079, shootParams={name=RegressionEntry, distance=133.66678474762583, region={tiltAngle=42.0, coeffs=[[3063.63635, 15.15152]]}, outputs=[5088.8913124393475]}, event=(TaskAutoShoot.event=CLEARED)
TaskAutoShoot.autoTask_INFO [0.155193808] <Event name="StateInfo" time="0.154891933" tag="^^^^^" TaskAutoShoot.state="AIM" />
CmdDecodeAuto.lambda$cmdPeriodic$0$teamcode-autocommands-CmdDecodeAuto_INFO [0.157801891] GoalTrackingCallback(canceled=true)
Spindexer.Motor.pidCtrlTask_INFO [0.766201994] controlMode: Position,onTarget=true(-180.52473288484367/-180.0), stalled=false, expired=false, event=(Spindexer.stopIntakeCallback=SIGNALED)
Spindexer.stopIntakeCallback_INFO [0.767941202] stopIntakeCallback(canceled=false)
Shooter.PanMotor.pidCtrlTask_INFO [1.025938478] controlMode: Position,onTarget=true(-67.68616277535949/-68.33307887655127), stalled=false, expired=false, event=(Shooter.panOnTarget=SIGNALED)
Shooter.ShootMotor1.pidCtrlTask_INFO [2.329251401] controlMode: Velocity,onTarget=true(85.0/84.81485520732245), stalled=false, expired=false, event=(Shooter.shooter1OnTarget=SIGNALED)
TaskAutoShoot.autoTask_INFO [2.331600776] <Event name="StateInfo" time="2.331158318" tag="vvvvv" TaskAutoShoot.state="SHOOT" />
TaskAutoShoot.runTaskState_INFO [2.332244485] ***** Feed artifact to shooter.
Shooter.shoot_INFO [2.333026151] shoot(owner=null, event=(TaskAutoShoot.event=SIGNALED), pos=1.000000, duration=0.750000)
Spindexer.enableExitTrigger_INFO [2.33388511] Enabling exit trigger: lowThreshold=4750.000000, highThreshold=5450.000000
TaskAutoShoot.autoTask_INFO [2.341497027] <Event name="StateInfo" time="2.340989819" tag="^^^^^" TaskAutoShoot.state="SHOOT" />
Intake.setPickupArtifactType_INFO [2.572777634] Expect to pick up artifact Green
Spindexer.setExitTriggerEnabled_INFO [2.574999259] setExitTriggerEnabled(enabled=false)
Spindexer.velTriggerCallback_INFO [2.575917426] Exit[0]: vel=5100.000000, artifact=Green, numPurple=2, numGreen=0, numUnknown=0, expectedNext=Green
Spindexer.disableExitTrigger_INFO [2.582421301] Disabling exit trigger.
TaskAutoShoot.autoTask_INFO [2.686654229] <Event name="StateInfo" time="2.686341854" tag="vvvvv" TaskAutoShoot.state="SHOOT_NEXT" />
TaskAutoShoot.autoTask_INFO [2.687343145] <Event name="StateInfo" time="2.687011812" tag="^^^^^" TaskAutoShoot.state="SHOOT_NEXT" />
TaskAutoShoot.autoTask_INFO [2.688778729] <Event name="StateInfo" time="2.68845352" tag="vvvvv" TaskAutoShoot.state="AIM" />
TaskAutoShoot.runTaskState_INFO [2.689766604] ***** Shooting Purple artifact (MotifArtifact=Purple, exitArtifact=None).
Spindexer.findSlot_INFO [2.690665521] find slot for Purple (1=Purple)
Spindexer.moveToExitSlotWithArtifact_INFO [2.691632979] MoveToExitSlot: FromSlot=0, ToSlot=1, artifactType=Purple
Spindexer.moveToExitSlot_INFO [2.692521396] MoveToExitSlot: Slot=1, event=(TaskAutoShoot.spindexerEvent=CLEARED)
TaskAutoShoot.autoTask_INFO [2.705690147] <Event name="StateInfo" time="2.705374564" tag="^^^^^" TaskAutoShoot.state="AIM" />
Spindexer.Motor.pidCtrlTask_INFO [3.285125122] controlMode: Position,onTarget=true(-58.902255639097746/-60.0), stalled=false, expired=false, event=(Spindexer.stopIntakeCallback=SIGNALED)
Spindexer.stopIntakeCallback_INFO [3.285148164] stopIntakeCallback(canceled=false)
TaskAutoShoot.autoTask_INFO [3.292398998] <Event name="StateInfo" time="3.291994748" tag="vvvvv" TaskAutoShoot.state="SHOOT" />
TaskAutoShoot.runTaskState_INFO [3.293017915] ***** Feed artifact to shooter.
Shooter.shoot_INFO [3.294213165] shoot(owner=null, event=(TaskAutoShoot.event=SIGNALED), pos=1.000000, duration=0.750000)
Spindexer.enableExitTrigger_INFO [3.29852954] Enabling exit trigger: lowThreshold=4510.000000, highThreshold=5210.000000
TaskAutoShoot.autoTask_INFO [3.309418333] <Event name="StateInfo" time="3.309084958" tag="^^^^^" TaskAutoShoot.state="SHOOT" />
Intake.setPickupArtifactType_INFO [3.524415188] Expect to pick up artifact Any
Spindexer.setExitTriggerEnabled_INFO [3.52674298] setExitTriggerEnabled(enabled=false)
Spindexer.velTriggerCallback_INFO [3.528495605] Exit[1]: vel=4860.000000, artifact=Purple, numPurple=1, numGreen=0, numUnknown=0, expectedNext=Any
Spindexer.disableExitTrigger_INFO [3.532190439] Disabling exit trigger.
TaskAutoShoot.autoTask_INFO [3.638416033] <Event name="StateInfo" time="3.637992241" tag="vvvvv" TaskAutoShoot.state="SHOOT_NEXT" />
TaskAutoShoot.autoTask_INFO [3.639958949] <Event name="StateInfo" time="3.639515324" tag="^^^^^" TaskAutoShoot.state="SHOOT_NEXT" />
TaskAutoShoot.autoTask_INFO [3.641091491] <Event name="StateInfo" time="3.640661574" tag="vvvvv" TaskAutoShoot.state="AIM" />
TaskAutoShoot.runTaskState_INFO [3.641796158] ***** Shooting Purple artifact (MotifArtifact=Purple, exitArtifact=None).
Spindexer.findSlot_INFO [3.64295495] find slot for Purple (2=Purple)
Spindexer.moveToExitSlotWithArtifact_INFO [3.643564241] MoveToExitSlot: FromSlot=1, ToSlot=2, artifactType=Purple
Spindexer.moveToExitSlot_INFO [3.645399408] MoveToExitSlot: Slot=2, event=(TaskAutoShoot.spindexerEvent=CLEARED)
TaskAutoShoot.autoTask_INFO [3.660287535] <Event name="StateInfo" time="3.659916535" tag="^^^^^" TaskAutoShoot.state="AIM" />
Spindexer.stopIntakeCallback_INFO [4.194221922] stopIntakeCallback(canceled=false)
Spindexer.Motor.pidCtrlTask_INFO [4.194206172] controlMode: Position,onTarget=true(58.88959240205779/60.0), stalled=false, expired=false, event=(Spindexer.stopIntakeCallback=SIGNALED)
TaskAutoShoot.autoTask_INFO [4.207486923] <Event name="StateInfo" time="4.207085881" tag="vvvvv" TaskAutoShoot.state="SHOOT" />
TaskAutoShoot.runTaskState_INFO [4.20898259] ***** Feed artifact to shooter.
Shooter.shoot_INFO [4.21163034] shoot(owner=null, event=(TaskAutoShoot.event=SIGNALED), pos=1.000000, duration=0.750000)
Spindexer.enableExitTrigger_INFO [4.213105007] Enabling exit trigger: lowThreshold=4510.000000, highThreshold=5210.000000
TaskAutoShoot.autoTask_INFO [4.225240383] <Event name="StateInfo" time="4.224857425" tag="^^^^^" TaskAutoShoot.state="SHOOT" />
Intake.setPickupArtifactType_INFO [4.461768657] Expect to pick up artifact Any
Spindexer.setExitTriggerEnabled_INFO [4.463562699] setExitTriggerEnabled(enabled=false)
Spindexer.velTriggerCallback_INFO [4.465499366] Exit[2]: vel=4860.000000, artifact=Purple, numPurple=0, numGreen=0, numUnknown=0, expectedNext=Any
Spindexer.disableExitTrigger_INFO [4.467473074] Disabling exit trigger.
TaskAutoShoot.autoTask_INFO [4.576420502] <Event name="StateInfo" time="4.57608421" tag="vvvvv" TaskAutoShoot.state="SHOOT_NEXT" />
TaskAutoShoot.autoTask_INFO [4.578179252] <Event name="StateInfo" time="4.577845294" tag="^^^^^" TaskAutoShoot.state="SHOOT_NEXT" />
TaskAutoShoot.autoTask_INFO [4.579858669] <Event name="StateInfo" time="4.579532877" tag="vvvvv" TaskAutoShoot.state="NEXT_EXIT_SLOT" />
TaskAutoShoot.autoTask_INFO [4.580961169] <Event name="StateInfo" time="4.580573252" tag="^^^^^" TaskAutoShoot.state="NEXT_EXIT_SLOT" />
TaskAutoShoot.autoTask_INFO [4.582670044] <Event name="StateInfo" time="4.581680127" tag="vvvvv" TaskAutoShoot.state="DONE" />
TaskAutoShoot.stopSubsystems_INFO [4.583928878] Stopping subsystems.
Shooter.cancel_INFO [4.585161753] owner=null
Spindexer.cancel_INFO [4.603909505] cancel(owner=null)
TaskAutoShoot.autoTask_INFO [4.609676338] <Event name="StateInfo" time="4.609073172" tag="^^^^^" TaskAutoShoot.state="DONE" />
CmdDecodeAuto.cmdPeriodic_INFO [4.611183089] <Event name="StateInfo" time="4.610803922" tag="vvvvv" CmdDecodeAuto.state="PICKUP_SPIKEMARK" />
Spindexer.setAutoReceiveEnabled_INFO [4.618753298] Entry is not at a vacant slot, find one.
Spindexer.findSlot_INFO [4.619617214] find slot for None (0=None)
Spindexer.moveToNextVacantEntrySlot_INFO [4.620196465] moveToNextVacantSlot: FromSlot=null, ToSlot=0
Spindexer.moveToEntrySlot_INFO [4.621366923] MoveToEntrySlot: Slot=0, event=(Spindexer.callbackEvent=CLEARED)
purePursuitDrive.start_INFO [4.645599175] Path=TrcPath(degrees=true, [Waypoint(simple=true,index=0,pose=(x=61.880041,y=11.764190,angle=0.090794),vel=0.0), Waypoint(simple=true,index=1,pose=(x=35.310000,y=33.071000,angle=0.000000),vel=0.0), Waypoint(simple=true,index=2,pose=(x=35.310000,y=71.071000,angle=0.000000),vel=0.0)])
CmdDecodeAuto.cmdPeriodic_INFO [4.647765967] <Event name="StateInfo" time="4.647247384" tag="^^^^^" CmdDecodeAuto.state="PICKUP_SPIKEMARK" RobotPose=(x=61.880041,y=11.764190,angle=0.090794) TargetPose=(x=35.310000,y=71.071000,angle=0.000000) vel=(x=-0.818470,y=-1.011874,angle=-6.191149) Path=TrcPath(degrees=true, [Waypoint(simple=true,index=0,pose=(x=0.000000,y=0.000000,angle=0.000000),vel=0.0), Waypoint(simple=true,index=1,pose=(x=-26.603772,y=21.264679,angle=-0.090794),vel=0.0), Waypoint(simple=true,index=2,pose=(x=-26.663988,y=59.264631,angle=-0.090794),vel=0.0)]) />
Spindexer.Motor.pidCtrlTask_INFO [4.99453696] controlMode: Position,onTarget=true(0.9513256826276262/0.0), stalled=false, expired=false, event=(Spindexer.stopIntakeCallback=SIGNALED)
Spindexer.stopIntakeCallback_INFO [5.023633047] stopIntakeCallback(canceled=false)
Spindexer.moveEntrySlotCompletionCallback_INFO [5.0550858] moveEntrySlotCompletionCallback(autoReceive=false, canceled=false)
Spindexer.performAutoReceiveEnabled_INFO [5.096392512] performAutoReceiveEnabled(enable=true)
Spindexer.setEntryTriggerEnabled_INFO [5.097309512] setEntryTriggerEnabled(enabled=true)
CmdDecodeAuto.lambda$cmdPeriodic$1$teamcode-autocommands-CmdDecodeAuto_INFO [6.459040649] WaypointHandler: index=1
Spindexer.onEntryTrigger_INFO [7.257118021] onEntryTrigger(active=true, numObj=1, advOnTrigger=false)
Spindexer.getColorArtifactType_INFO [7.31082436] EntryArtifact: hue=180.000, type=Green
Intake.setPickupArtifactType_INFO [7.312423568] Expect to pick up artifact Purple
Spindexer.setEntryTriggerEnabled_INFO [7.31368561] setEntryTriggerEnabled(enabled=false)
Spindexer.entryTriggerCallback_INFO [7.347690155] Entry[0]: colorMode=true, value=180.000000/180, artifact=Green, slotStates=[Green, None, None] (PGU=0/1/0), expectedNext=Purple
Spindexer.findSlot_INFO [7.350928822] find slot for None (1=None)
Spindexer.moveToNextVacantEntrySlot_INFO [7.354294656] moveToNextVacantSlot: FromSlot=0, ToSlot=1
Spindexer.moveToEntrySlot_INFO [7.356874156] MoveToEntrySlot: Slot=1, event=(Spindexer.callbackEvent=CLEARED)
Spindexer.Motor.pidCtrlTask_INFO [7.803096493] controlMode: Position,onTarget=true(118.26434507320937/120.0), stalled=false, expired=false, event=(Spindexer.stopIntakeCallback=SIGNALED)
Spindexer.stopIntakeCallback_INFO [7.823223828] stopIntakeCallback(canceled=false)
Spindexer.moveEntrySlotCompletionCallback_INFO [7.856019123] moveEntrySlotCompletionCallback(autoReceive=true, canceled=false)
Spindexer.setEntryTriggerEnabled_INFO [7.857066498] setEntryTriggerEnabled(enabled=true)
Spindexer.onEntryTrigger_INFO [8.151522111] onEntryTrigger(active=true, numObj=2, advOnTrigger=false)
Spindexer.getColorArtifactType_INFO [8.235646369] EntryArtifact: hue=228.000, type=Purple
Intake.setPickupArtifactType_INFO [8.236216578] Expect to pick up artifact Purple
Spindexer.setEntryTriggerEnabled_INFO [8.23753987] setEntryTriggerEnabled(enabled=false)
Spindexer.entryTriggerCallback_INFO [8.254825788] Entry[1]: colorMode=true, value=228.000000/227, artifact=Purple, slotStates=[Green, Purple, None] (PGU=1/1/0), expectedNext=Purple
Spindexer.findSlot_INFO [8.255822413] find slot for None (2=None)
Spindexer.moveToNextVacantEntrySlot_INFO [8.25659008] moveToNextVacantSlot: FromSlot=1, ToSlot=2
Spindexer.moveToEntrySlot_INFO [8.25763658] MoveToEntrySlot: Slot=2, event=(Spindexer.callbackEvent=CLEARED)
Spindexer.Motor.pidCtrlTask_INFO [8.640194493] controlMode: Position,onTarget=true(237.97150771666008/240.0), stalled=false, expired=false, event=(Spindexer.stopIntakeCallback=SIGNALED)
Spindexer.stopIntakeCallback_INFO [8.642966785] stopIntakeCallback(canceled=false)
Spindexer.moveEntrySlotCompletionCallback_INFO [8.690982707] moveEntrySlotCompletionCallback(autoReceive=true, canceled=false)
Spindexer.setEntryTriggerEnabled_INFO [8.69190029] setEntryTriggerEnabled(enabled=true)
Spindexer.onEntryTrigger_INFO [8.894685352] onEntryTrigger(active=true, numObj=3, advOnTrigger=false)
Spindexer.getColorArtifactType_INFO [8.966657901] EntryArtifact: hue=231.429, type=Purple
Intake.setPickupArtifactType_INFO [8.967873276] Expect to pick up artifact None
Spindexer.setEntryTriggerEnabled_INFO [8.969212027] setEntryTriggerEnabled(enabled=false)
Spindexer.entryTriggerCallback_INFO [8.997359904] Entry[2]: colorMode=true, value=231.428574/240, artifact=Purple, slotStates=[Green, Purple, Purple] (PGU=2/1/0), expectedNext=None
Spindexer.entryTriggerCallback_INFO [8.999077238] Slots are full! (event=(CmdDecodeAuto.spindexerFull=CLEARED))
Spindexer.performAutoReceiveEnabled_INFO [9.004467822] performAutoReceiveEnabled(enable=false)
Spindexer.setEntryTriggerEnabled_INFO [9.005887364] setEntryTriggerEnabled(enabled=false)
Spindexer.cancel_INFO [9.007089905] cancel(owner=null)
CmdDecodeAuto.cmdPeriodic_INFO [9.015256864] <Event name="StateInfo" time="9.014970156" tag="vvvvv" CmdDecodeAuto.state="FINISH_PICKUP" />
CmdDecodeAuto.lambda$cmdPeriodic$1$teamcode-autocommands-CmdDecodeAuto_INFO [9.066833745] WaypointHandler: index=-1
Spindexer.performAutoReceiveEnabled_INFO [9.071448203] performAutoReceiveEnabled(enable=false)
Spindexer.setEntryTriggerEnabled_INFO [9.072104745] setEntryTriggerEnabled(enabled=false)
Spindexer.cancel_INFO [9.073465954] cancel(owner=null)
CmdDecodeAuto.cmdPeriodic_INFO [9.074815787] <Event name="StateInfo" time="9.07431762" tag="^^^^^" CmdDecodeAuto.state="FINISH_PICKUP" />
CmdDecodeAuto.cmdPeriodic_INFO [9.077136871] <Event name="StateInfo" time="9.076427246" tag="vvvvv" CmdDecodeAuto.state="GOTO_SHOOT_POS" />
purePursuitDrive.start_INFO [9.080178371] Path=TrcPath(degrees=true, [Waypoint(simple=true,index=0,pose=(x=35.238523,y=46.982484,angle=0.184637),vel=0.0), Waypoint(simple=true,index=1,pose=(x=47.080000,y=11.770000,angle=0.000000),vel=0.0)])
CmdDecodeAuto.cmdPeriodic_INFO [9.086882913] <Event name="StateInfo" time="9.086468163" tag="^^^^^" CmdDecodeAuto.state="GOTO_SHOOT_POS" RobotPose=(x=35.245866,y=47.117031,angle=0.191957) TargetPose=(x=47.080000,y=11.770000,angle=0.000000) vel=(x=1.298710,y=8.270586,angle=2.489918) Path=TrcPath(degrees=true, [Waypoint(simple=true,index=0,pose=(x=0.000000,y=0.000000,angle=0.000000),vel=0.0), Waypoint(simple=true,index=1,pose=(x=11.954889,y=-35.174142,angle=-0.184637),vel=0.0)]) />
purePursuitDrive.driveTask_INFO [10.701470117] Done: index=1/2, stalled=false, timeout=false, posOnTarget=true, headingOnTarget=true, robotPose=(x=46.856786,y=11.687593,angle=-1.616291)
purePursuitDrive.driveTask_INFO [10.742236955] Signal completion event (CmdDecodeAuto=CLEARED).
CmdDecodeAuto.cmdPeriodic_INFO [10.744279497] <Event name="StateInfo" time="10.743951955" tag="vvvvv" CmdDecodeAuto.state="SHOOT_ARTIFACTS" />
TaskAutoShoot.autoShoot_INFO [10.745420205] autoShoot(owner=null, event=(CmdDecodeAuto=SIGNALED), taskParams=(alliance=RED_ALLIANCE,inAuto=true,useAprilTagVision=true,doMotif=true,useClassifierVision=false,useRegression=true,flywheelTracking=true,relocalize=false,numArtifactsToShoot=3,moveToNextExitSlot=false))
CmdDecodeAuto.cmdPeriodic_INFO [10.746342455] <Event name="StateInfo" time="10.745955705" tag="^^^^^" CmdDecodeAuto.state="SHOOT_ARTIFACTS" />
TaskAutoShoot.autoTask_INFO [10.747068413] <Event name="StateInfo" time="10.746751372" tag="vvvvv" TaskAutoShoot.state="START" />
TaskAutoShoot.runTaskState_INFO [10.747737789] ***** Setting up Vision (useClassifierVision=false, classifierVisionEnabled=false)
TaskAutoShoot.autoTask_INFO [10.748907955] <Event name="StateInfo" time="10.748566705" tag="^^^^^" TaskAutoShoot.state="START" />
TaskAutoShoot.autoTask_INFO [10.750627039] <Event name="StateInfo" time="10.750292205" tag="vvvvv" TaskAutoShoot.state="DO_VISION" />
TaskAutoShoot.runTaskState_INFO [10.752584414] ***** Vision found AprilTag 24: aprilTagPose=(x=5.339217,y=119.503145,angle=2.558186)
TaskAutoShoot.runTaskState_INFO [10.759841373] ***** MotifSequence=[Green, Purple, Purple] (index=0)
TaskAutoShoot.autoTask_INFO [10.76116204] <Event name="StateInfo" time="10.760735332" tag="^^^^^" TaskAutoShoot.state="DO_VISION" />
TaskAutoShoot.autoTask_INFO [10.763328832] <Event name="StateInfo" time="10.762824248" tag="vvvvv" TaskAutoShoot.state="AIM" />
TaskAutoShoot.runTaskState_INFO [10.764118957] ***** Shooting Green artifact (MotifArtifact=Green, exitArtifact=null).
Spindexer.findSlot_INFO [10.764893624] find slot for Green (0=Green)
Spindexer.moveToExitSlotWithArtifact_INFO [10.765548999] MoveToExitSlot: FromSlot=null, ToSlot=0, artifactType=Green
Spindexer.moveToExitSlot_INFO [10.76624754] MoveToExitSlot: Slot=0, event=(TaskAutoShoot.spindexerEvent=CLEARED)
TaskAutoShoot.runTaskState_INFO [10.79131396] ***** ShootParams: dist=119.622360, bearing=-64.420214, shootParams={name=RegressionEntry, distance=119.62235967059001, region={tiltAngle=42.0, coeffs=[[3063.63635, 15.15152]]}, outputs=[4876.096924996138]}, event=(TaskAutoShoot.event=CLEARED)
TaskAutoShoot.autoTask_INFO [10.799000835] <Event name="StateInfo" time="10.798680877" tag="^^^^^" TaskAutoShoot.state="AIM" />
Spindexer.stopIntakeCallback_INFO [11.304876011] stopIntakeCallback(canceled=false)
Spindexer.Motor.pidCtrlTask_INFO [11.304838678] controlMode: Position,onTarget=true(178.59675504550853/180.0), stalled=false, expired=false, event=(Spindexer.stopIntakeCallback=SIGNALED)
Shooter.PanMotor.pidCtrlTask_INFO [11.610409417] controlMode: Position,onTarget=true(-64.8642659279779/-64.42021355632396), stalled=false, expired=false, event=(Shooter.panOnTarget=SIGNALED)
TaskAutoShoot.autoTask_INFO [12.740945405] <Event name="StateInfo" time="12.740534739" tag="vvvvv" TaskAutoShoot.state="SHOOT" />
Shooter.ShootMotor1.pidCtrlTask_INFO [12.741231239] controlMode: Velocity,onTarget=true(82.0/81.26828208326897), stalled=false, expired=false, event=(Shooter.shooter1OnTarget=SIGNALED)
TaskAutoShoot.runTaskState_INFO [12.741556739] ***** Feed artifact to shooter.
Shooter.shoot_INFO [12.742308072] shoot(owner=null, event=(TaskAutoShoot.event=SIGNALED), pos=1.000000, duration=0.750000)
Spindexer.enableExitTrigger_INFO [12.743172864] Enabling exit trigger: lowThreshold=4570.000000, highThreshold=5270.000000
TaskAutoShoot.autoTask_INFO [12.755874949] <Event name="StateInfo" time="12.75553574" tag="^^^^^" TaskAutoShoot.state="SHOOT" />
Intake.setPickupArtifactType_INFO [12.969027012] Expect to pick up artifact Green
Spindexer.setExitTriggerEnabled_INFO [12.970659762] setExitTriggerEnabled(enabled=false)
Spindexer.velTriggerCallback_INFO [12.97237972] Exit[0]: vel=4860.000000, artifact=Green, numPurple=2, numGreen=0, numUnknown=0, expectedNext=Green
Spindexer.disableExitTrigger_INFO [12.974148096] Disabling exit trigger.
TaskAutoShoot.autoTask_INFO [13.081946648] <Event name="StateInfo" time="13.081609773" tag="vvvvv" TaskAutoShoot.state="SHOOT_NEXT" />
TaskAutoShoot.autoTask_INFO [13.083620815] <Event name="StateInfo" time="13.083295607" tag="^^^^^" TaskAutoShoot.state="SHOOT_NEXT" />
TaskAutoShoot.autoTask_INFO [13.085476982] <Event name="StateInfo" time="13.085085565" tag="vvvvv" TaskAutoShoot.state="AIM" />
TaskAutoShoot.runTaskState_INFO [13.087096899] ***** Shooting Purple artifact (MotifArtifact=Purple, exitArtifact=None).
Spindexer.findSlot_INFO [13.088677732] find slot for Purple (1=Purple)
Spindexer.moveToExitSlotWithArtifact_INFO [13.089876191] MoveToExitSlot: FromSlot=0, ToSlot=1, artifactType=Purple
Spindexer.moveToExitSlot_INFO [13.091341232] MoveToExitSlot: Slot=1, event=(TaskAutoShoot.spindexerEvent=CLEARED)
TaskAutoShoot.autoTask_INFO [13.111570359] <Event name="StateInfo" time="13.111242234" tag="^^^^^" TaskAutoShoot.state="AIM" />
Spindexer.Motor.pidCtrlTask_INFO [13.653176455] controlMode: Position,onTarget=true(299.26157499010685/300.0), stalled=false, expired=false, event=(Spindexer.stopIntakeCallback=SIGNALED)
Spindexer.stopIntakeCallback_INFO [13.654887081] stopIntakeCallback(canceled=false)
TaskAutoShoot.autoTask_INFO [13.663096331] <Event name="StateInfo" time="13.662800581" tag="vvvvv" TaskAutoShoot.state="SHOOT" />
TaskAutoShoot.runTaskState_INFO [13.663576998] ***** Feed artifact to shooter.
Shooter.shoot_INFO [13.664299457] shoot(owner=null, event=(TaskAutoShoot.event=SIGNALED), pos=1.000000, duration=0.750000)
Spindexer.enableExitTrigger_INFO [13.665093082] Enabling exit trigger: lowThreshold=4330.000000, highThreshold=5030.000000
TaskAutoShoot.autoTask_INFO [13.676269166] <Event name="StateInfo" time="13.675888833" tag="^^^^^" TaskAutoShoot.state="SHOOT" />
Intake.setPickupArtifactType_INFO [13.913790565] Expect to pick up artifact Any
Spindexer.setExitTriggerEnabled_INFO [13.915075357] setExitTriggerEnabled(enabled=false)
Spindexer.velTriggerCallback_INFO [13.916303565] Exit[1]: vel=4800.000000, artifact=Purple, numPurple=1, numGreen=0, numUnknown=0, expectedNext=Any
Spindexer.disableExitTrigger_INFO [13.922717316] Disabling exit trigger.
TaskAutoShoot.autoTask_INFO [14.031446285] <Event name="StateInfo" time="14.030939077" tag="vvvvv" TaskAutoShoot.state="SHOOT_NEXT" />
TaskAutoShoot.autoTask_INFO [14.033840285] <Event name="StateInfo" time="14.033374494" tag="^^^^^" TaskAutoShoot.state="SHOOT_NEXT" />
TaskAutoShoot.autoTask_INFO [14.036448952] <Event name="StateInfo" time="14.036091369" tag="vvvvv" TaskAutoShoot.state="AIM" />
TaskAutoShoot.runTaskState_INFO [14.039108369] ***** Shooting Purple artifact (MotifArtifact=Purple, exitArtifact=None).
Spindexer.findSlot_INFO [14.043666536] find slot for Purple (2=Purple)
Spindexer.moveToExitSlotWithArtifact_INFO [14.045820787] MoveToExitSlot: FromSlot=1, ToSlot=2, artifactType=Purple
Spindexer.moveToExitSlot_INFO [14.046698995] MoveToExitSlot: Slot=2, event=(TaskAutoShoot.spindexerEvent=CLEARED)
TaskAutoShoot.autoTask_INFO [14.065843122] <Event name="StateInfo" time="14.065471539" tag="^^^^^" TaskAutoShoot.state="AIM" />
Spindexer.stopIntakeCallback_INFO [14.572924923] stopIntakeCallback(canceled=false)
Spindexer.Motor.pidCtrlTask_INFO [14.572888173] controlMode: Position,onTarget=true(419.92639493470523/420.0), stalled=false, expired=false, event=(Spindexer.stopIntakeCallback=SIGNALED)
TaskAutoShoot.autoTask_INFO [14.584349799] <Event name="StateInfo" time="14.583612757" tag="vvvvv" TaskAutoShoot.state="SHOOT" />
TaskAutoShoot.runTaskState_INFO [14.584903966] ***** Feed artifact to shooter.
Shooter.shoot_INFO [14.585616799] shoot(owner=null, event=(TaskAutoShoot.event=SIGNALED), pos=1.000000, duration=0.750000)
Spindexer.enableExitTrigger_INFO [14.586392049] Enabling exit trigger: lowThreshold=4390.000000, highThreshold=5090.000000
TaskAutoShoot.autoTask_INFO [14.5980663] <Event name="StateInfo" time="14.597737592" tag="^^^^^" TaskAutoShoot.state="SHOOT" />
Intake.setPickupArtifactType_INFO [14.820581448] Expect to pick up artifact Any
Spindexer.setExitTriggerEnabled_INFO [14.822019656] setExitTriggerEnabled(enabled=false)
Spindexer.velTriggerCallback_INFO [14.823523198] Exit[2]: vel=4800.000000, artifact=Purple, numPurple=0, numGreen=0, numUnknown=0, expectedNext=Any
Spindexer.disableExitTrigger_INFO [14.82669624] Disabling exit trigger.
TaskAutoShoot.autoTask_INFO [14.938091043] <Event name="StateInfo" time="14.937769335" tag="vvvvv" TaskAutoShoot.state="SHOOT_NEXT" />
TaskAutoShoot.autoTask_INFO [14.938796585] <Event name="StateInfo" time="14.93845621" tag="^^^^^" TaskAutoShoot.state="SHOOT_NEXT" />
TaskAutoShoot.autoTask_INFO [14.939851251] <Event name="StateInfo" time="14.93952546" tag="vvvvv" TaskAutoShoot.state="NEXT_EXIT_SLOT" />
TaskAutoShoot.autoTask_INFO [14.940492626] <Event name="StateInfo" time="14.940165668" tag="^^^^^" TaskAutoShoot.state="NEXT_EXIT_SLOT" />
TaskAutoShoot.autoTask_INFO [14.941725502] <Event name="StateInfo" time="14.941414002" tag="vvvvv" TaskAutoShoot.state="DONE" />
TaskAutoShoot.stopSubsystems_INFO [14.943108877] Stopping subsystems.
Shooter.cancel_INFO [14.944417294] owner=null
Spindexer.cancel_INFO [14.965777212] cancel(owner=null)
TaskAutoShoot.autoTask_INFO [14.973894297] <Event name="StateInfo" time="14.973475171" tag="^^^^^" TaskAutoShoot.state="DONE" />
CmdDecodeAuto.cmdPeriodic_INFO [14.975454713] <Event name="StateInfo" time="14.975134172" tag="vvvvv" CmdDecodeAuto.state="PICKUP_SPIKEMARK" />
Spindexer.setAutoReceiveEnabled_INFO [14.992327923] Entry is not at a vacant slot, find one.
Spindexer.findSlot_INFO [14.99333709] find slot for None (0=None)
Spindexer.moveToNextVacantEntrySlot_INFO [14.993861507] moveToNextVacantSlot: FromSlot=null, ToSlot=0
Spindexer.moveToEntrySlot_INFO [14.994966924] MoveToEntrySlot: Slot=0, event=(Spindexer.callbackEvent=CLEARED)
purePursuitDrive.start_INFO [15.025877177] Path=TrcPath(degrees=true, [Waypoint(simple=true,index=0,pose=(x=46.903316,y=11.306909,angle=-0.850575),vel=0.0), Waypoint(simple=true,index=1,pose=(x=11.770000,y=33.071000,angle=0.000000),vel=0.0), Waypoint(simple=true,index=2,pose=(x=11.770000,y=71.071000,angle=0.000000),vel=0.0)])
CmdDecodeAuto.cmdPeriodic_INFO [15.029577552] <Event name="StateInfo" time="15.02918526" tag="^^^^^" CmdDecodeAuto.state="PICKUP_SPIKEMARK" RobotPose=(x=46.903316,y=11.306909,angle=-0.850575) TargetPose=(x=11.770000,y=71.071000,angle=0.000000) vel=(x=0.156667,y=0.002331,angle=1.187626) Path=TrcPath(degrees=true, [Waypoint(simple=true,index=0,pose=(x=0.000000,y=0.000000,angle=0.000000),vel=0.0), Waypoint(simple=true,index=1,pose=(x=-34.806362,y=22.283239,angle=0.850575),vel=0.0), Waypoint(simple=true,index=2,pose=(x=-34.242259,y=60.279052,angle=0.850575),vel=0.0)]) />
Spindexer.Motor.pidCtrlTask_INFO [15.30478258] controlMode: Position,onTarget=true(361.0304709141275/360.0), stalled=false, expired=false, event=(Spindexer.stopIntakeCallback=SIGNALED)
Spindexer.stopIntakeCallback_INFO [15.315643081] stopIntakeCallback(canceled=false)
Spindexer.moveEntrySlotCompletionCallback_INFO [15.365838919] moveEntrySlotCompletionCallback(autoReceive=false, canceled=false)
Spindexer.performAutoReceiveEnabled_INFO [15.396322756] performAutoReceiveEnabled(enable=true)
Spindexer.setEntryTriggerEnabled_INFO [15.398444631] setEntryTriggerEnabled(enabled=true)
CmdDecodeAuto.lambda$cmdPeriodic$1$teamcode-autocommands-CmdDecodeAuto_INFO [16.868239737] WaypointHandler: index=1
Spindexer.onEntryTrigger_INFO [17.72992349] onEntryTrigger(active=true, numObj=4, advOnTrigger=false)
Spindexer.getColorArtifactType_INFO [17.829142958] EntryArtifact: hue=228.000, type=Purple
Intake.setPickupArtifactType_INFO [17.830185084] Expect to pick up artifact Any
Spindexer.setEntryTriggerEnabled_INFO [17.830787667] setEntryTriggerEnabled(enabled=false)
Spindexer.entryTriggerCallback_INFO [17.851630461] Entry[0]: colorMode=true, value=228.000000/228, artifact=Purple, slotStates=[Purple, None, None] (PGU=1/0/0), expectedNext=Any
Spindexer.findSlot_INFO [17.852460836] find slot for None (1=None)
Spindexer.moveToNextVacantEntrySlot_INFO [17.853033961] moveToNextVacantSlot: FromSlot=0, ToSlot=1
Spindexer.moveToEntrySlot_INFO [17.853785003] MoveToEntrySlot: Slot=1, event=(Spindexer.callbackEvent=CLEARED)
Spindexer.Motor.pidCtrlTask_INFO [18.317963508] controlMode: Position,onTarget=true(478.822318955283/480.0), stalled=false, expired=false, event=(Spindexer.stopIntakeCallback=SIGNALED)
Spindexer.stopIntakeCallback_INFO [18.321644925] stopIntakeCallback(canceled=false)
Spindexer.moveEntrySlotCompletionCallback_INFO [18.364216887] moveEntrySlotCompletionCallback(autoReceive=true, canceled=false)
Spindexer.setEntryTriggerEnabled_INFO [18.365733554] setEntryTriggerEnabled(enabled=true)
Spindexer.onEntryTrigger_INFO [18.443112437] onEntryTrigger(active=true, numObj=5, advOnTrigger=false)
Spindexer.getColorArtifactType_INFO [18.525670445] EntryArtifact: hue=160.000, type=Green
Intake.setPickupArtifactType_INFO [18.527206362] Expect to pick up artifact Purple
Spindexer.setEntryTriggerEnabled_INFO [18.529294695] setEntryTriggerEnabled(enabled=false)
Spindexer.entryTriggerCallback_INFO [18.546972031] Entry[1]: colorMode=true, value=160.000000/160, artifact=Green, slotStates=[Purple, Green, None] (PGU=1/1/0), expectedNext=Purple
Spindexer.findSlot_INFO [18.547844114] find slot for None (2=None)
Spindexer.moveToNextVacantEntrySlot_INFO [18.548425406] moveToNextVacantSlot: FromSlot=1, ToSlot=2
Spindexer.moveToEntrySlot_INFO [18.549650989] MoveToEntrySlot: Slot=2, event=(Spindexer.callbackEvent=CLEARED)
Spindexer.Motor.pidCtrlTask_INFO [18.949033988] controlMode: Position,onTarget=true(598.05065294816/600.0), stalled=false, expired=false, event=(Spindexer.stopIntakeCallback=SIGNALED)
Spindexer.stopIntakeCallback_INFO [18.957622697] stopIntakeCallback(canceled=false)
Spindexer.moveEntrySlotCompletionCallback_INFO [19.006560285] moveEntrySlotCompletionCallback(autoReceive=true, canceled=false)
Spindexer.setEntryTriggerEnabled_INFO [19.007400868] setEntryTriggerEnabled(enabled=true)
Spindexer.onEntryTrigger_INFO [19.079363209] onEntryTrigger(active=true, numObj=6, advOnTrigger=false)
Spindexer.getColorArtifactType_INFO [19.175382219] EntryArtifact: hue=210.000, type=Purple
Intake.setPickupArtifactType_INFO [19.176423469] Expect to pick up artifact None
Spindexer.setEntryTriggerEnabled_INFO [19.177199302] setEntryTriggerEnabled(enabled=false)
Spindexer.entryTriggerCallback_INFO [19.211526431] Entry[2]: colorMode=true, value=210.000000/240, artifact=Purple, slotStates=[Purple, Green, Purple] (PGU=2/1/0), expectedNext=None
Spindexer.entryTriggerCallback_INFO [19.213899723] Slots are full! (event=(CmdDecodeAuto.spindexerFull=CLEARED))
Spindexer.performAutoReceiveEnabled_INFO [19.21865739] performAutoReceiveEnabled(enable=false)
Spindexer.setEntryTriggerEnabled_INFO [19.21923314] setEntryTriggerEnabled(enabled=false)
Spindexer.cancel_INFO [19.219744431] cancel(owner=null)
CmdDecodeAuto.cmdPeriodic_INFO [19.22237614] <Event name="StateInfo" time="19.222092932" tag="vvvvv" CmdDecodeAuto.state="FINISH_PICKUP" />
CmdDecodeAuto.lambda$cmdPeriodic$1$teamcode-autocommands-CmdDecodeAuto_INFO [19.241993642] WaypointHandler: index=-1
Spindexer.performAutoReceiveEnabled_INFO [19.246100892] performAutoReceiveEnabled(enable=false)
Spindexer.setEntryTriggerEnabled_INFO [19.246818393] setEntryTriggerEnabled(enabled=false)
Spindexer.cancel_INFO [19.247460059] cancel(owner=null)
CmdDecodeAuto.cmdPeriodic_INFO [19.251083726] <Event name="StateInfo" time="19.250563101" tag="^^^^^" CmdDecodeAuto.state="FINISH_PICKUP" />
CmdDecodeAuto.cmdPeriodic_INFO [19.255161227] <Event name="StateInfo" time="19.254738893" tag="vvvvv" CmdDecodeAuto.state="GOTO_SHOOT_POS" />
purePursuitDrive.start_INFO [19.259629269] Path=TrcPath(degrees=true, [Waypoint(simple=true,index=0,pose=(x=11.392516,y=46.930768,angle=-0.091700),vel=0.0), Waypoint(simple=true,index=1,pose=(x=47.080000,y=11.770000,angle=0.000000),vel=0.0)])
CmdDecodeAuto.cmdPeriodic_INFO [19.275261729] <Event name="StateInfo" time="19.27490677" tag="^^^^^" CmdDecodeAuto.state="GOTO_SHOOT_POS" RobotPose=(x=11.396155,y=47.128652,angle=-0.121306) TargetPose=(x=47.080000,y=11.770000,angle=0.000000) vel=(x=-0.284698,y=8.163771,angle=-2.030656) Path=TrcPath(degrees=true, [Waypoint(simple=true,index=0,pose=(x=0.000000,y=0.000000,angle=0.000000),vel=0.0), Waypoint(simple=true,index=1,pose=(x=35.631165,y=-35.217840,angle=0.091700),vel=0.0)]) />
purePursuitDrive.xPosPid.isStalled_INFO [21.818846151] PID stalled (stallTime=0.23762297630310059/0.2, error=-2.4316464171777596, errorRate=1.6066613518737765E-5/0.1).
purePursuitDrive.yPosPid.isStalled_INFO [21.819541484] PID stalled (stallTime=2.0628960132598877/0.2, error=0.7371028366262795, errorRate=-0.03409444099054764/0.1).
purePursuitDrive.turnPid.isStalled_INFO [21.820209109] PID stalled (stallTime=2.063542127609253/0.2, error=0.10831826249993971, errorRate=-1.7648512912327212E-4/0.1).
purePursuitDrive.driveTask_INFO [21.821347485] Done: index=1/2, stalled=true, timeout=false, posOnTarget=false, headingOnTarget=true, robotPose=(x=49.513036,y=11.037496,angle=-0.108318)
purePursuitDrive.driveTask_INFO [21.838280195] Signal completion event (CmdDecodeAuto=CLEARED).
CmdDecodeAuto.cmdPeriodic_INFO [21.839597945] <Event name="StateInfo" time="21.83931182" tag="vvvvv" CmdDecodeAuto.state="SHOOT_ARTIFACTS" />
TaskAutoShoot.autoShoot_INFO [21.840295611] autoShoot(owner=null, event=(CmdDecodeAuto=SIGNALED), taskParams=(alliance=RED_ALLIANCE,inAuto=true,useAprilTagVision=true,doMotif=true,useClassifierVision=false,useRegression=true,flywheelTracking=true,relocalize=false,numArtifactsToShoot=3,moveToNextExitSlot=false))
CmdDecodeAuto.cmdPeriodic_INFO [21.842675903] <Event name="StateInfo" time="21.842309278" tag="^^^^^" CmdDecodeAuto.state="SHOOT_ARTIFACTS" />
TaskAutoShoot.autoTask_INFO [21.844254695] <Event name="StateInfo" time="21.843877278" tag="vvvvv" TaskAutoShoot.state="START" />
TaskAutoShoot.runTaskState_INFO [21.84607732] ***** Setting up Vision (useClassifierVision=false, classifierVisionEnabled=false)
TaskAutoShoot.autoTask_INFO [21.848218154] <Event name="StateInfo" time="21.847757904" tag="^^^^^" TaskAutoShoot.state="START" />
TaskAutoShoot.autoTask_INFO [21.850381737] <Event name="StateInfo" time="21.849997904" tag="vvvvv" TaskAutoShoot.state="DO_VISION" />
TaskAutoShoot.runTaskState_INFO [21.852890946] ***** Vision found AprilTag 24: aprilTagPose=(x=-5.367059,y=122.594960,angle=-2.506739)
TaskAutoShoot.runTaskState_INFO [21.862631739] ***** MotifSequence=[Green, Purple, Purple] (index=0)
TaskAutoShoot.autoTask_INFO [21.863857322] <Event name="StateInfo" time="21.863533572" tag="^^^^^" TaskAutoShoot.state="DO_VISION" />
TaskAutoShoot.autoTask_INFO [21.866078656] <Event name="StateInfo" time="21.865510781" tag="vvvvv" TaskAutoShoot.state="AIM" />
TaskAutoShoot.runTaskState_INFO [21.867599114] ***** Shooting Green artifact (MotifArtifact=Green, exitArtifact=null).
Spindexer.findSlot_INFO [21.869188114] find slot for Green (1=Green)
Spindexer.moveToExitSlotWithArtifact_INFO [21.870610573] MoveToExitSlot: FromSlot=null, ToSlot=1, artifactType=Green
Spindexer.moveToExitSlot_INFO [21.87209924] MoveToExitSlot: Slot=1, event=(TaskAutoShoot.spindexerEvent=CLEARED)
TaskAutoShoot.runTaskState_INFO [21.892974992] ***** ShootParams: dist=122.712386, bearing=-65.335291, shootParams={name=RegressionEntry, distance=122.71238585752087, region={tiltAngle=42.0, coeffs=[[3063.63635, 15.15152]]}, outputs=[4922.915518567945]}, event=(TaskAutoShoot.event=CLEARED)
TaskAutoShoot.autoTask_INFO [21.899378826] <Event name="StateInfo" time="21.899046909" tag="^^^^^" TaskAutoShoot.state="AIM" />
Shooter.PanMotor.pidCtrlTask_INFO [22.17051802] controlMode: Position,onTarget=true(-64.36628413138112/-65.33529071348026), stalled=false, expired=false, event=(Shooter.panOnTarget=SIGNALED)
Spindexer.Motor.pidCtrlTask_INFO [22.309706617] controlMode: Position,onTarget=true(660.7772061733281/660.0), stalled=false, expired=false, event=(Spindexer.stopIntakeCallback=SIGNALED)
Spindexer.stopIntakeCallback_INFO [22.311197325] stopIntakeCallback(canceled=false)
Shooter.ShootMotor1.pidCtrlTask_INFO [24.176394763] controlMode: Velocity,onTarget=true(81.0/82.04859197613241), stalled=false, expired=false, event=(Shooter.shooter1OnTarget=SIGNALED)
TaskAutoShoot.autoTask_INFO [24.176929971] <Event name="StateInfo" time="24.176591346" tag="vvvvv" TaskAutoShoot.state="SHOOT" />
TaskAutoShoot.runTaskState_INFO [24.178559513] ***** Feed artifact to shooter.
Shooter.shoot_INFO [24.179978763] shoot(owner=null, event=(TaskAutoShoot.event=SIGNALED), pos=1.000000, duration=0.750000)
Spindexer.enableExitTrigger_INFO [24.180995222] Enabling exit trigger: lowThreshold=4510.000000, highThreshold=5210.000000
TaskAutoShoot.autoTask_INFO [24.190245139] <Event name="StateInfo" time="24.189938889" tag="^^^^^" TaskAutoShoot.state="SHOOT" />
Intake.setPickupArtifactType_INFO [24.418255579] Expect to pick up artifact Green
Spindexer.setExitTriggerEnabled_INFO [24.419449371] setExitTriggerEnabled(enabled=false)
Spindexer.velTriggerCallback_INFO [24.422861288] Exit[1]: vel=4980.000000, artifact=Green, numPurple=2, numGreen=0, numUnknown=0, expectedNext=Green
Spindexer.disableExitTrigger_INFO [24.426890955] Disabling exit trigger.
TaskAutoShoot.autoTask_INFO [24.531226257] <Event name="StateInfo" time="24.530921757" tag="vvvvv" TaskAutoShoot.state="SHOOT_NEXT" />
TaskAutoShoot.autoTask_INFO [24.531924507] <Event name="StateInfo" time="24.531555257" tag="^^^^^" TaskAutoShoot.state="SHOOT_NEXT" />
TaskAutoShoot.autoTask_INFO [24.533612674] <Event name="StateInfo" time="24.533280465" tag="vvvvv" TaskAutoShoot.state="AIM" />
TaskAutoShoot.runTaskState_INFO [24.534587715] ***** Shooting Purple artifact (MotifArtifact=Purple, exitArtifact=None).
Spindexer.findSlot_INFO [24.535796382] find slot for Purple (2=Purple)
Spindexer.moveToExitSlotWithArtifact_INFO [24.537148841] MoveToExitSlot: FromSlot=1, ToSlot=2, artifactType=Purple
Spindexer.moveToExitSlot_INFO [24.538797049] MoveToExitSlot: Slot=2, event=(TaskAutoShoot.spindexerEvent=CLEARED)
TaskAutoShoot.autoTask_INFO [24.569024511] <Event name="StateInfo" time="24.568489302" tag="^^^^^" TaskAutoShoot.state="AIM" />
Spindexer.stopIntakeCallback_INFO [25.114480315] stopIntakeCallback(canceled=false)
Spindexer.Motor.pidCtrlTask_INFO [25.11444444] controlMode: Position,onTarget=true(780.9631974673526/780.0), stalled=false, expired=false, event=(Spindexer.stopIntakeCallback=SIGNALED)
TaskAutoShoot.autoTask_INFO [25.1232659] <Event name="StateInfo" time="25.122944775" tag="vvvvv" TaskAutoShoot.state="SHOOT" />
TaskAutoShoot.runTaskState_INFO [25.123780108] ***** Feed artifact to shooter.
Shooter.shoot_INFO [25.124517441] shoot(owner=null, event=(TaskAutoShoot.event=SIGNALED), pos=1.000000, duration=0.750000)
Spindexer.enableExitTrigger_INFO [25.125488983] Enabling exit trigger: lowThreshold=4390.000000, highThreshold=5090.000000
TaskAutoShoot.autoTask_INFO [25.133240901] <Event name="StateInfo" time="25.132920651" tag="^^^^^" TaskAutoShoot.state="SHOOT" />
Intake.setPickupArtifactType_INFO [25.366564632] Expect to pick up artifact Any
Spindexer.setExitTriggerEnabled_INFO [25.368012758] setExitTriggerEnabled(enabled=false)
Spindexer.velTriggerCallback_INFO [25.370218049] Exit[2]: vel=4860.000000, artifact=Purple, numPurple=1, numGreen=0, numUnknown=0, expectedNext=Any
Spindexer.disableExitTrigger_INFO [25.380121884] Disabling exit trigger.
TaskAutoShoot.autoTask_INFO [25.484505894] <Event name="StateInfo" time="25.484207811" tag="vvvvv" TaskAutoShoot.state="SHOOT_NEXT" />
TaskAutoShoot.autoTask_INFO [25.485939436] <Event name="StateInfo" time="25.485594103" tag="^^^^^" TaskAutoShoot.state="SHOOT_NEXT" />
TaskAutoShoot.autoTask_INFO [25.488018145] <Event name="StateInfo" time="25.487711311" tag="vvvvv" TaskAutoShoot.state="AIM" />
TaskAutoShoot.runTaskState_INFO [25.488839478] ***** Shooting Purple artifact (MotifArtifact=Purple, exitArtifact=None).
Spindexer.findSlot_INFO [25.489606561] find slot for Purple (0=Purple)
Spindexer.moveToExitSlotWithArtifact_INFO [25.49040952] MoveToExitSlot: FromSlot=2, ToSlot=0, artifactType=Purple
Spindexer.moveToExitSlot_INFO [25.491131103] MoveToExitSlot: Slot=0, event=(TaskAutoShoot.spindexerEvent=CLEARED)
TaskAutoShoot.autoTask_INFO [25.503961521] <Event name="StateInfo" time="25.503674813" tag="^^^^^" TaskAutoShoot.state="AIM" />
Spindexer.Motor.pidCtrlTask_INFO [26.015242739] controlMode: Position,onTarget=true(899.7127028096558/900.0), stalled=false, expired=false, event=(Spindexer.stopIntakeCallback=SIGNALED)
Spindexer.stopIntakeCallback_INFO [26.015278323] stopIntakeCallback(canceled=false)
TaskAutoShoot.autoTask_INFO [26.024876199] <Event name="StateInfo" time="26.024545157" tag="vvvvv" TaskAutoShoot.state="SHOOT" />
TaskAutoShoot.runTaskState_INFO [26.025395074] ***** Feed artifact to shooter.
Shooter.shoot_INFO [26.02608049] shoot(owner=null, event=(TaskAutoShoot.event=SIGNALED), pos=1.000000, duration=0.750000)
Spindexer.enableExitTrigger_INFO [26.027223824] Enabling exit trigger: lowThreshold=4390.000000, highThreshold=5090.000000
TaskAutoShoot.autoTask_INFO [26.037972617] <Event name="StateInfo" time="26.03766695" tag="^^^^^" TaskAutoShoot.state="SHOOT" />
Intake.setPickupArtifactType_INFO [26.275039015] Expect to pick up artifact Any
Spindexer.setExitTriggerEnabled_INFO [26.276581349] setExitTriggerEnabled(enabled=false)
Spindexer.velTriggerCallback_INFO [26.279929099] Exit[0]: vel=4740.000000, artifact=Purple, numPurple=0, numGreen=0, numUnknown=0, expectedNext=Any
Spindexer.disableExitTrigger_INFO [26.284070475] Disabling exit trigger.
TaskAutoShoot.autoTask_INFO [26.392438944] <Event name="StateInfo" time="26.392061235" tag="vvvvv" TaskAutoShoot.state="SHOOT_NEXT" />
TaskAutoShoot.autoTask_INFO [26.394500152] <Event name="StateInfo" time="26.393290319" tag="^^^^^" TaskAutoShoot.state="SHOOT_NEXT" />
TaskAutoShoot.autoTask_INFO [26.396199111] <Event name="StateInfo" time="26.395840069" tag="vvvvv" TaskAutoShoot.state="NEXT_EXIT_SLOT" />
TaskAutoShoot.autoTask_INFO [26.397881153] <Event name="StateInfo" time="26.397327278" tag="^^^^^" TaskAutoShoot.state="NEXT_EXIT_SLOT" />
TaskAutoShoot.autoTask_INFO [26.40034107] <Event name="StateInfo" time="26.399972695" tag="vvvvv" TaskAutoShoot.state="DONE" />
TaskAutoShoot.stopSubsystems_INFO [26.402014653] Stopping subsystems.
Shooter.cancel_INFO [26.403612112] owner=null
Spindexer.cancel_INFO [26.415150738] cancel(owner=null)
TaskAutoShoot.autoTask_INFO [26.428241614] <Event name="StateInfo" time="26.427862739" tag="^^^^^" TaskAutoShoot.state="DONE" />
CmdDecodeAuto.cmdPeriodic_INFO [26.430379531] <Event name="StateInfo" time="26.429925698" tag="vvvvv" CmdDecodeAuto.state="PICKUP_SPIKEMARK" />
CmdDecodeAuto.cmdPeriodic_INFO [26.432497323] <Event name="StateInfo" time="26.431552323" tag="^^^^^" CmdDecodeAuto.state="PICKUP_SPIKEMARK" />
CmdDecodeAuto.cmdPeriodic_INFO [26.435350406] <Event name="StateInfo" time="26.434566698" tag="vvvvv" CmdDecodeAuto.state="PARK" />
purePursuitDrive.start_INFO [26.438570115] Path=TrcPath(degrees=true, [Waypoint(simple=true,index=0,pose=(x=49.589450,y=11.037708,angle=-0.083557),vel=0.0), Waypoint(simple=true,index=1,pose=(x=-0.000000,y=35.310000,angle=0.000000),vel=0.0)])
CmdDecodeAuto.cmdPeriodic_INFO [26.442539699] <Event name="StateInfo" time="26.442153532" tag="^^^^^" CmdDecodeAuto.state="PARK" RobotPose=(x=49.589450,y=11.037708,angle=-0.083557) TargetPose=(x=-0.000000,y=35.310000,angle=0.000000) vel=(x=0.117366,y=1.008833,angle=0.900951) Path=TrcPath(degrees=true, [Waypoint(simple=true,index=0,pose=(x=0.000000,y=0.000000,angle=0.000000),vel=0.0), Waypoint(simple=true,index=1,pose=(x=-49.554000,y=24.344585,angle=0.083557),vel=0.0)]) />
TaskAutoShoot.cancel_INFO [30.101127983] Canceling auto task operation.
Shooter.cancel_INFO [30.10302965] owner=null
Robot.cancelAll_INFO [30.10516815] Cancel all operations.
TaskAutoShoot.cancel_INFO [30.106585067] Canceling auto task operation.
Spindexer.cancel_INFO [30.11911011] cancel(owner=null)
Shooter.cancel_INFO [30.120914943] owner=null
TrcDigitalInput.getInput.printElapsedTime_INFO [30.123060735] TrcDigitalInput.getInput: avgElapsed=0.007094996775510204, minElapsed=4.1417E-5, maxElapsed=0.019390002
TrcMotor.getPos.printElapsedTime_INFO [30.124573027] TrcMotor.getPos: avgElapsed=0.001243540199252802, minElapsed=3.791E-6, maxElapsed=0.017318585
TrcMotor.setPower.printElapsedTime_INFO [30.125622152] TrcMotor.setPower: avgElapsed=0.003239803421393841, minElapsed=1.3708E-5, maxElapsed=0.021698544
TrcMotor.setVel.printElapsedTime_INFO [30.126081819] TrcMotor.setVel: avgElapsed=0.0, minElapsed=0.0, maxElapsed=0.0
TrcMotor.setPos.printElapsedTime_INFO [30.126646486] TrcMotor.setPos: avgElapsed=0.0, minElapsed=0.0, maxElapsed=0.0
TrcMotor.setCurrent.printElapsedTime_INFO [30.127146111] TrcMotor.setCurrent: avgElapsed=0.0, minElapsed=0.0, maxElapsed=0.0
TrcServo.setPos.printElapsedTime_INFO [30.129201486] TrcServo.setPos: avgElapsed=0.005544940222222222, minElapsed=0.001286541, maxElapsed=0.010499417
Robot.stopMode_INFO [30.130240986] Disabling LimelightVision.
Vision.setLimelightVisionEnabled_INFO [30.130936028] Pipeline APRIL_TAG is disabled: running=false
Robot.stopMode_INFO [30.131367403] Disabling ClassifierVision.
Robot.stopMode_INFO [30.132552445] Saved robot pose=(x=1.552547,y=33.640576,angle=0.091484)
Robot.stopMode_INFO [30.133230861] Turning all LED indicators OFF.
FtcAuto.stopMode_INFO [30.13617582] ***** Stopping autonomous: 20251214@152653 *****
TrcTaskMgr.printTaskPerformanceMetrics_INFO [30.136972945] FtcDashboard.task: STANDALONE_TASK=0.006032522332210717/0.015559775475570524
TrcTaskMgr.printTaskPerformanceMetrics_INFO [30.137698612] TrcWatchdogMgr: STANDALONE_TASK=1.0988378964401294E-4/0.9972876894692557
TrcTaskMgr.printTaskPerformanceMetrics_INFO [30.13840532] flDriveMotor.pidCtrlTask: OUTPUT_TASK=1.3496469875434284E-5/0.01311813410164393
TrcTaskMgr.printTaskPerformanceMetrics_INFO [30.139202737] frDriveMotor.pidCtrlTask: OUTPUT_TASK=7.596024065757139E-6/0.01311813067858656
TrcTaskMgr.printTaskPerformanceMetrics_INFO [30.139814654] blDriveMotor.pidCtrlTask: OUTPUT_TASK=1.0344158757732395E-5/0.013118128417125667
TrcTaskMgr.printTaskPerformanceMetrics_INFO [30.140449029] brDriveMotor.pidCtrlTask: OUTPUT_TASK=8.753858105245317E-6/0.013118126229811034
TrcTaskMgr.printTaskPerformanceMetrics_INFO [30.141118695] TrcMecanumDrive.odometryTask: INPUT_TASK=0.008623277377083334/0.020882369690277777
TrcTaskMgr.printTaskPerformanceMetrics_INFO [30.141894237] purePursuitDrive.driveTask: POST_PERIODIC_TASK=0.04582528400333333/0.08471053670333334
TrcTaskMgr.printTaskPerformanceMetrics_INFO [30.142495071] TrcMecanumDrive.absOdoHeadingWrap.converterTask: INPUT_TASK=2.1171653503940342E-5/0.013118156938691637
TrcTaskMgr.printTaskPerformanceMetrics_INFO [30.143195654] StatusLED: OUTPUT_TASK=2.69198306033387E-4/0.01311812175633421
TrcTaskMgr.printTaskPerformanceMetrics_INFO [30.143964487] Spindexer1LED: OUTPUT_TASK=5.553278145919837E-5/0.01311763087094314
TrcTaskMgr.printTaskPerformanceMetrics_INFO [30.144858154] Spindexer2LED: OUTPUT_TASK=4.4324405177527324E-5/0.013116821403821711
TrcTaskMgr.printTaskPerformanceMetrics_INFO [30.145577113] Spindexer3LED: OUTPUT_TASK=4.294939367876965E-5/0.013116215037156292
TrcTaskMgr.printTaskPerformanceMetrics_INFO [30.146350904] Intake.Motor.pidCtrlTask: OUTPUT_TASK=5.169035503961361E-6/0.013115597251959496
TrcTaskMgr.printTaskPerformanceMetrics_INFO [30.146979154] Spindexer.EntryTrigger.trigger.triggerTask: PRE_PERIODIC_TASK=0.028133374479452054/0.19160614882191782
TrcTaskMgr.printTaskPerformanceMetrics_INFO [30.147904904] Spindexer.ShootVelTrigger.trigger.triggerTask: PRE_PERIODIC_TASK=2.0493140389784946E-4/0.005360691566756273
TrcTaskMgr.printTaskPerformanceMetrics_INFO [30.148647488] Spindexer.Motor.pidCtrlTask: OUTPUT_TASK=0.004541715482777613/0.013115594199720375
TrcTaskMgr.printTaskPerformanceMetrics_INFO [30.149409321] Shooter.ShootMotor1.pidCtrlTask: OUTPUT_TASK=2.0265762699656822E-5/0.013114977625513707
TrcTaskMgr.printTaskPerformanceMetrics_INFO [30.150108446] Shooter.TiltMotor.pidCtrlTask: OUTPUT_TASK=5.999089425073084E-5/0.01311497611790874
TrcTaskMgr.printTaskPerformanceMetrics_INFO [30.15070228] Shooter.PanMotor.pidCtrlTask: OUTPUT_TASK=0.006805946820743126/0.013114974597974833
TrcTaskMgr.printTaskPerformanceMetrics_INFO [30.151591863] TaskAutoShoot: POST_PERIODIC_TASK=1.4396339326396157E-5/4.0477626994951053E-4
FtcOpMode.printPerformanceMetrics_INFO [30.152860613] [FtcAutonomous] Main robot thread average elapsed times:
       robotInit=27.542009s
    initPeriodic=0.000006s
       startMode=0.000043s
    loopInterval=0.000460s (2172.740Hz)
             sdk=0.000024s
 prePeriodicTask=0.000086s
        periodic=0.000029s
postPeriodicTask=0.000268s
         loopSum=0.000437s
        stopMode=0.000000s
