FtcAuto.startMode_INFO [0.005257292] ***** Starting autonomous: 20251214@175007 *****
FtcAuto.startMode_INFO [0.006426292] <Info name="MatchInfo" date="Sun Dec 14 17:48:11 PST 2025" type="PRACTICE" number=1 />
FtcAuto.startMode_INFO [0.007582459] <Info name="AutoChoices" startDelay=0 alliance="BLUE_ALLIANCE" startPos="GOAL_ZONE" strategy="DECODE_AUTO" classifierVision="NO" loadingPickup="NO" openGate="NO" spikeMarkCount=3 shootDelay1=0 shootDelay2=0 shootDelay3=0 parkOption="CLASSIFIER_PARK" xTarget=4.0 yTarget=4.0 turnTarget=90 driveTime=5 drivePower=0.5 />
FtcAuto.startMode_INFO [0.008278375] Obelisk AprilTag 21: [Green, Purple, Purple]
CmdDecodeAuto.cmdPeriodic_INFO [0.02075646] <Event name="StateInfo" time="0.020246627" tag="vvvvv" CmdDecodeAuto.state="START" />
CmdDecodeAuto.cmdPeriodic_INFO [0.062709798] Set callback event to turn on auto tracking (event=(CmdDecodeAuto.goalTrackingCallbackEvent=CLEARED))
CmdDecodeAuto.cmdPeriodic_INFO [0.074226549] Pre-spin shooter(shootParams={name=GoalZoneShootPoint, distance=35.2500001, region={tiltAngle=30.0, coeffs=[[3398.57143, 5.71429]]}, outputs=[3600.0]})
CmdDecodeAuto.cmdPeriodic_INFO [0.07497234] <Event name="StateInfo" time="0.07462409" tag="^^^^^" CmdDecodeAuto.state="START" />
CmdDecodeAuto.cmdPeriodic_INFO [0.076638924] <Event name="StateInfo" time="0.076322174" tag="vvvvv" CmdDecodeAuto.state="GOTO_SHOOT_POS" />
purePursuitDrive.start_INFO [0.079280841] Path=TrcPath(degrees=true, [Waypoint(simple=true,index=0,pose=(x=-40.870001,y=-54.870000,angle=-179.999995),vel=0.0), Waypoint(simple=true,index=1,pose=(x=-23.540000,y=-23.540000,angle=180.000000),vel=0.0)])
CmdDecodeAuto.cmdPeriodic_INFO [0.081900008] <Event name="StateInfo" time="0.081267091" tag="^^^^^" CmdDecodeAuto.state="GOTO_SHOOT_POS" RobotPose=(x=-40.870001,y=-54.870000,angle=-179.999995) TargetPose=(x=-23.540000,y=-23.540000,angle=180.000000) vel=(x=-0.000000,y=0.000000,angle=-0.000000) Path=TrcPath(degrees=true, [Waypoint(simple=true,index=0,pose=(x=0.000000,y=0.000000,angle=0.000000),vel=0.0), Waypoint(simple=true,index=1,pose=(x=-17.329998,y=-31.330001,angle=359.999995),vel=0.0)]) />
Shooter.PanMotor.pidCtrlTask_INFO [1.105797402] controlMode: Position,onTarget=false(45.35570505210393/45.0), stalled=false, expired=true, event=(CmdDecodeAuto.goalTrackingCallbackEvent=SIGNALED)
CmdDecodeAuto.lambda$cmdPeriodic$0$teamcode-autocommands-CmdDecodeAuto_INFO [1.137134072] GoalTrackingCallback(canceled=false)
CmdDecodeAuto.lambda$cmdPeriodic$0$teamcode-autocommands-CmdDecodeAuto_INFO [1.138373656] enabling tracking
Shooter.enableGoalTracking_INFO [1.139805447] enableGoalTracking(owner=null, useVision=true, alliance=BLUE_ALLIANCE, flywheelTracking=true)
purePursuitDrive.driveTask_INFO [1.754568551] Done: index=1/2, stalled=false, timeout=false, posOnTarget=true, headingOnTarget=true, robotPose=(x=-22.519438,y=-24.669113,angle=-180.651745)
purePursuitDrive.driveTask_INFO [1.77524772] Signal completion event (CmdDecodeAuto=CLEARED).
CmdDecodeAuto.cmdPeriodic_INFO [1.778624928] <Event name="StateInfo" time="1.777579595" tag="vvvvv" CmdDecodeAuto.state="SHOOT_ARTIFACTS" />
TaskAutoShoot.autoShoot_INFO [1.780682929] autoShoot(owner=null, event=(CmdDecodeAuto=SIGNALED), taskParams=(alliance=BLUE_ALLIANCE,inAuto=true,useAprilTagVision=true,doMotif=true,useClassifierVision=false,useRegression=true,flywheelTracking=true,relocalize=false,numArtifactsToShoot=3,moveToNextExitSlot=false))
CmdDecodeAuto.cmdPeriodic_INFO [1.781787762] <Event name="StateInfo" time="1.781306512" tag="^^^^^" CmdDecodeAuto.state="SHOOT_ARTIFACTS" />
TaskAutoShoot.autoTask_INFO [1.782525387] <Event name="StateInfo" time="1.78218822" tag="vvvvv" TaskAutoShoot.state="START" />
TaskAutoShoot.runTaskState_INFO [1.783428095] ***** Setting up Vision (useClassifierVision=false, classifierVisionEnabled=false)
TaskAutoShoot.autoTask_INFO [1.788900638] <Event name="StateInfo" time="1.788570179" tag="^^^^^" TaskAutoShoot.state="START" />
TaskAutoShoot.autoTask_INFO [1.790777805] <Event name="StateInfo" time="1.790330388" tag="vvvvv" TaskAutoShoot.state="DO_VISION" />
TaskAutoShoot.runTaskState_INFO [1.792395096] ***** MotifSequence=[Green, Purple, Purple] (index=0)
TaskAutoShoot.autoTask_INFO [1.793908555] <Event name="StateInfo" time="1.793497305" tag="^^^^^" TaskAutoShoot.state="DO_VISION" />
TaskAutoShoot.autoTask_INFO [1.795759472] <Event name="StateInfo" time="1.795422888" tag="vvvvv" TaskAutoShoot.state="AIM" />
TaskAutoShoot.runTaskState_INFO [1.79757743] ***** Shooting Green artifact (MotifArtifact=Green, exitArtifact=null).
Spindexer.findSlot_INFO [1.799243722] find slot for Green (0=Green)
Spindexer.moveToExitSlotWithArtifact_INFO [1.800904472] MoveToExitSlot: FromSlot=null, ToSlot=0, artifactType=Green
Spindexer.moveToExitSlot_INFO [1.802494056] MoveToExitSlot: Slot=0, event=(TaskAutoShoot.spindexerEvent=CLEARED)
Shooter.pauseGoalTracking_INFO [1.821370433] Pause GoalTracking.
Shooter.disableGoalTracking_INFO [1.826184975] disableGoalTracking(turretPos=39.54591742514178)
TaskAutoShoot.runTaskState_INFO [1.842746393] ***** ShootParams: dist=51.399591, bearing=44.391994, shootParams={name=RegressionEntry, distance=51.39959119964719, region={tiltAngle=33.0, coeffs=[[2858.83725, 19.71941]]}, outputs=[3872.406862698235]}, event=(TaskAutoShoot.event=CLEARED)
TaskAutoShoot.autoTask_INFO [1.856072061] <Event name="StateInfo" time="1.855704561" tag="^^^^^" TaskAutoShoot.state="AIM" />
Shooter.ShootMotor1.pidCtrlTask_INFO [2.082972126] controlMode: Velocity,onTarget=true(64.0/64.54011437830391), stalled=false, expired=false, event=(Shooter.shooter1OnTarget=SIGNALED)
Shooter.PanMotor.pidCtrlTask_INFO [2.343407443] controlMode: Position,onTarget=true(43.69576573011474/44.39199448129777), stalled=false, expired=false, event=(Shooter.panOnTarget=SIGNALED)
Spindexer.Motor.pidCtrlTask_INFO [2.455167413] controlMode: Position,onTarget=true(-180.04590423426993/-180.0), stalled=false, expired=false, event=(Spindexer.stopIntakeCallback=SIGNALED)
Spindexer.stopIntakeCallback_INFO [2.455197455] stopIntakeCallback(canceled=false)
TaskAutoShoot.autoTask_INFO [2.466861497] <Event name="StateInfo" time="2.466537164" tag="vvvvv" TaskAutoShoot.state="SHOOT" />
TaskAutoShoot.runTaskState_INFO [2.468140748] ***** Feed artifact to shooter.
Shooter.shoot_INFO [2.469999539] shoot(owner=null, event=(TaskAutoShoot.event=SIGNALED), pos=1.000000, duration=0.750000)
Spindexer.enableExitTrigger_INFO [2.475199665] Enabling exit trigger: lowThreshold=3490.000000, highThreshold=4190.000000
TaskAutoShoot.autoTask_INFO [2.482040707] <Event name="StateInfo" time="2.481715207" tag="^^^^^" TaskAutoShoot.state="SHOOT" />
Intake.setPickupArtifactType_INFO [2.720581481] Expect to pick up artifact Green
Spindexer.setExitTriggerEnabled_INFO [2.723149898] setExitTriggerEnabled(enabled=false)
Spindexer.velTriggerCallback_INFO [2.725396607] Exit[0]: vel=3840.000000, artifact=Green, numPurple=2, numGreen=0, numUnknown=0, expectedNext=Green
Spindexer.disableExitTrigger_INFO [2.72653294] Disabling exit trigger.
TaskAutoShoot.autoTask_INFO [2.833231909] <Event name="StateInfo" time="2.832895618" tag="vvvvv" TaskAutoShoot.state="SHOOT_NEXT" />
TaskAutoShoot.autoTask_INFO [2.834860576] <Event name="StateInfo" time="2.834458076" tag="^^^^^" TaskAutoShoot.state="SHOOT_NEXT" />
TaskAutoShoot.autoTask_INFO [2.839226243] <Event name="StateInfo" time="2.837436868" tag="vvvvv" TaskAutoShoot.state="AIM" />
TaskAutoShoot.runTaskState_INFO [2.841816827] ***** Shooting Purple artifact (MotifArtifact=Purple, exitArtifact=None).
Spindexer.findSlot_INFO [2.843434119] find slot for Purple (1=Purple)
Spindexer.moveToExitSlotWithArtifact_INFO [2.844783369] MoveToExitSlot: FromSlot=0, ToSlot=1, artifactType=Purple
Spindexer.moveToExitSlot_INFO [2.846530452] MoveToExitSlot: Slot=1, event=(TaskAutoShoot.spindexerEvent=CLEARED)
TaskAutoShoot.autoTask_INFO [2.857382495] <Event name="StateInfo" time="2.85679362" tag="^^^^^" TaskAutoShoot.state="AIM" />
Spindexer.Motor.pidCtrlTask_INFO [3.375594589] controlMode: Position,onTarget=true(-60.338741590819154/-60.0), stalled=false, expired=false, event=(Spindexer.stopIntakeCallback=SIGNALED)
Spindexer.stopIntakeCallback_INFO [3.375651755] stopIntakeCallback(canceled=false)
TaskAutoShoot.autoTask_INFO [3.390879674] <Event name="StateInfo" time="3.390477757" tag="vvvvv" TaskAutoShoot.state="SHOOT" />
TaskAutoShoot.runTaskState_INFO [3.39233859] ***** Feed artifact to shooter.
Shooter.shoot_INFO [3.393921174] shoot(owner=null, event=(TaskAutoShoot.event=SIGNALED), pos=1.000000, duration=0.750000)
Spindexer.enableExitTrigger_INFO [3.404441008] Enabling exit trigger: lowThreshold=3370.000000, highThreshold=4070.000000
TaskAutoShoot.autoTask_INFO [3.412488093] <Event name="StateInfo" time="3.412170176" tag="^^^^^" TaskAutoShoot.state="SHOOT" />
Intake.setPickupArtifactType_INFO [3.629506198] Expect to pick up artifact Any
Spindexer.setExitTriggerEnabled_INFO [3.631390364] setExitTriggerEnabled(enabled=false)
Spindexer.velTriggerCallback_INFO [3.633057531] Exit[1]: vel=3720.000000, artifact=Purple, numPurple=1, numGreen=0, numUnknown=0, expectedNext=Any
Spindexer.disableExitTrigger_INFO [3.645145949] Disabling exit trigger.
TaskAutoShoot.autoTask_INFO [3.752340168] <Event name="StateInfo" time="3.752008835" tag="vvvvv" TaskAutoShoot.state="SHOOT_NEXT" />
TaskAutoShoot.autoTask_INFO [3.753127377] <Event name="StateInfo" time="3.752728377" tag="^^^^^" TaskAutoShoot.state="SHOOT_NEXT" />
TaskAutoShoot.autoTask_INFO [3.75487796] <Event name="StateInfo" time="3.754530002" tag="vvvvv" TaskAutoShoot.state="AIM" />
TaskAutoShoot.runTaskState_INFO [3.75616246] ***** Shooting Purple artifact (MotifArtifact=Purple, exitArtifact=None).
Spindexer.findSlot_INFO [3.757789961] find slot for Purple (2=Purple)
Spindexer.moveToExitSlotWithArtifact_INFO [3.759268419] MoveToExitSlot: FromSlot=1, ToSlot=2, artifactType=Purple
Spindexer.moveToExitSlot_INFO [3.761002669] MoveToExitSlot: Slot=2, event=(TaskAutoShoot.spindexerEvent=CLEARED)
TaskAutoShoot.autoTask_INFO [3.775145004] <Event name="StateInfo" time="3.774837879" tag="^^^^^" TaskAutoShoot.state="AIM" />
Spindexer.Motor.pidCtrlTask_INFO [4.348063562] controlMode: Position,onTarget=true(59.36842105263159/60.0), stalled=false, expired=false, event=(Spindexer.stopIntakeCallback=SIGNALED)
Spindexer.stopIntakeCallback_INFO [4.348090395] stopIntakeCallback(canceled=false)
TaskAutoShoot.autoTask_INFO [4.357808729] <Event name="StateInfo" time="4.357491979" tag="vvvvv" TaskAutoShoot.state="SHOOT" />
TaskAutoShoot.runTaskState_INFO [4.359161479] ***** Feed artifact to shooter.
Shooter.shoot_INFO [4.361036604] shoot(owner=null, event=(TaskAutoShoot.event=SIGNALED), pos=1.000000, duration=0.750000)
Spindexer.enableExitTrigger_INFO [4.362782521] Enabling exit trigger: lowThreshold=3490.000000, highThreshold=4190.000000
TaskAutoShoot.autoTask_INFO [4.373874606] <Event name="StateInfo" time="4.373452272" tag="^^^^^" TaskAutoShoot.state="SHOOT" />
Intake.setPickupArtifactType_INFO [4.595772586] Expect to pick up artifact Any
Spindexer.setExitTriggerEnabled_INFO [4.597519378] setExitTriggerEnabled(enabled=false)
Spindexer.velTriggerCallback_INFO [4.598443087] Exit[2]: vel=3960.000000, artifact=Purple, numPurple=0, numGreen=0, numUnknown=0, expectedNext=Any
Spindexer.disableExitTrigger_INFO [4.60056117] Disabling exit trigger.
TaskAutoShoot.autoTask_INFO [4.705214972] <Event name="StateInfo" time="4.704932639" tag="vvvvv" TaskAutoShoot.state="SHOOT_NEXT" />
TaskAutoShoot.autoTask_INFO [4.705954056] <Event name="StateInfo" time="4.705532597" tag="^^^^^" TaskAutoShoot.state="SHOOT_NEXT" />
TaskAutoShoot.autoTask_INFO [4.707011056] <Event name="StateInfo" time="4.706676806" tag="vvvvv" TaskAutoShoot.state="NEXT_EXIT_SLOT" />
TaskAutoShoot.autoTask_INFO [4.707743431] <Event name="StateInfo" time="4.707396931" tag="^^^^^" TaskAutoShoot.state="NEXT_EXIT_SLOT" />
TaskAutoShoot.autoTask_INFO [4.709038723] <Event name="StateInfo" time="4.708705348" tag="vvvvv" TaskAutoShoot.state="DONE" />
TaskAutoShoot.stopSubsystems_INFO [4.710080265] Stopping subsystems.
Shooter.resumeGoalTracking_INFO [4.710895765] Resume GoalTracking.
Shooter.enableGoalTracking_INFO [4.71149864] enableGoalTracking(owner=null, useVision=true, alliance=BLUE_ALLIANCE, flywheelTracking=true)
Spindexer.cancel_INFO [4.719086057] cancel(owner=null)
TaskAutoShoot.autoTask_INFO [4.723459308] <Event name="StateInfo" time="4.723167058" tag="^^^^^" TaskAutoShoot.state="DONE" />
CmdDecodeAuto.cmdPeriodic_INFO [4.724683141] <Event name="StateInfo" time="4.724375433" tag="vvvvv" CmdDecodeAuto.state="PICKUP_SPIKEMARK" />
Spindexer.setAutoReceiveEnabled_INFO [4.733200975] Entry is not at a vacant slot, find one.
Spindexer.findSlot_INFO [4.734165517] find slot for None (0=None)
Spindexer.moveToNextVacantEntrySlot_INFO [4.734768684] moveToNextVacantSlot: FromSlot=null, ToSlot=0
Spindexer.moveToEntrySlot_INFO [4.735670517] MoveToEntrySlot: Slot=0, event=(Spindexer.callbackEvent=CLEARED)
purePursuitDrive.start_INFO [4.756366603] Path=TrcPath(degrees=true, [Waypoint(simple=true,index=0,pose=(x=-22.544923,y=-24.547023,angle=-180.269610),vel=0.0), Waypoint(simple=true,index=1,pose=(x=-11.770000,y=-27.071000,angle=180.000000),vel=0.0), Waypoint(simple=true,index=2,pose=(x=-11.770000,y=-56.071000,angle=180.000000),vel=0.0)])
CmdDecodeAuto.cmdPeriodic_INFO [4.758423436] <Event name="StateInfo" time="4.758042228" tag="^^^^^" CmdDecodeAuto.state="PICKUP_SPIKEMARK" RobotPose=(x=-22.544923,y=-24.547023,angle=-180.269610) TargetPose=(x=-11.770000,y=-56.071000,angle=180.000000) vel=(x=-0.423018,y=-0.002025,angle=3.206410) Path=TrcPath(degrees=true, [Waypoint(simple=true,index=0,pose=(x=0.000000,y=0.000000,angle=0.000000),vel=0.0), Waypoint(simple=true,index=1,pose=(x=-10.762927,y=2.574651,angle=360.269610),vel=0.0), Waypoint(simple=true,index=2,pose=(x=-10.626466,y=31.574330,angle=360.269610),vel=0.0)]) />
Spindexer.Motor.pidCtrlTask_INFO [5.22672815] controlMode: Position,onTarget=true(-6.231104075979431/0.0), stalled=false, expired=false, event=(Spindexer.stopIntakeCallback=SIGNALED)
Spindexer.stopIntakeCallback_INFO [5.238055609] stopIntakeCallback(canceled=false)
Spindexer.moveEntrySlotCompletionCallback_INFO [5.268831987] moveEntrySlotCompletionCallback(autoReceive=false, canceled=false)
Spindexer.performAutoReceiveEnabled_INFO [5.349781745] performAutoReceiveEnabled(enable=true)
Spindexer.setEntryTriggerEnabled_INFO [5.350461621] setEntryTriggerEnabled(enabled=true)
CmdDecodeAuto.lambda$cmdPeriodic$1$teamcode-autocommands-CmdDecodeAuto_INFO [5.352211329] WaypointHandler: index=1
Spindexer.onEntryTrigger_INFO [6.666400503] onEntryTrigger(active=true, numObj=1, advOnTrigger=false)
Spindexer.getColorArtifactType_INFO [6.746726969] EntryArtifact: hue=222.857, type=Purple
Intake.setPickupArtifactType_INFO [6.747340636] Expect to pick up artifact Any
Spindexer.setEntryTriggerEnabled_INFO [6.747816636] setEntryTriggerEnabled(enabled=false)
Spindexer.entryTriggerCallback_INFO [6.779531306] Entry[0]: colorMode=true, value=222.857132/230, artifact=Purple, slotStates=[Purple, None, None] (PGU=1/0/0), expectedNext=Any
Spindexer.findSlot_INFO [6.780810848] find slot for None (1=None)
Spindexer.moveToNextVacantEntrySlot_INFO [6.781526306] moveToNextVacantSlot: FromSlot=0, ToSlot=1
Spindexer.moveToEntrySlot_INFO [6.782348806] MoveToEntrySlot: Slot=1, event=(Spindexer.callbackEvent=CLEARED)
Spindexer.Motor.pidCtrlTask_INFO [7.217233475] controlMode: Position,onTarget=true(126.40443213296399/120.0), stalled=false, expired=false, event=(Spindexer.stopIntakeCallback=SIGNALED)
Spindexer.stopIntakeCallback_INFO [7.238166685] stopIntakeCallback(canceled=false)
Spindexer.moveEntrySlotCompletionCallback_INFO [7.277281522] moveEntrySlotCompletionCallback(autoReceive=true, canceled=false)
Spindexer.setEntryTriggerEnabled_INFO [7.278888898] setEntryTriggerEnabled(enabled=true)
Spindexer.onEntryTrigger_INFO [7.373521032] onEntryTrigger(active=true, numObj=2, advOnTrigger=false)
Spindexer.getColorArtifactType_INFO [7.449326956] EntryArtifact: hue=225.000, type=Purple
Intake.setPickupArtifactType_INFO [7.45147304] Expect to pick up artifact Green
Spindexer.setEntryTriggerEnabled_INFO [7.453483499] setEntryTriggerEnabled(enabled=false)
Spindexer.entryTriggerCallback_INFO [7.476321584] Entry[1]: colorMode=true, value=225.000000/228, artifact=Purple, slotStates=[Purple, Purple, None] (PGU=2/0/0), expectedNext=Green
Spindexer.findSlot_INFO [7.480640001] find slot for None (2=None)
Spindexer.moveToNextVacantEntrySlot_INFO [7.482114668] moveToNextVacantSlot: FromSlot=1, ToSlot=2
Spindexer.moveToEntrySlot_INFO [7.484221377] MoveToEntrySlot: Slot=2, event=(Spindexer.callbackEvent=CLEARED)
Spindexer.Motor.pidCtrlTask_INFO [7.903011002] controlMode: Position,onTarget=true(236.53502176493868/240.0), stalled=false, expired=false, event=(Spindexer.stopIntakeCallback=SIGNALED)
Spindexer.stopIntakeCallback_INFO [7.905244586] stopIntakeCallback(canceled=false)
Spindexer.moveEntrySlotCompletionCallback_INFO [7.939989672] moveEntrySlotCompletionCallback(autoReceive=true, canceled=false)
Spindexer.setEntryTriggerEnabled_INFO [7.940660797] setEntryTriggerEnabled(enabled=true)
purePursuitDrive.xPosPid.isStalled_INFO [8.568725069] PID stalled (stallTime=0.2067732810974121/0.2, error=-0.4945109755965902, errorRate=0.08651625662232068/0.1).
Spindexer.onEntryTrigger_INFO [8.956271358] onEntryTrigger(active=true, numObj=3, advOnTrigger=false)
Spindexer.getColorArtifactType_INFO [9.0426012] EntryArtifact: hue=160.000, type=Green
Intake.setPickupArtifactType_INFO [9.045211325] Expect to pick up artifact None
Spindexer.setEntryTriggerEnabled_INFO [9.046969492] setEntryTriggerEnabled(enabled=false)
Spindexer.entryTriggerCallback_INFO [9.070866911] Entry[2]: colorMode=true, value=160.000000/162, artifact=Green, slotStates=[Purple, Purple, Green] (PGU=2/1/0), expectedNext=None
Spindexer.entryTriggerCallback_INFO [9.071620578] Slots are full! (event=(CmdDecodeAuto.spindexerFull=CLEARED))
Spindexer.performAutoReceiveEnabled_INFO [9.07513662] performAutoReceiveEnabled(enable=false)
Spindexer.setEntryTriggerEnabled_INFO [9.075732495] setEntryTriggerEnabled(enabled=false)
Spindexer.cancel_INFO [9.076267412] cancel(owner=null)
CmdDecodeAuto.cmdPeriodic_INFO [9.080643579] <Event name="StateInfo" time="9.080291245" tag="vvvvv" CmdDecodeAuto.state="FINISH_PICKUP" />
CmdDecodeAuto.lambda$cmdPeriodic$1$teamcode-autocommands-CmdDecodeAuto_INFO [9.099509747] WaypointHandler: index=-1
Spindexer.performAutoReceiveEnabled_INFO [9.101656414] performAutoReceiveEnabled(enable=false)
Spindexer.setEntryTriggerEnabled_INFO [9.102362248] setEntryTriggerEnabled(enabled=false)
Spindexer.cancel_INFO [9.102997498] cancel(owner=null)
CmdDecodeAuto.cmdPeriodic_INFO [9.104261581] <Event name="StateInfo" time="9.103667456" tag="^^^^^" CmdDecodeAuto.state="FINISH_PICKUP" />
CmdDecodeAuto.cmdPeriodic_INFO [9.105772706] <Event name="StateInfo" time="9.105471415" tag="vvvvv" CmdDecodeAuto.state="GOTO_SHOOT_POS" />
purePursuitDrive.start_INFO [9.10778229] Path=TrcPath(degrees=true, [Waypoint(simple=true,index=0,pose=(x=-12.247772,y=-54.268799,angle=-179.866929),vel=0.0), Waypoint(simple=true,index=1,pose=(x=-23.540000,y=-23.540000,angle=180.000000),vel=0.0)])
CmdDecodeAuto.cmdPeriodic_INFO [9.109952582] <Event name="StateInfo" time="9.109463748" tag="^^^^^" CmdDecodeAuto.state="GOTO_SHOOT_POS" RobotPose=(x=-12.247772,y=-54.268799,angle=-179.866929) TargetPose=(x=-23.540000,y=-23.540000,angle=180.000000) vel=(x=-0.686055,y=-0.947507,angle=-2.014744) Path=TrcPath(degrees=true, [Waypoint(simple=true,index=0,pose=(x=0.000000,y=0.000000,angle=0.000000),vel=0.0), Waypoint(simple=true,index=1,pose=(x=11.363566,y=-30.702490,angle=359.866929),vel=0.0)]) />
purePursuitDrive.driveTask_INFO [10.75265383] Done: index=1/2, stalled=false, timeout=false, posOnTarget=true, headingOnTarget=true, robotPose=(x=-23.380538,y=-23.113355,angle=-539.881245)
purePursuitDrive.driveTask_INFO [10.772422415] Signal completion event (CmdDecodeAuto=CLEARED).
CmdDecodeAuto.cmdPeriodic_INFO [10.774596207] <Event name="StateInfo" time="10.774284124" tag="vvvvv" CmdDecodeAuto.state="SHOOT_ARTIFACTS" />
TaskAutoShoot.autoShoot_INFO [10.776269499] autoShoot(owner=null, event=(CmdDecodeAuto=SIGNALED), taskParams=(alliance=BLUE_ALLIANCE,inAuto=true,useAprilTagVision=true,doMotif=true,useClassifierVision=false,useRegression=true,flywheelTracking=true,relocalize=false,numArtifactsToShoot=3,moveToNextExitSlot=false))
CmdDecodeAuto.cmdPeriodic_INFO [10.780862083] <Event name="StateInfo" time="10.778080166" tag="^^^^^" CmdDecodeAuto.state="SHOOT_ARTIFACTS" />
TaskAutoShoot.autoTask_INFO [10.78239975] <Event name="StateInfo" time="10.782082708" tag="vvvvv" TaskAutoShoot.state="START" />
TaskAutoShoot.runTaskState_INFO [10.7838365] ***** Setting up Vision (useClassifierVision=false, classifierVisionEnabled=false)
TaskAutoShoot.autoTask_INFO [10.786003] <Event name="StateInfo" time="10.785616833" tag="^^^^^" TaskAutoShoot.state="START" />
TaskAutoShoot.autoTask_INFO [10.788316209] <Event name="StateInfo" time="10.787981084" tag="vvvvv" TaskAutoShoot.state="DO_VISION" />
TaskAutoShoot.runTaskState_INFO [10.7900385] ***** MotifSequence=[Green, Purple, Purple] (index=0)
TaskAutoShoot.autoTask_INFO [10.791509959] <Event name="StateInfo" time="10.791130209" tag="^^^^^" TaskAutoShoot.state="DO_VISION" />
TaskAutoShoot.autoTask_INFO [10.793823167] <Event name="StateInfo" time="10.793428251" tag="vvvvv" TaskAutoShoot.state="AIM" />
TaskAutoShoot.runTaskState_INFO [10.795395834] ***** Shooting Green artifact (MotifArtifact=Green, exitArtifact=null).
Spindexer.findSlot_INFO [10.797086918] find slot for Green (2=Green)
Spindexer.moveToExitSlotWithArtifact_INFO [10.798705085] MoveToExitSlot: FromSlot=null, ToSlot=2, artifactType=Green
Spindexer.moveToExitSlot_INFO [10.80034396] MoveToExitSlot: Slot=2, event=(TaskAutoShoot.spindexerEvent=CLEARED)
Shooter.pauseGoalTracking_INFO [10.824589921] Pause GoalTracking.
Shooter.disableGoalTracking_INFO [10.825256379] disableGoalTracking(turretPos=38.54995383194827)
TaskAutoShoot.runTaskState_INFO [10.84022063] ***** ShootParams: dist=51.188300, bearing=41.942656, shootParams={name=RegressionEntry, distance=51.18830036044331, region={tiltAngle=33.0, coeffs=[[2858.83725, 19.71941]]}, outputs=[3868.2403320107296]}, event=(TaskAutoShoot.event=CLEARED)
TaskAutoShoot.autoTask_INFO [10.851097757] <Event name="StateInfo" time="10.850737257" tag="^^^^^" TaskAutoShoot.state="AIM" />
Shooter.ShootMotor1.pidCtrlTask_INFO [11.060116028] controlMode: Velocity,onTarget=true(64.0/64.47067220017883), stalled=false, expired=false, event=(Shooter.shooter1OnTarget=SIGNALED)
Shooter.PanMotor.pidCtrlTask_INFO [11.357172432] controlMode: Position,onTarget=true(41.37185067932988/41.94265588498607), stalled=false, expired=false, event=(Shooter.panOnTarget=SIGNALED)
Spindexer.Motor.pidCtrlTask_INFO [11.445780483] controlMode: Position,onTarget=true(419.9263949347052/420.0), stalled=false, expired=false, event=(Spindexer.stopIntakeCallback=SIGNALED)
Spindexer.stopIntakeCallback_INFO [11.445927191] stopIntakeCallback(canceled=false)
TaskAutoShoot.autoTask_INFO [11.46169936] <Event name="StateInfo" time="11.461383776" tag="vvvvv" TaskAutoShoot.state="SHOOT" />
TaskAutoShoot.runTaskState_INFO [11.46301011] ***** Feed artifact to shooter.
Shooter.shoot_INFO [11.46480386] shoot(owner=null, event=(TaskAutoShoot.event=SIGNALED), pos=1.000000, duration=0.750000)
Spindexer.enableExitTrigger_INFO [11.468957777] Enabling exit trigger: lowThreshold=3490.000000, highThreshold=4190.000000
TaskAutoShoot.autoTask_INFO [11.477685611] <Event name="StateInfo" time="11.47739307" tag="^^^^^" TaskAutoShoot.state="SHOOT" />
Intake.setPickupArtifactType_INFO [11.715440927] Expect to pick up artifact Green
Spindexer.setExitTriggerEnabled_INFO [11.71717226] setExitTriggerEnabled(enabled=false)
Spindexer.velTriggerCallback_INFO [11.719005677] Exit[2]: vel=3840.000000, artifact=Green, numPurple=2, numGreen=0, numUnknown=0, expectedNext=Green
Spindexer.disableExitTrigger_INFO [11.720236802] Disabling exit trigger.
TaskAutoShoot.autoTask_INFO [11.826175396] <Event name="StateInfo" time="11.825815188" tag="vvvvv" TaskAutoShoot.state="SHOOT_NEXT" />
TaskAutoShoot.autoTask_INFO [11.827269438] <Event name="StateInfo" time="11.826905146" tag="^^^^^" TaskAutoShoot.state="SHOOT_NEXT" />
TaskAutoShoot.autoTask_INFO [11.82855948] <Event name="StateInfo" time="11.828093688" tag="vvvvv" TaskAutoShoot.state="AIM" />
TaskAutoShoot.runTaskState_INFO [11.82950798] ***** Shooting Purple artifact (MotifArtifact=Purple, exitArtifact=None).
Spindexer.findSlot_INFO [11.830641397] find slot for Purple (0=Purple)
Spindexer.moveToExitSlotWithArtifact_INFO [11.832384689] MoveToExitSlot: FromSlot=2, ToSlot=0, artifactType=Purple
Spindexer.moveToExitSlot_INFO [11.834142272] MoveToExitSlot: Slot=0, event=(TaskAutoShoot.spindexerEvent=CLEARED)
TaskAutoShoot.autoTask_INFO [11.856609649] <Event name="StateInfo" time="11.856278024" tag="^^^^^" TaskAutoShoot.state="AIM" />
Spindexer.Motor.pidCtrlTask_INFO [12.401384996] controlMode: Position,onTarget=true(539.6335575781559/540.0), stalled=false, expired=false, event=(Spindexer.stopIntakeCallback=SIGNALED)
Spindexer.stopIntakeCallback_INFO [12.401476579] stopIntakeCallback(canceled=false)
TaskAutoShoot.autoTask_INFO [12.407843955] <Event name="StateInfo" time="12.407437955" tag="vvvvv" TaskAutoShoot.state="SHOOT" />
TaskAutoShoot.runTaskState_INFO [12.409525996] ***** Feed artifact to shooter.
Shooter.shoot_INFO [12.411104497] shoot(owner=null, event=(TaskAutoShoot.event=SIGNALED), pos=1.000000, duration=0.750000)
Spindexer.enableExitTrigger_INFO [12.412609205] Enabling exit trigger: lowThreshold=3490.000000, highThreshold=4190.000000
TaskAutoShoot.autoTask_INFO [12.422642539] <Event name="StateInfo" time="12.422335706" tag="^^^^^" TaskAutoShoot.state="SHOOT" />
Intake.setPickupArtifactType_INFO [12.670060481] Expect to pick up artifact Any
Spindexer.setExitTriggerEnabled_INFO [12.671114856] setExitTriggerEnabled(enabled=false)
Spindexer.velTriggerCallback_INFO [12.672490648] Exit[0]: vel=3960.000000, artifact=Purple, numPurple=1, numGreen=0, numUnknown=0, expectedNext=Any
Spindexer.disableExitTrigger_INFO [12.676193648] Disabling exit trigger.
TaskAutoShoot.autoTask_INFO [12.784388867] <Event name="StateInfo" time="12.783099409" tag="vvvvv" TaskAutoShoot.state="SHOOT_NEXT" />
TaskAutoShoot.autoTask_INFO [12.785251034] <Event name="StateInfo" time="12.784806826" tag="^^^^^" TaskAutoShoot.state="SHOOT_NEXT" />
TaskAutoShoot.autoTask_INFO [12.786731243] <Event name="StateInfo" time="12.786325243" tag="vvvvv" TaskAutoShoot.state="AIM" />
TaskAutoShoot.runTaskState_INFO [12.787627243] ***** Shooting Purple artifact (MotifArtifact=Purple, exitArtifact=None).
Spindexer.findSlot_INFO [12.789022576] find slot for Purple (1=Purple)
Spindexer.moveToExitSlotWithArtifact_INFO [12.79034616] MoveToExitSlot: FromSlot=0, ToSlot=1, artifactType=Purple
Spindexer.moveToExitSlot_INFO [12.792423118] MoveToExitSlot: Slot=1, event=(TaskAutoShoot.spindexerEvent=CLEARED)
TaskAutoShoot.autoTask_INFO [12.812300204] <Event name="StateInfo" time="12.811883995" tag="^^^^^" TaskAutoShoot.state="AIM" />
Spindexer.Motor.pidCtrlTask_INFO [13.323188547] controlMode: Position,onTarget=true(659.3407202216067/660.0), stalled=false, expired=false, event=(Spindexer.stopIntakeCallback=SIGNALED)
Spindexer.stopIntakeCallback_INFO [13.324512713] stopIntakeCallback(canceled=false)
TaskAutoShoot.autoTask_INFO [13.331592339] <Event name="StateInfo" time="13.331252256" tag="vvvvv" TaskAutoShoot.state="SHOOT" />
TaskAutoShoot.runTaskState_INFO [13.332171589] ***** Feed artifact to shooter.
Shooter.shoot_INFO [13.332853506] shoot(owner=null, event=(TaskAutoShoot.event=SIGNALED), pos=1.000000, duration=0.750000)
Spindexer.enableExitTrigger_INFO [13.334405756] Enabling exit trigger: lowThreshold=3550.000000, highThreshold=4250.000000
TaskAutoShoot.autoTask_INFO [13.342643882] <Event name="StateInfo" time="13.342232632" tag="^^^^^" TaskAutoShoot.state="SHOOT" />
Intake.setPickupArtifactType_INFO [13.567040279] Expect to pick up artifact Any
Spindexer.setExitTriggerEnabled_INFO [13.56861878] setExitTriggerEnabled(enabled=false)
Spindexer.velTriggerCallback_INFO [13.570273405] Exit[1]: vel=3840.000000, artifact=Purple, numPurple=0, numGreen=0, numUnknown=0, expectedNext=Any
Spindexer.disableExitTrigger_INFO [13.577754947] Disabling exit trigger.
TaskAutoShoot.autoTask_INFO [13.683140541] <Event name="StateInfo" time="13.682837208" tag="vvvvv" TaskAutoShoot.state="SHOOT_NEXT" />
TaskAutoShoot.autoTask_INFO [13.684579333] <Event name="StateInfo" time="13.684238666" tag="^^^^^" TaskAutoShoot.state="SHOOT_NEXT" />
TaskAutoShoot.autoTask_INFO [13.686155791] <Event name="StateInfo" time="13.685826208" tag="vvvvv" TaskAutoShoot.state="NEXT_EXIT_SLOT" />
TaskAutoShoot.autoTask_INFO [13.687498917] <Event name="StateInfo" time="13.687183917" tag="^^^^^" TaskAutoShoot.state="NEXT_EXIT_SLOT" />
TaskAutoShoot.autoTask_INFO [13.688805875] <Event name="StateInfo" time="13.688487375" tag="vvvvv" TaskAutoShoot.state="DONE" />
TaskAutoShoot.stopSubsystems_INFO [13.68948575] Stopping subsystems.
Shooter.resumeGoalTracking_INFO [13.6910345] Resume GoalTracking.
Shooter.enableGoalTracking_INFO [13.691698334] enableGoalTracking(owner=null, useVision=true, alliance=BLUE_ALLIANCE, flywheelTracking=true)
Spindexer.cancel_INFO [13.694124709] cancel(owner=null)
TaskAutoShoot.autoTask_INFO [13.703267585] <Event name="StateInfo" time="13.702960751" tag="^^^^^" TaskAutoShoot.state="DONE" />
CmdDecodeAuto.cmdPeriodic_INFO [13.704155127] <Event name="StateInfo" time="13.703835168" tag="vvvvv" CmdDecodeAuto.state="PICKUP_SPIKEMARK" />
Spindexer.setAutoReceiveEnabled_INFO [13.724340795] Entry is not at a vacant slot, find one.
Spindexer.findSlot_INFO [13.725231254] find slot for None (2=None)
Spindexer.moveToNextVacantEntrySlot_INFO [13.725772004] moveToNextVacantSlot: FromSlot=null, ToSlot=2
Spindexer.moveToEntrySlot_INFO [13.726573212] MoveToEntrySlot: Slot=2, event=(Spindexer.callbackEvent=CLEARED)
purePursuitDrive.start_INFO [13.754060465] Path=TrcPath(degrees=true, [Waypoint(simple=true,index=0,pose=(x=-23.366723,y=-23.162839,angle=179.999554),vel=0.0), Waypoint(simple=true,index=1,pose=(x=11.770000,y=-30.071000,angle=180.000000),vel=0.0), Waypoint(simple=true,index=2,pose=(x=11.770000,y=-68.071000,angle=180.000000),vel=0.0)])
CmdDecodeAuto.cmdPeriodic_INFO [13.757694924] <Event name="StateInfo" time="13.757273465" tag="^^^^^" CmdDecodeAuto.state="PICKUP_SPIKEMARK" RobotPose=(x=-23.366723,y=-23.162839,angle=179.999554) TargetPose=(x=11.770000,y=-68.071000,angle=180.000000) vel=(x=0.017245,y=-0.000001,angle=-0.130713) Path=TrcPath(degrees=true, [Waypoint(simple=true,index=0,pose=(x=0.000000,y=0.000000,angle=0.000000),vel=0.0), Waypoint(simple=true,index=1,pose=(x=-35.136669,y=6.908434,angle=0.000446),vel=0.0), Waypoint(simple=true,index=2,pose=(x=-35.136374,y=44.908434,angle=0.000446),vel=0.0)]) />
Spindexer.Motor.pidCtrlTask_INFO [14.054251995] controlMode: Position,onTarget=true(607.627225959636/600.0), stalled=false, expired=false, event=(Spindexer.stopIntakeCallback=SIGNALED)
Spindexer.stopIntakeCallback_INFO [14.086053582] stopIntakeCallback(canceled=false)
Spindexer.moveEntrySlotCompletionCallback_INFO [14.128136128] moveEntrySlotCompletionCallback(autoReceive=false, canceled=false)
Spindexer.performAutoReceiveEnabled_INFO [14.181006841] performAutoReceiveEnabled(enable=true)
Spindexer.setEntryTriggerEnabled_INFO [14.182099133] setEntryTriggerEnabled(enabled=true)
CmdDecodeAuto.lambda$cmdPeriodic$1$teamcode-autocommands-CmdDecodeAuto_INFO [15.247426615] WaypointHandler: index=1
Spindexer.onEntryTrigger_INFO [16.827566524] onEntryTrigger(active=true, numObj=4, advOnTrigger=false)
Spindexer.getColorArtifactType_INFO [16.896359614] EntryArtifact: hue=222.857, type=Purple
Intake.setPickupArtifactType_INFO [16.897028406] Expect to pick up artifact Any
Spindexer.setEntryTriggerEnabled_INFO [16.897650531] setEntryTriggerEnabled(enabled=false)
Spindexer.entryTriggerCallback_INFO [16.918933158] Entry[2]: colorMode=true, value=222.857132/227, artifact=Purple, slotStates=[None, None, Purple] (PGU=1/0/0), expectedNext=Any
Spindexer.findSlot_INFO [16.921715075] find slot for None (0=None)
Spindexer.moveToNextVacantEntrySlot_INFO [16.922844117] moveToNextVacantSlot: FromSlot=2, ToSlot=0
Spindexer.moveToEntrySlot_INFO [16.92422545] MoveToEntrySlot: Slot=0, event=(Spindexer.callbackEvent=CLEARED)
Spindexer.Motor.pidCtrlTask_INFO [17.323420907] controlMode: Position,onTarget=true(715.3636723387417/720.0), stalled=false, expired=false, event=(Spindexer.stopIntakeCallback=SIGNALED)
Spindexer.stopIntakeCallback_INFO [17.3348382] stopIntakeCallback(canceled=false)
Spindexer.moveEntrySlotCompletionCallback_INFO [17.363629203] moveEntrySlotCompletionCallback(autoReceive=true, canceled=false)
Spindexer.setEntryTriggerEnabled_INFO [17.364343494] setEntryTriggerEnabled(enabled=true)
Spindexer.onEntryTrigger_INFO [17.520601302] onEntryTrigger(active=true, numObj=5, advOnTrigger=false)
Spindexer.getColorArtifactType_INFO [17.64972594] EntryArtifact: hue=160.000, type=Green
Intake.setPickupArtifactType_INFO [17.650329398] Expect to pick up artifact Purple
Spindexer.setEntryTriggerEnabled_INFO [17.650914773] setEntryTriggerEnabled(enabled=false)
Spindexer.entryTriggerCallback_INFO [17.682681651] Entry[0]: colorMode=true, value=160.000000/164, artifact=Green, slotStates=[Green, None, Purple] (PGU=1/1/0), expectedNext=Purple
Spindexer.findSlot_INFO [17.685159068] find slot for None (1=None)
Spindexer.moveToNextVacantEntrySlot_INFO [17.685713818] moveToNextVacantSlot: FromSlot=0, ToSlot=1
Spindexer.moveToEntrySlot_INFO [17.687432902] MoveToEntrySlot: Slot=1, event=(Spindexer.callbackEvent=CLEARED)
Spindexer.Motor.pidCtrlTask_INFO [18.095858151] controlMode: Position,onTarget=true(838.422635536209/840.0), stalled=false, expired=false, event=(Spindexer.stopIntakeCallback=SIGNALED)
Spindexer.stopIntakeCallback_INFO [18.129349071] stopIntakeCallback(canceled=false)
Spindexer.moveEntrySlotCompletionCallback_INFO [18.159999741] moveEntrySlotCompletionCallback(autoReceive=true, canceled=false)
Spindexer.setEntryTriggerEnabled_INFO [18.160982366] setEntryTriggerEnabled(enabled=true)
Spindexer.onEntryTrigger_INFO [18.230615165] onEntryTrigger(active=true, numObj=6, advOnTrigger=false)
Spindexer.getColorArtifactType_INFO [18.323329591] EntryArtifact: hue=228.000, type=Purple
Intake.setPickupArtifactType_INFO [18.324642091] Expect to pick up artifact None
Spindexer.setEntryTriggerEnabled_INFO [18.325926591] setEntryTriggerEnabled(enabled=false)
Spindexer.entryTriggerCallback_INFO [18.340235176] Entry[1]: colorMode=true, value=228.000000/222, artifact=Purple, slotStates=[Green, Purple, Purple] (PGU=2/1/0), expectedNext=None
Spindexer.entryTriggerCallback_INFO [18.341009551] Slots are full! (event=(CmdDecodeAuto.spindexerFull=CLEARED))
Spindexer.performAutoReceiveEnabled_INFO [18.345073926] performAutoReceiveEnabled(enable=false)
Spindexer.setEntryTriggerEnabled_INFO [18.346258093] setEntryTriggerEnabled(enabled=false)
Spindexer.cancel_INFO [18.34754726] cancel(owner=null)
CmdDecodeAuto.cmdPeriodic_INFO [18.353564927] <Event name="StateInfo" time="18.353076094" tag="vvvvv" CmdDecodeAuto.state="FINISH_PICKUP" />
CmdDecodeAuto.lambda$cmdPeriodic$1$teamcode-autocommands-CmdDecodeAuto_INFO [18.365845553] WaypointHandler: index=-1
Spindexer.performAutoReceiveEnabled_INFO [18.369281387] performAutoReceiveEnabled(enable=false)
Spindexer.setEntryTriggerEnabled_INFO [18.370635595] setEntryTriggerEnabled(enabled=false)
Spindexer.cancel_INFO [18.372120762] cancel(owner=null)
CmdDecodeAuto.cmdPeriodic_INFO [18.374066179] <Event name="StateInfo" time="18.373402637" tag="^^^^^" CmdDecodeAuto.state="FINISH_PICKUP" />
CmdDecodeAuto.cmdPeriodic_INFO [18.376132929] <Event name="StateInfo" time="18.375828721" tag="vvvvv" CmdDecodeAuto.state="GOTO_SHOOT_POS" />
CmdDecodeAuto.cmdPeriodic_INFO [18.377760138] intermediatePose=(x=11.627609,y=-39.142285,angle=-179.849785)
purePursuitDrive.start_INFO [18.380470596] Path=TrcPath(degrees=true, [Waypoint(simple=true,index=0,pose=(x=11.627609,y=-51.142285,angle=-179.849785),vel=0.0), Waypoint(simple=true,index=1,pose=(x=11.627609,y=-39.142285,angle=-179.849785),vel=0.0), Waypoint(simple=true,index=2,pose=(x=-23.540000,y=-23.540000,angle=180.000000),vel=0.0)])
CmdDecodeAuto.cmdPeriodic_INFO [18.383289263] <Event name="StateInfo" time="18.382901638" tag="^^^^^" CmdDecodeAuto.state="GOTO_SHOOT_POS" RobotPose=(x=11.627609,y=-51.142285,angle=-179.849785) TargetPose=(x=-23.540000,y=-23.540000,angle=180.000000) vel=(x=-0.155725,y=-11.117181,angle=0.962446) Path=TrcPath(degrees=true, [Waypoint(simple=true,index=0,pose=(x=0.000000,y=0.000000,angle=0.000000),vel=0.0), Waypoint(simple=true,index=1,pose=(x=0.031461,y=-11.999959,angle=0.000000),vel=0.0), Waypoint(simple=true,index=2,pose=(x=35.239854,y=-27.509990,angle=359.849785),vel=0.0)]) />
purePursuitDrive.xPosPid.isStalled_INFO [21.879146781] PID stalled (stallTime=0.2420804500579834/0.2, error=-2.477272913766363, errorRate=0.05301987557279317/0.1).
purePursuitDrive.yPosPid.isStalled_INFO [21.88100149] PID stalled (stallTime=3.0001981258392334/0.2, error=0.5772382006239205, errorRate=-0.011049593208903146/0.1).
purePursuitDrive.xPosPid.isStalled_INFO [21.924552869] PID stalled (stallTime=0.28755855560302734/0.2, error=-2.476282303561913, errorRate=0.02177779588214561/0.1).
purePursuitDrive.yPosPid.isStalled_INFO [21.925361078] PID stalled (stallTime=3.0455777645111084/0.2, error=0.5755622743921904, errorRate=-0.03684393641836381/0.1).
purePursuitDrive.xPosPid.isStalled_INFO [21.964961248] PID stalled (stallTime=0.3279850482940674/0.2, error=-2.4761719584253434, errorRate=0.0027296058393303157/0.1).
purePursuitDrive.yPosPid.isStalled_INFO [21.965617207] PID stalled (stallTime=3.0859763622283936/0.2, error=0.5749946530988694, errorRate=-0.014040493386379442/0.1).
purePursuitDrive.xPosPid.isStalled_INFO [22.001667794] PID stalled (stallTime=0.36469292640686035/0.2, error=-2.4758661991461466, errorRate=0.008329419272907396/0.1).
purePursuitDrive.yPosPid.isStalled_INFO [22.002621252] PID stalled (stallTime=3.122692823410034/0.2, error=0.5750899525882218, errorRate=0.0025962096205445935/0.1).
purePursuitDrive.xPosPid.isStalled_INFO [22.02975238] PID stalled (stallTime=0.3927896022796631/0.2, error=-2.474427311816161, errorRate=0.05123070621044113/0.1).
purePursuitDrive.yPosPid.isStalled_INFO [22.030599088] PID stalled (stallTime=3.150909662246704/0.2, error=0.5749230429582184, errorRate=-0.005942967866703267/0.1).
purePursuitDrive.xPosPid.isStalled_INFO [22.059155883] PID stalled (stallTime=0.4222097396850586/0.2, error=-2.4750323636104525, errorRate=-0.020556410979027825/0.1).
purePursuitDrive.yPosPid.isStalled_INFO [22.060078716] PID stalled (stallTime=3.1803882122039795/0.2, error=0.5747395700436222, errorRate=-0.006233525415404178/0.1).
purePursuitDrive.xPosPid.isStalled_INFO [22.12682839] PID stalled (stallTime=0.48988819122314453/0.2, error=-2.47228660550968, errorRate=0.04057564302837972/0.1).
purePursuitDrive.yPosPid.isStalled_INFO [22.12769289] PID stalled (stallTime=3.248042345046997/0.2, error=0.5743759452366, errorRate=-0.0053733788383835066/0.1).
purePursuitDrive.xPosPid.isStalled_INFO [22.182646103] PID stalled (stallTime=0.5455660820007324/0.2, error=-2.471152574220813, errorRate=0.02038857894655217/0.1).
purePursuitDrive.yPosPid.isStalled_INFO [22.183403562] PID stalled (stallTime=3.303738832473755/0.2, error=0.5741180343848562, errorRate=-0.004635847698748876/0.1).
purePursuitDrive.xPosPid.isStalled_INFO [22.215054648] PID stalled (stallTime=0.5780835151672363/0.2, error=-2.4716396408413033, errorRate=-0.01494848989549677/0.1).
purePursuitDrive.yPosPid.isStalled_INFO [22.215722857] PID stalled (stallTime=3.3360843658447266/0.2, error=0.5739663621689353, errorRate=-0.004657130593386919/0.1).
purePursuitDrive.xPosPid.isStalled_INFO [22.252081735] PID stalled (stallTime=0.615100622177124/0.2, error=-2.469677516924314, errorRate=0.05302636061316694/0.1).
purePursuitDrive.yPosPid.isStalled_INFO [22.253520527] PID stalled (stallTime=3.373629331588745/0.2, error=0.5739626014143298, errorRate=-1.0162449802148466E-4/0.1).
purePursuitDrive.xPosPid.isStalled_INFO [22.293454656] PID stalled (stallTime=0.6564934253692627/0.2, error=-2.4687032327872167, errorRate=0.023533865005173862/0.1).
purePursuitDrive.yPosPid.isStalled_INFO [22.294835115] PID stalled (stallTime=3.414928436279297/0.2, error=0.5736563586086341, errorRate=-0.007397816176448928/0.1).
purePursuitDrive.xPosPid.isStalled_INFO [22.348696037] PID stalled (stallTime=0.7116515636444092/0.2, error=-2.465709547639481, errorRate=0.05428608432254633/0.1).
purePursuitDrive.yPosPid.isStalled_INFO [22.349564037] PID stalled (stallTime=3.4698293209075928/0.2, error=0.5733634850916829, errorRate=-0.005310532711562563/0.1).
purePursuitDrive.xPosPid.isStalled_INFO [22.415560335] PID stalled (stallTime=0.778632402420044/0.2, error=-2.4663201906472914, errorRate=-0.009113567789775717/0.1).
purePursuitDrive.yPosPid.isStalled_INFO [22.416122377] PID stalled (stallTime=3.536526679992676/0.2, error=0.5725763724973199, errorRate=-0.011747922748950304/0.1).
purePursuitDrive.xPosPid.isStalled_INFO [22.44891038] PID stalled (stallTime=0.811875581741333/0.2, error=-2.463011487625792, errorRate=0.09954598893828785/0.1).
purePursuitDrive.yPosPid.isStalled_INFO [22.449510047] PID stalled (stallTime=3.569875478744507/0.2, error=0.5729780610759825, errorRate=0.01208489830461058/0.1).
purePursuitDrive.xPosPid.isStalled_INFO [22.482778134] PID stalled (stallTime=0.8458302021026611/0.2, error=-2.4649192263848327, errorRate=-0.05618100843946675/0.1).
purePursuitDrive.yPosPid.isStalled_INFO [22.483346884] PID stalled (stallTime=3.60376238822937/0.2, error=0.5724004012515707, errorRate=-0.01701210433973792/0.1).
purePursuitDrive.xPosPid.isStalled_INFO [22.541797181] PID stalled (stallTime=0.9045946598052979/0.2, error=-2.4655837037051107, errorRate=-0.011313666350104773/0.1).
purePursuitDrive.yPosPid.isStalled_INFO [22.542508265] PID stalled (stallTime=3.6628191471099854/0.2, error=0.5715974915160551, errorRate=-0.013669342298264109/0.1).
purePursuitDrive.xPosPid.isStalled_INFO [22.588094894] PID stalled (stallTime=0.9510858058929443/0.2, error=-2.46254257197808, errorRate=0.06541783411567986/0.1).
purePursuitDrive.yPosPid.isStalled_INFO [22.588867811] PID stalled (stallTime=3.709135055541992/0.2, error=0.5713245810283532, errorRate=-0.005869769142306011/0.1).
purePursuitDrive.xPosPid.isStalled_INFO [22.634823399] PID stalled (stallTime=0.9978382587432861/0.2, error=-2.4603659317818583, errorRate=0.04662661226544305/0.1).
purePursuitDrive.yPosPid.isStalled_INFO [22.636661482] PID stalled (stallTime=3.7560622692108154/0.2, error=0.5707851004561029, errorRate=-0.011559068846832287/0.1).
purePursuitDrive.xPosPid.isStalled_INFO [22.676318528] PID stalled (stallTime=1.0393669605255127/0.2, error=-2.459311322218891, errorRate=0.025335661311593823/0.1).
purePursuitDrive.yPosPid.isStalled_INFO [22.676951445] PID stalled (stallTime=3.797302484512329/0.2, error=0.5705048609559213, errorRate=-0.006732515345182412/0.1).
purePursuitDrive.xPosPid.isStalled_INFO [22.732224034] PID stalled (stallTime=1.0952258110046387/0.2, error=-2.4539389254341515, errorRate=0.0961969635114847/0.1).
purePursuitDrive.yPosPid.isStalled_INFO [22.733478492] PID stalled (stallTime=3.853823184967041/0.2, error=0.566555138904203, errorRate=-0.07072135087774784/0.1).
purePursuitDrive.xPosPid.isStalled_INFO [22.781845289] PID stalled (stallTime=1.1448636054992676/0.2, error=-2.4506343246611237, errorRate=0.06656565432595514/0.1).
purePursuitDrive.yPosPid.isStalled_INFO [22.78254733] PID stalled (stallTime=3.9028844833374023/0.2, error=0.5643771293997446, errorRate=-0.0438710937313614/0.1).
purePursuitDrive.xPosPid.isStalled_INFO [22.819438501] PID stalled (stallTime=1.1824848651885986/0.2, error=-2.451207035130782, errorRate=-0.01522131772242721/0.1).
purePursuitDrive.yPosPid.isStalled_INFO [22.820853668] PID stalled (stallTime=3.9404470920562744/0.2, error=0.5655785380759291, errorRate=0.03193065980720962/0.1).
purePursuitDrive.xPosPid.isStalled_INFO [22.867663839] PID stalled (stallTime=1.2299542427062988/0.2, error=-2.4492921893234154, errorRate=0.04034847893626186/0.1).
purePursuitDrive.yPosPid.isStalled_INFO [22.868311922] PID stalled (stallTime=3.988647222518921/0.2, error=0.5655551115729054, errorRate=-4.936341388505238E-4/0.1).
purePursuitDrive.xPosPid.isStalled_INFO [22.955761181] PID stalled (stallTime=1.3187909126281738/0.2, error=-2.447597899074875, errorRate=0.019068438263198383/0.1).
purePursuitDrive.yPosPid.isStalled_INFO [22.956430848] PID stalled (stallTime=4.076747894287109/0.2, error=0.5654559207879082, errorRate=-0.0011163665073038276/0.1).
purePursuitDrive.xPosPid.isStalled_INFO [23.010290603] PID stalled (stallTime=1.372926950454712/0.2, error=-2.4463922521809174, errorRate=0.022635447842984383/0.1).
purePursuitDrive.yPosPid.isStalled_INFO [23.011259228] PID stalled (stallTime=4.131334066390991/0.2, error=0.5652219613078273, errorRate=-0.004392084928839839/0.1).
purePursuitDrive.xPosPid.isStalled_INFO [23.044041107] PID stalled (stallTime=1.406280755996704/0.2, error=-2.4458811554710493, errorRate=0.014938953250495603/0.1).
purePursuitDrive.yPosPid.isStalled_INFO [23.045000107] PID stalled (stallTime=4.165063142776489/0.2, error=0.5653756980077809, errorRate=0.004493821559425713/0.1).
purePursuitDrive.xPosPid.isStalled_INFO [23.084332527] PID stalled (stallTime=1.4470970630645752/0.2, error=-2.4457372008844693, errorRate=0.003548320414139913/0.1).
purePursuitDrive.yPosPid.isStalled_INFO [23.086298361] PID stalled (stallTime=4.206648111343384/0.2, error=0.5648192284491032, errorRate=-0.013716274958952251/0.1).
purePursuitDrive.xPosPid.isStalled_INFO [23.143820575] PID stalled (stallTime=1.5068225860595703/0.2, error=-2.443576829986146, errorRate=0.036013657465728384/0.1).
purePursuitDrive.yPosPid.isStalled_INFO [23.144547408] PID stalled (stallTime=4.26481294631958/0.2, error=0.5648715053994025, errorRate=8.715188272513268E-4/0.1).
purePursuitDrive.xPosPid.isStalled_INFO [23.184357287] PID stalled (stallTime=1.5473434925079346/0.2, error=-2.4441771402253742, errorRate=-0.014820757304103855/0.1).
purePursuitDrive.yPosPid.isStalled_INFO [23.185027538] PID stalled (stallTime=4.3053693771362305/0.2, error=0.5627043033540318, errorRate=-0.053504015537555925/0.1).
purePursuitDrive.xPosPid.isStalled_INFO [23.236200751] PID stalled (stallTime=1.599233865737915/0.2, error=-2.4438648348432075, errorRate=0.006016930008514126/0.1).
purePursuitDrive.yPosPid.isStalled_INFO [23.236829876] PID stalled (stallTime=4.3571813106536865/0.2, error=0.5647788735473718, errorRate=0.03996921507476629/0.1).
purePursuitDrive.xPosPid.isStalled_INFO [23.268230713] PID stalled (stallTime=1.6311593055725098/0.2, error=-2.4433485560103883, errorRate=0.016190738895727436/0.1).
purePursuitDrive.yPosPid.isStalled_INFO [23.268978546] PID stalled (stallTime=4.389296293258667/0.2, error=0.5649342955866032, errorRate=0.004873559216781559/0.1).
purePursuitDrive.xPosPid.isStalled_INFO [23.300222174] PID stalled (stallTime=1.6631922721862793/0.2, error=-2.4439500516638653, errorRate=-0.018791100905429875/0.1).
purePursuitDrive.yPosPid.isStalled_INFO [23.302868758] PID stalled (stallTime=4.422462463378906/0.2, error=0.5647506596664513, errorRate=-0.00573724301256503/0.1).
purePursuitDrive.xPosPid.isStalled_INFO [23.372244015] PID stalled (stallTime=1.7352380752563477/0.2, error=-2.443359313293918, errorRate=0.008195496654384243/0.1).
purePursuitDrive.yPosPid.isStalled_INFO [23.373302473] PID stalled (stallTime=4.493547201156616/0.2, error=0.5629494982366445, errorRate=-0.02498864981603842/0.1).
purePursuitDrive.xPosPid.isStalled_INFO [23.434481021] PID stalled (stallTime=1.7975170612335205/0.2, error=-2.441635414090946, errorRate=0.02767317295594581/0.1).
purePursuitDrive.yPosPid.isStalled_INFO [23.435349604] PID stalled (stallTime=4.555636882781982/0.2, error=0.5628692129819157, errorRate=-0.001288757611437262/0.1).
purePursuitDrive.xPosPid.isStalled_INFO [23.470016233] PID stalled (stallTime=1.833059549331665/0.2, error=-2.4402743391547226, errorRate=0.03829019698778244/0.1).
purePursuitDrive.yPosPid.isStalled_INFO [23.47086965] PID stalled (stallTime=4.591019153594971/0.2, error=0.5626817546127683, errorRate=-0.005273957376419076/0.1).
purePursuitDrive.xPosPid.isStalled_INFO [23.502358278] PID stalled (stallTime=1.865382432937622/0.2, error=-2.4385135705556316, errorRate=0.054467134583980184/0.1).
purePursuitDrive.yPosPid.isStalled_INFO [23.504044111] PID stalled (stallTime=4.623659133911133/0.2, error=0.5626157859792933, errorRate=-0.002040640627022339/0.1).
purePursuitDrive.xPosPid.isStalled_INFO [23.579671536] PID stalled (stallTime=1.9425773620605469/0.2, error=-2.438470708271055, errorRate=5.552971479515312E-4/0.1).
purePursuitDrive.yPosPid.isStalled_INFO [23.581136869] PID stalled (stallTime=4.701345682144165/0.2, error=0.5626245986459857, errorRate=1.1416932244829235E-4/0.1).
purePursuitDrive.xPosPid.isStalled_INFO [23.62667479] PID stalled (stallTime=1.9896717071533203/0.2, error=-2.4375879842912553, errorRate=0.018743071958736094/0.1).
purePursuitDrive.yPosPid.isStalled_INFO [23.628425082] PID stalled (stallTime=4.748335123062134/0.2, error=0.5628902995581093, errorRate=0.005641714330311782/0.1).
purePursuitDrive.xPosPid.isStalled_INFO [23.662052794] PID stalled (stallTime=2.0249056816101074/0.2, error=-2.438034692493023, errorRate=-0.012678508576984285/0.1).
purePursuitDrive.yPosPid.isStalled_INFO [23.662958711] PID stalled (stallTime=4.7830564975738525/0.2, error=0.5627551365263272, errorRate=-0.0038362341391920784/0.1).
purePursuitDrive.xPosPid.isStalled_INFO [23.700284464] PID stalled (stallTime=2.0628256797790527/0.2, error=-2.43696043810489, errorRate=0.02834214683358572/0.1).
purePursuitDrive.yPosPid.isStalled_INFO [23.701288381] PID stalled (stallTime=4.821476221084595/0.2, error=0.5630779786461169, errorRate=0.00851730381050717/0.1).
purePursuitDrive.xPosPid.isStalled_INFO [23.749693094] PID stalled (stallTime=2.112621545791626/0.2, error=-2.4369093540887334, errorRate=0.0010261879809870121/0.1).
purePursuitDrive.yPosPid.isStalled_INFO [23.750509469] PID stalled (stallTime=4.870705842971802/0.2, error=0.5611143020946336, errorRate=-0.03944661708657902/0.1).
purePursuitDrive.xPosPid.isStalled_INFO [23.790606348] PID stalled (stallTime=2.1535186767578125/0.2, error=-2.4379733936817054, errorRate=-0.025998214636673747/0.1).
purePursuitDrive.yPosPid.isStalled_INFO [23.791628348] PID stalled (stallTime=4.9119627475738525/0.2, error=0.5627685541822203, errorRate=0.04041917342203249/0.1).
purePursuitDrive.xPosPid.isStalled_INFO [23.835090478] PID stalled (stallTime=2.198030948638916/0.2, error=-2.4362751334761548, errorRate=0.038150994468211345/0.1).
purePursuitDrive.yPosPid.isStalled_INFO [23.83570327] PID stalled (stallTime=4.956088304519653/0.2, error=0.5607056453020896, errorRate=-0.04634422585735298/0.1).
purePursuitDrive.xPosPid.isStalled_INFO [23.884520983] PID stalled (stallTime=2.247441291809082/0.2, error=-2.4367656454013904, errorRate=-0.009925923694407484/0.1).
purePursuitDrive.yPosPid.isStalled_INFO [23.886066525] PID stalled (stallTime=5.0061798095703125/0.2, error=0.5605570645883802, errorRate=-0.0030066854273147537/0.1).
purePursuitDrive.xPosPid.isStalled_INFO [23.944073197] PID stalled (stallTime=2.305074691772461/0.2, error=-2.4358201258782977, errorRate=0.016408811056391026/0.1).
purePursuitDrive.yPosPid.isStalled_INFO [23.945213906] PID stalled (stallTime=5.06507420539856/0.2, error=0.5608459654636064, errorRate=0.005013459399847777/0.1).
purePursuitDrive.xPosPid.isStalled_INFO [23.994220035] PID stalled (stallTime=2.357095241546631/0.2, error=-2.43607005945924, errorRate=-0.004805000817175002/0.1).
purePursuitDrive.yPosPid.isStalled_INFO [23.995495786] PID stalled (stallTime=5.115234613418579/0.2, error=0.5607722793617747, errorRate=-0.0014166429613249264/0.1).
purePursuitDrive.xPosPid.isStalled_INFO [24.039131457] PID stalled (stallTime=2.4020698070526123/0.2, error=-2.435295682888576, errorRate=0.017219469350570903/0.1).
purePursuitDrive.yPosPid.isStalled_INFO [24.039780998] PID stalled (stallTime=5.160120964050293/0.2, error=0.561006113334976, errorRate=0.005199745355102953/0.1).
purePursuitDrive.xPosPid.isStalled_INFO [24.071043002] PID stalled (stallTime=2.4340133666992188/0.2, error=-2.435378061211427, errorRate=-0.0025784861982225036/0.1).
purePursuitDrive.yPosPid.isStalled_INFO [24.071724335] PID stalled (stallTime=5.192034721374512/0.2, error=0.5609821455709252, errorRate=-7.502264127498806E-4/0.1).
purePursuitDrive.xPosPid.isStalled_INFO [24.103427046] PID stalled (stallTime=2.466458559036255/0.2, error=-2.433331126771705, errorRate=0.06332398073656806/0.1).
purePursuitDrive.yPosPid.isStalled_INFO [24.104487838] PID stalled (stallTime=5.224426031112671/0.2, error=0.5610007965148114, errorRate=5.76968731898054E-4/0.1).
purePursuitDrive.xPosPid.isStalled_INFO [24.148139843] PID stalled (stallTime=2.5111610889434814/0.2, error=-2.432836049473295, errorRate=0.011041302796510345/0.1).
purePursuitDrive.yPosPid.isStalled_INFO [24.148842759] PID stalled (stallTime=5.269164562225342/0.2, error=0.5611479362611007, errorRate=0.0032815893866997787/0.1).
purePursuitDrive.xPosPid.isStalled_INFO [24.192314805] PID stalled (stallTime=2.555330514907837/0.2, error=-2.4326173648032423, errorRate=0.004950881361608754/0.1).
purePursuitDrive.yPosPid.isStalled_INFO [24.193652389] PID stalled (stallTime=5.313769102096558/0.2, error=0.5592368307546352, errorRate=-0.04326667604170548/0.1).
purePursuitDrive.xPosPid.isStalled_INFO [24.238991102] PID stalled (stallTime=2.6018638610839844/0.2, error=-2.4344678178347365, errorRate=-0.03976250455604636/0.1).
purePursuitDrive.yPosPid.isStalled_INFO [24.24049231] PID stalled (stallTime=5.3604185581207275/0.2, error=0.5586779078416164, errorRate=-0.012010311029080003/0.1).
purePursuitDrive.xPosPid.isStalled_INFO [24.271722813] PID stalled (stallTime=2.634779691696167/0.2, error=-2.4324772296871515, errorRate=0.06047948068996095/0.1).
purePursuitDrive.yPosPid.isStalled_INFO [24.27231548] PID stalled (stallTime=5.392714262008667/0.2, error=0.5586816265071448, errorRate=1.1298235204935679E-4/0.1).
purePursuitDrive.xPosPid.isStalled_INFO [24.3018794] PID stalled (stallTime=2.6648454666137695/0.2, error=-2.431470343998459, errorRate=0.0334952743163273/0.1).
purePursuitDrive.yPosPid.isStalled_INFO [24.302551983] PID stalled (stallTime=5.42287278175354/0.2, error=0.5570097741350111, errorRate=-0.0556166391066928/0.1).
purePursuitDrive.xPosPid.isStalled_INFO [24.350362571] PID stalled (stallTime=2.7133805751800537/0.2, error=-2.428809289918661, errorRate=0.0548314457501326/0.1).
purePursuitDrive.yPosPid.isStalled_INFO [24.351128488] PID stalled (stallTime=5.471430540084839/0.2, error=0.5552395919601096, errorRate=-0.036474349829375224/0.1).
purePursuitDrive.xPosPid.isStalled_INFO [24.417228036] PID stalled (stallTime=2.780151844024658/0.2, error=-2.4279388631300165, errorRate=0.013038974268442034/0.1).
purePursuitDrive.yPosPid.isStalled_INFO [24.417960995] PID stalled (stallTime=5.5382606983184814/0.2, error=0.5509544610197885, errorRate=-0.06418818759356965/0.1).
purePursuitDrive.xPosPid.isStalled_INFO [24.684106563] PID stalled (stallTime=0.20972180366516113/0.2, error=-2.4161219648325982, errorRate=-0.017657864489787702/0.1).
purePursuitDrive.yPosPid.isStalled_INFO [24.685117188] PID stalled (stallTime=5.805095434188843/0.2, error=0.536486967036069, errorRate=-0.005349084570959236/0.1).
purePursuitDrive.xPosPid.isStalled_INFO [24.721810025] PID stalled (stallTime=0.24747967720031738/0.2, error=-2.416639366455371, errorRate=-0.013701501360604131/0.1).
purePursuitDrive.yPosPid.isStalled_INFO [24.722966775] PID stalled (stallTime=5.843345642089844/0.2, error=0.5363332134156948, errorRate=-0.00407160578172378/0.1).
purePursuitDrive.xPosPid.isStalled_INFO [24.767548613] PID stalled (stallTime=0.2931342124938965/0.2, error=-2.4144040072219646, errorRate=0.049004704972262524/0.1).
purePursuitDrive.yPosPid.isStalled_INFO [24.769052155] PID stalled (stallTime=5.88906455039978/0.2, error=0.5344369599684029, errorRate=-0.04157065197774651/0.1).
purePursuitDrive.xPosPid.isStalled_INFO [24.818067035] PID stalled (stallTime=0.34375953674316406/0.2, error=-2.415481922474708, errorRate=-0.02127658573613366/0.1).
purePursuitDrive.yPosPid.isStalled_INFO [24.819361452] PID stalled (stallTime=5.9394690990448/0.2, error=0.5341131492255293, errorRate=-0.006391645226022923/0.1).
purePursuitDrive.xPosPid.isStalled_INFO [24.858380914] PID stalled (stallTime=0.3840053081512451/0.2, error=-2.4146591200519794, errorRate=0.02044613981278518/0.1).
purePursuitDrive.yPosPid.isStalled_INFO [24.858995164] PID stalled (stallTime=5.97936487197876/0.2, error=0.5323780385596919, errorRate=-0.043114912208090134/0.1).
purePursuitDrive.xPosPid.isStalled_INFO [24.896091376] PID stalled (stallTime=0.42178845405578613/0.2, error=-2.412712472222509, errorRate=0.05151314055355565/0.1).
purePursuitDrive.yPosPid.isStalled_INFO [24.89757246] PID stalled (stallTime=6.017800569534302/0.2, error=0.53236828922822, errorRate=-2.580029401295517E-4/0.1).
purePursuitDrive.xPosPid.isStalled_INFO [24.941211922] PID stalled (stallTime=0.4668903350830078/0.2, error=-2.4128384667729605, errorRate=-0.0027936428352858395/0.1).
purePursuitDrive.yPosPid.isStalled_INFO [24.942518006] PID stalled (stallTime=6.062833309173584/0.2, error=0.5323306043947227, errorRate=-8.355092920874148E-4/0.1).
purePursuitDrive.xPosPid.isStalled_INFO [25.018165555] PID stalled (stallTime=0.5437450408935547/0.2, error=-2.413398315805548, errorRate=-0.007338144966740643/0.1).
purePursuitDrive.yPosPid.isStalled_INFO [25.019035305] PID stalled (stallTime=6.139220237731934/0.2, error=0.5301822845343054, errorRate=-0.028158810059587414/0.1).
purePursuitDrive.xPosPid.isStalled_INFO [25.059613143] PID stalled (stallTime=0.5852875709533691/0.2, error=-2.412814665175496, errorRate=0.013865414019591247/0.1).
purePursuitDrive.yPosPid.isStalled_INFO [25.060738101] PID stalled (stallTime=6.180762767791748/0.2, error=0.5303574157230067, errorRate=0.0041596548235715465/0.1).
purePursuitDrive.turnPid.isStalled_INFO [25.061796559] PID stalled (stallTime=0.20178651809692383/0.2, error=-0.14307015131140588, errorRate=0.09806750856077409/0.1).
purePursuitDrive.driveTask_INFO [25.062740976] Done: index=2/3, stalled=true, timeout=false, posOnTarget=false, headingOnTarget=true, robotPose=(x=-25.951483,y=-23.003619,angle=-179.856930)
purePursuitDrive.driveTask_INFO [25.080773853] Signal completion event (CmdDecodeAuto=CLEARED).
CmdDecodeAuto.cmdPeriodic_INFO [25.082188145] <Event name="StateInfo" time="25.081870811" tag="vvvvv" CmdDecodeAuto.state="SHOOT_ARTIFACTS" />
TaskAutoShoot.autoShoot_INFO [25.082809395] autoShoot(owner=null, event=(CmdDecodeAuto=SIGNALED), taskParams=(alliance=BLUE_ALLIANCE,inAuto=true,useAprilTagVision=true,doMotif=true,useClassifierVision=false,useRegression=true,flywheelTracking=true,relocalize=false,numArtifactsToShoot=3,moveToNextExitSlot=false))
CmdDecodeAuto.cmdPeriodic_INFO [25.083687603] <Event name="StateInfo" time="25.083285103" tag="^^^^^" CmdDecodeAuto.state="SHOOT_ARTIFACTS" />
TaskAutoShoot.autoTask_INFO [25.084435437] <Event name="StateInfo" time="25.084134728" tag="vvvvv" TaskAutoShoot.state="START" />
TaskAutoShoot.runTaskState_INFO [25.084979978] ***** Setting up Vision (useClassifierVision=false, classifierVisionEnabled=false)
TaskAutoShoot.autoTask_INFO [25.087187312] <Event name="StateInfo" time="25.085607062" tag="^^^^^" TaskAutoShoot.state="START" />
TaskAutoShoot.autoTask_INFO [25.088239645] <Event name="StateInfo" time="25.087704729" tag="vvvvv" TaskAutoShoot.state="DO_VISION" />
TaskAutoShoot.runTaskState_INFO [25.089079354] ***** MotifSequence=[Green, Purple, Purple] (index=0)
TaskAutoShoot.autoTask_INFO [25.090863479] <Event name="StateInfo" time="25.090157937" tag="^^^^^" TaskAutoShoot.state="DO_VISION" />
TaskAutoShoot.autoTask_INFO [25.092394146] <Event name="StateInfo" time="25.092100146" tag="vvvvv" TaskAutoShoot.state="AIM" />
TaskAutoShoot.runTaskState_INFO [25.093670771] ***** Shooting Green artifact (MotifArtifact=Green, exitArtifact=null).
Spindexer.findSlot_INFO [25.095096146] find slot for Green (0=Green)
Spindexer.moveToExitSlotWithArtifact_INFO [25.096269813] MoveToExitSlot: FromSlot=null, ToSlot=0, artifactType=Green
Spindexer.moveToExitSlot_INFO [25.097715896] MoveToExitSlot: Slot=0, event=(TaskAutoShoot.spindexerEvent=CLEARED)
Shooter.pauseGoalTracking_INFO [25.115915607] Pause GoalTracking.
Shooter.disableGoalTracking_INFO [25.11750519] disableGoalTracking(turretPos=38.05197203535152)
TaskAutoShoot.runTaskState_INFO [25.132045066] ***** ShootParams: dist=49.667729, bearing=38.199602, shootParams={name=RegressionEntry, distance=49.66772896866445, region={tiltAngle=33.0, coeffs=[[2858.83725, 19.71941]]}, outputs=[3838.2555613019713]}, event=(TaskAutoShoot.event=CLEARED)
TaskAutoShoot.autoTask_INFO [25.143203068] <Event name="StateInfo" time="25.142888943" tag="^^^^^" TaskAutoShoot.state="AIM" />
Shooter.PanMotor.pidCtrlTask_INFO [25.355688381] controlMode: Position,onTarget=true(38.05197203535152/38.19960194849741), stalled=false, expired=false, event=(Shooter.panOnTarget=SIGNALED)
Spindexer.Motor.pidCtrlTask_INFO [25.552842525] controlMode: Position,onTarget=true(901.1491887613772/900.0), stalled=false, expired=false, event=(Spindexer.stopIntakeCallback=SIGNALED)
Spindexer.stopIntakeCallback_INFO [25.554206651] stopIntakeCallback(canceled=false)
Shooter.ShootMotor1.pidCtrlTask_INFO [25.888226267] controlMode: Velocity,onTarget=true(64.0/63.97092602169952), stalled=false, expired=false, event=(Shooter.shooter1OnTarget=SIGNALED)
TaskAutoShoot.autoTask_INFO [25.890985143] <Event name="StateInfo" time="25.889829559" tag="vvvvv" TaskAutoShoot.state="SHOOT" />
TaskAutoShoot.runTaskState_INFO [25.891805018] ***** Feed artifact to shooter.
Shooter.shoot_INFO [25.892521935] shoot(owner=null, event=(TaskAutoShoot.event=SIGNALED), pos=1.000000, duration=0.750000)
Spindexer.enableExitTrigger_INFO [25.893321685] Enabling exit trigger: lowThreshold=3490.000000, highThreshold=4190.000000
TaskAutoShoot.autoTask_INFO [25.904140769] <Event name="StateInfo" time="25.902532811" tag="^^^^^" TaskAutoShoot.state="SHOOT" />
Intake.setPickupArtifactType_INFO [26.129051958] Expect to pick up artifact Green
Spindexer.setExitTriggerEnabled_INFO [26.130585542] setExitTriggerEnabled(enabled=false)
Spindexer.velTriggerCallback_INFO [26.132032209] Exit[0]: vel=3840.000000, artifact=Green, numPurple=2, numGreen=0, numUnknown=0, expectedNext=Green
Spindexer.disableExitTrigger_INFO [26.132787042] Disabling exit trigger.
TaskAutoShoot.autoTask_INFO [26.238161844] <Event name="StateInfo" time="26.237675928" tag="vvvvv" TaskAutoShoot.state="SHOOT_NEXT" />
TaskAutoShoot.autoTask_INFO [26.239359719] <Event name="StateInfo" time="26.238552969" tag="^^^^^" TaskAutoShoot.state="SHOOT_NEXT" />
TaskAutoShoot.autoTask_INFO [26.241547803] <Event name="StateInfo" time="26.241113511" tag="vvvvv" TaskAutoShoot.state="AIM" />
TaskAutoShoot.runTaskState_INFO [26.244612637] ***** Shooting Purple artifact (MotifArtifact=Purple, exitArtifact=None).
Spindexer.findSlot_INFO [26.246532387] find slot for Purple (1=Purple)
Spindexer.moveToExitSlotWithArtifact_INFO [26.24812897] MoveToExitSlot: FromSlot=0, ToSlot=1, artifactType=Purple
Spindexer.moveToExitSlot_INFO [26.250093637] MoveToExitSlot: Slot=1, event=(TaskAutoShoot.spindexerEvent=CLEARED)
TaskAutoShoot.autoTask_INFO [26.264552722] <Event name="StateInfo" time="26.26420418" tag="^^^^^" TaskAutoShoot.state="AIM" />
Spindexer.Motor.pidCtrlTask_INFO [26.867301491] controlMode: Position,onTarget=true(1019.4198654531065/1020.0), stalled=false, expired=false, event=(Spindexer.stopIntakeCallback=SIGNALED)
Spindexer.stopIntakeCallback_INFO [26.867364199] stopIntakeCallback(canceled=false)
TaskAutoShoot.autoTask_INFO [26.874307617] <Event name="StateInfo" time="26.873971325" tag="vvvvv" TaskAutoShoot.state="SHOOT" />
TaskAutoShoot.runTaskState_INFO [26.8763032] ***** Feed artifact to shooter.
Shooter.shoot_INFO [26.87720445] shoot(owner=null, event=(TaskAutoShoot.event=SIGNALED), pos=1.000000, duration=0.750000)
Spindexer.enableExitTrigger_INFO [26.879840242] Enabling exit trigger: lowThreshold=3310.000000, highThreshold=4010.000000
TaskAutoShoot.autoTask_INFO [26.891721868] <Event name="StateInfo" time="26.891275327" tag="^^^^^" TaskAutoShoot.state="SHOOT" />
Intake.setPickupArtifactType_INFO [27.125002725] Expect to pick up artifact Any
Spindexer.setExitTriggerEnabled_INFO [27.127261392] setExitTriggerEnabled(enabled=false)
Spindexer.velTriggerCallback_INFO [27.130695184] Exit[1]: vel=3660.000000, artifact=Purple, numPurple=1, numGreen=0, numUnknown=0, expectedNext=Any
Spindexer.disableExitTrigger_INFO [27.131851642] Disabling exit trigger.
TaskAutoShoot.autoTask_INFO [27.239551028] <Event name="StateInfo" time="27.239117903" tag="vvvvv" TaskAutoShoot.state="SHOOT_NEXT" />
TaskAutoShoot.autoTask_INFO [27.241908862] <Event name="StateInfo" time="27.24092332" tag="^^^^^" TaskAutoShoot.state="SHOOT_NEXT" />
TaskAutoShoot.autoTask_INFO [27.243484445] <Event name="StateInfo" time="27.243114904" tag="vvvvv" TaskAutoShoot.state="AIM" />
TaskAutoShoot.runTaskState_INFO [27.244783529] ***** Shooting Purple artifact (MotifArtifact=Purple, exitArtifact=None).
Spindexer.findSlot_INFO [27.245702279] find slot for Purple (2=Purple)
Spindexer.moveToExitSlotWithArtifact_INFO [27.246499404] MoveToExitSlot: FromSlot=1, ToSlot=2, artifactType=Purple
Spindexer.moveToExitSlot_INFO [27.248066821] MoveToExitSlot: Slot=2, event=(TaskAutoShoot.spindexerEvent=CLEARED)
TaskAutoShoot.autoTask_INFO [27.267881198] <Event name="StateInfo" time="27.267558906" tag="^^^^^" TaskAutoShoot.state="AIM" />
Spindexer.Motor.pidCtrlTask_INFO [27.859296091] controlMode: Position,onTarget=true(1139.1270280965573/1140.0), stalled=false, expired=false, event=(Spindexer.stopIntakeCallback=SIGNALED)
Spindexer.stopIntakeCallback_INFO [27.859340424] stopIntakeCallback(canceled=false)
TaskAutoShoot.autoTask_INFO [27.867977841] <Event name="StateInfo" time="27.867582341" tag="vvvvv" TaskAutoShoot.state="SHOOT" />
TaskAutoShoot.runTaskState_INFO [27.868524716] ***** Feed artifact to shooter.
Shooter.shoot_INFO [27.869654342] shoot(owner=null, event=(TaskAutoShoot.event=SIGNALED), pos=1.000000, duration=0.750000)
Spindexer.enableExitTrigger_INFO [27.870512717] Enabling exit trigger: lowThreshold=3490.000000, highThreshold=4190.000000
TaskAutoShoot.autoTask_INFO [27.884288426] <Event name="StateInfo" time="27.883964093" tag="^^^^^" TaskAutoShoot.state="SHOOT" />
Intake.setPickupArtifactType_INFO [28.107006282] Expect to pick up artifact Any
Spindexer.setExitTriggerEnabled_INFO [28.108321116] setExitTriggerEnabled(enabled=false)
Spindexer.velTriggerCallback_INFO [28.109094032] Exit[2]: vel=3840.000000, artifact=Purple, numPurple=0, numGreen=0, numUnknown=0, expectedNext=Any
Spindexer.disableExitTrigger_INFO [28.112281366] Disabling exit trigger.
TaskAutoShoot.autoTask_INFO [28.21614621] <Event name="StateInfo" time="28.215739043" tag="vvvvv" TaskAutoShoot.state="SHOOT_NEXT" />
TaskAutoShoot.autoTask_INFO [28.216934876] <Event name="StateInfo" time="28.216530335" tag="^^^^^" TaskAutoShoot.state="SHOOT_NEXT" />
TaskAutoShoot.autoTask_INFO [28.219101377] <Event name="StateInfo" time="28.218755168" tag="vvvvv" TaskAutoShoot.state="NEXT_EXIT_SLOT" />
TaskAutoShoot.autoTask_INFO [28.220781085] <Event name="StateInfo" time="28.220184627" tag="^^^^^" TaskAutoShoot.state="NEXT_EXIT_SLOT" />
TaskAutoShoot.autoTask_INFO [28.223130752] <Event name="StateInfo" time="28.222739335" tag="vvvvv" TaskAutoShoot.state="DONE" />
TaskAutoShoot.stopSubsystems_INFO [28.224705752] Stopping subsystems.
Shooter.resumeGoalTracking_INFO [28.226079211] Resume GoalTracking.
Shooter.enableGoalTracking_INFO [28.227476294] enableGoalTracking(owner=null, useVision=true, alliance=BLUE_ALLIANCE, flywheelTracking=true)
Spindexer.cancel_INFO [28.236854253] cancel(owner=null)
TaskAutoShoot.autoTask_INFO [28.251095463] <Event name="StateInfo" time="28.250783088" tag="^^^^^" TaskAutoShoot.state="DONE" />
CmdDecodeAuto.cmdPeriodic_INFO [28.252225963] <Event name="StateInfo" time="28.251916797" tag="vvvvv" CmdDecodeAuto.state="PICKUP_SPIKEMARK" />
Spindexer.setAutoReceiveEnabled_INFO [28.267250298] Entry is not at a vacant slot, find one.
Spindexer.findSlot_INFO [28.26803634] find slot for None (0=None)
Spindexer.moveToNextVacantEntrySlot_INFO [28.269416798] moveToNextVacantSlot: FromSlot=null, ToSlot=0
Spindexer.moveToEntrySlot_INFO [28.270731049] MoveToEntrySlot: Slot=0, event=(Spindexer.callbackEvent=CLEARED)
purePursuitDrive.start_INFO [28.295097176] Path=TrcPath(degrees=true, [Waypoint(simple=true,index=0,pose=(x=-25.997182,y=-22.981620,angle=-179.660425),vel=0.0), Waypoint(simple=true,index=1,pose=(x=35.310000,y=-30.071000,angle=180.000000),vel=0.0), Waypoint(simple=true,index=2,pose=(x=35.310000,y=-68.071000,angle=180.000000),vel=0.0)])
CmdDecodeAuto.cmdPeriodic_INFO [28.297831843] <Event name="StateInfo" time="28.297375968" tag="^^^^^" CmdDecodeAuto.state="PICKUP_SPIKEMARK" RobotPose=(x=-25.997182,y=-22.981620,angle=-179.660425) TargetPose=(x=35.310000,y=-68.071000,angle=180.000000) vel=(x=-0.439053,y=0.002567,angle=3.327968) Path=TrcPath(degrees=true, [Waypoint(simple=true,index=0,pose=(x=0.000000,y=0.000000,angle=0.000000),vel=0.0), Waypoint(simple=true,index=1,pose=(x=-61.348122,y=6.725908,angle=359.660425),vel=0.0), Waypoint(simple=true,index=2,pose=(x=-61.573335,y=44.725241,angle=359.660425),vel=0.0)]) />
Spindexer.Motor.pidCtrlTask_INFO [28.590731997] controlMode: Position,onTarget=true(1081.188761377127/1080.0), stalled=false, expired=false, event=(Spindexer.stopIntakeCallback=SIGNALED)
Spindexer.stopIntakeCallback_INFO [28.612247958] stopIntakeCallback(canceled=false)
Spindexer.moveEntrySlotCompletionCallback_INFO [28.643295586] moveEntrySlotCompletionCallback(autoReceive=false, canceled=false)
Spindexer.performAutoReceiveEnabled_INFO [28.68431909] performAutoReceiveEnabled(enable=true)
Spindexer.setEntryTriggerEnabled_INFO [28.684949965] setEntryTriggerEnabled(enabled=true)
TaskAutoShoot.cancel_INFO [30.075960938] Canceling auto task operation.
Shooter.cancel_INFO [30.076609605] owner=null
Robot.cancelAll_INFO [30.085833564] Cancel all operations.
TaskAutoShoot.cancel_INFO [30.088023981] Canceling auto task operation.
CmdDecodeAuto.lambda$cmdPeriodic$1$teamcode-autocommands-CmdDecodeAuto_INFO [30.099654482] WaypointHandler: index=-1
Spindexer.cancel_INFO [30.103908733] cancel(owner=null)
Shooter.cancel_INFO [30.104879108] owner=null
TrcDigitalInput.getInput.printElapsedTime_INFO [30.106128316] TrcDigitalInput.getInput: avgElapsed=0.006181134383561644, minElapsed=7.0583E-5, maxElapsed=0.016158918
TrcMotor.getPos.printElapsedTime_INFO [30.106707275] TrcMotor.getPos: avgElapsed=6.777167102137767E-4, minElapsed=2.625E-6, maxElapsed=0.013913085
TrcMotor.setPower.printElapsedTime_INFO [30.107327358] TrcMotor.setPower: avgElapsed=0.0024123615066344996, minElapsed=1.3708E-5, maxElapsed=0.019512793
TrcMotor.setVel.printElapsedTime_INFO [30.107794608] TrcMotor.setVel: avgElapsed=0.0, minElapsed=0.0, maxElapsed=0.0
TrcMotor.setPos.printElapsedTime_INFO [30.108282275] TrcMotor.setPos: avgElapsed=0.0, minElapsed=0.0, maxElapsed=0.0
TrcMotor.setCurrent.printElapsedTime_INFO [30.108736108] TrcMotor.setCurrent: avgElapsed=0.0, minElapsed=0.0, maxElapsed=0.0
TrcServo.setPos.printElapsedTime_INFO [30.109287067] TrcServo.setPos: avgElapsed=0.004797738833333333, minElapsed=0.001288, maxElapsed=0.011842834
Robot.stopMode_INFO [30.109719025] Disabling LimelightVision.
Vision.setLimelightVisionEnabled_INFO [30.110348442] Pipeline APRIL_TAG is disabled: running=false
Robot.stopMode_INFO [30.110813358] Disabling ClassifierVision.
Robot.stopMode_INFO [30.112048275] Saved robot pose=(x=33.490175,y=-25.080091,angle=-179.348873)
Robot.stopMode_INFO [30.112679734] Turning all LED indicators OFF.
FtcAuto.stopMode_INFO [30.129819527] ***** Stopping autonomous: 20251214@175038 *****
TrcTaskMgr.printTaskPerformanceMetrics_INFO [30.130460902] FtcDashboard.task: STANDALONE_TASK=0.006721776676488493/0.016248398173627176
TrcTaskMgr.printTaskPerformanceMetrics_INFO [30.131061152] TrcWatchdogMgr: STANDALONE_TASK=1.2646484962406014E-4/0.9929805010902256
TrcTaskMgr.printTaskPerformanceMetrics_INFO [30.131634277] flDriveMotor.pidCtrlTask: OUTPUT_TASK=1.3990556745182013E-5/0.01588116422757554
TrcTaskMgr.printTaskPerformanceMetrics_INFO [30.132344777] frDriveMotor.pidCtrlTask: OUTPUT_TASK=1.4270368070425886E-5/0.01588114889126814
TrcTaskMgr.printTaskPerformanceMetrics_INFO [30.133011527] blDriveMotor.pidCtrlTask: OUTPUT_TASK=2.4380534856055198E-5/0.015881141674280275
TrcTaskMgr.printTaskPerformanceMetrics_INFO [30.133687027] brDriveMotor.pidCtrlTask: OUTPUT_TASK=2.092929133951939E-5/0.015881133450868428
TrcTaskMgr.printTaskPerformanceMetrics_INFO [30.134337152] TrcMecanumDrive.odometryTask: INPUT_TASK=0.008625828076252723/0.032747861632897605
TrcTaskMgr.printTaskPerformanceMetrics_INFO [30.135054653] purePursuitDrive.driveTask: POST_PERIODIC_TASK=0.04204449044174757/0.0727673102038835
TrcTaskMgr.printTaskPerformanceMetrics_INFO [30.135652861] TrcMecanumDrive.absOdoHeadingWrap.converterTask: INPUT_TASK=2.7426455389007853E-5/0.015881235738995955
TrcTaskMgr.printTaskPerformanceMetrics_INFO [30.136573944] StatusLED: OUTPUT_TASK=9.866016369260051E-4/0.015881117351296693
TrcTaskMgr.printTaskPerformanceMetrics_INFO [30.137243319] Spindexer1LED: OUTPUT_TASK=7.741370806566738E-5/0.015879810055793482
TrcTaskMgr.printTaskPerformanceMetrics_INFO [30.137887319] Spindexer2LED: OUTPUT_TASK=6.366550202236497E-5/0.015878543529740663
TrcTaskMgr.printTaskPerformanceMetrics_INFO [30.138458403] Spindexer3LED: OUTPUT_TASK=6.413925933856769E-5/0.01587745874898882
TrcTaskMgr.printTaskPerformanceMetrics_INFO [30.139300153] Intake.Motor.pidCtrlTask: OUTPUT_TASK=5.888925529383773E-6/0.015876341421960503
TrcTaskMgr.printTaskPerformanceMetrics_INFO [30.139935695] Spindexer.EntryTrigger.trigger.triggerTask: PRE_PERIODIC_TASK=0.027114651440000002/0.24656719644
TrcTaskMgr.printTaskPerformanceMetrics_INFO [30.140575903] Spindexer.ShootVelTrigger.trigger.triggerTask: PRE_PERIODIC_TASK=1.8752496607525834E-4/0.004995010534802106
TrcTaskMgr.printTaskPerformanceMetrics_INFO [30.14112132] Spindexer.Motor.pidCtrlTask: OUTPUT_TASK=0.004822408576968832/0.015876332782298358
TrcTaskMgr.printTaskPerformanceMetrics_INFO [30.14177582] Shooter.ShootMotor1.pidCtrlTask: OUTPUT_TASK=2.81676695253955E-4/0.015874738758534554
TrcTaskMgr.printTaskPerformanceMetrics_INFO [30.142471153] Shooter.TiltMotor.pidCtrlTask: OUTPUT_TASK=3.437296725347924E-4/0.015874734421910314
TrcTaskMgr.printTaskPerformanceMetrics_INFO [30.142994403] Shooter.PanMotor.pidCtrlTask: OUTPUT_TASK=0.007539415566143231/0.01587662014644302
TrcTaskMgr.printTaskPerformanceMetrics_INFO [30.143686237] TaskAutoShoot: POST_PERIODIC_TASK=1.9076980389059396E-5/5.966901561202384E-4
FtcOpMode.printPerformanceMetrics_INFO [30.144926403] [FtcAutonomous] Main robot thread average elapsed times:
       robotInit=15.128730s
    initPeriodic=0.000014s
       startMode=0.000046s
    loopInterval=0.000671s (1489.408Hz)
             sdk=0.000024s
 prePeriodicTask=0.000114s
        periodic=0.000031s
postPeriodicTask=0.000441s
         loopSum=0.000648s
        stopMode=0.000000s
