FtcAuto.startMode_INFO [0.007105584] ***** Starting autonomous: 20251214@123409 *****
FtcAuto.startMode_INFO [0.007866542] <Info name="MatchInfo" date="Sun Dec 14 12:31:22 PST 2025" type="QUALIFICATION" number=2 />
FtcAuto.startMode_INFO [0.008964959] <Info name="AutoChoices" startDelay=0 alliance="BLUE_ALLIANCE" startPos="GOAL_ZONE" strategy="DECODE_AUTO" classifierVision="NO" loadingPickup="NO" openGate="NO" spikeMarkCount=3 shootDelay1=0 shootDelay2=0 shootDelay3=0 parkOption="CLASSIFIER_PARK" xTarget=4.0 yTarget=4.0 turnTarget=90 driveTime=5 drivePower=0.5 />
FtcAuto.startMode_INFO [0.009783084] Obelisk AprilTag 21: [Green, Purple, Purple]
CmdDecodeAuto.cmdPeriodic_INFO [0.026488586] <Event name="StateInfo" time="0.026186128" tag="vvvvv" CmdDecodeAuto.state="START" />
CmdDecodeAuto.cmdPeriodic_INFO [0.06738259] Set callback event to turn on auto tracking (event=(CmdDecodeAuto.goalTrackingCallbackEvent=CLEARED))
CmdDecodeAuto.cmdPeriodic_INFO [0.073305757] Pre-spin shooter(shootParams={name=GoalZoneShootPoint, distance=35.2500001, region={tiltAngle=30.0, coeffs=[[3398.57143, 5.71429]]}, outputs=[3600.0]})
CmdDecodeAuto.cmdPeriodic_INFO [0.074531049] <Event name="StateInfo" time="0.074170841" tag="^^^^^" CmdDecodeAuto.state="START" />
CmdDecodeAuto.cmdPeriodic_INFO [0.076728758] <Event name="StateInfo" time="0.076448466" tag="vvvvv" CmdDecodeAuto.state="GOTO_SHOOT_POS" />
purePursuitDrive.start_INFO [0.084185217] Path=TrcPath(degrees=true, [Waypoint(simple=true,index=0,pose=(x=-40.870001,y=-54.870000,angle=-179.999995),vel=0.0), Waypoint(simple=true,index=1,pose=(x=-23.540000,y=-23.540000,angle=180.000000),vel=0.0)])
CmdDecodeAuto.cmdPeriodic_INFO [0.088206426] <Event name="StateInfo" time="0.087907176" tag="^^^^^" CmdDecodeAuto.state="GOTO_SHOOT_POS" RobotPose=(x=-40.870001,y=-54.870000,angle=-179.999995) TargetPose=(x=-23.540000,y=-23.540000,angle=180.000000) vel=(x=0.000022,y=-0.000000,angle=-0.000166) Path=TrcPath(degrees=true, [Waypoint(simple=true,index=0,pose=(x=0.000000,y=0.000000,angle=0.000000),vel=0.0), Waypoint(simple=true,index=1,pose=(x=-17.329998,y=-31.330001,angle=359.999995),vel=0.0)]) />
Shooter.PanMotor.pidCtrlTask_INFO [1.252860418] controlMode: Position,onTarget=true(44.691729323308266/45.0), stalled=false, expired=false, event=(CmdDecodeAuto.goalTrackingCallbackEvent=SIGNALED)
CmdDecodeAuto.lambda$cmdPeriodic$0$teamcode-autocommands-CmdDecodeAuto_INFO [1.268865336] GoalTrackingCallback(canceled=false)
CmdDecodeAuto.lambda$cmdPeriodic$0$teamcode-autocommands-CmdDecodeAuto_INFO [1.269440211] enabling tracking
Shooter.enableGoalTracking_INFO [1.270392211] enableGoalTracking(owner=null, useVision=true, alliance=BLUE_ALLIANCE, flywheelTracking=true)
purePursuitDrive.driveTask_INFO [1.681885502] Done: index=1/2, stalled=false, timeout=false, posOnTarget=true, headingOnTarget=true, robotPose=(x=-22.100374,y=-24.029810,angle=-179.657939)
purePursuitDrive.driveTask_INFO [1.70709338] Signal completion event (CmdDecodeAuto=CLEARED).
CmdDecodeAuto.cmdPeriodic_INFO [1.708766672] <Event name="StateInfo" time="1.708456338" tag="vvvvv" CmdDecodeAuto.state="SHOOT_ARTIFACTS" />
TaskAutoShoot.autoShoot_INFO [1.710166672] autoShoot(owner=null, event=(CmdDecodeAuto=SIGNALED), taskParams=(alliance=BLUE_ALLIANCE,inAuto=true,useAprilTagVision=true,doMotif=true,useClassifierVision=false,useRegression=true,flywheelTracking=true,relocalize=false,numArtifactsToShoot=3,moveToNextExitSlot=false))
CmdDecodeAuto.cmdPeriodic_INFO [1.71182013] <Event name="StateInfo" time="1.71148938" tag="^^^^^" CmdDecodeAuto.state="SHOOT_ARTIFACTS" />
TaskAutoShoot.autoTask_INFO [1.713317547] <Event name="StateInfo" time="1.712984755" tag="vvvvv" TaskAutoShoot.state="START" />
TaskAutoShoot.runTaskState_INFO [1.714600297] ***** Setting up Vision (useClassifierVision=false, classifierVisionEnabled=false)
TaskAutoShoot.autoTask_INFO [1.716786923] <Event name="StateInfo" time="1.716478048" tag="^^^^^" TaskAutoShoot.state="START" />
TaskAutoShoot.autoTask_INFO [1.718429589] <Event name="StateInfo" time="1.718121006" tag="vvvvv" TaskAutoShoot.state="DO_VISION" />
TaskAutoShoot.runTaskState_INFO [1.720157715] ***** MotifSequence=[Green, Purple, Purple] (index=0)
TaskAutoShoot.autoTask_INFO [1.721482465] <Event name="StateInfo" time="1.720873756" tag="^^^^^" TaskAutoShoot.state="DO_VISION" />
TaskAutoShoot.autoTask_INFO [1.723389673] <Event name="StateInfo" time="1.723056298" tag="vvvvv" TaskAutoShoot.state="AIM" />
TaskAutoShoot.runTaskState_INFO [1.724897882] ***** Shooting Green artifact (MotifArtifact=Green, exitArtifact=null).
Spindexer.findSlot_INFO [1.726467049] find slot for Green (0=Green)
Spindexer.moveToExitSlotWithArtifact_INFO [1.727747174] MoveToExitSlot: FromSlot=null, ToSlot=0, artifactType=Green
Spindexer.moveToExitSlot_INFO [1.729377882] MoveToExitSlot: Slot=0, event=(TaskAutoShoot.spindexerEvent=CLEARED)
TaskAutoShoot.runTaskState_INFO [1.750203176] aimInfo=null, GoalTrackingEnabled=true
TaskAutoShoot.runTaskState_INFO [1.751230718] ***** Pause GoalTracking.
Shooter.disableGoalTracking_INFO [1.757761718] disableGoalTracking(turretPos=43.69576573011475)
TaskAutoShoot.runTaskState_INFO [1.764520219] ***** ShootParams: dist=51.891693, bearing=41.621479, shootParams={name=RegressionEntry, distance=51.89169284004269, region={tiltAngle=33.0, coeffs=[[2858.83725, 19.71941]]}, outputs=[3882.110816706866]}, event=(TaskAutoShoot.event=CLEARED)
TaskAutoShoot.autoTask_INFO [1.771855636] <Event name="StateInfo" time="1.771489886" tag="^^^^^" TaskAutoShoot.state="AIM" />
Shooter.PanMotor.pidCtrlTask_INFO [2.183876261] controlMode: Position,onTarget=true(42.20182034032449/41.62147883310636), stalled=false, expired=false, event=(Shooter.panOnTarget=SIGNALED)
Spindexer.stopIntakeCallback_INFO [2.401645991] stopIntakeCallback(canceled=false)
Spindexer.Motor.pidCtrlTask_INFO [2.40161595] controlMode: Position,onTarget=true(-179.56707558369607/-180.0), stalled=false, expired=false, event=(Spindexer.stopIntakeCallback=SIGNALED)
Shooter.ShootMotor1.pidCtrlTask_INFO [2.736979275] controlMode: Velocity,onTarget=true(63.0/64.70184694511444), stalled=false, expired=false, event=(Shooter.shooter1OnTarget=SIGNALED)
TaskAutoShoot.autoTask_INFO [2.737406567] <Event name="StateInfo" time="2.736991817" tag="vvvvv" TaskAutoShoot.state="SHOOT" />
TaskAutoShoot.runTaskState_INFO [2.73839765] ***** Feed artifact to shooter.
Shooter.shoot_INFO [2.73924815] shoot(owner=null, event=(TaskAutoShoot.event=SIGNALED), pos=1.000000, duration=0.750000)
Spindexer.enableExitTrigger_INFO [2.740183234] Enabling exit trigger: lowThreshold=3430.000000, highThreshold=4130.000000
TaskAutoShoot.autoTask_INFO [2.749683401] <Event name="StateInfo" time="2.749291693" tag="^^^^^" TaskAutoShoot.state="SHOOT" />
Intake.setPickupArtifactType_INFO [3.008788136] Expect to pick up artifact Green
Spindexer.setExitTriggerEnabled_INFO [3.010477469] setExitTriggerEnabled(enabled=false)
Spindexer.velTriggerCallback_INFO [3.012207344] Exit[0]: vel=3780.000000, artifact=Green, numPurple=2, numGreen=0, numUnknown=0, expectedNext=Green
Spindexer.disableExitTrigger_INFO [3.01824397] Disabling exit trigger.
TaskAutoShoot.autoTask_INFO [3.128853606] <Event name="StateInfo" time="3.128052398" tag="vvvvv" TaskAutoShoot.state="SHOOT_NEXT" />
TaskAutoShoot.autoTask_INFO [3.130737773] <Event name="StateInfo" time="3.130393315" tag="^^^^^" TaskAutoShoot.state="SHOOT_NEXT" />
TaskAutoShoot.autoTask_INFO [3.132375773] <Event name="StateInfo" time="3.13193594" tag="vvvvv" TaskAutoShoot.state="AIM" />
TaskAutoShoot.runTaskState_INFO [3.134577857] ***** Shooting Purple artifact (MotifArtifact=Purple, exitArtifact=None).
Spindexer.findSlot_INFO [3.136558857] find slot for Purple (1=Purple)
Spindexer.moveToExitSlotWithArtifact_INFO [3.138377982] MoveToExitSlot: FromSlot=0, ToSlot=1, artifactType=Purple
Spindexer.moveToExitSlot_INFO [3.139830774] MoveToExitSlot: Slot=1, event=(TaskAutoShoot.spindexerEvent=CLEARED)
TaskAutoShoot.runTaskState_INFO [3.157552734] aimInfo=[51.89169284004269, 41.62147883310636], GoalTrackingEnabled=false
TaskAutoShoot.autoTask_INFO [3.159256359] <Event name="StateInfo" time="3.158877484" tag="^^^^^" TaskAutoShoot.state="AIM" />
Spindexer.Motor.pidCtrlTask_INFO [3.682975412] controlMode: Position,onTarget=true(-60.338741590819154/-60.0), stalled=false, expired=false, event=(Spindexer.stopIntakeCallback=SIGNALED)
Spindexer.stopIntakeCallback_INFO [3.68301187] stopIntakeCallback(canceled=false)
TaskAutoShoot.autoTask_INFO [3.696900455] <Event name="StateInfo" time="3.696096038" tag="vvvvv" TaskAutoShoot.state="SHOOT" />
TaskAutoShoot.runTaskState_INFO [3.69992708] ***** Feed artifact to shooter.
Shooter.shoot_INFO [3.701168414] shoot(owner=null, event=(TaskAutoShoot.event=SIGNALED), pos=1.000000, duration=0.750000)
Spindexer.enableExitTrigger_INFO [3.702342372] Enabling exit trigger: lowThreshold=3610.000000, highThreshold=4310.000000
TaskAutoShoot.autoTask_INFO [3.709092706] <Event name="StateInfo" time="3.708732498" tag="^^^^^" TaskAutoShoot.state="SHOOT" />
Intake.setPickupArtifactType_INFO [3.946840438] Expect to pick up artifact Any
Spindexer.setExitTriggerEnabled_INFO [3.94827748] setExitTriggerEnabled(enabled=false)
Spindexer.velTriggerCallback_INFO [3.95047373] Exit[1]: vel=3780.000000, artifact=Purple, numPurple=1, numGreen=0, numUnknown=0, expectedNext=Any
Spindexer.disableExitTrigger_INFO [3.954861856] Disabling exit trigger.
TaskAutoShoot.autoTask_INFO [4.060599491] <Event name="StateInfo" time="4.060264075" tag="vvvvv" TaskAutoShoot.state="SHOOT_NEXT" />
TaskAutoShoot.autoTask_INFO [4.062452742] <Event name="StateInfo" time="4.062047908" tag="^^^^^" TaskAutoShoot.state="SHOOT_NEXT" />
TaskAutoShoot.autoTask_INFO [4.064268658] <Event name="StateInfo" time="4.063908742" tag="vvvvv" TaskAutoShoot.state="AIM" />
TaskAutoShoot.runTaskState_INFO [4.065843367] ***** Shooting Purple artifact (MotifArtifact=Purple, exitArtifact=None).
Spindexer.findSlot_INFO [4.067547575] find slot for Purple (2=Purple)
Spindexer.moveToExitSlotWithArtifact_INFO [4.069236909] MoveToExitSlot: FromSlot=1, ToSlot=2, artifactType=Purple
Spindexer.moveToExitSlot_INFO [4.071035034] MoveToExitSlot: Slot=2, event=(TaskAutoShoot.spindexerEvent=CLEARED)
TaskAutoShoot.runTaskState_INFO [4.085513952] aimInfo=[51.89169284004269, 41.62147883310636], GoalTrackingEnabled=false
TaskAutoShoot.autoTask_INFO [4.087423202] <Event name="StateInfo" time="4.087100619" tag="^^^^^" TaskAutoShoot.state="AIM" />
Spindexer.stopIntakeCallback_INFO [4.608181255] stopIntakeCallback(canceled=false)
Spindexer.Motor.pidCtrlTask_INFO [4.608153255] controlMode: Position,onTarget=true(58.88959240205779/60.0), stalled=false, expired=false, event=(Spindexer.stopIntakeCallback=SIGNALED)
TaskAutoShoot.autoTask_INFO [4.622122339] <Event name="StateInfo" time="4.621822214" tag="vvvvv" TaskAutoShoot.state="SHOOT" />
TaskAutoShoot.runTaskState_INFO [4.623171465] ***** Feed artifact to shooter.
Shooter.shoot_INFO [4.623982298] shoot(owner=null, event=(TaskAutoShoot.event=SIGNALED), pos=1.000000, duration=0.750000)
Spindexer.enableExitTrigger_INFO [4.625766131] Enabling exit trigger: lowThreshold=3610.000000, highThreshold=4310.000000
TaskAutoShoot.autoTask_INFO [4.634029341] <Event name="StateInfo" time="4.632900299" tag="^^^^^" TaskAutoShoot.state="SHOOT" />
Intake.setPickupArtifactType_INFO [4.67969122] Expect to pick up artifact Any
Spindexer.setExitTriggerEnabled_INFO [4.680257929] setExitTriggerEnabled(enabled=false)
Spindexer.velTriggerCallback_INFO [4.68100547] Exit[2]: vel=3900.000000, artifact=Purple, numPurple=0, numGreen=0, numUnknown=0, expectedNext=Any
Spindexer.disableExitTrigger_INFO [4.687147388] Disabling exit trigger.
TaskAutoShoot.autoTask_INFO [4.792683773] <Event name="StateInfo" time="4.792354773" tag="vvvvv" TaskAutoShoot.state="SHOOT_NEXT" />
TaskAutoShoot.autoTask_INFO [4.794301065] <Event name="StateInfo" time="4.793982273" tag="^^^^^" TaskAutoShoot.state="SHOOT_NEXT" />
TaskAutoShoot.autoTask_INFO [4.795977565] <Event name="StateInfo" time="4.795664899" tag="vvvvv" TaskAutoShoot.state="NEXT_EXIT_SLOT" />
TaskAutoShoot.autoTask_INFO [4.79755344] <Event name="StateInfo" time="4.797217732" tag="^^^^^" TaskAutoShoot.state="NEXT_EXIT_SLOT" />
TaskAutoShoot.autoTask_INFO [4.799020232] <Event name="StateInfo" time="4.798721566" tag="vvvvv" TaskAutoShoot.state="DONE" />
TaskAutoShoot.stopSubsystems_INFO [4.800358691] Stopping subsystems.
Shooter.enableGoalTracking_INFO [4.801588357] enableGoalTracking(owner=null, useVision=true, alliance=BLUE_ALLIANCE, flywheelTracking=true)
Spindexer.cancel_INFO [4.806745608] cancel(owner=null)
TaskAutoShoot.autoTask_INFO [4.811195567] <Event name="StateInfo" time="4.810885233" tag="^^^^^" TaskAutoShoot.state="DONE" />
CmdDecodeAuto.cmdPeriodic_INFO [4.8128569] <Event name="StateInfo" time="4.812524984" tag="vvvvv" CmdDecodeAuto.state="PICKUP_SPIKEMARK" />
Spindexer.setAutoReceiveEnabled_INFO [4.829208902] Entry is not at a vacant slot, find one.
Spindexer.findSlot_INFO [4.830966777] find slot for None (0=None)
Spindexer.moveToNextVacantEntrySlot_INFO [4.834054361] moveToNextVacantSlot: FromSlot=null, ToSlot=0
Spindexer.moveToEntrySlot_INFO [4.836425611] MoveToEntrySlot: Slot=0, event=(Spindexer.callbackEvent=CLEARED)
purePursuitDrive.start_INFO [4.857935738] Path=TrcPath(degrees=true, [Waypoint(simple=true,index=0,pose=(x=-22.101154,y=-23.853717,angle=-179.841712),vel=0.0), Waypoint(simple=true,index=1,pose=(x=-11.770000,y=-27.071000,angle=180.000000),vel=0.0), Waypoint(simple=true,index=2,pose=(x=-11.770000,y=-56.071000,angle=180.000000),vel=0.0)])
CmdDecodeAuto.cmdPeriodic_INFO [4.861351447] <Event name="StateInfo" time="4.86100028" tag="^^^^^" CmdDecodeAuto.state="PICKUP_SPIKEMARK" RobotPose=(x=-22.101154,y=-23.853717,angle=-179.841712) TargetPose=(x=-11.770000,y=-56.071000,angle=180.000000) vel=(x=-0.056912,y=0.000156,angle=0.431382) Path=TrcPath(degrees=true, [Waypoint(simple=true,index=0,pose=(x=0.000000,y=0.000000,angle=0.000000),vel=0.0), Waypoint(simple=true,index=1,pose=(x=-10.340003,y=3.188730,angle=359.841712),vel=0.0), Waypoint(simple=true,index=2,pose=(x=-10.420120,y=32.188619,angle=359.841712),vel=0.0)]) />
Spindexer.Motor.pidCtrlTask_INFO [5.152513559] controlMode: Position,onTarget=true(17.231499802136923/0.0), stalled=false, expired=false, event=(Spindexer.stopIntakeCallback=SIGNALED)
Spindexer.stopIntakeCallback_INFO [5.153865726] stopIntakeCallback(canceled=false)
Spindexer.moveEntrySlotCompletionCallback_INFO [5.202849981] moveEntrySlotCompletionCallback(autoReceive=false, canceled=false)
Spindexer.performAutoReceiveEnabled_INFO [5.253414195] performAutoReceiveEnabled(enable=true)
Spindexer.setEntryTriggerEnabled_INFO [5.254723486] setEntryTriggerEnabled(enabled=true)
CmdDecodeAuto.lambda$cmdPeriodic$1$teamcode-autocommands-CmdDecodeAuto_INFO [5.511679221] WaypointHandler: index=1
purePursuitDrive.xPosPid.isStalled_INFO [8.25826483] PID stalled (stallTime=0.2044963836669922/0.2, error=-0.6635383922725477, errorRate=0.01623069951446513/0.1).
purePursuitDrive.xPosPid.isStalled_INFO [8.733034628] PID stalled (stallTime=0.26091718673706055/0.2, error=-0.6835087147155434, errorRate=-0.0022483347580025716/0.1).
purePursuitDrive.yPosPid.isStalled_INFO [8.733693503] PID stalled (stallTime=0.47382044792175293/0.2, error=3.5671083711286755, errorRate=-0.055675851944583396/0.1).
purePursuitDrive.xPosPid.isStalled_INFO [8.820086636] PID stalled (stallTime=0.3481175899505615/0.2, error=-0.6887756481272032, errorRate=-0.06022184689939475/0.1).
purePursuitDrive.yPosPid.isStalled_INFO [8.820718678] PID stalled (stallTime=0.5608367919921875/0.2, error=3.5608534033244297, errorRate=-0.07151898154513282/0.1).
purePursuitDrive.xPosPid.isStalled_INFO [9.097076664] PID stalled (stallTime=0.22246742248535156/0.2, error=-0.7069260968722855, errorRate=-0.05622381788362131/0.1).
purePursuitDrive.xPosPid.isStalled_INFO [10.231357945] PID stalled (stallTime=0.28276896476745605/0.2, error=-0.7816950714572588, errorRate=-0.03785960483782856/0.1).
CmdDecodeAuto.cmdPeriodic_INFO [10.374565709] <Event name="StateInfo" time="10.374256834" tag="vvvvv" CmdDecodeAuto.state="FINISH_PICKUP" />
CmdDecodeAuto.lambda$cmdPeriodic$1$teamcode-autocommands-CmdDecodeAuto_INFO [10.388152419] WaypointHandler: index=-1
Spindexer.performAutoReceiveEnabled_INFO [10.390015002] performAutoReceiveEnabled(enable=false)
Spindexer.setEntryTriggerEnabled_INFO [10.390574127] setEntryTriggerEnabled(enabled=false)
Spindexer.cancel_INFO [10.391729711] cancel(owner=null)
CmdDecodeAuto.cmdPeriodic_INFO [10.394634711] <Event name="StateInfo" time="10.394275669" tag="^^^^^" CmdDecodeAuto.state="FINISH_PICKUP" />
CmdDecodeAuto.cmdPeriodic_INFO [10.396084003] <Event name="StateInfo" time="10.39572117" tag="vvvvv" CmdDecodeAuto.state="GOTO_SHOOT_POS" />
purePursuitDrive.start_INFO [10.397893795] Path=TrcPath(degrees=true, [Waypoint(simple=true,index=0,pose=(x=-12.481169,y=-52.810645,angle=-178.613166),vel=0.0), Waypoint(simple=true,index=1,pose=(x=-23.540000,y=-23.540000,angle=180.000000),vel=0.0)])
CmdDecodeAuto.cmdPeriodic_INFO [10.399709128] <Event name="StateInfo" time="10.399262295" tag="^^^^^" CmdDecodeAuto.state="GOTO_SHOOT_POS" RobotPose=(x=-12.481169,y=-52.810645,angle=-178.613166) TargetPose=(x=-23.540000,y=-23.540000,angle=180.000000) vel=(x=0.891895,y=-0.021748,angle=-6.762355) Path=TrcPath(degrees=true, [Waypoint(simple=true,index=0,pose=(x=0.000000,y=0.000000,angle=0.000000),vel=0.0), Waypoint(simple=true,index=1,pose=(x=11.764013,y=-28.994420,angle=358.613166),vel=0.0)]) />
purePursuitDrive.driveTask_INFO [11.921060406] Done: index=1/2, stalled=false, timeout=false, posOnTarget=true, headingOnTarget=true, robotPose=(x=-23.446528,y=-23.786950,angle=-179.915383)
purePursuitDrive.driveTask_INFO [11.936428033] Signal completion event (CmdDecodeAuto=CLEARED).
CmdDecodeAuto.cmdPeriodic_INFO [11.937769116] <Event name="StateInfo" time="11.937469574" tag="vvvvv" CmdDecodeAuto.state="SHOOT_ARTIFACTS" />
TaskAutoShoot.autoShoot_INFO [11.938472325] autoShoot(owner=null, event=(CmdDecodeAuto=SIGNALED), taskParams=(alliance=BLUE_ALLIANCE,inAuto=true,useAprilTagVision=true,doMotif=true,useClassifierVision=false,useRegression=true,flywheelTracking=true,relocalize=false,numArtifactsToShoot=3,moveToNextExitSlot=false))
CmdDecodeAuto.cmdPeriodic_INFO [11.939522616] <Event name="StateInfo" time="11.939090658" tag="^^^^^" CmdDecodeAuto.state="SHOOT_ARTIFACTS" />
TaskAutoShoot.autoTask_INFO [11.94107895] <Event name="StateInfo" time="11.940671491" tag="vvvvv" TaskAutoShoot.state="START" />
TaskAutoShoot.runTaskState_INFO [11.941827658] ***** Setting up Vision (useClassifierVision=false, classifierVisionEnabled=false)
TaskAutoShoot.autoTask_INFO [11.943052367] <Event name="StateInfo" time="11.942758658" tag="^^^^^" TaskAutoShoot.state="START" />
TaskAutoShoot.autoTask_INFO [11.944826284] <Event name="StateInfo" time="11.9445037" tag="vvvvv" TaskAutoShoot.state="DO_VISION" />
TaskAutoShoot.runTaskState_INFO [11.945827284] ***** MotifSequence=[Green, Purple, Purple] (index=0)
TaskAutoShoot.autoTask_INFO [11.947258492] <Event name="StateInfo" time="11.946833534" tag="^^^^^" TaskAutoShoot.state="DO_VISION" />
TaskAutoShoot.autoTask_INFO [11.949526201] <Event name="StateInfo" time="11.949149076" tag="vvvvv" TaskAutoShoot.state="AIM" />
TaskAutoShoot.runTaskState_INFO [11.950823242] ***** Green motif artifact not in Spindexer.
TaskAutoShoot.runTaskState_INFO [11.951483284] ***** Spindexer is empty, shoot any just in case sensor is wrong.
TaskAutoShoot.runTaskState_INFO [11.952388909] ***** Shooting Any artifact (MotifArtifact=Green, exitArtifact=null).
Spindexer.moveToExitSlotWithArtifact_INFO [11.953326034] MoveToExitSlot: FromSlot=null, ToSlot=null, artifactType=Any
Spindexer.exitSlotUp_INFO [11.953997451] ExitSlotUp: FromSlot=null, ToSlot=2
Spindexer.moveToExitSlot_INFO [11.954902493] MoveToExitSlot: Slot=2, event=(TaskAutoShoot.spindexerEvent=CLEARED)
TaskAutoShoot.runTaskState_INFO [11.970448036] aimInfo=null, GoalTrackingEnabled=true
TaskAutoShoot.runTaskState_INFO [11.971163203] ***** Pause GoalTracking.
Shooter.disableGoalTracking_INFO [11.977815537] disableGoalTracking(turretPos=42.367814272523404)
TaskAutoShoot.runTaskState_INFO [11.999050331] ***** ShootParams: dist=51.459544, bearing=40.020619, shootParams={name=RegressionEntry, distance=51.459544457628574, region={tiltAngle=33.0, coeffs=[[2858.83725, 19.71941]]}, outputs=[3873.5891055732054]}, event=(TaskAutoShoot.event=CLEARED)
TaskAutoShoot.autoTask_INFO [12.002086581] <Event name="StateInfo" time="12.001754081" tag="^^^^^" TaskAutoShoot.state="AIM" />
Shooter.ShootMotor1.pidCtrlTask_INFO [12.353481658] controlMode: Velocity,onTarget=true(65.0/64.55981842622009), stalled=false, expired=false, event=(Shooter.shooter1OnTarget=SIGNALED)
Spindexer.stopIntakeCallback_INFO [12.370327743] stopIntakeCallback(canceled=false)
Spindexer.Motor.pidCtrlTask_INFO [12.370291285] controlMode: Position,onTarget=true(61.2837356549268/60.0), stalled=false, expired=false, event=(Spindexer.stopIntakeCallback=SIGNALED)
Shooter.PanMotor.pidCtrlTask_INFO [12.701169943] controlMode: Position,onTarget=true(40.87386888273314/40.02061925505799), stalled=false, expired=false, event=(Shooter.panOnTarget=SIGNALED)
TaskAutoShoot.autoTask_INFO [12.70202511] <Event name="StateInfo" time="12.701528985" tag="vvvvv" TaskAutoShoot.state="SHOOT" />
TaskAutoShoot.runTaskState_INFO [12.702641693] ***** Feed artifact to shooter.
Shooter.shoot_INFO [12.70351261] shoot(owner=null, event=(TaskAutoShoot.event=SIGNALED), pos=1.000000, duration=0.750000)
Spindexer.enableExitTrigger_INFO [12.708100527] Enabling exit trigger: lowThreshold=3430.000000, highThreshold=4130.000000
TaskAutoShoot.autoTask_INFO [12.714908028] <Event name="StateInfo" time="12.714590694" tag="^^^^^" TaskAutoShoot.state="SHOOT" />
Intake.setPickupArtifactType_INFO [12.971993262] Expect to pick up artifact Any
Spindexer.setExitTriggerEnabled_INFO [12.974053595] setExitTriggerEnabled(enabled=false)
Spindexer.velTriggerCallback_INFO [12.974860345] Exit[2]: vel=3780.000000, artifact=None, numPurple=0, numGreen=0, numUnknown=0, expectedNext=Any
Spindexer.disableExitTrigger_INFO [12.977003804] Disabling exit trigger.
TaskAutoShoot.autoTask_INFO [13.08426919] <Event name="StateInfo" time="13.083862606" tag="vvvvv" TaskAutoShoot.state="SHOOT_NEXT" />
TaskAutoShoot.autoTask_INFO [13.085008856] <Event name="StateInfo" time="13.084654481" tag="^^^^^" TaskAutoShoot.state="SHOOT_NEXT" />
TaskAutoShoot.autoTask_INFO [13.087284732] <Event name="StateInfo" time="13.08700444" tag="vvvvv" TaskAutoShoot.state="NEXT_EXIT_SLOT" />
TaskAutoShoot.autoTask_INFO [13.088482023] <Event name="StateInfo" time="13.088136982" tag="^^^^^" TaskAutoShoot.state="NEXT_EXIT_SLOT" />
TaskAutoShoot.autoTask_INFO [13.08936869] <Event name="StateInfo" time="13.089018107" tag="vvvvv" TaskAutoShoot.state="DONE" />
TaskAutoShoot.stopSubsystems_INFO [13.09041869] Stopping subsystems.
Shooter.enableGoalTracking_INFO [13.09197969] enableGoalTracking(owner=null, useVision=true, alliance=BLUE_ALLIANCE, flywheelTracking=true)
Spindexer.cancel_INFO [13.092970191] cancel(owner=null)
TaskAutoShoot.autoTask_INFO [13.097425691] <Event name="StateInfo" time="13.097098441" tag="^^^^^" TaskAutoShoot.state="DONE" />
CmdDecodeAuto.cmdPeriodic_INFO [13.098170316] <Event name="StateInfo" time="13.097883608" tag="vvvvv" CmdDecodeAuto.state="PICKUP_SPIKEMARK" />
Spindexer.setAutoReceiveEnabled_INFO [13.11727186] Entry is not at a vacant slot, find one.
Spindexer.findSlot_INFO [13.121117777] find slot for None (0=None)
Spindexer.moveToNextVacantEntrySlot_INFO [13.123779819] moveToNextVacantSlot: FromSlot=null, ToSlot=0
Spindexer.moveToEntrySlot_INFO [13.12535861] MoveToEntrySlot: Slot=0, event=(Spindexer.callbackEvent=CLEARED)
purePursuitDrive.start_INFO [13.148922655] Path=TrcPath(degrees=true, [Waypoint(simple=true,index=0,pose=(x=-23.439283,y=-23.318015,angle=-180.182839),vel=0.0), Waypoint(simple=true,index=1,pose=(x=11.770000,y=-30.071000,angle=180.000000),vel=0.0), Waypoint(simple=true,index=2,pose=(x=11.770000,y=-68.071000,angle=180.000000),vel=0.0)])
CmdDecodeAuto.cmdPeriodic_INFO [13.151288363] <Event name="StateInfo" time="13.150859613" tag="^^^^^" CmdDecodeAuto.state="PICKUP_SPIKEMARK" RobotPose=(x=-23.439283,y=-23.318015,angle=-180.182839) TargetPose=(x=11.770000,y=-68.071000,angle=180.000000) vel=(x=0.197455,y=0.000623,angle=-1.496667) Path=TrcPath(degrees=true, [Waypoint(simple=true,index=0,pose=(x=0.000000,y=0.000000,angle=0.000000),vel=0.0), Waypoint(simple=true,index=1,pose=(x=-35.187554,y=6.865308,angle=360.182839),vel=0.0), Waypoint(simple=true,index=2,pose=(x=-35.066291,y=44.865115,angle=360.182839),vel=0.0)]) />
Spindexer.Motor.pidCtrlTask_INFO [13.465808311] controlMode: Position,onTarget=true(1.430154333201429/0.0), stalled=false, expired=false, event=(Spindexer.stopIntakeCallback=SIGNALED)
Spindexer.stopIntakeCallback_INFO [13.496156523] stopIntakeCallback(canceled=false)
Spindexer.moveEntrySlotCompletionCallback_INFO [13.536889235] moveEntrySlotCompletionCallback(autoReceive=false, canceled=false)
Spindexer.performAutoReceiveEnabled_INFO [13.566570988] performAutoReceiveEnabled(enable=true)
Spindexer.setEntryTriggerEnabled_INFO [13.568289488] setEntryTriggerEnabled(enabled=true)
Spindexer.onEntryTrigger_INFO [13.623766536] onEntryTrigger(active=true, numObj=1, advOnTrigger=false)
Spindexer.getColorArtifactType_INFO [13.700845293] EntryArtifact: hue=232.500, type=Purple
Intake.setPickupArtifactType_INFO [13.701391877] Expect to pick up artifact Any
Spindexer.setEntryTriggerEnabled_INFO [13.703486627] setEntryTriggerEnabled(enabled=false)
Spindexer.entryTriggerCallback_INFO [13.732157463] Entry[0]: colorMode=true, value=232.500000/233, artifact=Purple, slotStates=[Purple, None, None] (PGU=1/0/0), expectedNext=Any
Spindexer.findSlot_INFO [13.734299463] find slot for None (1=None)
Spindexer.moveToNextVacantEntrySlot_INFO [13.734862088] moveToNextVacantSlot: FromSlot=0, ToSlot=1
Spindexer.moveToEntrySlot_INFO [13.73560088] MoveToEntrySlot: Slot=1, event=(Spindexer.callbackEvent=CLEARED)
Spindexer.Motor.pidCtrlTask_INFO [14.258258266] controlMode: Position,onTarget=true(119.70083102493078/120.0), stalled=false, expired=false, event=(Spindexer.stopIntakeCallback=SIGNALED)
Spindexer.stopIntakeCallback_INFO [14.289047769] stopIntakeCallback(canceled=false)
Spindexer.moveEntrySlotCompletionCallback_INFO [14.370129652] moveEntrySlotCompletionCallback(autoReceive=true, canceled=false)
Spindexer.setEntryTriggerEnabled_INFO [14.370688486] setEntryTriggerEnabled(enabled=true)
CmdDecodeAuto.lambda$cmdPeriodic$1$teamcode-autocommands-CmdDecodeAuto_INFO [14.580974632] WaypointHandler: index=1
Spindexer.onEntryTrigger_INFO [16.260120509] onEntryTrigger(active=true, numObj=2, advOnTrigger=false)
Spindexer.getColorArtifactType_INFO [16.319255931] EntryArtifact: hue=220.000, type=Purple
Intake.setPickupArtifactType_INFO [16.320816057] Expect to pick up artifact Green
Spindexer.setEntryTriggerEnabled_INFO [16.32228839] setEntryTriggerEnabled(enabled=false)
Spindexer.entryTriggerCallback_INFO [16.362617727] Entry[1]: colorMode=true, value=220.000000/233, artifact=Purple, slotStates=[Purple, Purple, None] (PGU=2/0/0), expectedNext=Green
Spindexer.findSlot_INFO [16.363531519] find slot for None (2=None)
Spindexer.moveToNextVacantEntrySlot_INFO [16.364104353] moveToNextVacantSlot: FromSlot=1, ToSlot=2
Spindexer.moveToEntrySlot_INFO [16.364818936] MoveToEntrySlot: Slot=2, event=(Spindexer.callbackEvent=CLEARED)
Spindexer.Motor.pidCtrlTask_INFO [16.906395865] controlMode: Position,onTarget=true(240.3656509695291/240.0), stalled=false, expired=false, event=(Spindexer.stopIntakeCallback=SIGNALED)
Spindexer.stopIntakeCallback_INFO [16.923487825] stopIntakeCallback(canceled=false)
Spindexer.moveEntrySlotCompletionCallback_INFO [17.004588667] moveEntrySlotCompletionCallback(autoReceive=true, canceled=false)
Spindexer.setEntryTriggerEnabled_INFO [17.005159167] setEntryTriggerEnabled(enabled=true)
Spindexer.onEntryTrigger_INFO [17.065381048] onEntryTrigger(active=true, numObj=3, advOnTrigger=false)
Spindexer.getColorArtifactType_INFO [17.135613222] EntryArtifact: hue=162.000, type=Green
Intake.setPickupArtifactType_INFO [17.13662793] Expect to pick up artifact None
Spindexer.setEntryTriggerEnabled_INFO [17.137194347] setEntryTriggerEnabled(enabled=false)
Spindexer.entryTriggerCallback_INFO [17.15150089] Entry[2]: colorMode=true, value=162.000000/162, artifact=Green, slotStates=[Purple, Purple, Green] (PGU=2/1/0), expectedNext=None
Spindexer.entryTriggerCallback_INFO [17.153267515] Slots are full! (event=(CmdDecodeAuto.spindexerFull=CLEARED))
Spindexer.performAutoReceiveEnabled_INFO [17.155177932] performAutoReceiveEnabled(enable=false)
Spindexer.setEntryTriggerEnabled_INFO [17.156593099] setEntryTriggerEnabled(enabled=false)
Spindexer.cancel_INFO [17.157883432] cancel(owner=null)
CmdDecodeAuto.cmdPeriodic_INFO [17.16769335] <Event name="StateInfo" time="17.167414808" tag="vvvvv" CmdDecodeAuto.state="FINISH_PICKUP" />
CmdDecodeAuto.lambda$cmdPeriodic$1$teamcode-autocommands-CmdDecodeAuto_INFO [17.192159227] WaypointHandler: index=-1
Spindexer.performAutoReceiveEnabled_INFO [17.193294103] performAutoReceiveEnabled(enable=false)
Spindexer.setEntryTriggerEnabled_INFO [17.194162686] setEntryTriggerEnabled(enabled=false)
Spindexer.cancel_INFO [17.194802019] cancel(owner=null)
CmdDecodeAuto.cmdPeriodic_INFO [17.196227103] <Event name="StateInfo" time="17.195789894" tag="^^^^^" CmdDecodeAuto.state="FINISH_PICKUP" />
CmdDecodeAuto.cmdPeriodic_INFO [17.19773152] <Event name="StateInfo" time="17.197409811" tag="vvvvv" CmdDecodeAuto.state="GOTO_SHOOT_POS" />
CmdDecodeAuto.cmdPeriodic_INFO [17.208567812] intermediatePose=(x=11.933856,y=-32.990254,angle=-180.071972)
purePursuitDrive.start_INFO [17.212337313] Path=TrcPath(degrees=true, [Waypoint(simple=true,index=0,pose=(x=11.933856,y=-44.990254,angle=-180.071972),vel=0.0), Waypoint(simple=true,index=1,pose=(x=11.933856,y=-32.990254,angle=-180.071972),vel=0.0), Waypoint(simple=true,index=2,pose=(x=-23.540000,y=-23.540000,angle=180.000000),vel=0.0)])
CmdDecodeAuto.cmdPeriodic_INFO [17.215067021] <Event name="StateInfo" time="17.214682313" tag="^^^^^" CmdDecodeAuto.state="GOTO_SHOOT_POS" RobotPose=(x=11.933856,y=-44.990254,angle=-180.071972) TargetPose=(x=-23.540000,y=-23.540000,angle=180.000000) vel=(x=0.596899,y=-14.148940,angle=-4.394777) Path=TrcPath(degrees=true, [Waypoint(simple=true,index=0,pose=(x=0.000000,y=0.000000,angle=0.000000),vel=0.0), Waypoint(simple=true,index=1,pose=(x=-0.015074,y=-11.999991,angle=0.000000),vel=0.0), Waypoint(simple=true,index=2,pose=(x=35.446883,y=-21.494797,angle=360.071972),vel=0.0)]) />
purePursuitDrive.xPosPid.isStalled_INFO [20.236652908] PID stalled (stallTime=0.2336740493774414/0.2, error=-2.600348227524215, errorRate=-0.040450692020294526/0.1).
purePursuitDrive.yPosPid.isStalled_INFO [20.237249367] PID stalled (stallTime=2.5258142948150635/0.2, error=0.7109553679433667, errorRate=-0.012881434693529299/0.1).
purePursuitDrive.xPosPid.isStalled_INFO [20.273993829] PID stalled (stallTime=0.2710862159729004/0.2, error=-2.598911297775345, errorRate=0.038383870494302905/0.1).
purePursuitDrive.yPosPid.isStalled_INFO [20.274706371] PID stalled (stallTime=2.563197374343872/0.2, error=0.709427256866789, errorRate=-0.04082682481533165/0.1).
purePursuitDrive.xPosPid.isStalled_INFO [20.314506333] PID stalled (stallTime=0.31158971786499023/0.2, error=-2.599271920147835, errorRate=-0.008907103962693693/0.1).
purePursuitDrive.yPosPid.isStalled_INFO [20.315213916] PID stalled (stallTime=2.6037349700927734/0.2, error=0.7093190640786808, errorRate=-0.0026718564544289947/0.1).
purePursuitDrive.xPosPid.isStalled_INFO [20.35434392] PID stalled (stallTime=0.3514695167541504/0.2, error=-2.5996000976624813, errorRate=-0.008225871828312149/0.1).
purePursuitDrive.yPosPid.isStalled_INFO [20.355173129] PID stalled (stallTime=2.643533945083618/0.2, error=0.7092074597641762, errorRate=-0.0027979320319661675/0.1).
purePursuitDrive.xPosPid.isStalled_INFO [20.391908549] PID stalled (stallTime=0.38900327682495117/0.2, error=-2.59996725958354, errorRate=-0.009839554751412906/0.1).
purePursuitDrive.yPosPid.isStalled_INFO [20.392556341] PID stalled (stallTime=2.6811022758483887/0.2, error=0.7090993343168392, errorRate=-0.0028974265359962147/0.1).
purePursuitDrive.xPosPid.isStalled_INFO [20.44861818] PID stalled (stallTime=0.4457359313964844/0.2, error=-2.6002991828691506, errorRate=-0.005828074668573478/0.1).
purePursuitDrive.yPosPid.isStalled_INFO [20.449270346] PID stalled (stallTime=2.7378058433532715/0.2, error=0.7089827345074227, errorRate=-0.002047394772133519/0.1).
purePursuitDrive.xPosPid.isStalled_INFO [20.491361059] PID stalled (stallTime=0.48842668533325195/0.2, error=-2.596806576685445, errorRate=0.08179943650635582/0.1).
purePursuitDrive.yPosPid.isStalled_INFO [20.492167517] PID stalled (stallTime=2.7805490493774414/0.2, error=0.7100889736159814, errorRate=0.025909522048595514/0.1).
purePursuitDrive.xPosPid.isStalled_INFO [20.533280855] PID stalled (stallTime=0.5297443866729736/0.2, error=-2.597214592401219, errorRate=-0.009876735434482217/0.1).
purePursuitDrive.yPosPid.isStalled_INFO [20.533919022] PID stalled (stallTime=2.8224587440490723/0.2, error=0.7099591945040977, errorRate=-0.0031412588977138165/0.1).
purePursuitDrive.xPosPid.isStalled_INFO [20.568867692] PID stalled (stallTime=0.5659866333007812/0.2, error=-2.596618692221046, errorRate=0.016437816977851367/0.1).
purePursuitDrive.yPosPid.isStalled_INFO [20.569599483] PID stalled (stallTime=2.8580551147460938/0.2, error=0.7075382922342932, errorRate=-0.0667885713129483/0.1).
purePursuitDrive.xPosPid.isStalled_INFO [20.633901782] PID stalled (stallTime=0.6307625770568848/0.2, error=-2.596706743055197, errorRate=-0.0013602099579124905/0.1).
purePursuitDrive.yPosPid.isStalled_INFO [20.636413032] PID stalled (stallTime=2.9243290424346924/0.2, error=0.7075090509414643, errorRate=-4.517147236509554E-4/0.1).
purePursuitDrive.xPosPid.isStalled_INFO [20.680072036] PID stalled (stallTime=0.6771702766418457/0.2, error=-2.5960810017312532, errorRate=0.013474706010920911/0.1).
purePursuitDrive.yPosPid.isStalled_INFO [20.680717203] PID stalled (stallTime=2.969264030456543/0.2, error=0.7077073519099386, errorRate=0.004269947559785865/0.1).
purePursuitDrive.xPosPid.isStalled_INFO [20.726047458] PID stalled (stallTime=0.723142147064209/0.2, error=-2.5957454361653696, errorRate=0.0072977398217806385/0.1).
purePursuitDrive.yPosPid.isStalled_INFO [20.726696124] PID stalled (stallTime=3.015239715576172/0.2, error=0.7078055331603856, errorRate=0.002135293414611843/0.1).
purePursuitDrive.xPosPid.isStalled_INFO [20.760678211] PID stalled (stallTime=0.7578308582305908/0.2, error=-2.5955975821832453, errorRate=0.004262454798540484/0.1).
purePursuitDrive.yPosPid.isStalled_INFO [20.761278753] PID stalled (stallTime=3.049846649169922/0.2, error=0.7058715287271724, errorRate=-0.0557558185571593/0.1).
purePursuitDrive.xPosPid.isStalled_INFO [20.792225464] PID stalled (stallTime=0.7890536785125732/0.2, error=-2.595335464005874, errorRate=0.008399508895482138/0.1).
purePursuitDrive.yPosPid.isStalled_INFO [20.793280131] PID stalled (stallTime=3.081434726715088/0.2, error=0.7059430681303063, errorRate=0.00229179622783688/0.1).
purePursuitDrive.turnPid.isStalled_INFO [20.794009298] PID stalled (stallTime=0.22368931770324707/0.2, error=0.40548966168898914, errorRate=0.056887502286365216/0.1).
purePursuitDrive.driveTask_INFO [20.794961298] Done: index=2/3, stalled=true, timeout=false, posOnTarget=false, headingOnTarget=true, robotPose=(x=-26.140266,y=-22.852442,angle=-180.405490)
purePursuitDrive.driveTask_INFO [20.807056424] Signal completion event (CmdDecodeAuto=CLEARED).
CmdDecodeAuto.cmdPeriodic_INFO [20.808279966] <Event name="StateInfo" time="20.807964091" tag="vvvvv" CmdDecodeAuto.state="SHOOT_ARTIFACTS" />
TaskAutoShoot.autoShoot_INFO [20.808983758] autoShoot(owner=null, event=(CmdDecodeAuto=SIGNALED), taskParams=(alliance=BLUE_ALLIANCE,inAuto=true,useAprilTagVision=true,doMotif=true,useClassifierVision=false,useRegression=true,flywheelTracking=true,relocalize=false,numArtifactsToShoot=3,moveToNextExitSlot=false))
CmdDecodeAuto.cmdPeriodic_INFO [20.809869258] <Event name="StateInfo" time="20.809503508" tag="^^^^^" CmdDecodeAuto.state="SHOOT_ARTIFACTS" />
TaskAutoShoot.autoTask_INFO [20.810555841] <Event name="StateInfo" time="20.810249008" tag="vvvvv" TaskAutoShoot.state="START" />
TaskAutoShoot.runTaskState_INFO [20.811148216] ***** Setting up Vision (useClassifierVision=false, classifierVisionEnabled=false)
TaskAutoShoot.autoTask_INFO [20.829119551] <Event name="StateInfo" time="20.828810385" tag="^^^^^" TaskAutoShoot.state="START" />
TaskAutoShoot.autoTask_INFO [20.830384801] <Event name="StateInfo" time="20.830060176" tag="vvvvv" TaskAutoShoot.state="DO_VISION" />
TaskAutoShoot.runTaskState_INFO [20.83121401] ***** MotifSequence=[Green, Purple, Purple] (index=0)
TaskAutoShoot.autoTask_INFO [20.832030093] <Event name="StateInfo" time="20.83157276" tag="^^^^^" TaskAutoShoot.state="DO_VISION" />
TaskAutoShoot.autoTask_INFO [20.833674218] <Event name="StateInfo" time="20.833351052" tag="vvvvv" TaskAutoShoot.state="AIM" />
TaskAutoShoot.runTaskState_INFO [20.834545135] ***** Shooting Green artifact (MotifArtifact=Green, exitArtifact=null).
Spindexer.findSlot_INFO [20.835562177] find slot for Green (2=Green)
Spindexer.moveToExitSlotWithArtifact_INFO [20.836243219] MoveToExitSlot: FromSlot=null, ToSlot=2, artifactType=Green
Spindexer.moveToExitSlot_INFO [20.836953719] MoveToExitSlot: Slot=2, event=(TaskAutoShoot.spindexerEvent=CLEARED)
TaskAutoShoot.runTaskState_INFO [20.856626346] aimInfo=null, GoalTrackingEnabled=true
TaskAutoShoot.runTaskState_INFO [20.857347929] ***** Pause GoalTracking.
Shooter.disableGoalTracking_INFO [20.862331638] disableGoalTracking(turretPos=37.55399023875477)
TaskAutoShoot.runTaskState_INFO [20.872135139] ***** ShootParams: dist=49.539529, bearing=38.545404, shootParams={name=RegressionEntry, distance=49.53952881018531, region={tiltAngle=33.0, coeffs=[[2858.83725, 19.71941]]}, outputs=[3835.727529814856]}, event=(TaskAutoShoot.event=CLEARED)
TaskAutoShoot.autoTask_INFO [20.874056347] <Event name="StateInfo" time="20.873692639" tag="^^^^^" TaskAutoShoot.state="AIM" />
Shooter.PanMotor.pidCtrlTask_INFO [21.088117244] controlMode: Position,onTarget=true(37.719984170953694/38.545403519651835), stalled=false, expired=false, event=(Shooter.panOnTarget=SIGNALED)
Shooter.ShootMotor1.pidCtrlTask_INFO [21.228214091] controlMode: Velocity,onTarget=true(64.0/63.92879216358094), stalled=false, expired=false, event=(Shooter.shooter1OnTarget=SIGNALED)
Spindexer.Motor.pidCtrlTask_INFO [21.388014191] controlMode: Position,onTarget=true(58.88959240205779/60.0), stalled=false, expired=false, event=(Spindexer.stopIntakeCallback=SIGNALED)
Spindexer.stopIntakeCallback_INFO [21.388360107] stopIntakeCallback(canceled=false)
TaskAutoShoot.autoTask_INFO [21.400824484] <Event name="StateInfo" time="21.400424609" tag="vvvvv" TaskAutoShoot.state="SHOOT" />
TaskAutoShoot.runTaskState_INFO [21.4014399] ***** Feed artifact to shooter.
Shooter.shoot_INFO [21.402262109] shoot(owner=null, event=(TaskAutoShoot.event=SIGNALED), pos=1.000000, duration=0.750000)
Spindexer.enableExitTrigger_INFO [21.403855192] Enabling exit trigger: lowThreshold=3490.000000, highThreshold=4190.000000
TaskAutoShoot.autoTask_INFO [21.411075401] <Event name="StateInfo" time="21.410329026" tag="^^^^^" TaskAutoShoot.state="SHOOT" />
Intake.setPickupArtifactType_INFO [21.645541008] Expect to pick up artifact Green
Spindexer.setExitTriggerEnabled_INFO [21.646154967] setExitTriggerEnabled(enabled=false)
Spindexer.velTriggerCallback_INFO [21.646950342] Exit[2]: vel=3900.000000, artifact=Green, numPurple=2, numGreen=0, numUnknown=0, expectedNext=Green
Spindexer.disableExitTrigger_INFO [21.650827759] Disabling exit trigger.
TaskAutoShoot.autoTask_INFO [21.760346853] <Event name="StateInfo" time="21.759895061" tag="vvvvv" TaskAutoShoot.state="SHOOT_NEXT" />
TaskAutoShoot.autoTask_INFO [21.761097895] <Event name="StateInfo" time="21.76074352" tag="^^^^^" TaskAutoShoot.state="SHOOT_NEXT" />
TaskAutoShoot.autoTask_INFO [21.763076853] <Event name="StateInfo" time="21.762643728" tag="vvvvv" TaskAutoShoot.state="AIM" />
TaskAutoShoot.runTaskState_INFO [21.763970812] ***** Shooting Purple artifact (MotifArtifact=Purple, exitArtifact=None).
Spindexer.findSlot_INFO [21.76558577] find slot for Purple (0=Purple)
Spindexer.moveToExitSlotWithArtifact_INFO [21.767591271] MoveToExitSlot: FromSlot=2, ToSlot=0, artifactType=Purple
Spindexer.moveToExitSlot_INFO [21.769582771] MoveToExitSlot: Slot=0, event=(TaskAutoShoot.spindexerEvent=CLEARED)
TaskAutoShoot.runTaskState_INFO [21.782792064] aimInfo=[49.53952881018531, 38.545403519651835], GoalTrackingEnabled=false
TaskAutoShoot.autoTask_INFO [21.783868314] <Event name="StateInfo" time="21.783098022" tag="^^^^^" TaskAutoShoot.state="AIM" />
Spindexer.stopIntakeCallback_INFO [22.286227156] stopIntakeCallback(canceled=false)
Spindexer.Motor.pidCtrlTask_INFO [22.286155989] controlMode: Position,onTarget=true(180.99089829837754/180.0), stalled=false, expired=false, event=(Spindexer.stopIntakeCallback=SIGNALED)
TaskAutoShoot.autoTask_INFO [22.295790324] <Event name="StateInfo" time="22.295423407" tag="vvvvv" TaskAutoShoot.state="SHOOT" />
TaskAutoShoot.runTaskState_INFO [22.296499074] ***** Feed artifact to shooter.
Shooter.shoot_INFO [22.298203865] shoot(owner=null, event=(TaskAutoShoot.event=SIGNALED), pos=1.000000, duration=0.750000)
Spindexer.enableExitTrigger_INFO [22.299271949] Enabling exit trigger: lowThreshold=3430.000000, highThreshold=4130.000000
TaskAutoShoot.autoTask_INFO [22.3094412] <Event name="StateInfo" time="22.30899145" tag="^^^^^" TaskAutoShoot.state="SHOOT" />
Intake.setPickupArtifactType_INFO [22.524146388] Expect to pick up artifact Any
Spindexer.setExitTriggerEnabled_INFO [22.525930513] setExitTriggerEnabled(enabled=false)
Spindexer.velTriggerCallback_INFO [22.52784268] Exit[0]: vel=3780.000000, artifact=Purple, numPurple=1, numGreen=0, numUnknown=0, expectedNext=Any
Spindexer.disableExitTrigger_INFO [22.533849556] Disabling exit trigger.
TaskAutoShoot.autoTask_INFO [22.640979317] <Event name="StateInfo" time="22.640676858" tag="vvvvv" TaskAutoShoot.state="SHOOT_NEXT" />
TaskAutoShoot.autoTask_INFO [22.642206067] <Event name="StateInfo" time="22.64189165" tag="^^^^^" TaskAutoShoot.state="SHOOT_NEXT" />
TaskAutoShoot.autoTask_INFO [22.644172484] <Event name="StateInfo" time="22.643822775" tag="vvvvv" TaskAutoShoot.state="AIM" />
TaskAutoShoot.runTaskState_INFO [22.645406234] ***** Shooting Purple artifact (MotifArtifact=Purple, exitArtifact=None).
Spindexer.findSlot_INFO [22.646661859] find slot for Purple (1=Purple)
Spindexer.moveToExitSlotWithArtifact_INFO [22.647203484] MoveToExitSlot: FromSlot=0, ToSlot=1, artifactType=Purple
Spindexer.moveToExitSlot_INFO [22.647808984] MoveToExitSlot: Slot=1, event=(TaskAutoShoot.spindexerEvent=CLEARED)
TaskAutoShoot.runTaskState_INFO [22.664766194] aimInfo=[49.53952881018531, 38.545403519651835], GoalTrackingEnabled=false
TaskAutoShoot.autoTask_INFO [22.665368486] <Event name="StateInfo" time="22.665057569" tag="^^^^^" TaskAutoShoot.state="AIM" />
Spindexer.stopIntakeCallback_INFO [23.252944461] stopIntakeCallback(canceled=false)
Spindexer.Motor.pidCtrlTask_INFO [23.252904795] controlMode: Position,onTarget=true(298.78274633953305/300.0), stalled=false, expired=false, event=(Spindexer.stopIntakeCallback=SIGNALED)
TaskAutoShoot.autoTask_INFO [23.263326046] <Event name="StateInfo" time="23.262987421" tag="vvvvv" TaskAutoShoot.state="SHOOT" />
TaskAutoShoot.runTaskState_INFO [23.267121796] ***** Feed artifact to shooter.
Shooter.shoot_INFO [23.270661463] shoot(owner=null, event=(TaskAutoShoot.event=SIGNALED), pos=1.000000, duration=0.750000)
Spindexer.enableExitTrigger_INFO [23.278381589] Enabling exit trigger: lowThreshold=3430.000000, highThreshold=4130.000000
TaskAutoShoot.autoTask_INFO [23.289719257] <Event name="StateInfo" time="23.288235257" tag="^^^^^" TaskAutoShoot.state="SHOOT" />
Intake.setPickupArtifactType_INFO [23.509280404] Expect to pick up artifact Any
Spindexer.setExitTriggerEnabled_INFO [23.510005779] setExitTriggerEnabled(enabled=false)
Spindexer.velTriggerCallback_INFO [23.510977321] Exit[1]: vel=3780.000000, artifact=Purple, numPurple=0, numGreen=0, numUnknown=0, expectedNext=Any
Spindexer.disableExitTrigger_INFO [23.514542654] Disabling exit trigger.
TaskAutoShoot.autoTask_INFO [23.619645623] <Event name="StateInfo" time="23.619299707" tag="vvvvv" TaskAutoShoot.state="SHOOT_NEXT" />
TaskAutoShoot.autoTask_INFO [23.620430207] <Event name="StateInfo" time="23.62008779" tag="^^^^^" TaskAutoShoot.state="SHOOT_NEXT" />
TaskAutoShoot.autoTask_INFO [23.622005207] <Event name="StateInfo" time="23.621656957" tag="vvvvv" TaskAutoShoot.state="NEXT_EXIT_SLOT" />
TaskAutoShoot.autoTask_INFO [23.623981249] <Event name="StateInfo" time="23.62353179" tag="^^^^^" TaskAutoShoot.state="NEXT_EXIT_SLOT" />
TaskAutoShoot.autoTask_INFO [23.626783582] <Event name="StateInfo" time="23.626457499" tag="vvvvv" TaskAutoShoot.state="DONE" />
TaskAutoShoot.stopSubsystems_INFO [23.628341666] Stopping subsystems.
Shooter.enableGoalTracking_INFO [23.629645708] enableGoalTracking(owner=null, useVision=true, alliance=BLUE_ALLIANCE, flywheelTracking=true)
Spindexer.cancel_INFO [23.637411042] cancel(owner=null)
TaskAutoShoot.autoTask_INFO [23.642223542] <Event name="StateInfo" time="23.641814042" tag="^^^^^" TaskAutoShoot.state="DONE" />
CmdDecodeAuto.cmdPeriodic_INFO [23.643054209] <Event name="StateInfo" time="23.642744751" tag="vvvvv" CmdDecodeAuto.state="PICKUP_SPIKEMARK" />
Spindexer.setAutoReceiveEnabled_INFO [23.651204251] Entry is not at a vacant slot, find one.
Spindexer.findSlot_INFO [23.652202335] find slot for None (2=None)
Spindexer.moveToNextVacantEntrySlot_INFO [23.653243585] moveToNextVacantSlot: FromSlot=null, ToSlot=2
Spindexer.moveToEntrySlot_INFO [23.65418946] MoveToEntrySlot: Slot=2, event=(Spindexer.callbackEvent=CLEARED)
purePursuitDrive.start_INFO [23.676107629] Path=TrcPath(degrees=true, [Waypoint(simple=true,index=0,pose=(x=-26.193641,y=-22.876733,angle=-180.374344),vel=0.0), Waypoint(simple=true,index=1,pose=(x=35.310000,y=-30.071000,angle=180.000000),vel=0.0), Waypoint(simple=true,index=2,pose=(x=35.310000,y=-68.071000,angle=180.000000),vel=0.0)])
CmdDecodeAuto.cmdPeriodic_INFO [23.684786171] <Event name="StateInfo" time="23.684414005" tag="^^^^^" CmdDecodeAuto.state="PICKUP_SPIKEMARK" RobotPose=(x=-26.189912,y=-22.878692,angle=-180.402457) TargetPose=(x=35.310000,y=-68.071000,angle=180.000000) vel=(x=0.504927,y=0.003500,angle=-3.827316) Path=TrcPath(degrees=true, [Waypoint(simple=true,index=0,pose=(x=0.000000,y=0.000000,angle=0.000000),vel=0.0), Waypoint(simple=true,index=1,pose=(x=-61.455325,y=7.595946,angle=360.374344),vel=0.0), Waypoint(simple=true,index=2,pose=(x=-61.207052,y=45.595135,angle=360.374344),vel=0.0)]) />
Spindexer.Motor.pidCtrlTask_INFO [24.283973107] controlMode: Position,onTarget=true(240.8444796201029/240.0), stalled=false, expired=false, event=(Spindexer.stopIntakeCallback=SIGNALED)
Spindexer.stopIntakeCallback_INFO [24.30416315] stopIntakeCallback(canceled=false)
Spindexer.moveEntrySlotCompletionCallback_INFO [24.358134906] moveEntrySlotCompletionCallback(autoReceive=false, canceled=false)
Spindexer.performAutoReceiveEnabled_INFO [24.406812327] performAutoReceiveEnabled(enable=true)
Spindexer.setEntryTriggerEnabled_INFO [24.407372327] setEntryTriggerEnabled(enabled=true)
purePursuitDrive.xPosPid.isStalled_INFO [26.68471639] PID stalled (stallTime=0.21558356285095215/0.2, error=-3.4698430533887894, errorRate=0.017435570667030012/0.1).
purePursuitDrive.yPosPid.isStalled_INFO [26.68540414] PID stalled (stallTime=2.511564016342163/0.2, error=5.344885354151696, errorRate=-5.860386738953982E-4/0.1).
purePursuitDrive.turnPid.isStalled_INFO [26.685943723] PID stalled (stallTime=2.512158155441284/0.2, error=3.477514862944986, errorRate=-0.007819388116137903/0.1).
purePursuitDrive.xPosPid.isStalled_INFO [26.735123978] PID stalled (stallTime=0.2660038471221924/0.2, error=-3.4682870956594236, errorRate=0.030864427457175055/0.1).
purePursuitDrive.yPosPid.isStalled_INFO [26.736106311] PID stalled (stallTime=2.5619900226593018/0.2, error=5.3453022513361645, errorRate=0.008269966885980504/0.1).
purePursuitDrive.xPosPid.isStalled_INFO [26.795970609] PID stalled (stallTime=0.3267991542816162/0.2, error=-3.472702454246555, errorRate=-0.07262635025565009/0.1).
purePursuitDrive.yPosPid.isStalled_INFO [26.796656609] PID stalled (stallTime=2.6228652000427246/0.2, error=5.344114125174183, errorRate=-0.019542520671302084/0.1).
purePursuitDrive.xPosPid.isStalled_INFO [26.876744492] PID stalled (stallTime=0.4076368808746338/0.2, error=-3.4696408280412925, errorRate=0.03786513052099424/0.1).
purePursuitDrive.yPosPid.isStalled_INFO [26.878638284] PID stalled (stallTime=2.7048392295837402/0.2, error=5.344941200575725, errorRate=0.010229162545784501/0.1).
purePursuitDrive.xPosPid.isStalled_INFO [26.946351624] PID stalled (stallTime=0.47721004486083984/0.2, error=-3.470417862738426, errorRate=-0.01116932519851633/0.1).
purePursuitDrive.yPosPid.isStalled_INFO [26.946935249] PID stalled (stallTime=2.7731666564941406/0.2, error=5.34473787079537, errorRate=-0.0029227220453679407/0.1).
purePursuitDrive.xPosPid.isStalled_INFO [27.044506801] PID stalled (stallTime=0.5753231048583984/0.2, error=-3.4722955007963066, errorRate=-0.019145402694376708/0.1).
purePursuitDrive.yPosPid.isStalled_INFO [27.046526009] PID stalled (stallTime=2.8723034858703613/0.2, error=5.344230600815234, errorRate=-0.005172207639439305/0.1).
purePursuitDrive.xPosPid.isStalled_INFO [27.10301514] PID stalled (stallTime=0.6334948539733887/0.2, error=-3.4716104774721366, errorRate=0.011768014600104954/0.1).
purePursuitDrive.yPosPid.isStalled_INFO [27.103783973] PID stalled (stallTime=2.9298408031463623/0.2, error=5.344417049377288, errorRate=0.003203183226027201/0.1).
purePursuitDrive.turnPid.isStalled_INFO [27.107655557] PID stalled (stallTime=0.22710299491882324/0.2, error=3.4696552766300783, errorRate=0.05166281710073878/0.1).
purePursuitDrive.xPosPid.isStalled_INFO [27.157112895] PID stalled (stallTime=0.6879334449768066/0.2, error=-3.4711571833834363, errorRate=0.00832783566174523/0.1).
purePursuitDrive.yPosPid.isStalled_INFO [27.158226479] PID stalled (stallTime=2.984457015991211/0.2, error=5.34453851205188, errorRate=0.0022313530950308384/0.1).
purePursuitDrive.turnPid.isStalled_INFO [27.158819146] PID stalled (stallTime=0.27917027473449707/0.2, error=3.471650928108346, errorRate=0.036661172746244565/0.1).
purePursuitDrive.xPosPid.isStalled_INFO [27.23422607] PID stalled (stallTime=0.7633664608001709/0.2, error=-3.471328150538721, errorRate=-0.0022768753279266236/0.1).
purePursuitDrive.yPosPid.isStalled_INFO [27.236860695] PID stalled (stallTime=3.0619449615478516/0.2, error=5.344496711820675, errorRate=-5.566919001106189E-4/0.1).
purePursuitDrive.turnPid.isStalled_INFO [27.239950904] PID stalled (stallTime=0.3594543933868408/0.2, error=3.4708991075895597, errorRate=-0.010012585918676393/0.1).
purePursuitDrive.xPosPid.isStalled_INFO [27.32259262] PID stalled (stallTime=0.8534121513366699/0.2, error=-3.4706988878007934, errorRate=0.00696226801289372/0.1).
purePursuitDrive.yPosPid.isStalled_INFO [27.323517787] PID stalled (stallTime=3.1495532989501953/0.2, error=5.344680424692555, errorRate=0.002032635254557511/0.1).
purePursuitDrive.turnPid.isStalled_INFO [27.324525204] PID stalled (stallTime=0.4448099136352539/0.2, error=3.4737420612469236, errorRate=0.031455411867312336/0.1).
purePursuitDrive.xPosPid.isStalled_INFO [27.369688917] PID stalled (stallTime=0.9005105495452881/0.2, error=-3.470526352593655, errorRate=0.003662272821056095/0.1).
purePursuitDrive.yPosPid.isStalled_INFO [27.370327958] PID stalled (stallTime=3.196516752243042/0.2, error=5.34472783617392, errorRate=0.0010063977951490525/0.1).
purePursuitDrive.turnPid.isStalled_INFO [27.371390792] PID stalled (stallTime=0.4912106990814209/0.2, error=3.47450750338578, errorRate=0.016246796813765393/0.1).
purePursuitDrive.xPosPid.isStalled_INFO [27.437158424] PID stalled (stallTime=0.9680461883544922/0.2, error=-3.470322181413728, errorRate=0.003023044651341581/0.1).
purePursuitDrive.yPosPid.isStalled_INFO [27.43780184] PID stalled (stallTime=3.2639715671539307/0.2, error=5.344778152347157, errorRate=7.449761960415932E-4/0.1).
purePursuitDrive.turnPid.isStalled_INFO [27.438322757] PID stalled (stallTime=0.5586943626403809/0.2, error=3.475382359158857, errorRate=0.012953620953777747/0.1).
purePursuitDrive.xPosPid.isStalled_INFO [27.529287766] PID stalled (stallTime=1.0601248741149902/0.2, error=-3.470208805271856, errorRate=0.0012311942516241674/0.1).
purePursuitDrive.yPosPid.isStalled_INFO [27.529931183] PID stalled (stallTime=3.356135845184326/0.2, error=5.344827617459796, errorRate=5.371769891240515E-4/0.1).
purePursuitDrive.turnPid.isStalled_INFO [27.530385891] PID stalled (stallTime=0.650806188583374/0.2, error=3.475942588628641, errorRate=0.006083979219341674/0.1).
purePursuitDrive.xPosPid.isStalled_INFO [27.587335855] PID stalled (stallTime=1.1182520389556885/0.2, error=-3.4716031927343174, errorRate=-0.023993095219224048/0.1).
purePursuitDrive.yPosPid.isStalled_INFO [27.587928522] PID stalled (stallTime=3.414158344268799/0.2, error=5.344455740759059, errorRate=-0.0063987427578869474/0.1).
purePursuitDrive.xPosPid.isStalled_INFO [27.639550902] PID stalled (stallTime=1.1704025268554688/0.2, error=-3.470139111921359, errorRate=0.028072485280390715/0.1).
purePursuitDrive.yPosPid.isStalled_INFO [27.642830986] PID stalled (stallTime=3.468747854232788/0.2, error=5.344856535169786, errorRate=0.007684956982471734/0.1).
purePursuitDrive.xPosPid.isStalled_INFO [27.723358994] PID stalled (stallTime=1.2541754245758057/0.2, error=-3.470149697161382, errorRate=-1.2636069459314795E-4/0.1).
purePursuitDrive.yPosPid.isStalled_INFO [27.725940828] PID stalled (stallTime=3.5507147312164307/0.2, error=5.344862284243614, errorRate=6.862826189342666E-5/0.1).
purePursuitDrive.xPosPid.isStalled_INFO [27.776251291] PID stalled (stallTime=1.307056188583374/0.2, error=-3.466797154643583, errorRate=0.06340672456159162/0.1).
purePursuitDrive.yPosPid.isStalled_INFO [27.777585666] PID stalled (stallTime=3.60309100151062/0.2, error=5.345231681238332, errorRate=0.006986478055834433/0.1).
purePursuitDrive.xPosPid.isStalled_INFO [27.848017631] PID stalled (stallTime=1.378816843032837/0.2, error=-3.4700747659452666, errorRate=-0.04567330092858652/0.1).
purePursuitDrive.yPosPid.isStalled_INFO [27.848797257] PID stalled (stallTime=3.6749250888824463/0.2, error=5.344341638491777, errorRate=-0.012402770364616015/0.1).
purePursuitDrive.xPosPid.isStalled_INFO [27.927286223] PID stalled (stallTime=1.4581406116485596/0.2, error=-3.468064001445601, errorRate=0.025352484771254718/0.1).
purePursuitDrive.yPosPid.isStalled_INFO [27.927979806] PID stalled (stallTime=3.754128932952881/0.2, error=5.344885674371106, errorRate=0.006858999232940839/0.1).
purePursuitDrive.xPosPid.isStalled_INFO [27.976335228] PID stalled (stallTime=1.5069246292114258/0.2, error=-3.469336585169863, errorRate=-0.026087353705954934/0.1).
purePursuitDrive.yPosPid.isStalled_INFO [27.978180603] PID stalled (stallTime=3.8033554553985596/0.2, error=5.344542534176416, errorRate=-0.007034483844587975/0.1).
purePursuitDrive.xPosPid.isStalled_INFO [28.063169653] PID stalled (stallTime=1.5940322875976562/0.2, error=-3.4695113664721617, errorRate=-0.0020084160450535866/0.1).
purePursuitDrive.yPosPid.isStalled_INFO [28.065155028] PID stalled (stallTime=3.8912949562072754/0.2, error=5.344497078138474, errorRate=-5.223535713175342E-4/0.1).
purePursuitDrive.xPosPid.isStalled_INFO [28.132888202] PID stalled (stallTime=1.6632282733917236/0.2, error=-3.4694264429387864, errorRate=0.0012255754321749495/0.1).
purePursuitDrive.yPosPid.isStalled_INFO [28.134221119] PID stalled (stallTime=3.9601218700408936/0.2, error=5.344518154376484, errorRate=3.041526726514273E-4/0.1).
purePursuitDrive.xPosPid.isStalled_INFO [28.18325554] PID stalled (stallTime=1.7141051292419434/0.2, error=-3.4713137884045935, errorRate=-0.037086961337551475/0.1).
purePursuitDrive.yPosPid.isStalled_INFO [28.184862624] PID stalled (stallTime=4.0107903480529785/0.2, error=5.344009129895898, errorRate=-0.010002920824868674/0.1).
purePursuitDrive.xPosPid.isStalled_INFO [28.26433684] PID stalled (stallTime=1.7951571941375732/0.2, error=-3.4709151805686, errorRate=0.0049184441118364135/0.1).
purePursuitDrive.yPosPid.isStalled_INFO [28.265039173] PID stalled (stallTime=4.09114408493042/0.2, error=5.344129971772798, errorRate=0.0014910745957081072/0.1).
purePursuitDrive.xPosPid.isStalled_INFO [28.336403889] PID stalled (stallTime=1.867232322692871/0.2, error=-3.46941161052591, errorRate=0.020864186396308892/0.1).
purePursuitDrive.yPosPid.isStalled_INFO [28.337115847] PID stalled (stallTime=4.16323447227478/0.2, error=5.344523877727699, errorRate=0.005465828088919756/0.1).
purePursuitDrive.xPosPid.isStalled_INFO [28.396531853] PID stalled (stallTime=1.9274260997772217/0.2, error=-3.470866729574709, errorRate=-0.024174869175258268/0.1).
purePursuitDrive.yPosPid.isStalled_INFO [28.397491437] PID stalled (stallTime=4.223588228225708/0.2, error=5.344128278935262, errorRate=-0.006572244063589617/0.1).
purePursuitDrive.xPosPid.isStalled_INFO [28.469728236] PID stalled (stallTime=2.000555992126465/0.2, error=-3.4696123921176465, errorRate=0.01714871887867476/0.1).
purePursuitDrive.yPosPid.isStalled_INFO [28.470664777] PID stalled (stallTime=4.296546459197998/0.2, error=5.3444688516235, errorRate=0.004656348853458382/0.1).
purePursuitDrive.xPosPid.isStalled_INFO [28.557224161] PID stalled (stallTime=2.0880508422851562/0.2, error=-3.471079647396426, errorRate=-0.01677263523551915/0.1).
purePursuitDrive.yPosPid.isStalled_INFO [28.557982203] PID stalled (stallTime=4.384126663208008/0.2, error=5.344072143962208, errorRate=-0.004534847201372854/0.1).
purePursuitDrive.xPosPid.isStalled_INFO [28.661494422] PID stalled (stallTime=2.1923727989196777/0.2, error=-3.4718001222308743, errorRate=-0.006906325802133228/0.1).
purePursuitDrive.yPosPid.isStalled_INFO [28.662188588] PID stalled (stallTime=4.488330841064453/0.2, error=5.34388207345722, errorRate=-0.001821985682513113/0.1).
purePursuitDrive.turnPid.isStalled_INFO [28.662738672] PID stalled (stallTime=0.26464295387268066/0.2, error=3.4602461782631906, errorRate=-0.031053594615070176/0.1).
purePursuitDrive.xPosPid.isStalled_INFO [28.726852845] PID stalled (stallTime=2.2569780349731445/0.2, error=-3.4728794793932494, errorRate=-0.016703385812665544/0.1).
purePursuitDrive.yPosPid.isStalled_INFO [28.728669928] PID stalled (stallTime=4.5548930168151855/0.2, error=5.343587897090288, errorRate=-0.004552419844404615/0.1).
purePursuitDrive.turnPid.isStalled_INFO [28.729243053] PID stalled (stallTime=0.3311741352081299/0.2, error=3.4554348163998156, errorRate=-0.07445676302235502/0.1).
purePursuitDrive.xPosPid.isStalled_INFO [28.787482184] PID stalled (stallTime=2.3183557987213135/0.2, error=-3.4733577971860186, errorRate=-0.0077930446071372405/0.1).
purePursuitDrive.yPosPid.isStalled_INFO [28.788480851] PID stalled (stallTime=4.614442348480225/0.2, error=5.343433783303652, errorRate=-0.002510905859453577/0.1).
purePursuitDrive.turnPid.isStalled_INFO [28.789180851] PID stalled (stallTime=0.3910067081451416/0.2, error=3.453289045078151, errorRate=-0.03495980499281018/0.1).
purePursuitDrive.xPosPid.isStalled_INFO [28.846354232] PID stalled (stallTime=2.376986265182495/0.2, error=-3.4745183499500065, errorRate=-0.019846175267481732/0.1).
purePursuitDrive.yPosPid.isStalled_INFO [28.847349107] PID stalled (stallTime=4.673207759857178/0.2, error=5.343117759544928, errorRate=-0.0053925286319260355/0.1).
purePursuitDrive.turnPid.isStalled_INFO [28.848126399] PID stalled (stallTime=0.4498758316040039/0.2, error=3.448149613251246, errorRate=-0.0876958417517478/0.1).
purePursuitDrive.xPosPid.isStalled_INFO [28.91470078] PID stalled (stallTime=2.4443323612213135/0.2, error=-3.4714289991647007, errorRate=0.04576743556163925/0.1).
purePursuitDrive.yPosPid.isStalled_INFO [28.91562653] PID stalled (stallTime=4.741552114486694/0.2, error=5.343948021577624, errorRate=0.012323357614531735/0.1).
purePursuitDrive.xPosPid.isStalled_INFO [28.967250369] PID stalled (stallTime=2.4980456829071045/0.2, error=-3.472773681319733, errorRate=-0.025043540822623177/0.1).
purePursuitDrive.yPosPid.isStalled_INFO [28.969372244] PID stalled (stallTime=4.795524597167969/0.2, error=5.343593320722636, errorRate=-0.00660587897127876/0.1).
purePursuitDrive.xPosPid.isStalled_INFO [29.021434166] PID stalled (stallTime=2.55233097076416/0.2, error=-3.4719902070597115, errorRate=0.01442835161777331/0.1).
purePursuitDrive.yPosPid.isStalled_INFO [29.023018208] PID stalled (stallTime=4.849095106124878/0.2, error=5.343804677145759, errorRate=0.0038923784788106345/0.1).
purePursuitDrive.xPosPid.isStalled_INFO [29.091717965] PID stalled (stallTime=2.6226089000701904/0.2, error=-3.472641867390312, errorRate=-0.009271988016020012/0.1).
purePursuitDrive.yPosPid.isStalled_INFO [29.09378734] PID stalled (stallTime=4.919970512390137/0.2, error=5.343630872839878, errorRate=-0.002472931626472386/0.1).
CmdDecodeAuto.cmdPeriodic_INFO [29.188364641] <Event name="StateInfo" time="29.187993933" tag="vvvvv" CmdDecodeAuto.state="FINISH_PICKUP" />
CmdDecodeAuto.lambda$cmdPeriodic$1$teamcode-autocommands-CmdDecodeAuto_INFO [29.200736851] WaypointHandler: index=-1
Spindexer.performAutoReceiveEnabled_INFO [29.205207226] performAutoReceiveEnabled(enable=false)
Spindexer.setEntryTriggerEnabled_INFO [29.205857935] setEntryTriggerEnabled(enabled=false)
Spindexer.cancel_INFO [29.207067185] cancel(owner=null)
CmdDecodeAuto.cmdPeriodic_INFO [29.212517852] <Event name="StateInfo" time="29.212068977" tag="^^^^^" CmdDecodeAuto.state="FINISH_PICKUP" />
CmdDecodeAuto.cmdPeriodic_INFO [29.214745602] <Event name="StateInfo" time="29.214411644" tag="vvvvv" CmdDecodeAuto.state="GOTO_SHOOT_POS" />
purePursuitDrive.start_INFO [29.218914686] Path=TrcPath(degrees=true, [Waypoint(simple=true,index=0,pose=(x=31.521385,y=-24.946669,angle=-183.461289),vel=0.0), Waypoint(simple=true,index=1,pose=(x=-23.540000,y=-23.540000,angle=180.000000),vel=0.0)])
CmdDecodeAuto.cmdPeriodic_INFO [29.223020186] <Event name="StateInfo" time="29.222047478" tag="^^^^^" CmdDecodeAuto.state="GOTO_SHOOT_POS" RobotPose=(x=31.521385,y=-24.946669,angle=-183.461289) TargetPose=(x=-23.540000,y=-23.540000,angle=180.000000) vel=(x=-0.147803,y=-0.008944,angle=1.122357) Path=TrcPath(degrees=true, [Waypoint(simple=true,index=0,pose=(x=0.000000,y=0.000000,angle=0.000000),vel=0.0), Waypoint(simple=true,index=1,pose=(x=54.876017,y=-4.728387,angle=363.461289),vel=0.0)]) />
TaskAutoShoot.cancel_INFO [30.101785108] Canceling auto task operation.
Shooter.cancel_INFO [30.102856691] owner=null
Robot.cancelAll_INFO [30.1064929] Cancel all operations.
TaskAutoShoot.cancel_INFO [30.107062525] Canceling auto task operation.
Spindexer.cancel_INFO [30.121062527] cancel(owner=null)
Shooter.cancel_INFO [30.121937527] owner=null
TrcDigitalInput.getInput.printElapsedTime_INFO [30.123769485] TrcDigitalInput.getInput: avgElapsed=0.0068640503061224495, minElapsed=6.8834E-5, maxElapsed=0.016891001
TrcMotor.getPos.printElapsedTime_INFO [30.125213819] TrcMotor.getPos: avgElapsed=6.873697759807295E-4, minElapsed=2.625E-6, maxElapsed=0.014010793
TrcMotor.setPower.printElapsedTime_INFO [30.126431527] TrcMotor.setPower: avgElapsed=0.003429071738831615, minElapsed=1.3708E-5, maxElapsed=0.017915627
TrcMotor.setVel.printElapsedTime_INFO [30.127768527] TrcMotor.setVel: avgElapsed=0.0, minElapsed=0.0, maxElapsed=0.0
TrcMotor.setPos.printElapsedTime_INFO [30.129007527] TrcMotor.setPos: avgElapsed=0.0, minElapsed=0.0, maxElapsed=0.0
TrcMotor.setCurrent.printElapsedTime_INFO [30.130204819] TrcMotor.setCurrent: avgElapsed=0.0, minElapsed=0.0, maxElapsed=0.0
TrcServo.setPos.printElapsedTime_INFO [30.131590819] TrcServo.setPos: avgElapsed=0.004561125357142857, minElapsed=0.001335833, maxElapsed=0.007742584
Robot.stopMode_INFO [30.132898361] Disabling LimelightVision.
Vision.setLimelightVisionEnabled_INFO [30.134356695] Pipeline APRIL_TAG is disabled: running=false
Robot.stopMode_INFO [30.13558257] Disabling ClassifierVision.
Robot.stopMode_INFO [30.138033445] Saved robot pose=(x=3.362692,y=-26.386659,angle=-181.631085)
Robot.stopMode_INFO [30.138570987] Turning all LED indicators OFF.
FtcAuto.stopMode_INFO [30.141139404] ***** Stopping autonomous: 20251214@123439 *****
TrcTaskMgr.printTaskPerformanceMetrics_INFO [30.141836779] FtcDashboard.task: STANDALONE_TASK=0.006416480121279318/0.015941240681364606
TrcTaskMgr.printTaskPerformanceMetrics_INFO [30.142475237] TrcWatchdogMgr: STANDALONE_TASK=1.17565128342246E-4/0.9951054979358289
TrcTaskMgr.printTaskPerformanceMetrics_INFO [30.143420529] flDriveMotor.pidCtrlTask: OUTPUT_TASK=1.1846307741935484E-5/0.015080366108629032
TrcTaskMgr.printTaskPerformanceMetrics_INFO [30.144251487] frDriveMotor.pidCtrlTask: OUTPUT_TASK=8.383421774193548E-6/0.01508035884048387
TrcTaskMgr.printTaskPerformanceMetrics_INFO [30.145176654] blDriveMotor.pidCtrlTask: OUTPUT_TASK=1.348247935483871E-5/0.015080354230241936
TrcTaskMgr.printTaskPerformanceMetrics_INFO [30.146843529] brDriveMotor.pidCtrlTask: OUTPUT_TASK=1.379002072580645E-5/0.01508034990233871
TrcTaskMgr.printTaskPerformanceMetrics_INFO [30.147496862] TrcMecanumDrive.odometryTask: INPUT_TASK=0.008992039576576577/0.03389433941328829
TrcTaskMgr.printTaskPerformanceMetrics_INFO [30.148194238] purePursuitDrive.driveTask: POST_PERIODIC_TASK=0.042218591064285715/0.07131005716666668
TrcTaskMgr.printTaskPerformanceMetrics_INFO [30.148830363] TrcMecanumDrive.absOdoHeadingWrap.converterTask: INPUT_TASK=2.43131225E-5/0.015080402778629032
TrcTaskMgr.printTaskPerformanceMetrics_INFO [30.149468821] StatusLED: OUTPUT_TASK=9.135386429838709E-4/0.015080340376129034
TrcTaskMgr.printTaskPerformanceMetrics_INFO [30.150113404] Spindexer1LED: OUTPUT_TASK=6.797201241935484E-5/0.015079369643467741
TrcTaskMgr.printTaskPerformanceMetrics_INFO [30.150659404] Spindexer2LED: OUTPUT_TASK=6.159134846774193E-5/0.01507862645798387
TrcTaskMgr.printTaskPerformanceMetrics_INFO [30.151224071] Spindexer3LED: OUTPUT_TASK=6.08500660483871E-5/0.015077154293790323
TrcTaskMgr.printTaskPerformanceMetrics_INFO [30.151980071] Intake.Motor.pidCtrlTask: OUTPUT_TASK=5.4703766129032256E-6/0.015076413131129032
TrcTaskMgr.printTaskPerformanceMetrics_INFO [30.152510905] Spindexer.EntryTrigger.trigger.triggerTask: PRE_PERIODIC_TASK=0.025457525347058824/0.14020625501764705
TrcTaskMgr.printTaskPerformanceMetrics_INFO [30.153200696] Spindexer.ShootVelTrigger.trigger.triggerTask: PRE_PERIODIC_TASK=2.0644144581497798E-4/0.006095630849632893
TrcTaskMgr.printTaskPerformanceMetrics_INFO [30.153760988] Spindexer.Motor.pidCtrlTask: OUTPUT_TASK=0.004836828712419355/0.015076409179435485
TrcTaskMgr.printTaskPerformanceMetrics_INFO [30.154467113] Shooter.ShootMotor1.pidCtrlTask: OUTPUT_TASK=1.7648364379032258E-4/0.015075835960322581
TrcTaskMgr.printTaskPerformanceMetrics_INFO [30.155086905] Shooter.TiltMotor.pidCtrlTask: OUTPUT_TASK=2.3645038690428192E-4/0.015075649107088137
TrcTaskMgr.printTaskPerformanceMetrics_INFO [30.155692697] Shooter.PanMotor.pidCtrlTask: OUTPUT_TASK=0.007351364189677419/0.015076862932903227
TrcTaskMgr.printTaskPerformanceMetrics_INFO [30.156516072] TaskAutoShoot: POST_PERIODIC_TASK=1.800783756618251E-5/6.204438520343159E-4
FtcOpMode.printPerformanceMetrics_INFO [30.157772572] [FtcAutonomous] Main robot thread average elapsed times:
       robotInit=13.126146s
    initPeriodic=0.000013s
       startMode=0.000043s
    loopInterval=0.000840s (1190.835Hz)
             sdk=0.000024s
 prePeriodicTask=0.000174s
        periodic=0.000034s
postPeriodicTask=0.000548s
         loopSum=0.000817s
        stopMode=0.000000s
