FtcAuto.startMode_INFO [0.009078126] ***** Starting autonomous: 20251214@171114 *****
FtcAuto.startMode_INFO [0.011287793] <Info name="MatchInfo" date="Sun Dec 14 17:08:58 PST 2025" type="PLAYOFF" number=1 />
FtcAuto.startMode_INFO [0.013916002] <Info name="AutoChoices" startDelay=0 alliance="RED_ALLIANCE" startPos="GOAL_ZONE" strategy="DECODE_AUTO" classifierVision="NO" loadingPickup="NO" openGate="NO" spikeMarkCount=3 shootDelay1=0 shootDelay2=0 shootDelay3=0 parkOption="CLASSIFIER_PARK" xTarget=4.0 yTarget=4.0 turnTarget=90 driveTime=5 drivePower=0.5 />
FtcAuto.startMode_INFO [0.015927627] Obelisk AprilTag 23: [Purple, Purple, Green]
CmdDecodeAuto.cmdPeriodic_INFO [0.032893295] <Event name="StateInfo" time="0.032460462" tag="vvvvv" CmdDecodeAuto.state="START" />
CmdDecodeAuto.cmdPeriodic_INFO [0.066072424] Set callback event to turn on auto tracking (event=(CmdDecodeAuto.goalTrackingCallbackEvent=CLEARED))
CmdDecodeAuto.cmdPeriodic_INFO [0.077215841] Pre-spin shooter(shootParams={name=GoalZoneShootPoint, distance=35.2500001, region={tiltAngle=30.0, coeffs=[[3398.57143, 5.71429]]}, outputs=[3600.0]})
CmdDecodeAuto.cmdPeriodic_INFO [0.077935091] <Event name="StateInfo" time="0.077599091" tag="^^^^^" CmdDecodeAuto.state="START" />
CmdDecodeAuto.cmdPeriodic_INFO [0.079475675] <Event name="StateInfo" time="0.07915105" tag="vvvvv" CmdDecodeAuto.state="GOTO_SHOOT_POS" />
purePursuitDrive.start_INFO [0.082066259] Path=TrcPath(degrees=true, [Waypoint(simple=true,index=0,pose=(x=-40.870001,y=54.870000,angle=0.000000),vel=0.0), Waypoint(simple=true,index=1,pose=(x=-23.540000,y=23.540000,angle=0.000000),vel=0.0)])
CmdDecodeAuto.cmdPeriodic_INFO [0.089152884] <Event name="StateInfo" time="0.088832343" tag="^^^^^" CmdDecodeAuto.state="GOTO_SHOOT_POS" RobotPose=(x=-40.870001,y=54.870000,angle=0.000000) TargetPose=(x=-23.540000,y=23.540000,angle=0.000000) vel=(x=-0.000000,y=-0.000000,angle=-0.000000) Path=TrcPath(degrees=true, [Waypoint(simple=true,index=0,pose=(x=0.000000,y=0.000000,angle=0.000000),vel=0.0), Waypoint(simple=true,index=1,pose=(x=17.330001,y=-31.330000,angle=0.000000),vel=0.0)]) />
Shooter.PanMotor.pidCtrlTask_INFO [1.094434652] controlMode: Position,onTarget=true(-44.28101833531201/-45.0), stalled=false, expired=true, event=(CmdDecodeAuto.goalTrackingCallbackEvent=SIGNALED)
CmdDecodeAuto.lambda$cmdPeriodic$0$teamcode-autocommands-CmdDecodeAuto_INFO [1.120093738] GoalTrackingCallback(canceled=false)
CmdDecodeAuto.lambda$cmdPeriodic$0$teamcode-autocommands-CmdDecodeAuto_INFO [1.120709154] enabling tracking
Shooter.enableGoalTracking_INFO [1.12128753] enableGoalTracking(owner=null, useVision=true, alliance=RED_ALLIANCE, flywheelTracking=true)
purePursuitDrive.driveTask_INFO [2.034841288] Done: index=1/2, stalled=false, timeout=false, posOnTarget=true, headingOnTarget=true, robotPose=(x=-23.060853,y=24.348320,angle=-0.514778)
purePursuitDrive.driveTask_INFO [2.063327499] Signal completion event (CmdDecodeAuto=CLEARED).
CmdDecodeAuto.cmdPeriodic_INFO [2.067034291] <Event name="StateInfo" time="2.066699458" tag="vvvvv" CmdDecodeAuto.state="SHOOT_ARTIFACTS" />
TaskAutoShoot.autoShoot_INFO [2.069481667] autoShoot(owner=null, event=(CmdDecodeAuto=SIGNALED), taskParams=(alliance=RED_ALLIANCE,inAuto=true,useAprilTagVision=true,doMotif=true,useClassifierVision=false,useRegression=true,flywheelTracking=true,relocalize=false,numArtifactsToShoot=3,moveToNextExitSlot=false))
CmdDecodeAuto.cmdPeriodic_INFO [2.071516042] <Event name="StateInfo" time="2.070926292" tag="^^^^^" CmdDecodeAuto.state="SHOOT_ARTIFACTS" />
TaskAutoShoot.autoTask_INFO [2.072950167] <Event name="StateInfo" time="2.072610667" tag="vvvvv" TaskAutoShoot.state="START" />
TaskAutoShoot.runTaskState_INFO [2.074365625] ***** Setting up Vision (useClassifierVision=false, classifierVisionEnabled=false)
TaskAutoShoot.autoTask_INFO [2.082492335] <Event name="StateInfo" time="2.082123084" tag="^^^^^" TaskAutoShoot.state="START" />
TaskAutoShoot.autoTask_INFO [2.086884543] <Event name="StateInfo" time="2.086533085" tag="vvvvv" TaskAutoShoot.state="DO_VISION" />
TaskAutoShoot.runTaskState_INFO [2.091443877] ***** MotifSequence=[Purple, Purple, Green] (index=0)
TaskAutoShoot.autoTask_INFO [2.092938377] <Event name="StateInfo" time="2.092354752" tag="^^^^^" TaskAutoShoot.state="DO_VISION" />
TaskAutoShoot.autoTask_INFO [2.098057419] <Event name="StateInfo" time="2.097510544" tag="vvvvv" TaskAutoShoot.state="AIM" />
TaskAutoShoot.runTaskState_INFO [2.100045128] ***** Shooting Purple artifact (MotifArtifact=Purple, exitArtifact=null).
Spindexer.findSlot_INFO [2.102060545] find slot for Purple (1=Purple)
Spindexer.moveToExitSlotWithArtifact_INFO [2.103558253] MoveToExitSlot: FromSlot=null, ToSlot=1, artifactType=Purple
Spindexer.moveToExitSlot_INFO [2.105677504] MoveToExitSlot: Slot=1, event=(TaskAutoShoot.spindexerEvent=CLEARED)
Shooter.pauseGoalTracking_INFO [2.122509005] Pause GoalTracking.
Shooter.disableGoalTracking_INFO [2.125772172] disableGoalTracking(turretPos=-38.80321857274771)
TaskAutoShoot.runTaskState_INFO [2.139436465] ***** ShootParams: dist=52.481165, bearing=-39.146853, shootParams={name=RegressionEntry, distance=52.48116525343028, region={tiltAngle=33.0, coeffs=[[2858.83725, 19.71941]]}, outputs=[3893.7348649101455]}, event=(TaskAutoShoot.event=CLEARED)
TaskAutoShoot.autoTask_INFO [2.15057055] <Event name="StateInfo" time="2.150249716" tag="^^^^^" TaskAutoShoot.state="AIM" />
Shooter.ShootMotor1.pidCtrlTask_INFO [2.356926779] controlMode: Velocity,onTarget=true(64.0/64.89558108183576), stalled=false, expired=false, event=(Shooter.shooter1OnTarget=SIGNALED)
Shooter.PanMotor.pidCtrlTask_INFO [2.505108919] controlMode: Position,onTarget=true(-38.305236776150934/-39.14685262839312), stalled=false, expired=false, event=(Shooter.panOnTarget=SIGNALED)
Spindexer.stopIntakeCallback_INFO [2.635383598] stopIntakeCallback(canceled=false)
Spindexer.Motor.pidCtrlTask_INFO [2.635401098] controlMode: Position,onTarget=true(-58.902255639097746/-59.999999999999986), stalled=false, expired=false, event=(Spindexer.stopIntakeCallback=SIGNALED)
TaskAutoShoot.autoTask_INFO [2.655582392] <Event name="StateInfo" time="2.655250184" tag="vvvvv" TaskAutoShoot.state="SHOOT" />
TaskAutoShoot.runTaskState_INFO [2.656291434] ***** Feed artifact to shooter.
Shooter.shoot_INFO [2.657282809] shoot(owner=null, event=(TaskAutoShoot.event=SIGNALED), pos=1.000000, duration=0.750000)
Spindexer.enableExitTrigger_INFO [2.658509267] Enabling exit trigger: lowThreshold=3550.000000, highThreshold=4250.000000
TaskAutoShoot.autoTask_INFO [2.671457227] <Event name="StateInfo" time="2.671058227" tag="^^^^^" TaskAutoShoot.state="SHOOT" />
Intake.setPickupArtifactType_INFO [2.893251374] Expect to pick up artifact Purple
Spindexer.setExitTriggerEnabled_INFO [2.895324541] setExitTriggerEnabled(enabled=false)
Spindexer.velTriggerCallback_INFO [2.897102541] Exit[1]: vel=3900.000000, artifact=Purple, numPurple=1, numGreen=1, numUnknown=0, expectedNext=Purple
Spindexer.disableExitTrigger_INFO [2.901292625] Disabling exit trigger.
TaskAutoShoot.autoTask_INFO [3.007444719] <Event name="StateInfo" time="3.007066719" tag="vvvvv" TaskAutoShoot.state="SHOOT_NEXT" />
TaskAutoShoot.autoTask_INFO [3.009268511] <Event name="StateInfo" time="3.008887886" tag="^^^^^" TaskAutoShoot.state="SHOOT_NEXT" />
TaskAutoShoot.autoTask_INFO [3.010792469] <Event name="StateInfo" time="3.010330761" tag="vvvvv" TaskAutoShoot.state="AIM" />
TaskAutoShoot.runTaskState_INFO [3.012983178] ***** Shooting Purple artifact (MotifArtifact=Purple, exitArtifact=None).
Spindexer.findSlot_INFO [3.017157803] find slot for Purple (2=Purple)
Spindexer.moveToExitSlotWithArtifact_INFO [3.018452512] MoveToExitSlot: FromSlot=1, ToSlot=2, artifactType=Purple
Spindexer.moveToExitSlot_INFO [3.01948822] MoveToExitSlot: Slot=2, event=(TaskAutoShoot.spindexerEvent=CLEARED)
TaskAutoShoot.autoTask_INFO [3.043138889] <Event name="StateInfo" time="3.042690014" tag="^^^^^" TaskAutoShoot.state="AIM" />
Spindexer.Motor.pidCtrlTask_INFO [3.666905452] controlMode: Position,onTarget=true(58.88959240205779/60.0), stalled=false, expired=false, event=(Spindexer.stopIntakeCallback=SIGNALED)
Spindexer.stopIntakeCallback_INFO [3.668341619] stopIntakeCallback(canceled=false)
TaskAutoShoot.autoTask_INFO [3.67974812] <Event name="StateInfo" time="3.679390828" tag="vvvvv" TaskAutoShoot.state="SHOOT" />
TaskAutoShoot.runTaskState_INFO [3.680341662] ***** Feed artifact to shooter.
Shooter.shoot_INFO [3.681869412] shoot(owner=null, event=(TaskAutoShoot.event=SIGNALED), pos=1.000000, duration=0.750000)
Spindexer.enableExitTrigger_INFO [3.682672662] Enabling exit trigger: lowThreshold=3610.000000, highThreshold=4310.000000
TaskAutoShoot.autoTask_INFO [3.693220788] <Event name="StateInfo" time="3.692898496" tag="^^^^^" TaskAutoShoot.state="SHOOT" />
Intake.setPickupArtifactType_INFO [3.925572103] Expect to pick up artifact Purple
Spindexer.setExitTriggerEnabled_INFO [3.927094311] setExitTriggerEnabled(enabled=false)
Spindexer.velTriggerCallback_INFO [3.929110312] Exit[2]: vel=3840.000000, artifact=Purple, numPurple=0, numGreen=1, numUnknown=0, expectedNext=Purple
Spindexer.disableExitTrigger_INFO [3.929835687] Disabling exit trigger.
TaskAutoShoot.autoTask_INFO [4.035606572] <Event name="StateInfo" time="4.035270281" tag="vvvvv" TaskAutoShoot.state="SHOOT_NEXT" />
TaskAutoShoot.autoTask_INFO [4.036267197] <Event name="StateInfo" time="4.035935864" tag="^^^^^" TaskAutoShoot.state="SHOOT_NEXT" />
TaskAutoShoot.autoTask_INFO [4.037303781] <Event name="StateInfo" time="4.036975948" tag="vvvvv" TaskAutoShoot.state="AIM" />
TaskAutoShoot.runTaskState_INFO [4.038130656] ***** Shooting Green artifact (MotifArtifact=Green, exitArtifact=None).
Spindexer.findSlot_INFO [4.038981739] find slot for Green (0=Green)
Spindexer.moveToExitSlotWithArtifact_INFO [4.040474781] MoveToExitSlot: FromSlot=2, ToSlot=0, artifactType=Green
Spindexer.moveToExitSlot_INFO [4.041925531] MoveToExitSlot: Slot=0, event=(TaskAutoShoot.spindexerEvent=CLEARED)
TaskAutoShoot.autoTask_INFO [4.060104242] <Event name="StateInfo" time="4.059792741" tag="^^^^^" TaskAutoShoot.state="AIM" />
Spindexer.stopIntakeCallback_INFO [4.634459549] stopIntakeCallback(canceled=false)
Spindexer.Motor.pidCtrlTask_INFO [4.634426299] controlMode: Position,onTarget=true(179.55441234665614/180.0), stalled=false, expired=false, event=(Spindexer.stopIntakeCallback=SIGNALED)
TaskAutoShoot.autoTask_INFO [4.641833758] <Event name="StateInfo" time="4.64145955" tag="vvvvv" TaskAutoShoot.state="SHOOT" />
TaskAutoShoot.runTaskState_INFO [4.642404842] ***** Feed artifact to shooter.
Shooter.shoot_INFO [4.643205758] shoot(owner=null, event=(TaskAutoShoot.event=SIGNALED), pos=1.000000, duration=0.750000)
Spindexer.enableExitTrigger_INFO [4.6439323] Enabling exit trigger: lowThreshold=3490.000000, highThreshold=4190.000000
TaskAutoShoot.autoTask_INFO [4.651407718] <Event name="StateInfo" time="4.651009884" tag="^^^^^" TaskAutoShoot.state="SHOOT" />
Intake.setPickupArtifactType_INFO [4.882214366] Expect to pick up artifact Any
Spindexer.setExitTriggerEnabled_INFO [4.883379283] setExitTriggerEnabled(enabled=false)
Spindexer.velTriggerCallback_INFO [4.884751574] Exit[0]: vel=3900.000000, artifact=Green, numPurple=0, numGreen=0, numUnknown=0, expectedNext=Any
Spindexer.disableExitTrigger_INFO [4.8907532] Disabling exit trigger.
TaskAutoShoot.autoTask_INFO [4.999566169] <Event name="StateInfo" time="4.999241544" tag="vvvvv" TaskAutoShoot.state="SHOOT_NEXT" />
TaskAutoShoot.autoTask_INFO [5.000278419] <Event name="StateInfo" time="4.999929003" tag="^^^^^" TaskAutoShoot.state="SHOOT_NEXT" />
TaskAutoShoot.autoTask_INFO [5.001718961] <Event name="StateInfo" time="5.00136342" tag="vvvvv" TaskAutoShoot.state="NEXT_EXIT_SLOT" />
TaskAutoShoot.autoTask_INFO [5.002467378] <Event name="StateInfo" time="5.002061378" tag="^^^^^" TaskAutoShoot.state="NEXT_EXIT_SLOT" />
TaskAutoShoot.autoTask_INFO [5.003492878] <Event name="StateInfo" time="5.003175836" tag="vvvvv" TaskAutoShoot.state="DONE" />
TaskAutoShoot.stopSubsystems_INFO [5.005127961] Stopping subsystems.
Shooter.resumeGoalTracking_INFO [5.005609503] Resume GoalTracking.
Shooter.enableGoalTracking_INFO [5.006096587] enableGoalTracking(owner=null, useVision=true, alliance=RED_ALLIANCE, flywheelTracking=true)
Spindexer.cancel_INFO [5.011593337] cancel(owner=null)
TaskAutoShoot.autoTask_INFO [5.016422754] <Event name="StateInfo" time="5.016110379" tag="^^^^^" TaskAutoShoot.state="DONE" />
CmdDecodeAuto.cmdPeriodic_INFO [5.017231254] <Event name="StateInfo" time="5.016946588" tag="vvvvv" CmdDecodeAuto.state="PICKUP_SPIKEMARK" />
Spindexer.setAutoReceiveEnabled_INFO [5.025731005] Entry is not at a vacant slot, find one.
Spindexer.findSlot_INFO [5.02672238] find slot for None (1=None)
Spindexer.moveToNextVacantEntrySlot_INFO [5.027773255] moveToNextVacantSlot: FromSlot=null, ToSlot=1
Spindexer.moveToEntrySlot_INFO [5.029211756] MoveToEntrySlot: Slot=1, event=(Spindexer.callbackEvent=CLEARED)
purePursuitDrive.start_INFO [5.049167299] Path=TrcPath(degrees=true, [Waypoint(simple=true,index=0,pose=(x=-23.045693,y=24.269306,angle=-0.298315),vel=0.0), Waypoint(simple=true,index=1,pose=(x=-11.770000,y=27.071000,angle=0.000000),vel=0.0), Waypoint(simple=true,index=2,pose=(x=-11.770000,y=56.071000,angle=0.000000),vel=0.0)])
CmdDecodeAuto.cmdPeriodic_INFO [5.051056424] <Event name="StateInfo" time="5.050672591" tag="^^^^^" CmdDecodeAuto.state="PICKUP_SPIKEMARK" RobotPose=(x=-23.045693,y=24.269306,angle=-0.298315) TargetPose=(x=-11.770000,y=56.071000,angle=0.000000) vel=(x=0.463858,y=0.002455,angle=3.515982) Path=TrcPath(degrees=true, [Waypoint(simple=true,index=0,pose=(x=0.000000,y=0.000000,angle=0.000000),vel=0.0), Waypoint(simple=true,index=1,pose=(x=11.290127,y=2.742949,angle=0.298315),vel=0.0), Waypoint(simple=true,index=2,pose=(x=11.441117,y=31.742556,angle=0.298315),vel=0.0)]) />
Spindexer.Motor.pidCtrlTask_INFO [5.446702881] controlMode: Position,onTarget=true(119.22200237435698/120.0), stalled=false, expired=false, event=(Spindexer.stopIntakeCallback=SIGNALED)
Spindexer.stopIntakeCallback_INFO [5.457279007] stopIntakeCallback(canceled=false)
Spindexer.moveEntrySlotCompletionCallback_INFO [5.492819177] moveEntrySlotCompletionCallback(autoReceive=false, canceled=false)
CmdDecodeAuto.lambda$cmdPeriodic$1$teamcode-autocommands-CmdDecodeAuto_INFO [5.494736011] WaypointHandler: index=1
Spindexer.performAutoReceiveEnabled_INFO [5.537845223] performAutoReceiveEnabled(enable=true)
Spindexer.setEntryTriggerEnabled_INFO [5.538438473] setEntryTriggerEnabled(enabled=true)
Spindexer.onEntryTrigger_INFO [6.513071905] onEntryTrigger(active=true, numObj=1, advOnTrigger=false)
Spindexer.getColorArtifactType_INFO [6.587799246] EntryArtifact: hue=231.429, type=Purple
Intake.setPickupArtifactType_INFO [6.589507829] Expect to pick up artifact Any
Spindexer.setEntryTriggerEnabled_INFO [6.591035287] setEntryTriggerEnabled(enabled=false)
Spindexer.entryTriggerCallback_INFO [6.621677207] Entry[1]: colorMode=true, value=231.428574/228, artifact=Purple, slotStates=[None, Purple, None] (PGU=1/0/0), expectedNext=Any
Spindexer.findSlot_INFO [6.623307624] find slot for None (2=None)
Spindexer.moveToNextVacantEntrySlot_INFO [6.624595624] moveToNextVacantSlot: FromSlot=1, ToSlot=2
Spindexer.moveToEntrySlot_INFO [6.626300999] MoveToEntrySlot: Slot=2, event=(Spindexer.callbackEvent=CLEARED)
Spindexer.Motor.pidCtrlTask_INFO [7.042687] controlMode: Position,onTarget=true(241.3233082706767/240.0), stalled=false, expired=false, event=(Spindexer.stopIntakeCallback=SIGNALED)
Spindexer.stopIntakeCallback_INFO [7.064036127] stopIntakeCallback(canceled=false)
Spindexer.moveEntrySlotCompletionCallback_INFO [7.103383714] moveEntrySlotCompletionCallback(autoReceive=true, canceled=false)
Spindexer.setEntryTriggerEnabled_INFO [7.105498298] setEntryTriggerEnabled(enabled=true)
Spindexer.onEntryTrigger_INFO [7.209728016] onEntryTrigger(active=true, numObj=2, advOnTrigger=false)
Spindexer.getColorArtifactType_INFO [7.301500067] EntryArtifact: hue=222.000, type=Purple
Intake.setPickupArtifactType_INFO [7.304210526] Expect to pick up artifact Green
Spindexer.setEntryTriggerEnabled_INFO [7.305345693] setEntryTriggerEnabled(enabled=false)
Spindexer.entryTriggerCallback_INFO [7.316897735] Entry[2]: colorMode=true, value=222.000000/222, artifact=Purple, slotStates=[None, Purple, Purple] (PGU=2/0/0), expectedNext=Green
Spindexer.findSlot_INFO [7.317896694] find slot for None (0=None)
Spindexer.moveToNextVacantEntrySlot_INFO [7.318641027] moveToNextVacantSlot: FromSlot=2, ToSlot=0
Spindexer.moveToEntrySlot_INFO [7.319461194] MoveToEntrySlot: Slot=0, event=(Spindexer.callbackEvent=CLEARED)
Spindexer.Motor.pidCtrlTask_INFO [7.712774609] controlMode: Position,onTarget=true(352.41155520379897/360.0), stalled=false, expired=false, event=(Spindexer.stopIntakeCallback=SIGNALED)
Spindexer.stopIntakeCallback_INFO [7.739933736] stopIntakeCallback(canceled=false)
Spindexer.moveEntrySlotCompletionCallback_INFO [7.835437371] moveEntrySlotCompletionCallback(autoReceive=true, canceled=false)
Spindexer.setEntryTriggerEnabled_INFO [7.835989204] setEntryTriggerEnabled(enabled=true)
purePursuitDrive.xPosPid.isStalled_INFO [8.354952923] PID stalled (stallTime=0.22507429122924805/0.2, error=-0.5278004153863538, errorRate=-0.019651745221330463/0.1).
Spindexer.onEntryTrigger_INFO [8.438559181] onEntryTrigger(active=true, numObj=3, advOnTrigger=false)
purePursuitDrive.xPosPid.isStalled_INFO [8.440392598] PID stalled (stallTime=0.310605525970459/0.2, error=-0.526497141357158, errorRate=0.015249987372651545/0.1).
Spindexer.getColorArtifactType_INFO [8.485655478] EntryArtifact: hue=180.000, type=Green
Intake.setPickupArtifactType_INFO [8.486556145] Expect to pick up artifact None
Spindexer.setEntryTriggerEnabled_INFO [8.487525353] setEntryTriggerEnabled(enabled=false)
Spindexer.entryTriggerCallback_INFO [8.497723187] Entry[0]: colorMode=true, value=180.000000/153, artifact=Green, slotStates=[Green, Purple, Purple] (PGU=2/1/0), expectedNext=None
Spindexer.entryTriggerCallback_INFO [8.498809063] Slots are full! (event=(CmdDecodeAuto.spindexerFull=CLEARED))
Spindexer.performAutoReceiveEnabled_INFO [8.503321146] performAutoReceiveEnabled(enable=false)
Spindexer.setEntryTriggerEnabled_INFO [8.506904272] setEntryTriggerEnabled(enabled=false)
Spindexer.cancel_INFO [8.510499939] cancel(owner=null)
CmdDecodeAuto.cmdPeriodic_INFO [8.518846273] <Event name="StateInfo" time="8.518500065" tag="vvvvv" CmdDecodeAuto.state="FINISH_PICKUP" />
CmdDecodeAuto.lambda$cmdPeriodic$1$teamcode-autocommands-CmdDecodeAuto_INFO [8.539328275] WaypointHandler: index=-1
Spindexer.performAutoReceiveEnabled_INFO [8.541994984] performAutoReceiveEnabled(enable=false)
Spindexer.setEntryTriggerEnabled_INFO [8.542919275] setEntryTriggerEnabled(enabled=false)
Spindexer.cancel_INFO [8.5440069] cancel(owner=null)
CmdDecodeAuto.cmdPeriodic_INFO [8.546000734] <Event name="StateInfo" time="8.545654234" tag="^^^^^" CmdDecodeAuto.state="FINISH_PICKUP" />
CmdDecodeAuto.cmdPeriodic_INFO [8.547957234] <Event name="StateInfo" time="8.547671401" tag="vvvvv" CmdDecodeAuto.state="GOTO_SHOOT_POS" />
purePursuitDrive.start_INFO [8.550994068] Path=TrcPath(degrees=true, [Waypoint(simple=true,index=0,pose=(x=-11.238861,y=52.653472,angle=0.033277),vel=0.0), Waypoint(simple=true,index=1,pose=(x=-23.540000,y=23.540000,angle=0.000000),vel=0.0)])
CmdDecodeAuto.cmdPeriodic_INFO [8.554339776] <Event name="StateInfo" time="8.552522401" tag="^^^^^" CmdDecodeAuto.state="GOTO_SHOOT_POS" RobotPose=(x=-11.238861,y=52.653472,angle=0.033277) TargetPose=(x=-23.540000,y=23.540000,angle=0.000000) vel=(x=0.151684,y=2.780920,angle=1.137948) Path=TrcPath(degrees=true, [Waypoint(simple=true,index=0,pose=(x=0.000000,y=0.000000,angle=0.000000),vel=0.0), Waypoint(simple=true,index=1,pose=(x=-12.284228,y=-29.120612,angle=-0.033277),vel=0.0)]) />
purePursuitDrive.driveTask_INFO [9.910500371] Done: index=1/2, stalled=false, timeout=false, posOnTarget=true, headingOnTarget=true, robotPose=(x=-24.023772,y=24.036531,angle=-0.155646)
purePursuitDrive.driveTask_INFO [9.938703666] Signal completion event (CmdDecodeAuto=CLEARED).
CmdDecodeAuto.cmdPeriodic_INFO [9.941211124] <Event name="StateInfo" time="9.940919749" tag="vvvvv" CmdDecodeAuto.state="SHOOT_ARTIFACTS" />
TaskAutoShoot.autoShoot_INFO [9.942380124] autoShoot(owner=null, event=(CmdDecodeAuto=SIGNALED), taskParams=(alliance=RED_ALLIANCE,inAuto=true,useAprilTagVision=true,doMotif=true,useClassifierVision=false,useRegression=true,flywheelTracking=true,relocalize=false,numArtifactsToShoot=3,moveToNextExitSlot=false))
CmdDecodeAuto.cmdPeriodic_INFO [9.943639249] <Event name="StateInfo" time="9.943276999" tag="^^^^^" CmdDecodeAuto.state="SHOOT_ARTIFACTS" />
TaskAutoShoot.autoTask_INFO [9.944585416] <Event name="StateInfo" time="9.944046999" tag="vvvvv" TaskAutoShoot.state="START" />
TaskAutoShoot.runTaskState_INFO [9.945404125] ***** Setting up Vision (useClassifierVision=false, classifierVisionEnabled=false)
TaskAutoShoot.autoTask_INFO [9.946902416] <Event name="StateInfo" time="9.946592958" tag="^^^^^" TaskAutoShoot.state="START" />
TaskAutoShoot.autoTask_INFO [9.948692958] <Event name="StateInfo" time="9.948009583" tag="vvvvv" TaskAutoShoot.state="DO_VISION" />
TaskAutoShoot.runTaskState_INFO [9.949509042] ***** MotifSequence=[Purple, Purple, Green] (index=0)
TaskAutoShoot.autoTask_INFO [9.950569833] <Event name="StateInfo" time="9.950241708" tag="^^^^^" TaskAutoShoot.state="DO_VISION" />
TaskAutoShoot.autoTask_INFO [9.952322459] <Event name="StateInfo" time="9.951982375" tag="vvvvv" TaskAutoShoot.state="AIM" />
TaskAutoShoot.runTaskState_INFO [9.953592959] ***** Shooting Purple artifact (MotifArtifact=Purple, exitArtifact=null).
Spindexer.findSlot_INFO [9.955679542] find slot for Purple (1=Purple)
Spindexer.moveToExitSlotWithArtifact_INFO [9.956272209] MoveToExitSlot: FromSlot=null, ToSlot=1, artifactType=Purple
Spindexer.moveToExitSlot_INFO [9.957134959] MoveToExitSlot: Slot=1, event=(TaskAutoShoot.spindexerEvent=CLEARED)
Shooter.pauseGoalTracking_INFO [9.973805752] Pause GoalTracking.
Shooter.disableGoalTracking_INFO [9.977035378] disableGoalTracking(turretPos=-43.28505474211849)
TaskAutoShoot.runTaskState_INFO [9.988940337] ***** ShootParams: dist=52.073919, bearing=-44.381298, shootParams={name=RegressionEntry, distance=52.0739192927259, region={tiltAngle=33.0, coeffs=[[2858.83725, 19.71941]]}, outputs=[3885.704214840172]}, event=(TaskAutoShoot.event=CLEARED)
TaskAutoShoot.autoTask_INFO [10.006774589] <Event name="StateInfo" time="10.006437422" tag="^^^^^" TaskAutoShoot.state="AIM" />
Shooter.ShootMotor1.pidCtrlTask_INFO [10.215312777] controlMode: Velocity,onTarget=true(63.0/64.76173691400287), stalled=false, expired=false, event=(Shooter.shooter1OnTarget=SIGNALED)
Spindexer.stopIntakeCallback_INFO [10.444019425] stopIntakeCallback(canceled=false)
Spindexer.Motor.pidCtrlTask_INFO [10.444064633] controlMode: Position,onTarget=true(300.21923229125446/300.0), stalled=false, expired=false, event=(Spindexer.stopIntakeCallback=SIGNALED)
Shooter.PanMotor.pidCtrlTask_INFO [10.754184206] controlMode: Position,onTarget=true(-43.78303653871524/-44.38129762915725), stalled=false, expired=false, event=(Shooter.panOnTarget=SIGNALED)
TaskAutoShoot.autoTask_INFO [10.754474706] <Event name="StateInfo" time="10.754188872" tag="vvvvv" TaskAutoShoot.state="SHOOT" />
TaskAutoShoot.runTaskState_INFO [10.755254039] ***** Feed artifact to shooter.
Shooter.shoot_INFO [10.756913623] shoot(owner=null, event=(TaskAutoShoot.event=SIGNALED), pos=1.000000, duration=0.750000)
Spindexer.enableExitTrigger_INFO [10.760224915] Enabling exit trigger: lowThreshold=3310.000000, highThreshold=4010.000000
TaskAutoShoot.autoTask_INFO [10.769465791] <Event name="StateInfo" time="10.769108791" tag="^^^^^" TaskAutoShoot.state="SHOOT" />
Intake.setPickupArtifactType_INFO [11.003313064] Expect to pick up artifact Purple
Spindexer.setExitTriggerEnabled_INFO [11.003913023] setExitTriggerEnabled(enabled=false)
Spindexer.velTriggerCallback_INFO [11.004740773] Exit[1]: vel=3660.000000, artifact=Purple, numPurple=1, numGreen=1, numUnknown=0, expectedNext=Purple
Spindexer.disableExitTrigger_INFO [11.005399939] Disabling exit trigger.
TaskAutoShoot.autoTask_INFO [11.109960408] <Event name="StateInfo" time="11.109638116" tag="vvvvv" TaskAutoShoot.state="SHOOT_NEXT" />
TaskAutoShoot.autoTask_INFO [11.111760867] <Event name="StateInfo" time="11.11144995" tag="^^^^^" TaskAutoShoot.state="SHOOT_NEXT" />
TaskAutoShoot.autoTask_INFO [11.113449909] <Event name="StateInfo" time="11.113167575" tag="vvvvv" TaskAutoShoot.state="AIM" />
TaskAutoShoot.runTaskState_INFO [11.116008409] ***** Shooting Purple artifact (MotifArtifact=Purple, exitArtifact=None).
Spindexer.findSlot_INFO [11.117397326] find slot for Purple (2=Purple)
Spindexer.moveToExitSlotWithArtifact_INFO [11.118044534] MoveToExitSlot: FromSlot=1, ToSlot=2, artifactType=Purple
Spindexer.moveToExitSlot_INFO [11.118685034] MoveToExitSlot: Slot=2, event=(TaskAutoShoot.spindexerEvent=CLEARED)
TaskAutoShoot.autoTask_INFO [11.147906245] <Event name="StateInfo" time="11.147516579" tag="^^^^^" TaskAutoShoot.state="AIM" />
Spindexer.Motor.pidCtrlTask_INFO [11.628766044] controlMode: Position,onTarget=true(420.88405223585283/420.0), stalled=false, expired=false, event=(Spindexer.stopIntakeCallback=SIGNALED)
Spindexer.stopIntakeCallback_INFO [11.630270169] stopIntakeCallback(canceled=false)
TaskAutoShoot.autoTask_INFO [11.638397753] <Event name="StateInfo" time="11.638098503" tag="vvvvv" TaskAutoShoot.state="SHOOT" />
TaskAutoShoot.runTaskState_INFO [11.638900295] ***** Feed artifact to shooter.
Shooter.shoot_INFO [11.639597378] shoot(owner=null, event=(TaskAutoShoot.event=SIGNALED), pos=1.000000, duration=0.750000)
Spindexer.enableExitTrigger_INFO [11.640364461] Enabling exit trigger: lowThreshold=3550.000000, highThreshold=4250.000000
TaskAutoShoot.autoTask_INFO [11.655580421] <Event name="StateInfo" time="11.655273588" tag="^^^^^" TaskAutoShoot.state="SHOOT" />
Intake.setPickupArtifactType_INFO [11.881488527] Expect to pick up artifact Purple
Spindexer.setExitTriggerEnabled_INFO [11.882446652] setExitTriggerEnabled(enabled=false)
Spindexer.velTriggerCallback_INFO [11.883644819] Exit[2]: vel=3960.000000, artifact=Purple, numPurple=0, numGreen=1, numUnknown=0, expectedNext=Purple
Spindexer.disableExitTrigger_INFO [11.889389486] Disabling exit trigger.
TaskAutoShoot.autoTask_INFO [11.999621414] <Event name="StateInfo" time="11.999232914" tag="vvvvv" TaskAutoShoot.state="SHOOT_NEXT" />
TaskAutoShoot.autoTask_INFO [12.001077998] <Event name="StateInfo" time="12.000061539" tag="^^^^^" TaskAutoShoot.state="SHOOT_NEXT" />
TaskAutoShoot.autoTask_INFO [12.002193039] <Event name="StateInfo" time="12.001726373" tag="vvvvv" TaskAutoShoot.state="AIM" />
TaskAutoShoot.runTaskState_INFO [12.002848706] ***** Shooting Green artifact (MotifArtifact=Green, exitArtifact=None).
Spindexer.findSlot_INFO [12.003538206] find slot for Green (0=Green)
Spindexer.moveToExitSlotWithArtifact_INFO [12.004047748] MoveToExitSlot: FromSlot=2, ToSlot=0, artifactType=Green
Spindexer.moveToExitSlot_INFO [12.004757081] MoveToExitSlot: Slot=0, event=(TaskAutoShoot.spindexerEvent=CLEARED)
TaskAutoShoot.autoTask_INFO [12.022536208] <Event name="StateInfo" time="12.022152958" tag="^^^^^" TaskAutoShoot.state="AIM" />
Spindexer.Motor.pidCtrlTask_INFO [12.580621181] controlMode: Position,onTarget=true(539.633557578156/540.0), stalled=false, expired=false, event=(Spindexer.stopIntakeCallback=SIGNALED)
Spindexer.stopIntakeCallback_INFO [12.580660848] stopIntakeCallback(canceled=false)
TaskAutoShoot.autoTask_INFO [12.588807098] <Event name="StateInfo" time="12.588476348" tag="vvvvv" TaskAutoShoot.state="SHOOT" />
TaskAutoShoot.runTaskState_INFO [12.589324807] ***** Feed artifact to shooter.
Shooter.shoot_INFO [12.590059224] shoot(owner=null, event=(TaskAutoShoot.event=SIGNALED), pos=1.000000, duration=0.750000)
Spindexer.enableExitTrigger_INFO [12.591281307] Enabling exit trigger: lowThreshold=3490.000000, highThreshold=4190.000000
TaskAutoShoot.autoTask_INFO [12.598675349] <Event name="StateInfo" time="12.598360641" tag="^^^^^" TaskAutoShoot.state="SHOOT" />
Intake.setPickupArtifactType_INFO [12.811490246] Expect to pick up artifact Any
Spindexer.setExitTriggerEnabled_INFO [12.812793704] setExitTriggerEnabled(enabled=false)
Spindexer.velTriggerCallback_INFO [12.813999454] Exit[0]: vel=3840.000000, artifact=Green, numPurple=0, numGreen=0, numUnknown=0, expectedNext=Any
Spindexer.disableExitTrigger_INFO [12.817356246] Disabling exit trigger.
TaskAutoShoot.autoTask_INFO [12.924230507] <Event name="StateInfo" time="12.923921049" tag="vvvvv" TaskAutoShoot.state="SHOOT_NEXT" />
TaskAutoShoot.autoTask_INFO [12.925746591] <Event name="StateInfo" time="12.925156549" tag="^^^^^" TaskAutoShoot.state="SHOOT_NEXT" />
TaskAutoShoot.autoTask_INFO [12.927326549] <Event name="StateInfo" time="12.927031674" tag="vvvvv" TaskAutoShoot.state="NEXT_EXIT_SLOT" />
TaskAutoShoot.autoTask_INFO [12.928872383] <Event name="StateInfo" time="12.928513049" tag="^^^^^" TaskAutoShoot.state="NEXT_EXIT_SLOT" />
TaskAutoShoot.autoTask_INFO [12.930524091] <Event name="StateInfo" time="12.930199466" tag="vvvvv" TaskAutoShoot.state="DONE" />
TaskAutoShoot.stopSubsystems_INFO [12.931863425] Stopping subsystems.
Shooter.resumeGoalTracking_INFO [12.932959508] Resume GoalTracking.
Shooter.enableGoalTracking_INFO [12.934168175] enableGoalTracking(owner=null, useVision=true, alliance=RED_ALLIANCE, flywheelTracking=true)
Spindexer.cancel_INFO [12.942746092] cancel(owner=null)
TaskAutoShoot.autoTask_INFO [12.948626968] <Event name="StateInfo" time="12.948289801" tag="^^^^^" TaskAutoShoot.state="DONE" />
CmdDecodeAuto.cmdPeriodic_INFO [12.950046218] <Event name="StateInfo" time="12.949756885" tag="vvvvv" CmdDecodeAuto.state="PICKUP_SPIKEMARK" />
Spindexer.setAutoReceiveEnabled_INFO [12.959155261] Entry is not at a vacant slot, find one.
Spindexer.findSlot_INFO [12.960664344] find slot for None (1=None)
Spindexer.moveToNextVacantEntrySlot_INFO [12.962071344] moveToNextVacantSlot: FromSlot=null, ToSlot=1
Spindexer.moveToEntrySlot_INFO [12.963554178] MoveToEntrySlot: Slot=1, event=(Spindexer.callbackEvent=CLEARED)
purePursuitDrive.start_INFO [12.990331514] Path=TrcPath(degrees=true, [Waypoint(simple=true,index=0,pose=(x=-23.814721,y=23.791828,angle=-0.030982),vel=0.0), Waypoint(simple=true,index=1,pose=(x=10.270000,y=23.071000,angle=0.000000),vel=0.0), Waypoint(simple=true,index=2,pose=(x=10.270000,y=61.071000,angle=0.000000),vel=0.0)])
CmdDecodeAuto.cmdPeriodic_INFO [12.993436597] <Event name="StateInfo" time="12.993063847" tag="^^^^^" CmdDecodeAuto.state="PICKUP_SPIKEMARK" RobotPose=(x=-23.814721,y=23.791828,angle=-0.030982) TargetPose=(x=10.270000,y=61.071000,angle=0.000000) vel=(x=0.964530,y=0.000523,angle=0.005837) Path=TrcPath(degrees=true, [Waypoint(simple=true,index=0,pose=(x=0.000000,y=0.000000,angle=0.000000),vel=0.0), Waypoint(simple=true,index=1,pose=(x=34.084327,y=-0.739259,angle=0.030982),vel=0.0), Waypoint(simple=true,index=2,pose=(x=34.104874,y=37.260736,angle=0.030982),vel=0.0)]) />
Spindexer.Motor.pidCtrlTask_INFO [13.435747684] controlMode: Position,onTarget=true(473.5552037989712/480.0), stalled=false, expired=false, event=(Spindexer.stopIntakeCallback=SIGNALED)
Spindexer.stopIntakeCallback_INFO [13.461857103] stopIntakeCallback(canceled=false)
Spindexer.moveEntrySlotCompletionCallback_INFO [13.496765815] moveEntrySlotCompletionCallback(autoReceive=false, canceled=false)
Spindexer.performAutoReceiveEnabled_INFO [13.550743403] performAutoReceiveEnabled(enable=true)
Spindexer.setEntryTriggerEnabled_INFO [13.551700945] setEntryTriggerEnabled(enabled=true)
CmdDecodeAuto.lambda$cmdPeriodic$1$teamcode-autocommands-CmdDecodeAuto_INFO [13.966019028] WaypointHandler: index=1
Spindexer.onEntryTrigger_INFO [15.209133695] onEntryTrigger(active=true, numObj=4, advOnTrigger=false)
Spindexer.getColorArtifactType_INFO [15.274167785] EntryArtifact: hue=225.000, type=Purple
Intake.setPickupArtifactType_INFO [15.275799077] Expect to pick up artifact Any
Spindexer.setEntryTriggerEnabled_INFO [15.278064452] setEntryTriggerEnabled(enabled=false)
Spindexer.entryTriggerCallback_INFO [15.30298708] Entry[1]: colorMode=true, value=225.000000/227, artifact=Purple, slotStates=[None, Purple, None] (PGU=1/0/0), expectedNext=Any
Spindexer.findSlot_INFO [15.303836121] find slot for None (2=None)
Spindexer.moveToNextVacantEntrySlot_INFO [15.304390871] moveToNextVacantSlot: FromSlot=1, ToSlot=2
Spindexer.moveToEntrySlot_INFO [15.30518508] MoveToEntrySlot: Slot=2, event=(Spindexer.callbackEvent=CLEARED)
Spindexer.Motor.pidCtrlTask_INFO [15.819802673] controlMode: Position,onTarget=true(601.4024535021766/600.0), stalled=false, expired=false, event=(Spindexer.stopIntakeCallback=SIGNALED)
Spindexer.stopIntakeCallback_INFO [15.850659843] stopIntakeCallback(canceled=false)
Spindexer.moveEntrySlotCompletionCallback_INFO [15.889042597] moveEntrySlotCompletionCallback(autoReceive=true, canceled=false)
Spindexer.setEntryTriggerEnabled_INFO [15.889748722] setEntryTriggerEnabled(enabled=true)
Spindexer.onEntryTrigger_INFO [15.963824479] onEntryTrigger(active=true, numObj=5, advOnTrigger=false)
Spindexer.getColorArtifactType_INFO [16.052785738] EntryArtifact: hue=158.182, type=Green
Intake.setPickupArtifactType_INFO [16.054751572] Expect to pick up artifact Purple
Spindexer.setEntryTriggerEnabled_INFO [16.055943614] setEntryTriggerEnabled(enabled=false)
Spindexer.entryTriggerCallback_INFO [16.076252366] Entry[2]: colorMode=true, value=158.181808/164, artifact=Green, slotStates=[None, Purple, Green] (PGU=1/1/0), expectedNext=Purple
Spindexer.findSlot_INFO [16.077842241] find slot for None (0=None)
Spindexer.moveToNextVacantEntrySlot_INFO [16.078795991] moveToNextVacantSlot: FromSlot=2, ToSlot=0
Spindexer.moveToEntrySlot_INFO [16.081427699] MoveToEntrySlot: Slot=0, event=(Spindexer.callbackEvent=CLEARED)
Spindexer.Motor.pidCtrlTask_INFO [16.55471758] controlMode: Position,onTarget=true(719.1943015433321/720.0), stalled=false, expired=false, event=(Spindexer.stopIntakeCallback=SIGNALED)
Spindexer.stopIntakeCallback_INFO [16.56971479] stopIntakeCallback(canceled=false)
Spindexer.moveEntrySlotCompletionCallback_INFO [16.62154717] moveEntrySlotCompletionCallback(autoReceive=true, canceled=false)
Spindexer.setEntryTriggerEnabled_INFO [16.622131087] setEntryTriggerEnabled(enabled=true)
Spindexer.onEntryTrigger_INFO [17.663515358] onEntryTrigger(active=true, numObj=6, advOnTrigger=false)
Spindexer.getColorArtifactType_INFO [17.743454783] EntryArtifact: hue=230.000, type=Purple
Intake.setPickupArtifactType_INFO [17.745003242] Expect to pick up artifact None
Spindexer.setEntryTriggerEnabled_INFO [17.746106033] setEntryTriggerEnabled(enabled=false)
Spindexer.entryTriggerCallback_INFO [17.758081285] Entry[0]: colorMode=true, value=230.000000/228, artifact=Purple, slotStates=[Purple, Purple, Green] (PGU=2/1/0), expectedNext=None
Spindexer.entryTriggerCallback_INFO [17.758774285] Slots are full! (event=(CmdDecodeAuto.spindexerFull=CLEARED))
Spindexer.performAutoReceiveEnabled_INFO [17.763516785] performAutoReceiveEnabled(enable=false)
Spindexer.setEntryTriggerEnabled_INFO [17.765281077] setEntryTriggerEnabled(enabled=false)
Spindexer.cancel_INFO [17.765962702] cancel(owner=null)
CmdDecodeAuto.cmdPeriodic_INFO [17.769224994] <Event name="StateInfo" time="17.768931869" tag="vvvvv" CmdDecodeAuto.state="FINISH_PICKUP" />
CmdDecodeAuto.lambda$cmdPeriodic$1$teamcode-autocommands-CmdDecodeAuto_INFO [17.786667829] WaypointHandler: index=-1
Spindexer.performAutoReceiveEnabled_INFO [17.790647038] performAutoReceiveEnabled(enable=false)
Spindexer.setEntryTriggerEnabled_INFO [17.791206163] setEntryTriggerEnabled(enabled=false)
Spindexer.cancel_INFO [17.791804955] cancel(owner=null)
CmdDecodeAuto.cmdPeriodic_INFO [17.79441333] <Event name="StateInfo" time="17.794063038" tag="^^^^^" CmdDecodeAuto.state="FINISH_PICKUP" />
CmdDecodeAuto.cmdPeriodic_INFO [17.795639497] <Event name="StateInfo" time="17.795329455" tag="vvvvv" CmdDecodeAuto.state="GOTO_SHOOT_POS" />
CmdDecodeAuto.cmdPeriodic_INFO [17.796515372] intermediatePose=(x=11.085272,y=44.900313,angle=0.148789)
purePursuitDrive.start_INFO [17.803961331] Path=TrcPath(degrees=true, [Waypoint(simple=true,index=0,pose=(x=11.085779,y=56.951770,angle=0.076785),vel=0.0), Waypoint(simple=true,index=1,pose=(x=11.085272,y=44.900313,angle=0.148789),vel=0.0), Waypoint(simple=true,index=2,pose=(x=-23.540000,y=23.540000,angle=0.000000),vel=0.0)])
CmdDecodeAuto.cmdPeriodic_INFO [17.805916956] <Event name="StateInfo" time="17.805542456" tag="^^^^^" CmdDecodeAuto.state="GOTO_SHOOT_POS" RobotPose=(x=11.085779,y=56.951770,angle=0.076785) TargetPose=(x=-23.540000,y=23.540000,angle=0.000000) vel=(x=-0.050816,y=0.974387,angle=-0.395258) Path=TrcPath(degrees=true, [Waypoint(simple=true,index=0,pose=(x=0.000000,y=0.000000,angle=0.000000),vel=0.0), Waypoint(simple=true,index=1,pose=(x=0.015644,y=-12.051447,angle=0.072004),vel=0.0), Waypoint(simple=true,index=2,pose=(x=-34.580971,y=-33.458143,angle=-0.076785),vel=0.0)]) />
purePursuitDrive.driveTask_INFO [20.664058077] Done: index=2/3, stalled=false, timeout=false, posOnTarget=true, headingOnTarget=true, robotPose=(x=-24.887563,y=21.843634,angle=0.073834)
purePursuitDrive.driveTask_INFO [20.681936953] Signal completion event (CmdDecodeAuto=CLEARED).
CmdDecodeAuto.cmdPeriodic_INFO [20.683305453] <Event name="StateInfo" time="20.682969162" tag="vvvvv" CmdDecodeAuto.state="SHOOT_ARTIFACTS" />
TaskAutoShoot.autoShoot_INFO [20.683986495] autoShoot(owner=null, event=(CmdDecodeAuto=SIGNALED), taskParams=(alliance=RED_ALLIANCE,inAuto=true,useAprilTagVision=true,doMotif=true,useClassifierVision=false,useRegression=true,flywheelTracking=true,relocalize=false,numArtifactsToShoot=3,moveToNextExitSlot=false))
CmdDecodeAuto.cmdPeriodic_INFO [20.685004995] <Event name="StateInfo" time="20.684506829" tag="^^^^^" CmdDecodeAuto.state="SHOOT_ARTIFACTS" />
TaskAutoShoot.autoTask_INFO [20.685715495] <Event name="StateInfo" time="20.685390579" tag="vvvvv" TaskAutoShoot.state="START" />
TaskAutoShoot.runTaskState_INFO [20.686385745] ***** Setting up Vision (useClassifierVision=false, classifierVisionEnabled=false)
TaskAutoShoot.autoTask_INFO [20.687439537] <Event name="StateInfo" time="20.687109954" tag="^^^^^" TaskAutoShoot.state="START" />
TaskAutoShoot.autoTask_INFO [20.689022121] <Event name="StateInfo" time="20.688696621" tag="vvvvv" TaskAutoShoot.state="DO_VISION" />
TaskAutoShoot.runTaskState_INFO [20.689806412] ***** MotifSequence=[Purple, Purple, Green] (index=0)
TaskAutoShoot.autoTask_INFO [20.690423579] <Event name="StateInfo" time="20.690095454" tag="^^^^^" TaskAutoShoot.state="DO_VISION" />
TaskAutoShoot.autoTask_INFO [20.691951329] <Event name="StateInfo" time="20.691612704" tag="vvvvv" TaskAutoShoot.state="AIM" />
TaskAutoShoot.runTaskState_INFO [20.692800079] ***** Shooting Purple artifact (MotifArtifact=Purple, exitArtifact=null).
Spindexer.findSlot_INFO [20.693530996] find slot for Purple (1=Purple)
Spindexer.moveToExitSlotWithArtifact_INFO [20.694053663] MoveToExitSlot: FromSlot=null, ToSlot=1, artifactType=Purple
Spindexer.moveToExitSlot_INFO [20.694806746] MoveToExitSlot: Slot=1, event=(TaskAutoShoot.spindexerEvent=CLEARED)
Shooter.pauseGoalTracking_INFO [20.715981457] Pause GoalTracking.
Shooter.disableGoalTracking_INFO [20.716679415] disableGoalTracking(turretPos=-37.64126104735527)
TaskAutoShoot.runTaskState_INFO [20.730508792] ***** ShootParams: dist=52.583269, bearing=-41.256473, shootParams={name=RegressionEntry, distance=52.58326887375368, region={tiltAngle=33.0, coeffs=[[2858.83725, 19.71941]]}, outputs=[3895.748288061787]}, event=(TaskAutoShoot.event=CLEARED)
TaskAutoShoot.autoTask_INFO [20.739000376] <Event name="StateInfo" time="20.738651251" tag="^^^^^" TaskAutoShoot.state="AIM" />
Shooter.ShootMotor1.pidCtrlTask_INFO [20.94611348] controlMode: Velocity,onTarget=true(65.0/64.92913813436311), stalled=false, expired=false, event=(Shooter.shooter1OnTarget=SIGNALED)
Shooter.PanMotor.pidCtrlTask_INFO [21.161140376] controlMode: Position,onTarget=true(-40.62915182693581/-41.25647308772743), stalled=false, expired=false, event=(Shooter.panOnTarget=SIGNALED)
Spindexer.Motor.pidCtrlTask_INFO [21.211681257] controlMode: Position,onTarget=true(659.3407202216067/660.0), stalled=false, expired=false, event=(Spindexer.stopIntakeCallback=SIGNALED)
Spindexer.stopIntakeCallback_INFO [21.211714507] stopIntakeCallback(canceled=false)
TaskAutoShoot.autoTask_INFO [21.222412549] <Event name="StateInfo" time="21.222071008" tag="vvvvv" TaskAutoShoot.state="SHOOT" />
TaskAutoShoot.runTaskState_INFO [21.222955341] ***** Feed artifact to shooter.
Shooter.shoot_INFO [21.223644841] shoot(owner=null, event=(TaskAutoShoot.event=SIGNALED), pos=1.000000, duration=0.750000)
Spindexer.enableExitTrigger_INFO [21.224362341] Enabling exit trigger: lowThreshold=3490.000000, highThreshold=4190.000000
TaskAutoShoot.autoTask_INFO [21.232843134] <Event name="StateInfo" time="21.2325188" tag="^^^^^" TaskAutoShoot.state="SHOOT" />
Intake.setPickupArtifactType_INFO [21.469847699] Expect to pick up artifact Purple
Spindexer.setExitTriggerEnabled_INFO [21.471490949] setExitTriggerEnabled(enabled=false)
Spindexer.velTriggerCallback_INFO [21.474343158] Exit[1]: vel=3840.000000, artifact=Purple, numPurple=1, numGreen=1, numUnknown=0, expectedNext=Purple
Spindexer.disableExitTrigger_INFO [21.479825908] Disabling exit trigger.
TaskAutoShoot.autoTask_INFO [21.585889044] <Event name="StateInfo" time="21.585585419" tag="vvvvv" TaskAutoShoot.state="SHOOT_NEXT" />
TaskAutoShoot.autoTask_INFO [21.586570378] <Event name="StateInfo" time="21.586230586" tag="^^^^^" TaskAutoShoot.state="SHOOT_NEXT" />
TaskAutoShoot.autoTask_INFO [21.589627336] <Event name="StateInfo" time="21.588259711" tag="vvvvv" TaskAutoShoot.state="AIM" />
TaskAutoShoot.runTaskState_INFO [21.594021587] ***** Shooting Purple artifact (MotifArtifact=Purple, exitArtifact=None).
Spindexer.findSlot_INFO [21.597877712] find slot for Purple (0=Purple)
Spindexer.moveToExitSlotWithArtifact_INFO [21.599690421] MoveToExitSlot: FromSlot=1, ToSlot=0, artifactType=Purple
Spindexer.moveToExitSlot_INFO [21.600374379] MoveToExitSlot: Slot=0, event=(TaskAutoShoot.spindexerEvent=CLEARED)
TaskAutoShoot.autoTask_INFO [21.612967089] <Event name="StateInfo" time="21.612657922" tag="^^^^^" TaskAutoShoot.state="AIM" />
Spindexer.stopIntakeCallback_INFO [22.111064389] stopIntakeCallback(canceled=false)
Spindexer.Motor.pidCtrlTask_INFO [22.110990597] controlMode: Position,onTarget=true(540.1123862287299/540.0), stalled=false, expired=false, event=(Spindexer.stopIntakeCallback=SIGNALED)
TaskAutoShoot.autoTask_INFO [22.118264473] <Event name="StateInfo" time="22.117808889" tag="vvvvv" TaskAutoShoot.state="SHOOT" />
TaskAutoShoot.runTaskState_INFO [22.119401681] ***** Feed artifact to shooter.
Shooter.shoot_INFO [22.120775139] shoot(owner=null, event=(TaskAutoShoot.event=SIGNALED), pos=1.000000, duration=0.750000)
Spindexer.enableExitTrigger_INFO [22.122125556] Enabling exit trigger: lowThreshold=3490.000000, highThreshold=4190.000000
TaskAutoShoot.autoTask_INFO [22.138101016] <Event name="StateInfo" time="22.137633475" tag="^^^^^" TaskAutoShoot.state="SHOOT" />
Intake.setPickupArtifactType_INFO [22.377260999] Expect to pick up artifact Purple
Spindexer.setExitTriggerEnabled_INFO [22.378021374] setExitTriggerEnabled(enabled=false)
Spindexer.velTriggerCallback_INFO [22.378795165] Exit[0]: vel=3960.000000, artifact=Purple, numPurple=0, numGreen=1, numUnknown=0, expectedNext=Purple
Spindexer.disableExitTrigger_INFO [22.385956458] Disabling exit trigger.
TaskAutoShoot.autoTask_INFO [22.491448802] <Event name="StateInfo" time="22.491106677" tag="vvvvv" TaskAutoShoot.state="SHOOT_NEXT" />
TaskAutoShoot.autoTask_INFO [22.492885844] <Event name="StateInfo" time="22.492453302" tag="^^^^^" TaskAutoShoot.state="SHOOT_NEXT" />
TaskAutoShoot.autoTask_INFO [22.494617469] <Event name="StateInfo" time="22.494326677" tag="vvvvv" TaskAutoShoot.state="AIM" />
TaskAutoShoot.runTaskState_INFO [22.495941052] ***** Shooting Green artifact (MotifArtifact=Green, exitArtifact=None).
Spindexer.findSlot_INFO [22.497472011] find slot for Green (2=Green)
Spindexer.moveToExitSlotWithArtifact_INFO [22.498627594] MoveToExitSlot: FromSlot=0, ToSlot=2, artifactType=Green
Spindexer.moveToExitSlot_INFO [22.499868636] MoveToExitSlot: Slot=2, event=(TaskAutoShoot.spindexerEvent=CLEARED)
TaskAutoShoot.autoTask_INFO [22.515684846] <Event name="StateInfo" time="22.515388513" tag="^^^^^" TaskAutoShoot.state="AIM" />
Spindexer.stopIntakeCallback_INFO [23.118332115] stopIntakeCallback(canceled=false)
Spindexer.Motor.pidCtrlTask_INFO [23.118259781] controlMode: Position,onTarget=true(419.4475662841314/420.0), stalled=false, expired=false, event=(Spindexer.stopIntakeCallback=SIGNALED)
TaskAutoShoot.autoTask_INFO [23.128254324] <Event name="StateInfo" time="23.127896741" tag="vvvvv" TaskAutoShoot.state="SHOOT" />
TaskAutoShoot.runTaskState_INFO [23.128819866] ***** Feed artifact to shooter.
Shooter.shoot_INFO [23.129473491] shoot(owner=null, event=(TaskAutoShoot.event=SIGNALED), pos=1.000000, duration=0.750000)
Spindexer.enableExitTrigger_INFO [23.130105533] Enabling exit trigger: lowThreshold=3610.000000, highThreshold=4310.000000
TaskAutoShoot.autoTask_INFO [23.13901945] <Event name="StateInfo" time="23.138705325" tag="^^^^^" TaskAutoShoot.state="SHOOT" />
Intake.setPickupArtifactType_INFO [23.355667722] Expect to pick up artifact Any
Spindexer.setExitTriggerEnabled_INFO [23.357476639] setExitTriggerEnabled(enabled=false)
Spindexer.velTriggerCallback_INFO [23.358979306] Exit[2]: vel=3780.000000, artifact=Green, numPurple=0, numGreen=0, numUnknown=0, expectedNext=Any
Spindexer.disableExitTrigger_INFO [23.370132057] Disabling exit trigger.
TaskAutoShoot.autoTask_INFO [23.477433901] <Event name="StateInfo" time="23.477129984" tag="vvvvv" TaskAutoShoot.state="SHOOT_NEXT" />
TaskAutoShoot.autoTask_INFO [23.478901859] <Event name="StateInfo" time="23.478597359" tag="^^^^^" TaskAutoShoot.state="SHOOT_NEXT" />
TaskAutoShoot.autoTask_INFO [23.480422901] <Event name="StateInfo" time="23.479694026" tag="vvvvv" TaskAutoShoot.state="NEXT_EXIT_SLOT" />
TaskAutoShoot.autoTask_INFO [23.481695151] <Event name="StateInfo" time="23.481225568" tag="^^^^^" TaskAutoShoot.state="NEXT_EXIT_SLOT" />
TaskAutoShoot.autoTask_INFO [23.48292511] <Event name="StateInfo" time="23.482631985" tag="vvvvv" TaskAutoShoot.state="DONE" />
TaskAutoShoot.stopSubsystems_INFO [23.483509901] Stopping subsystems.
Shooter.resumeGoalTracking_INFO [23.48391036] Resume GoalTracking.
Shooter.enableGoalTracking_INFO [23.484360985] enableGoalTracking(owner=null, useVision=true, alliance=RED_ALLIANCE, flywheelTracking=true)
Spindexer.cancel_INFO [23.488099569] cancel(owner=null)
TaskAutoShoot.autoTask_INFO [23.490971027] <Event name="StateInfo" time="23.490675861" tag="^^^^^" TaskAutoShoot.state="DONE" />
CmdDecodeAuto.cmdPeriodic_INFO [23.491862652] <Event name="StateInfo" time="23.491547069" tag="vvvvv" CmdDecodeAuto.state="PICKUP_SPIKEMARK" />
Spindexer.setAutoReceiveEnabled_INFO [23.499587736] Entry is not at a vacant slot, find one.
Spindexer.findSlot_INFO [23.500493361] find slot for None (0=None)
Spindexer.moveToNextVacantEntrySlot_INFO [23.501451778] moveToNextVacantSlot: FromSlot=null, ToSlot=0
Spindexer.moveToEntrySlot_INFO [23.502282153] MoveToEntrySlot: Slot=0, event=(Spindexer.callbackEvent=CLEARED)
purePursuitDrive.start_INFO [23.522626489] Path=TrcPath(degrees=true, [Waypoint(simple=true,index=0,pose=(x=-24.889565,y=21.853570,angle=0.013838),vel=0.0), Waypoint(simple=true,index=1,pose=(x=33.810000,y=23.071000,angle=0.000000),vel=0.0), Waypoint(simple=true,index=2,pose=(x=33.810000,y=61.071000,angle=0.000000),vel=0.0)])
CmdDecodeAuto.cmdPeriodic_INFO [23.525952947] <Event name="StateInfo" time="23.525572906" tag="^^^^^" CmdDecodeAuto.state="PICKUP_SPIKEMARK" RobotPose=(x=-24.889565,y=21.853570,angle=0.013838) TargetPose=(x=33.810000,y=61.071000,angle=0.000000) vel=(x=0.502477,y=-0.000072,angle=3.808655) Path=TrcPath(degrees=true, [Waypoint(simple=true,index=0,pose=(x=0.000000,y=0.000000,angle=0.000000),vel=0.0), Waypoint(simple=true,index=1,pose=(x=58.699269,y=1.231607,angle=-0.013838),vel=0.0), Waypoint(simple=true,index=2,pose=(x=58.690091,y=39.231605,angle=-0.013838),vel=0.0)]) />
Spindexer.Motor.pidCtrlTask_INFO [23.818999519] controlMode: Position,onTarget=true(362.4669568658489/360.0), stalled=false, expired=false, event=(Spindexer.stopIntakeCallback=SIGNALED)
Spindexer.stopIntakeCallback_INFO [23.831724061] stopIntakeCallback(canceled=false)
Spindexer.moveEntrySlotCompletionCallback_INFO [23.857488147] moveEntrySlotCompletionCallback(autoReceive=false, canceled=false)
Spindexer.performAutoReceiveEnabled_INFO [23.892217193] performAutoReceiveEnabled(enable=true)
Spindexer.setEntryTriggerEnabled_INFO [23.892806943] setEntryTriggerEnabled(enabled=true)
CmdDecodeAuto.lambda$cmdPeriodic$1$teamcode-autocommands-CmdDecodeAuto_INFO [24.923997755] WaypointHandler: index=1
Spindexer.onEntryTrigger_INFO [26.480234703] onEntryTrigger(active=true, numObj=7, advOnTrigger=false)
Spindexer.getColorArtifactType_INFO [26.541357834] EntryArtifact: hue=158.182, type=Green
Intake.setPickupArtifactType_INFO [26.542774459] Expect to pick up artifact Purple
Spindexer.setEntryTriggerEnabled_INFO [26.543306459] setEntryTriggerEnabled(enabled=false)
Spindexer.entryTriggerCallback_INFO [26.560565252] Entry[0]: colorMode=true, value=158.181808/164, artifact=Green, slotStates=[Green, None, None] (PGU=0/1/0), expectedNext=Purple
Spindexer.findSlot_INFO [26.562052169] find slot for None (1=None)
Spindexer.moveToNextVacantEntrySlot_INFO [26.563161669] moveToNextVacantSlot: FromSlot=0, ToSlot=1
Spindexer.moveToEntrySlot_INFO [26.564485253] MoveToEntrySlot: Slot=1, event=(Spindexer.callbackEvent=CLEARED)
Spindexer.Motor.pidCtrlTask_INFO [27.115202433] controlMode: Position,onTarget=true(483.610605461021/480.0), stalled=false, expired=false, event=(Spindexer.stopIntakeCallback=SIGNALED)
Spindexer.stopIntakeCallback_INFO [27.133157435] stopIntakeCallback(canceled=false)
Spindexer.moveEntrySlotCompletionCallback_INFO [27.16922173] moveEntrySlotCompletionCallback(autoReceive=true, canceled=false)
Spindexer.setEntryTriggerEnabled_INFO [27.169929897] setEntryTriggerEnabled(enabled=true)
Spindexer.onEntryTrigger_INFO [27.649473987] onEntryTrigger(active=true, numObj=8, advOnTrigger=false)
Spindexer.getColorArtifactType_INFO [27.706019409] EntryArtifact: hue=233.333, type=Purple
Intake.setPickupArtifactType_INFO [27.707366034] Expect to pick up artifact Purple
Spindexer.setEntryTriggerEnabled_INFO [27.708703034] setEntryTriggerEnabled(enabled=false)
Spindexer.entryTriggerCallback_INFO [27.746258038] Entry[1]: colorMode=true, value=233.333328/233, artifact=Purple, slotStates=[Green, Purple, None] (PGU=1/1/0), expectedNext=Purple
Spindexer.findSlot_INFO [27.747064205] find slot for None (2=None)
Spindexer.moveToNextVacantEntrySlot_INFO [27.74750083] moveToNextVacantSlot: FromSlot=1, ToSlot=2
Spindexer.moveToEntrySlot_INFO [27.748215413] MoveToEntrySlot: Slot=2, event=(Spindexer.callbackEvent=CLEARED)
Spindexer.Motor.pidCtrlTask_INFO [28.192108208] controlMode: Position,onTarget=true(598.05065294816/600.0), stalled=false, expired=false, event=(Spindexer.stopIntakeCallback=SIGNALED)
Spindexer.stopIntakeCallback_INFO [28.217440044] stopIntakeCallback(canceled=false)
Spindexer.moveEntrySlotCompletionCallback_INFO [28.256281881] moveEntrySlotCompletionCallback(autoReceive=true, canceled=false)
Spindexer.setEntryTriggerEnabled_INFO [28.256897589] setEntryTriggerEnabled(enabled=true)
Spindexer.onEntryTrigger_INFO [28.356260266] onEntryTrigger(active=true, numObj=9, advOnTrigger=false)
Spindexer.getColorArtifactType_INFO [28.4458559] EntryArtifact: hue=240.000, type=Purple
Intake.setPickupArtifactType_INFO [28.446485025] Expect to pick up artifact None
Spindexer.setEntryTriggerEnabled_INFO [28.447004775] setEntryTriggerEnabled(enabled=false)
Spindexer.entryTriggerCallback_INFO [28.470968403] Entry[2]: colorMode=true, value=240.000000/233, artifact=Purple, slotStates=[Green, Purple, Purple] (PGU=2/1/0), expectedNext=None
Spindexer.entryTriggerCallback_INFO [28.472540486] Slots are full! (event=(CmdDecodeAuto.spindexerFull=CLEARED))
Spindexer.performAutoReceiveEnabled_INFO [28.481878779] performAutoReceiveEnabled(enable=false)
Spindexer.setEntryTriggerEnabled_INFO [28.482459195] setEntryTriggerEnabled(enabled=false)
Spindexer.cancel_INFO [28.483052154] cancel(owner=null)
CmdDecodeAuto.cmdPeriodic_INFO [28.487999696] <Event name="StateInfo" time="28.487682654" tag="vvvvv" CmdDecodeAuto.state="FINISH_PICKUP" />
CmdDecodeAuto.lambda$cmdPeriodic$1$teamcode-autocommands-CmdDecodeAuto_INFO [28.505947406] WaypointHandler: index=-1
Spindexer.performAutoReceiveEnabled_INFO [28.510814448] performAutoReceiveEnabled(enable=false)
Spindexer.setEntryTriggerEnabled_INFO [28.511980823] setEntryTriggerEnabled(enabled=false)
Spindexer.cancel_INFO [28.512503782] cancel(owner=null)
CmdDecodeAuto.cmdPeriodic_INFO [28.51391399] <Event name="StateInfo" time="28.51350449" tag="^^^^^" CmdDecodeAuto.state="FINISH_PICKUP" />
CmdDecodeAuto.cmdPeriodic_INFO [28.515536532] <Event name="StateInfo" time="28.514861615" tag="vvvvv" CmdDecodeAuto.state="GOTO_SHOOT_POS" />
purePursuitDrive.start_INFO [28.517912741] Path=TrcPath(degrees=true, [Waypoint(simple=true,index=0,pose=(x=34.707012,y=55.425982,angle=-0.007035),vel=0.0), Waypoint(simple=true,index=1,pose=(x=-23.540000,y=23.540000,angle=0.000000),vel=0.0)])
CmdDecodeAuto.cmdPeriodic_INFO [28.520794116] <Event name="StateInfo" time="28.520404449" tag="^^^^^" CmdDecodeAuto.state="GOTO_SHOOT_POS" RobotPose=(x=34.707012,y=55.425982,angle=-0.007035) TargetPose=(x=-23.540000,y=23.540000,angle=0.000000) vel=(x=0.374226,y=8.080566,angle=2.846773) Path=TrcPath(degrees=true, [Waypoint(simple=true,index=0,pose=(x=0.000000,y=0.000000,angle=0.000000),vel=0.0), Waypoint(simple=true,index=1,pose=(x=-58.250927,y=-31.878830,angle=0.007035),vel=0.0)]) />
TaskAutoShoot.cancel_INFO [30.094368607] Canceling auto task operation.
Shooter.cancel_INFO [30.095287357] owner=null
Robot.cancelAll_INFO [30.098154733] Cancel all operations.
TaskAutoShoot.cancel_INFO [30.098620233] Canceling auto task operation.
Spindexer.cancel_INFO [30.124191527] cancel(owner=null)
Shooter.cancel_INFO [30.125859277] owner=null
TrcDigitalInput.getInput.printElapsedTime_INFO [30.128339902] TrcDigitalInput.getInput: avgElapsed=0.006254864205479453, minElapsed=6.8542E-5, maxElapsed=0.017657502
TrcMotor.getPos.printElapsedTime_INFO [30.130260819] TrcMotor.getPos: avgElapsed=7.142667917710197E-4, minElapsed=4.666E-6, maxElapsed=0.018850418
TrcMotor.setPower.printElapsedTime_INFO [30.131538611] TrcMotor.setPower: avgElapsed=0.0035595196321428573, minElapsed=1.3125E-5, maxElapsed=0.022812711
TrcMotor.setVel.printElapsedTime_INFO [30.132972445] TrcMotor.setVel: avgElapsed=0.0, minElapsed=0.0, maxElapsed=0.0
TrcMotor.setPos.printElapsedTime_INFO [30.134415611] TrcMotor.setPos: avgElapsed=0.0, minElapsed=0.0, maxElapsed=0.0
TrcMotor.setCurrent.printElapsedTime_INFO [30.135965237] TrcMotor.setCurrent: avgElapsed=0.0, minElapsed=0.0, maxElapsed=0.0
TrcServo.setPos.printElapsedTime_INFO [30.137347737] TrcServo.setPos: avgElapsed=0.005820532944444444, minElapsed=0.00230125, maxElapsed=0.013198209
Robot.stopMode_INFO [30.13866607] Disabling LimelightVision.
Vision.setLimelightVisionEnabled_INFO [30.14004157] Pipeline APRIL_TAG is disabled: running=false
Robot.stopMode_INFO [30.141156029] Disabling ClassifierVision.
Robot.stopMode_INFO [30.143564321] Saved robot pose=(x=-10.199617,y=20.553039,angle=-0.562439)
Robot.stopMode_INFO [30.144084946] Turning all LED indicators OFF.
FtcAuto.stopMode_INFO [30.148233904] ***** Stopping autonomous: 20251214@171144 *****
TrcTaskMgr.printTaskPerformanceMetrics_INFO [30.148930113] FtcDashboard.task: STANDALONE_TASK=0.0067039526826032005/0.01622559702569503
TrcTaskMgr.printTaskPerformanceMetrics_INFO [30.14957878] TrcWatchdogMgr: STANDALONE_TASK=1.0823106493506494E-4/0.9939619180519481
TrcTaskMgr.printTaskPerformanceMetrics_INFO [30.15020528] flDriveMotor.pidCtrlTask: OUTPUT_TASK=1.4628722148608703E-5/0.01570769168800326
TrcTaskMgr.printTaskPerformanceMetrics_INFO [30.150955738] frDriveMotor.pidCtrlTask: OUTPUT_TASK=8.98059586178779E-6/0.01570767771562532
TrcTaskMgr.printTaskPerformanceMetrics_INFO [30.151719613] blDriveMotor.pidCtrlTask: OUTPUT_TASK=1.9419573947609825E-5/0.01570766977810621
TrcTaskMgr.printTaskPerformanceMetrics_INFO [30.152438572] brDriveMotor.pidCtrlTask: OUTPUT_TASK=1.4043438283559269E-5/0.015707661840587098
TrcTaskMgr.printTaskPerformanceMetrics_INFO [30.153046405] TrcMecanumDrive.odometryTask: INPUT_TASK=0.008926121674107144/0.033589080849330356
TrcTaskMgr.printTaskPerformanceMetrics_INFO [30.153791613] purePursuitDrive.driveTask: POST_PERIODIC_TASK=0.041354195113253014/0.07220064912048192
TrcTaskMgr.printTaskPerformanceMetrics_INFO [30.15445953] TrcMecanumDrive.absOdoHeadingWrap.converterTask: INPUT_TASK=2.5787718785037203E-5/0.01570776062847824
TrcTaskMgr.printTaskPerformanceMetrics_INFO [30.15515603] StatusLED: OUTPUT_TASK=9.692900257873815E-4/0.015708706620324125
TrcTaskMgr.printTaskPerformanceMetrics_INFO [30.15582278] Spindexer1LED: OUTPUT_TASK=6.9936118336561E-5/0.01570622327652635
TrcTaskMgr.printTaskPerformanceMetrics_INFO [30.156497114] Spindexer2LED: OUTPUT_TASK=6.159878636224645E-5/0.01570525665314443
TrcTaskMgr.printTaskPerformanceMetrics_INFO [30.15723678] Spindexer3LED: OUTPUT_TASK=5.8706288655590665E-5/0.01570439410926511
TrcTaskMgr.printTaskPerformanceMetrics_INFO [30.15812403] Intake.Motor.pidCtrlTask: OUTPUT_TASK=6.404181836713892E-6/0.015703181214657018
TrcTaskMgr.printTaskPerformanceMetrics_INFO [30.158739739] Spindexer.EntryTrigger.trigger.triggerTask: PRE_PERIODIC_TASK=0.026278380539130435/0.1984695337130435
TrcTaskMgr.printTaskPerformanceMetrics_INFO [30.159375864] Spindexer.ShootVelTrigger.trigger.triggerTask: PRE_PERIODIC_TASK=2.263429281993205E-4/0.0046840050856172145
TrcTaskMgr.printTaskPerformanceMetrics_INFO [30.160001489] Spindexer.Motor.pidCtrlTask: OUTPUT_TASK=0.004932036140760371/0.015703174941901946
TrcTaskMgr.printTaskPerformanceMetrics_INFO [30.160695947] Shooter.ShootMotor1.pidCtrlTask: OUTPUT_TASK=2.3495291438181635E-4/0.01570248978829885
TrcTaskMgr.printTaskPerformanceMetrics_INFO [30.161743322] Shooter.TiltMotor.pidCtrlTask: OUTPUT_TASK=2.905991429008256E-4/0.015702484704719192
TrcTaskMgr.printTaskPerformanceMetrics_INFO [30.162363989] Shooter.PanMotor.pidCtrlTask: OUTPUT_TASK=0.007534453415757823/0.015702480929161145
TrcTaskMgr.printTaskPerformanceMetrics_INFO [30.163117364] TaskAutoShoot: POST_PERIODIC_TASK=2.0298273267516537E-5/5.130434445269817E-4
FtcOpMode.printPerformanceMetrics_INFO [30.164294239] [FtcAutonomous] Main robot thread average elapsed times:
       robotInit=14.550627s
    initPeriodic=0.000015s
       startMode=0.000060s
    loopInterval=0.000712s (1404.057Hz)
             sdk=0.000024s
 prePeriodicTask=0.000127s
        periodic=0.000033s
postPeriodicTask=0.000462s
         loopSum=0.000689s
        stopMode=0.000000s
