FtcAuto.startMode_INFO [0.006295918] ***** Starting autonomous: 20251123@130344 *****
FtcAuto.startMode_INFO [0.008197876] <Info name="MatchInfo" date="Sun Nov 23 13:02:13 PST 2025" type="QUALIFICATION" number=5 />
FtcAuto.startMode_INFO [0.010872168] <Info name="AutoChoices" startDelay=0 alliance="RED_ALLIANCE" startPos="GOAL_ZONE" strategy="DECODE_AUTO" pickupOption="SPIKEMARKS" openGate="NO" spikeMarkCount=3 shootDelay1=0 shootDelay2=0 shootDelay3=0 parkOption="CLASSIFIER_PARK" xTarget=4.0 yTarget=4.0 turnTarget=90 driveTime=5 drivePower=0.5 />
FtcAuto.startMode_INFO [0.012182043] Obelisk AprilTag 22: [Purple, Green, Purple]
CmdDecodeAuto.cmdPeriodic_INFO [0.044542755] <Event name="StateInfo" time="0.044265671" tag="vvvvv" CmdDecodeAuto.state="START" />
CmdDecodeAuto.cmdPeriodic_INFO [0.098494969] <Event name="StateInfo" time="0.098116094" tag="^^^^^" CmdDecodeAuto.state="START" />
CmdDecodeAuto.cmdPeriodic_INFO [0.100775511] <Event name="StateInfo" time="0.100470719" tag="vvvvv" CmdDecodeAuto.state="GOTO_SHOOT_POS" />
purePursuitDrive.start_INFO [0.113731053] Path=TrcPath(degrees=true, [Waypoint(simple=true,index=0,pose=(x=-40.870001,y=54.870000,angle=0.000000),vel=0.0), Waypoint(simple=true,index=1,pose=(x=-23.540000,y=23.540000,angle=0.000000),vel=0.0)])
CmdDecodeAuto.cmdPeriodic_INFO [0.116966221] <Event name="StateInfo" time="0.116667262" tag="^^^^^" CmdDecodeAuto.state="GOTO_SHOOT_POS" RobotPose=(x=-40.870001,y=54.870000,angle=0.000000) TargetPose=(x=-23.540000,y=23.540000,angle=0.000000) vel=(x=-0.000000,y=-0.000000,angle=-0.000000) Path=TrcPath(degrees=true, [Waypoint(simple=true,index=0,pose=(x=0.000000,y=0.000000,angle=0.000000),vel=0.0), Waypoint(simple=true,index=1,pose=(x=17.330001,y=-31.330000,angle=0.000000),vel=0.0)]) />
Shooter.TiltMotor.pidCtrlTask_INFO [1.088202901] controlMode: Position,onTarget=true(29.939378997440333/30.0), stalled=false, expired=false, event=(Shooter.tiltOnTarget=SIGNALED)
Shooter.PanMotor.pidCtrlTask_INFO [1.097534194] controlMode: Position,onTarget=true(-45.59686057248388/-45.0), stalled=false, expired=false, event=(Shooter.panOnTarget=SIGNALED)
Shooter.ShootMotor1.pidCtrlTask_INFO [1.366176138] controlMode: Velocity,onTarget=true(59.0/60.0), stalled=false, expired=false, event=(Shooter.shooter1OnTarget=SIGNALED)
purePursuitDrive.driveTask_INFO [1.838903102] Done: index=1/2, stalled=false, timeout=false, posOnTarget=true, headingOnTarget=true, robotPose=(x=-23.243194,y=23.428400,angle=0.559529)
purePursuitDrive.driveTask_INFO [1.863051354] Signal completion event (CmdDecodeAuto=CLEARED).
CmdDecodeAuto.cmdPeriodic_INFO [1.865499896] <Event name="StateInfo" time="1.865145521" tag="vvvvv" CmdDecodeAuto.state="SHOOT_ARTIFACTS" />
TaskAutoShoot.autoShoot_INFO [1.867774021] autoShoot(owner=null, event=(CmdDecodeAuto=SIGNALED), taskParams=(alliance=RED_ALLIANCE,inAuto=true,useAprilTagVision=true,doMotif=true,useClassifierVision=false,relocalize=false,numArtifactsToShoot=3,moveToNextExitSlot=false))
CmdDecodeAuto.cmdPeriodic_INFO [1.870071188] <Event name="StateInfo" time="1.86956748" tag="^^^^^" CmdDecodeAuto.state="SHOOT_ARTIFACTS" />
TaskAutoShoot.autoTask_INFO [1.871532147] <Event name="StateInfo" time="1.871166397" tag="vvvvv" TaskAutoShoot.state="START" />
TaskAutoShoot.runTaskState_INFO [1.872839397] ***** Using AprilTag Vision.
TaskAutoShoot.autoTask_INFO [1.874174939] <Event name="StateInfo" time="1.87373423" tag="^^^^^" TaskAutoShoot.state="START" />
TaskAutoShoot.autoTask_INFO [1.875459147] <Event name="StateInfo" time="1.87509573" tag="vvvvv" TaskAutoShoot.state="DO_VISION" />
TaskAutoShoot.runTaskState_INFO [1.878213064] ***** Vision found AprilTag 24: aprilTagPose=(x=2.922071,y=52.563409,angle=3.181875)
TaskAutoShoot.runTaskState_INFO [1.880331439] adjustedTargetPose=(x=6.374881,y=71.600215,angle=4.553613)
TaskAutoShoot.runTaskState_INFO [1.881337981] ***** ShootParams: distance=52.644567414157635, params={loc=Interpolated, distance=52.644567414157635, shooter1Vel=3940.1268715184756, shooter2Vel=0.0, tiltAngle=33.0}
TaskAutoShoot.runTaskState_INFO [1.882437565] ***** MotifSequence=[Purple, Green, Purple] (index=0)
TaskAutoShoot.autoTask_INFO [1.88353394] <Event name="StateInfo" time="1.882766273" tag="^^^^^" TaskAutoShoot.state="DO_VISION" />
TaskAutoShoot.autoTask_INFO [1.885585523] <Event name="StateInfo" time="1.88525594" tag="vvvvv" TaskAutoShoot.state="AIM" />
TaskAutoShoot.runTaskState_INFO [1.886284357] ***** Shooting Purple artifact (MotifArtifact=Purple, exitArtifact=null).
Spindexer.findSlot_INFO [1.887014398] find slot for Purple (1=Purple)
Spindexer.moveToExitSlotWithArtifact_INFO [1.887535898] MoveToExitSlot: FromSlot=null, ToSlot=1, artifactType=Purple
Spindexer.moveToExitSlot_INFO [1.88819069] MoveToExitSlot: Slot=1, event=(TaskAutoShoot.spindexerEvent=CLEARED)
TaskAutoShoot.runTaskState_INFO [1.902335358] ***** Aiming: vel=3940.126872 RPM, tilt=33.000000, pan=-41.043247, event=(TaskAutoShoot.event=CLEARED)
TaskAutoShoot.autoTask_INFO [1.911265609] <Event name="StateInfo" time="1.910917067" tag="^^^^^" TaskAutoShoot.state="AIM" />
Shooter.PanMotor.pidCtrlTask_INFO [2.325185567] controlMode: Position,onTarget=true(-41.77900013190876/-41.04324741487445), stalled=false, expired=false, event=(Shooter.panOnTarget=SIGNALED)
Spindexer.Motor.pidCtrlTask_INFO [2.367350363] controlMode: Position,onTarget=true(-61.56351404827859/-60.0), stalled=false, expired=false, event=(Spindexer.moveCallback=SIGNALED)
Spindexer.moveCompletionCallback_INFO [2.36920828] intakeCompletionCallback(canceled=false)
Shooter.ShootMotor1.pidCtrlTask_INFO [4.032325614] controlMode: Velocity,onTarget=true(65.0/65.66878119197459), stalled=false, expired=false, event=(Shooter.shooter1OnTarget=SIGNALED)
TaskAutoShoot.autoTask_INFO [4.047007824] <Event name="StateInfo" time="4.046654907" tag="vvvvv" TaskAutoShoot.state="SHOOT" />
TaskAutoShoot.runTaskState_INFO [4.047748074] ***** Feed artifact to shooter.
Shooter.shoot_INFO [4.049349032] shoot(owner=null, event=(TaskAutoShoot.event=SIGNALED), pos=1.000000, duration=0.750000)
Spindexer.enableExitTrigger_INFO [4.056136116] Enabling exit trigger: lowThreshold=3730.000000, highThreshold=4430.000000
TaskAutoShoot.autoTask_INFO [4.062631242] <Event name="StateInfo" time="4.062294075" tag="^^^^^" TaskAutoShoot.state="SHOOT" />
Intake.setPickupArtifactType_INFO [4.253344219] Expect to pick up artifact Purple
Spindexer.setExitTriggerEnabled_INFO [4.254827928] setExitTriggerEnabled(enabled=false)
Spindexer.velTriggerCallback_INFO [4.256635095] Exit[1]: vel=3960.000000, artifact=Purple, numPurple=1, numGreen=1, numUnknown=0, expectedNext=Purple
Spindexer.disableExitTrigger_INFO [4.267691596] Disabling exit trigger.
TaskAutoShoot.autoTask_INFO [4.525822455] <Event name="StateInfo" time="4.52551533" tag="vvvvv" TaskAutoShoot.state="SHOOT_NEXT" />
TaskAutoShoot.autoTask_INFO [4.528259622] <Event name="StateInfo" time="4.526177997" tag="^^^^^" TaskAutoShoot.state="SHOOT_NEXT" />
TaskAutoShoot.autoTask_INFO [4.534644789] <Event name="StateInfo" time="4.534013039" tag="vvvvv" TaskAutoShoot.state="SETUP_VISION" />
TaskAutoShoot.runTaskState_INFO [4.535921706] ***** Using AprilTag Vision.
TaskAutoShoot.autoTask_INFO [4.537828623] <Event name="StateInfo" time="4.537506331" tag="^^^^^" TaskAutoShoot.state="SETUP_VISION" />
TaskAutoShoot.autoTask_INFO [4.539590581] <Event name="StateInfo" time="4.539268581" tag="vvvvv" TaskAutoShoot.state="DO_VISION" />
TaskAutoShoot.runTaskState_INFO [4.543133749] ***** Vision found AprilTag 24: aprilTagPose=(x=-0.359848,y=52.840442,angle=-0.390183)
TaskAutoShoot.runTaskState_INFO [4.544595874] adjustedTargetPose=(x=1.900189,y=72.055386,angle=0.981556)
TaskAutoShoot.runTaskState_INFO [4.551171791] ***** ShootParams: distance=52.84166716794119, params={loc=Interpolated, distance=52.84166716794119, shooter1Vel=3945.6018652874627, shooter2Vel=0.0, tiltAngle=33.0}
TaskAutoShoot.autoTask_INFO [4.551937416] <Event name="StateInfo" time="4.551502833" tag="^^^^^" TaskAutoShoot.state="DO_VISION" />
TaskAutoShoot.autoTask_INFO [4.553317] <Event name="StateInfo" time="4.552979833" tag="vvvvv" TaskAutoShoot.state="AIM" />
TaskAutoShoot.runTaskState_INFO [4.554662458] ***** Shooting Green artifact (MotifArtifact=Green, exitArtifact=None).
Spindexer.findSlot_INFO [4.556474] find slot for Green (0=Green)
Spindexer.moveToExitSlotWithArtifact_INFO [4.55775325] MoveToExitSlot: FromSlot=1, ToSlot=0, artifactType=Green
Spindexer.moveToExitSlot_INFO [4.5597745] MoveToExitSlot: Slot=0, event=(TaskAutoShoot.spindexerEvent=CLEARED)
TaskAutoShoot.runTaskState_INFO [4.586989628] ***** Aiming: vel=3945.601865 RPM, tilt=33.000000, pan=-40.465457, event=(TaskAutoShoot.event=CLEARED)
TaskAutoShoot.autoTask_INFO [4.596766879] <Event name="StateInfo" time="4.596407546" tag="^^^^^" TaskAutoShoot.state="AIM" />
Shooter.PanMotor.pidCtrlTask_INFO [4.829458861] controlMode: Position,onTarget=true(-41.4470122675109/-40.46545653124672), stalled=false, expired=false, event=(Shooter.panOnTarget=SIGNALED)
Shooter.ShootMotor1.pidCtrlTask_INFO [4.872795282] controlMode: Velocity,onTarget=true(64.0/65.76003108812438), stalled=false, expired=false, event=(Shooter.shooter1OnTarget=SIGNALED)
Spindexer.Motor.pidCtrlTask_INFO [5.108901514] controlMode: Position,onTarget=true(-181.27067669172936/-180.0), stalled=false, expired=false, event=(Spindexer.moveCallback=SIGNALED)
Spindexer.moveCompletionCallback_INFO [5.110490222] intakeCompletionCallback(canceled=false)
TaskAutoShoot.autoTask_INFO [5.12627289] <Event name="StateInfo" time="5.125605849" tag="vvvvv" TaskAutoShoot.state="SHOOT" />
TaskAutoShoot.runTaskState_INFO [5.12679789] ***** Feed artifact to shooter.
Shooter.shoot_INFO [5.127563807] shoot(owner=null, event=(TaskAutoShoot.event=SIGNALED), pos=1.000000, duration=0.750000)
Spindexer.enableExitTrigger_INFO [5.132542849] Enabling exit trigger: lowThreshold=3610.000000, highThreshold=4310.000000
TaskAutoShoot.autoTask_INFO [5.14162535] <Event name="StateInfo" time="5.141293142" tag="^^^^^" TaskAutoShoot.state="SHOOT" />
Intake.setPickupArtifactType_INFO [5.35868633] Expect to pick up artifact Any
Spindexer.setExitTriggerEnabled_INFO [5.359202872] setExitTriggerEnabled(enabled=false)
Spindexer.velTriggerCallback_INFO [5.359979581] Exit[0]: vel=4020.000000, artifact=Green, numPurple=1, numGreen=0, numUnknown=0, expectedNext=Any
Spindexer.disableExitTrigger_INFO [5.364384039] Disabling exit trigger.
TaskAutoShoot.autoTask_INFO [5.623517065] <Event name="StateInfo" time="5.623210232" tag="vvvvv" TaskAutoShoot.state="SHOOT_NEXT" />
TaskAutoShoot.autoTask_INFO [5.626047857] <Event name="StateInfo" time="5.625558732" tag="^^^^^" TaskAutoShoot.state="SHOOT_NEXT" />
TaskAutoShoot.autoTask_INFO [5.628261024] <Event name="StateInfo" time="5.627514357" tag="vvvvv" TaskAutoShoot.state="SETUP_VISION" />
TaskAutoShoot.runTaskState_INFO [5.629577316] ***** Using AprilTag Vision.
TaskAutoShoot.autoTask_INFO [5.631147358] <Event name="StateInfo" time="5.630844608" tag="^^^^^" TaskAutoShoot.state="SETUP_VISION" />
TaskAutoShoot.autoTask_INFO [5.632794691] <Event name="StateInfo" time="5.63249165" tag="vvvvv" TaskAutoShoot.state="DO_VISION" />
TaskAutoShoot.runTaskState_INFO [5.635762983] ***** Vision found AprilTag 24: aprilTagPose=(x=-0.463828,y=53.158516,angle=-0.499914)
TaskAutoShoot.runTaskState_INFO [5.637916067] adjustedTargetPose=(x=1.759405,y=72.377754,angle=0.871825)
TaskAutoShoot.runTaskState_INFO [5.645360859] ***** ShootParams: distance=53.16053935440738, params={loc=Interpolated, distance=53.16053935440738, shooter1Vel=3952.3028186083025, shooter2Vel=0.0, tiltAngle=33.0}
TaskAutoShoot.autoTask_INFO [5.646097026] <Event name="StateInfo" time="5.645680818" tag="^^^^^" TaskAutoShoot.state="DO_VISION" />
TaskAutoShoot.autoTask_INFO [5.647247651] <Event name="StateInfo" time="5.646948401" tag="vvvvv" TaskAutoShoot.state="AIM" />
TaskAutoShoot.runTaskState_INFO [5.647836526] ***** Shooting Purple artifact (MotifArtifact=Purple, exitArtifact=None).
Spindexer.findSlot_INFO [5.648605068] find slot for Purple (2=Purple)
Spindexer.moveToExitSlotWithArtifact_INFO [5.649107901] MoveToExitSlot: FromSlot=0, ToSlot=2, artifactType=Purple
Spindexer.moveToExitSlot_INFO [5.652325568] MoveToExitSlot: Slot=2, event=(TaskAutoShoot.spindexerEvent=CLEARED)
TaskAutoShoot.runTaskState_INFO [5.687573197] ***** Aiming: vel=3952.302819 RPM, tilt=33.000000, pan=-40.575188, event=(TaskAutoShoot.event=CLEARED)
TaskAutoShoot.autoTask_INFO [5.70493174] <Event name="StateInfo" time="5.704588449" tag="^^^^^" TaskAutoShoot.state="AIM" />
Shooter.PanMotor.pidCtrlTask_INFO [5.926091513] controlMode: Position,onTarget=true(-41.4470122675109/-40.575187762164994), stalled=false, expired=false, event=(Shooter.panOnTarget=SIGNALED)
Shooter.ShootMotor1.pidCtrlTask_INFO [5.937220639] controlMode: Velocity,onTarget=true(67.0/65.87171364347171), stalled=false, expired=false, event=(Shooter.shooter1OnTarget=SIGNALED)
Spindexer.Motor.pidCtrlTask_INFO [6.318862427] controlMode: Position,onTarget=true(-298.583696082311/-300.0), stalled=false, expired=false, event=(Spindexer.moveCallback=SIGNALED)
Spindexer.moveCompletionCallback_INFO [6.318963635] intakeCompletionCallback(canceled=false)
TaskAutoShoot.autoTask_INFO [6.32960072] <Event name="StateInfo" time="6.329258886" tag="vvvvv" TaskAutoShoot.state="SHOOT" />
TaskAutoShoot.runTaskState_INFO [6.330913803] ***** Feed artifact to shooter.
Shooter.shoot_INFO [6.332853678] shoot(owner=null, event=(TaskAutoShoot.event=SIGNALED), pos=1.000000, duration=0.750000)
Spindexer.enableExitTrigger_INFO [6.335449804] Enabling exit trigger: lowThreshold=3610.000000, highThreshold=4310.000000
TaskAutoShoot.autoTask_INFO [6.342773554] <Event name="StateInfo" time="6.342406346" tag="^^^^^" TaskAutoShoot.state="SHOOT" />
Intake.setPickupArtifactType_INFO [6.555556367] Expect to pick up artifact Any
Spindexer.setExitTriggerEnabled_INFO [6.556123076] setExitTriggerEnabled(enabled=false)
Spindexer.velTriggerCallback_INFO [6.557351284] Exit[2]: vel=3960.000000, artifact=Purple, numPurple=0, numGreen=0, numUnknown=0, expectedNext=Any
Spindexer.disableExitTrigger_INFO [6.557950368] Disabling exit trigger.
TaskAutoShoot.autoTask_INFO [6.812613018] <Event name="StateInfo" time="6.812231518" tag="vvvvv" TaskAutoShoot.state="SHOOT_NEXT" />
TaskAutoShoot.autoTask_INFO [6.814311977] <Event name="StateInfo" time="6.813953518" tag="^^^^^" TaskAutoShoot.state="SHOOT_NEXT" />
TaskAutoShoot.autoTask_INFO [6.815439268] <Event name="StateInfo" time="6.814983685" tag="vvvvv" TaskAutoShoot.state="NEXT_EXIT_SLOT" />
TaskAutoShoot.autoTask_INFO [6.816926185] <Event name="StateInfo" time="6.815741727" tag="^^^^^" TaskAutoShoot.state="NEXT_EXIT_SLOT" />
TaskAutoShoot.autoTask_INFO [6.818346894] <Event name="StateInfo" time="6.818036852" tag="vvvvv" TaskAutoShoot.state="DONE" />
TaskAutoShoot.stopSubsystems_INFO [6.819251644] Stopping subsystems.
Shooter.cancel_INFO [6.819777227] owner=null
Spindexer.cancel_INFO [6.827550728] cancel(owner=null)
TaskAutoShoot.autoTask_INFO [6.836630021] <Event name="StateInfo" time="6.836276812" tag="^^^^^" TaskAutoShoot.state="DONE" />
CmdDecodeAuto.cmdPeriodic_INFO [6.837540604] <Event name="StateInfo" time="6.837211604" tag="vvvvv" CmdDecodeAuto.state="PICKUP_SPIKEMARK" />
Spindexer.setAutoReceiveEnabled_INFO [6.855334606] Entry is not at a vacant slot, find one.
Spindexer.findSlot_INFO [6.856332106] find slot for None (0=None)
Spindexer.moveToNextVacantEntrySlot_INFO [6.857184064] moveToNextVacantSlot: FromSlot=null, ToSlot=0
Spindexer.moveToEntrySlot_INFO [6.85859194] MoveToEntrySlot: Slot=0, event=(Spindexer.callbackEvent=CLEARED)
purePursuitDrive.start_INFO [6.889579193] Path=TrcPath(degrees=true, [Waypoint(simple=true,index=0,pose=(x=-23.290191,y=23.074769,angle=0.474575),vel=0.0), Waypoint(simple=true,index=1,pose=(x=-11.770000,y=27.071000,angle=0.000000),vel=0.0), Waypoint(simple=true,index=2,pose=(x=-11.770000,y=56.071000,angle=0.000000),vel=0.0)])
CmdDecodeAuto.cmdPeriodic_INFO [6.892051068] <Event name="StateInfo" time="6.891625234" tag="^^^^^" CmdDecodeAuto.state="PICKUP_SPIKEMARK" RobotPose=(x=-23.290191,y=23.074769,angle=0.474575) TargetPose=(x=-11.770000,y=56.071000,angle=0.000000) vel=(x=-0.328581,y=0.002740,angle=-2.490647) Path=TrcPath(degrees=true, [Waypoint(simple=true,index=0,pose=(x=0.000000,y=0.000000,angle=0.000000),vel=0.0), Waypoint(simple=true,index=1,pose=(x=11.486696,y=4.091514,angle=-0.474575),vel=0.0), Waypoint(simple=true,index=2,pose=(x=11.246495,y=33.090519,angle=-0.474575),vel=0.0)]) />
CmdDecodeAuto.lambda$cmdPeriodic$0$teamcode-autocommands-CmdDecodeAuto_INFO [7.317211861] WaypointHandler: index=1
Spindexer.Motor.pidCtrlTask_INFO [7.553411718] controlMode: Position,onTarget=true(-358.4372774040364/-360.0), stalled=false, expired=false, event=(Spindexer.moveCallback=SIGNALED)
Spindexer.moveCompletionCallback_INFO [7.580009387] intakeCompletionCallback(canceled=false)
Spindexer.spinCompletionCallback_INFO [7.617345932] spinCompletionCallback(autoReceive=false, canceled=false)
Spindexer.performAutoReceiveEnabled_INFO [7.655521895] performAutoReceiveEnabled(enable=true)
Spindexer.setEntryTriggerEnabled_INFO [7.656870561] setEntryTriggerEnabled(enabled=true)
Spindexer.onEntryTrigger_INFO [8.528292774] onEntryTrigger(active=true, numObj=1, advOnTrigger=false)
Spindexer.getEntryArtifactType_INFO [8.628159742] EntryArtifact: hue=240.000, type=Purple
Spindexer.entryTriggerCallback_INFO [8.630420159] hue=240.000000 (240.000000/240.000000), count=1
Intake.setPickupArtifactType_INFO [8.630977243] Expect to pick up artifact Any
Spindexer.setEntryTriggerEnabled_INFO [8.631757451] setEntryTriggerEnabled(enabled=false)
Spindexer.entryTriggerCallback_INFO [8.633874951] Entry[0]: value=240.000000, artifact=Purple, slotStates=[Purple, None, None] (P=1, G=0, U=0), expectedNext=Any
Spindexer.findSlot_INFO [8.634625993] find slot for None (1=None)
Spindexer.moveToNextVacantEntrySlot_INFO [8.635161493] moveToNextVacantSlot: FromSlot=0, ToSlot=1
Spindexer.moveToEntrySlot_INFO [8.635843701] MoveToEntrySlot: Slot=1, event=(Spindexer.callbackEvent=CLEARED)
Spindexer.Motor.pidCtrlTask_INFO [9.379725318] controlMode: Position,onTarget=true(-239.20894341115945/-240.0), stalled=false, expired=false, event=(Spindexer.moveCallback=SIGNALED)
Spindexer.moveCompletionCallback_INFO [9.389170069] intakeCompletionCallback(canceled=false)
Spindexer.spinCompletionCallback_INFO [9.426727406] spinCompletionCallback(autoReceive=true, canceled=false)
Spindexer.setEntryTriggerEnabled_INFO [9.427271073] setEntryTriggerEnabled(enabled=true)
Spindexer.onEntryTrigger_INFO [9.529610208] onEntryTrigger(active=true, numObj=2, advOnTrigger=false)
Spindexer.getEntryArtifactType_INFO [9.596779298] EntryArtifact: hue=231.429, type=Purple
Spindexer.entryTriggerCallback_INFO [9.597491548] hue=231.428574 (231.428574/231.428574), count=1
Intake.setPickupArtifactType_INFO [9.598010715] Expect to pick up artifact Green
Spindexer.setEntryTriggerEnabled_INFO [9.59876059] setEntryTriggerEnabled(enabled=false)
Spindexer.entryTriggerCallback_INFO [9.60006959] Entry[1]: value=231.428574, artifact=Purple, slotStates=[Purple, Purple, None] (P=2, G=0, U=0), expectedNext=Green
Spindexer.findSlot_INFO [9.600880715] find slot for None (2=None)
Spindexer.moveToNextVacantEntrySlot_INFO [9.601354965] moveToNextVacantSlot: FromSlot=1, ToSlot=2
Spindexer.moveToEntrySlot_INFO [9.60214159] MoveToEntrySlot: Slot=2, event=(Spindexer.callbackEvent=CLEARED)
Spindexer.Motor.pidCtrlTask_INFO [10.158016604] controlMode: Position,onTarget=true(-119.9806094182826/-120.0), stalled=false, expired=false, event=(Spindexer.moveCallback=SIGNALED)
Spindexer.moveCompletionCallback_INFO [10.210357943] intakeCompletionCallback(canceled=false)
Spindexer.spinCompletionCallback_INFO [10.278922075] spinCompletionCallback(autoReceive=true, canceled=false)
Spindexer.setEntryTriggerEnabled_INFO [10.279547117] setEntryTriggerEnabled(enabled=true)
Spindexer.onEntryTrigger_INFO [10.355941624] onEntryTrigger(active=true, numObj=3, advOnTrigger=false)
Spindexer.getEntryArtifactType_INFO [10.430056173] EntryArtifact: hue=168.000, type=Green
Spindexer.entryTriggerCallback_INFO [10.431648382] hue=168.000000 (168.000000/168.000000), count=1
Intake.setPickupArtifactType_INFO [10.433047215] Expect to pick up artifact None
Spindexer.setEntryTriggerEnabled_INFO [10.434325882] setEntryTriggerEnabled(enabled=false)
Spindexer.entryTriggerCallback_INFO [10.436647257] Entry[2]: value=168.000000, artifact=Green, slotStates=[Purple, Purple, Green] (P=2, G=1, U=0), expectedNext=None
Spindexer.entryTriggerCallback_INFO [10.437948382] Slots are full! (event=(CmdDecodeAuto.spindexerFull=CLEARED))
Spindexer.performAutoReceiveEnabled_INFO [10.446946883] performAutoReceiveEnabled(enable=false)
Spindexer.setEntryTriggerEnabled_INFO [10.447763258] setEntryTriggerEnabled(enabled=false)
Spindexer.cancel_INFO [10.449235884] cancel(owner=null)
CmdDecodeAuto.cmdPeriodic_INFO [10.458787968] <Event name="StateInfo" time="10.458498051" tag="vvvvv" CmdDecodeAuto.state="FINISH_PICKUP" />
CmdDecodeAuto.lambda$cmdPeriodic$0$teamcode-autocommands-CmdDecodeAuto_INFO [10.488780929] WaypointHandler: index=-1
Spindexer.performAutoReceiveEnabled_INFO [10.489815763] performAutoReceiveEnabled(enable=false)
Spindexer.setEntryTriggerEnabled_INFO [10.490374888] setEntryTriggerEnabled(enabled=false)
Spindexer.cancel_INFO [10.492031846] cancel(owner=null)
CmdDecodeAuto.cmdPeriodic_INFO [10.493055305] <Event name="StateInfo" time="10.492701221" tag="^^^^^" CmdDecodeAuto.state="FINISH_PICKUP" />
CmdDecodeAuto.cmdPeriodic_INFO [10.494224888] <Event name="StateInfo" time="10.493900555" tag="vvvvv" CmdDecodeAuto.state="GOTO_SHOOT_POS" />
purePursuitDrive.start_INFO [10.513947682] Path=TrcPath(degrees=true, [Waypoint(simple=true,index=0,pose=(x=-11.512301,y=48.730209,angle=0.137970),vel=0.0), Waypoint(simple=true,index=1,pose=(x=-23.540000,y=23.540000,angle=0.000000),vel=0.0)])
CmdDecodeAuto.cmdPeriodic_INFO [10.515854307] <Event name="StateInfo" time="10.515475432" tag="^^^^^" CmdDecodeAuto.state="GOTO_SHOOT_POS" RobotPose=(x=-11.512301,y=48.730209,angle=0.137970) TargetPose=(x=-23.540000,y=23.540000,angle=0.000000) vel=(x=0.164527,y=6.341480,angle=1.132689) Path=TrcPath(degrees=true, [Waypoint(simple=true,index=0,pose=(x=0.000000,y=0.000000,angle=0.000000),vel=0.0), Waypoint(simple=true,index=1,pose=(x=-11.967005,y=-25.219099,angle=-0.137970),vel=0.0)]) />
Shooter.TiltMotor.pidCtrlTask_INFO [11.417917856] controlMode: Position,onTarget=true(30.57525073643315/30.0), stalled=false, expired=false, event=(Shooter.tiltOnTarget=SIGNALED)
Shooter.PanMotor.pidCtrlTask_INFO [11.549977828] controlMode: Position,onTarget=true(-44.26890911489252/-45.0), stalled=false, expired=false, event=(Shooter.panOnTarget=SIGNALED)
purePursuitDrive.driveTask_INFO [11.912411322] Done: index=1/2, stalled=false, timeout=false, posOnTarget=true, headingOnTarget=true, robotPose=(x=-24.456477,y=24.447437,angle=0.110977)
purePursuitDrive.driveTask_INFO [11.934479408] Signal completion event (CmdDecodeAuto=CLEARED).
CmdDecodeAuto.cmdPeriodic_INFO [11.936925616] <Event name="StateInfo" time="11.93656395" tag="vvvvv" CmdDecodeAuto.state="SHOOT_ARTIFACTS" />
TaskAutoShoot.autoShoot_INFO [11.937598783] autoShoot(owner=null, event=(CmdDecodeAuto=SIGNALED), taskParams=(alliance=RED_ALLIANCE,inAuto=true,useAprilTagVision=true,doMotif=true,useClassifierVision=false,relocalize=false,numArtifactsToShoot=3,moveToNextExitSlot=false))
CmdDecodeAuto.cmdPeriodic_INFO [11.938546117] <Event name="StateInfo" time="11.9380882" tag="^^^^^" CmdDecodeAuto.state="SHOOT_ARTIFACTS" />
TaskAutoShoot.autoTask_INFO [11.939297742] <Event name="StateInfo" time="11.938962908" tag="vvvvv" TaskAutoShoot.state="START" />
TaskAutoShoot.runTaskState_INFO [11.941057658] ***** Using AprilTag Vision.
TaskAutoShoot.autoTask_INFO [11.943953325] <Event name="StateInfo" time="11.9433732" tag="^^^^^" TaskAutoShoot.state="START" />
TaskAutoShoot.autoTask_INFO [11.948054743] <Event name="StateInfo" time="11.947351826" tag="vvvvv" TaskAutoShoot.state="DO_VISION" />
TaskAutoShoot.runTaskState_INFO [11.95361916] ***** Vision found AprilTag 24: aprilTagPose=(x=1.564496,y=51.314921,angle=1.746300)
TaskAutoShoot.runTaskState_INFO [11.955932077] adjustedTargetPose=(x=4.539295,y=70.432254,angle=3.118038)
TaskAutoShoot.runTaskState_INFO [11.965373328] ***** ShootParams: distance=51.338764793862296, params={loc=Interpolated, distance=51.338764793862296, shooter1Vel=3903.8545724800165, shooter2Vel=0.0, tiltAngle=33.0}
TaskAutoShoot.autoTask_INFO [11.966019078] <Event name="StateInfo" time="11.965685411" tag="^^^^^" TaskAutoShoot.state="DO_VISION" />
TaskAutoShoot.autoTask_INFO [11.967288994] <Event name="StateInfo" time="11.966973994" tag="vvvvv" TaskAutoShoot.state="AIM" />
TaskAutoShoot.runTaskState_INFO [11.968075911] ***** Shooting Purple artifact (MotifArtifact=Purple, exitArtifact=null).
Spindexer.findSlot_INFO [11.968863411] find slot for Purple (0=Purple)
Spindexer.moveToExitSlotWithArtifact_INFO [11.969393661] MoveToExitSlot: FromSlot=null, ToSlot=0, artifactType=Purple
Spindexer.moveToExitSlot_INFO [11.97002337] MoveToExitSlot: Slot=0, event=(TaskAutoShoot.spindexerEvent=CLEARED)
TaskAutoShoot.runTaskState_INFO [11.983174913] ***** Aiming: vel=3903.854572 RPM, tilt=33.000000, pan=-41.150871, event=(TaskAutoShoot.event=CLEARED)
TaskAutoShoot.autoTask_INFO [11.993841747] <Event name="StateInfo" time="11.993491455" tag="^^^^^" TaskAutoShoot.state="AIM" />
Shooter.PanMotor.pidCtrlTask_INFO [12.391152162] controlMode: Position,onTarget=true(-41.944994064107675/-41.1508707411759), stalled=false, expired=false, event=(Shooter.panOnTarget=SIGNALED)
Spindexer.Motor.pidCtrlTask_INFO [12.558967846] controlMode: Position,onTarget=true(-181.7495053423031/-180.0), stalled=false, expired=false, event=(Spindexer.moveCallback=SIGNALED)
Spindexer.moveCompletionCallback_INFO [12.559314637] intakeCompletionCallback(canceled=false)
Shooter.ShootMotor1.pidCtrlTask_INFO [12.872357294] controlMode: Velocity,onTarget=true(64.0/65.06424287466695), stalled=false, expired=false, event=(Shooter.shooter1OnTarget=SIGNALED)
TaskAutoShoot.autoTask_INFO [12.88558992] <Event name="StateInfo" time="12.884895462" tag="vvvvv" TaskAutoShoot.state="SHOOT" />
TaskAutoShoot.runTaskState_INFO [12.88727167] ***** Feed artifact to shooter.
Shooter.shoot_INFO [12.888831212] shoot(owner=null, event=(TaskAutoShoot.event=SIGNALED), pos=1.000000, duration=0.750000)
Spindexer.enableExitTrigger_INFO [12.893001754] Enabling exit trigger: lowThreshold=3430.000000, highThreshold=4130.000000
TaskAutoShoot.autoTask_INFO [12.901682922] <Event name="StateInfo" time="12.90130813" tag="^^^^^" TaskAutoShoot.state="SHOOT" />
Intake.setPickupArtifactType_INFO [13.129476945] Expect to pick up artifact Purple
Spindexer.setExitTriggerEnabled_INFO [13.131062153] setExitTriggerEnabled(enabled=false)
Spindexer.velTriggerCallback_INFO [13.132491028] Exit[0]: vel=3780.000000, artifact=Purple, numPurple=1, numGreen=1, numUnknown=0, expectedNext=Purple
Spindexer.disableExitTrigger_INFO [13.133681903] Disabling exit trigger.
TaskAutoShoot.autoTask_INFO [13.388458304] <Event name="StateInfo" time="13.387880221" tag="vvvvv" TaskAutoShoot.state="SHOOT_NEXT" />
TaskAutoShoot.autoTask_INFO [13.389605429] <Event name="StateInfo" time="13.388780596" tag="^^^^^" TaskAutoShoot.state="SHOOT_NEXT" />
TaskAutoShoot.autoTask_INFO [13.390631512] <Event name="StateInfo" time="13.390103304" tag="vvvvv" TaskAutoShoot.state="SETUP_VISION" />
TaskAutoShoot.runTaskState_INFO [13.391738388] ***** Using AprilTag Vision.
TaskAutoShoot.autoTask_INFO [13.393324763] <Event name="StateInfo" time="13.392989346" tag="^^^^^" TaskAutoShoot.state="SETUP_VISION" />
TaskAutoShoot.autoTask_INFO [13.395243638] <Event name="StateInfo" time="13.39489568" tag="vvvvv" TaskAutoShoot.state="DO_VISION" />
TaskAutoShoot.runTaskState_INFO [13.397301055] ***** Vision found AprilTag 24: aprilTagPose=(x=0.232192,y=51.615389,angle=0.257744)
TaskAutoShoot.runTaskState_INFO [13.403714514] adjustedTargetPose=(x=2.709371,y=70.803548,angle=1.629482)
TaskAutoShoot.runTaskState_INFO [13.417956307] ***** ShootParams: distance=51.61591161542774, params={loc=Interpolated, distance=51.61591161542774, shooter1Vel=3911.55309615667, shooter2Vel=0.0, tiltAngle=33.0}
TaskAutoShoot.autoTask_INFO [13.418757515] <Event name="StateInfo" time="13.41834889" tag="^^^^^" TaskAutoShoot.state="DO_VISION" />
TaskAutoShoot.autoTask_INFO [13.422075224] <Event name="StateInfo" time="13.420983807" tag="vvvvv" TaskAutoShoot.state="AIM" />
TaskAutoShoot.runTaskState_INFO [13.423372266] ***** Shooting Green artifact (MotifArtifact=Green, exitArtifact=None).
Spindexer.findSlot_INFO [13.424550016] find slot for Green (2=Green)
Spindexer.moveToExitSlotWithArtifact_INFO [13.425318266] MoveToExitSlot: FromSlot=0, ToSlot=2, artifactType=Green
Spindexer.moveToExitSlot_INFO [13.425990558] MoveToExitSlot: Slot=2, event=(TaskAutoShoot.spindexerEvent=CLEARED)
TaskAutoShoot.runTaskState_INFO [13.449764893] ***** Aiming: vel=3911.553096 RPM, tilt=33.000000, pan=-40.149518, event=(TaskAutoShoot.event=CLEARED)
TaskAutoShoot.autoTask_INFO [13.459487603] <Event name="StateInfo" time="13.459118353" tag="^^^^^" TaskAutoShoot.state="AIM" />
Shooter.PanMotor.pidCtrlTask_INFO [13.796470553] controlMode: Position,onTarget=true(-40.94903047091415/-40.149517738879084), stalled=false, expired=false, event=(Shooter.panOnTarget=SIGNALED)
Spindexer.moveCompletionCallback_INFO [13.906067523] intakeCompletionCallback(canceled=false)
Spindexer.Motor.pidCtrlTask_INFO [13.906014148] controlMode: Position,onTarget=true(-300.9778393351801/-300.0), stalled=false, expired=false, event=(Spindexer.moveCallback=SIGNALED)
Shooter.ShootMotor1.pidCtrlTask_INFO [14.02794016] controlMode: Velocity,onTarget=true(66.0/65.19255160261118), stalled=false, expired=false, event=(Shooter.shooter1OnTarget=SIGNALED)
TaskAutoShoot.autoTask_INFO [14.037931786] <Event name="StateInfo" time="14.037615619" tag="vvvvv" TaskAutoShoot.state="SHOOT" />
TaskAutoShoot.runTaskState_INFO [14.039173119] ***** Feed artifact to shooter.
Shooter.shoot_INFO [14.040972703] shoot(owner=null, event=(TaskAutoShoot.event=SIGNALED), pos=1.000000, duration=0.750000)
Spindexer.enableExitTrigger_INFO [14.045815828] Enabling exit trigger: lowThreshold=3550.000000, highThreshold=4250.000000
TaskAutoShoot.autoTask_INFO [14.054249954] <Event name="StateInfo" time="14.053854746" tag="^^^^^" TaskAutoShoot.state="SHOOT" />
Intake.setPickupArtifactType_INFO [14.274121726] Expect to pick up artifact Any
Spindexer.setExitTriggerEnabled_INFO [14.274917393] setExitTriggerEnabled(enabled=false)
Spindexer.velTriggerCallback_INFO [14.276867185] Exit[2]: vel=3900.000000, artifact=Green, numPurple=1, numGreen=0, numUnknown=0, expectedNext=Any
Spindexer.disableExitTrigger_INFO [14.281153519] Disabling exit trigger.
TaskAutoShoot.autoTask_INFO [14.53923217] <Event name="StateInfo" time="14.538909878" tag="vvvvv" TaskAutoShoot.state="SHOOT_NEXT" />
TaskAutoShoot.autoTask_INFO [14.540528045] <Event name="StateInfo" time="14.539539586" tag="^^^^^" TaskAutoShoot.state="SHOOT_NEXT" />
TaskAutoShoot.autoTask_INFO [14.541968878] <Event name="StateInfo" time="14.541580086" tag="vvvvv" TaskAutoShoot.state="SETUP_VISION" />
TaskAutoShoot.runTaskState_INFO [14.543077795] ***** Using AprilTag Vision.
TaskAutoShoot.autoTask_INFO [14.544800087] <Event name="StateInfo" time="14.54423542" tag="^^^^^" TaskAutoShoot.state="SETUP_VISION" />
TaskAutoShoot.autoTask_INFO [14.546676379] <Event name="StateInfo" time="14.546357587" tag="vvvvv" TaskAutoShoot.state="DO_VISION" />
TaskAutoShoot.runTaskState_INFO [14.548770254] ***** Vision found AprilTag 24: aprilTagPose=(x=-0.251313,y=51.275596,angle=-0.280817)
TaskAutoShoot.runTaskState_INFO [14.551434338] adjustedTargetPose=(x=2.045397,y=70.486192,angle=1.090922)
TaskAutoShoot.runTaskState_INFO [14.559451088] ***** ShootParams: distance=51.2762119111611, params={loc=Interpolated, distance=51.2762119111611, shooter1Vel=3902.116992211919, shooter2Vel=0.0, tiltAngle=33.0}
TaskAutoShoot.autoTask_INFO [14.561964672] <Event name="StateInfo" time="14.559765797" tag="^^^^^" TaskAutoShoot.state="DO_VISION" />
TaskAutoShoot.autoTask_INFO [14.580200257] <Event name="StateInfo" time="14.578951632" tag="vvvvv" TaskAutoShoot.state="AIM" />
TaskAutoShoot.runTaskState_INFO [14.582557799] ***** Shooting Purple artifact (MotifArtifact=Purple, exitArtifact=None).
Spindexer.findSlot_INFO [14.584511382] find slot for Purple (1=Purple)
Spindexer.moveToExitSlotWithArtifact_INFO [14.586146174] MoveToExitSlot: FromSlot=2, ToSlot=1, artifactType=Purple
Spindexer.moveToExitSlot_INFO [14.588527925] MoveToExitSlot: Slot=1, event=(TaskAutoShoot.spindexerEvent=CLEARED)
TaskAutoShoot.runTaskState_INFO [14.612962302] ***** Aiming: vel=3902.116992 RPM, tilt=33.000000, pan=-39.858109, event=(TaskAutoShoot.event=CLEARED)
TaskAutoShoot.autoTask_INFO [14.623253178] <Event name="StateInfo" time="14.622815678" tag="^^^^^" TaskAutoShoot.state="AIM" />
Shooter.PanMotor.pidCtrlTask_INFO [14.949706377] controlMode: Position,onTarget=true(-40.78303653871524/-39.858108830772075), stalled=false, expired=false, event=(Shooter.panOnTarget=SIGNALED)
Spindexer.Motor.pidCtrlTask_INFO [15.243563782] controlMode: Position,onTarget=true(-418.29085872576184/-420.0), stalled=false, expired=false, event=(Spindexer.moveCallback=SIGNALED)
Spindexer.moveCompletionCallback_INFO [15.243634657] intakeCompletionCallback(canceled=false)
Shooter.ShootMotor1.pidCtrlTask_INFO [15.307682622] controlMode: Velocity,onTarget=true(65.0/65.03528320353198), stalled=false, expired=false, event=(Shooter.shooter1OnTarget=SIGNALED)
TaskAutoShoot.autoTask_INFO [15.316619873] <Event name="StateInfo" time="15.316287956" tag="vvvvv" TaskAutoShoot.state="SHOOT" />
TaskAutoShoot.runTaskState_INFO [15.317454039] ***** Feed artifact to shooter.
Shooter.shoot_INFO [15.318644331] shoot(owner=null, event=(TaskAutoShoot.event=SIGNALED), pos=1.000000, duration=0.750000)
Spindexer.enableExitTrigger_INFO [15.324422832] Enabling exit trigger: lowThreshold=3430.000000, highThreshold=4130.000000
TaskAutoShoot.autoTask_INFO [15.335890291] <Event name="StateInfo" time="15.335555166" tag="^^^^^" TaskAutoShoot.state="SHOOT" />
Intake.setPickupArtifactType_INFO [15.553707563] Expect to pick up artifact Any
Spindexer.setExitTriggerEnabled_INFO [15.554978355] setExitTriggerEnabled(enabled=false)
Spindexer.velTriggerCallback_INFO [15.557034022] Exit[1]: vel=3780.000000, artifact=Purple, numPurple=0, numGreen=0, numUnknown=0, expectedNext=Any
Spindexer.disableExitTrigger_INFO [15.55873298] Disabling exit trigger.
TaskAutoShoot.autoTask_INFO [15.812336297] <Event name="StateInfo" time="15.811957714" tag="vvvvv" TaskAutoShoot.state="SHOOT_NEXT" />
TaskAutoShoot.autoTask_INFO [15.813405256] <Event name="StateInfo" time="15.812943548" tag="^^^^^" TaskAutoShoot.state="SHOOT_NEXT" />
TaskAutoShoot.autoTask_INFO [15.814587673] <Event name="StateInfo" time="15.814215506" tag="vvvvv" TaskAutoShoot.state="NEXT_EXIT_SLOT" />
TaskAutoShoot.autoTask_INFO [15.81572634] <Event name="StateInfo" time="15.814916381" tag="^^^^^" TaskAutoShoot.state="NEXT_EXIT_SLOT" />
TaskAutoShoot.autoTask_INFO [15.817818465] <Event name="StateInfo" time="15.817450381" tag="vvvvv" TaskAutoShoot.state="DONE" />
TaskAutoShoot.stopSubsystems_INFO [15.819392298] Stopping subsystems.
Shooter.cancel_INFO [15.82194234] owner=null
Spindexer.cancel_INFO [15.828299799] cancel(owner=null)
TaskAutoShoot.autoTask_INFO [15.836010883] <Event name="StateInfo" time="15.835558216" tag="^^^^^" TaskAutoShoot.state="DONE" />
CmdDecodeAuto.cmdPeriodic_INFO [15.83856705] <Event name="StateInfo" time="15.838042925" tag="vvvvv" CmdDecodeAuto.state="PICKUP_SPIKEMARK" />
Spindexer.setAutoReceiveEnabled_INFO [15.862393886] Entry is not at a vacant slot, find one.
Spindexer.findSlot_INFO [15.863202678] find slot for None (2=None)
Spindexer.moveToNextVacantEntrySlot_INFO [15.863674303] moveToNextVacantSlot: FromSlot=null, ToSlot=2
Spindexer.moveToEntrySlot_INFO [15.866288511] MoveToEntrySlot: Slot=2, event=(Spindexer.callbackEvent=CLEARED)
purePursuitDrive.start_INFO [15.891650389] Path=TrcPath(degrees=true, [Waypoint(simple=true,index=0,pose=(x=-24.457854,y=24.407918,angle=0.070788),vel=0.0), Waypoint(simple=true,index=1,pose=(x=10.270000,y=23.071000,angle=0.000000),vel=0.0), Waypoint(simple=true,index=2,pose=(x=10.270000,y=61.071000,angle=0.000000),vel=0.0)])
CmdDecodeAuto.cmdPeriodic_INFO [15.893648597] <Event name="StateInfo" time="15.893290139" tag="^^^^^" CmdDecodeAuto.state="PICKUP_SPIKEMARK" RobotPose=(x=-24.457854,y=24.407918,angle=0.070788) TargetPose=(x=10.270000,y=61.071000,angle=0.000000) vel=(x=0.098025,y=-0.000119,angle=0.743005) Path=TrcPath(degrees=true, [Waypoint(simple=true,index=0,pose=(x=0.000000,y=0.000000,angle=0.000000),vel=0.0), Waypoint(simple=true,index=1,pose=(x=34.729479,y=-1.294011,angle=-0.070788),vel=0.0), Waypoint(simple=true,index=2,pose=(x=34.682531,y=36.705960,angle=-0.070788),vel=0.0)]) />
Spindexer.Motor.pidCtrlTask_INFO [16.554833664] controlMode: Position,onTarget=true(-478.14444004748714/-480.0), stalled=false, expired=false, event=(Spindexer.moveCallback=SIGNALED)
Spindexer.moveCompletionCallback_INFO [16.573085582] intakeCompletionCallback(canceled=false)
Spindexer.spinCompletionCallback_INFO [16.625665796] spinCompletionCallback(autoReceive=false, canceled=false)
Spindexer.performAutoReceiveEnabled_INFO [16.654701799] performAutoReceiveEnabled(enable=true)
Spindexer.setEntryTriggerEnabled_INFO [16.656264841] setEntryTriggerEnabled(enabled=true)
CmdDecodeAuto.lambda$cmdPeriodic$0$teamcode-autocommands-CmdDecodeAuto_INFO [16.942684453] WaypointHandler: index=1
Spindexer.onEntryTrigger_INFO [18.130875655] onEntryTrigger(active=true, numObj=4, advOnTrigger=false)
Spindexer.getEntryArtifactType_INFO [18.205350121] EntryArtifact: hue=210.000, type=Purple
Spindexer.entryTriggerCallback_INFO [18.206099413] hue=210.000000 (210.000000/210.000000), count=1
Intake.setPickupArtifactType_INFO [18.206579788] Expect to pick up artifact Any
Spindexer.setEntryTriggerEnabled_INFO [18.20704908] setEntryTriggerEnabled(enabled=false)
Spindexer.entryTriggerCallback_INFO [18.208485247] Entry[2]: value=210.000000, artifact=Purple, slotStates=[None, None, Purple] (P=1, G=0, U=0), expectedNext=Any
Spindexer.findSlot_INFO [18.209326122] find slot for None (0=None)
Spindexer.moveToNextVacantEntrySlot_INFO [18.209882913] moveToNextVacantSlot: FromSlot=2, ToSlot=0
Spindexer.moveToEntrySlot_INFO [18.210667788] MoveToEntrySlot: Slot=0, event=(Spindexer.callbackEvent=CLEARED)
Spindexer.Motor.pidCtrlTask_INFO [18.940414362] controlMode: Position,onTarget=true(-360.8314206569055/-360.0), stalled=false, expired=false, event=(Spindexer.moveCallback=SIGNALED)
Spindexer.moveCompletionCallback_INFO [18.963100489] intakeCompletionCallback(canceled=false)
Spindexer.spinCompletionCallback_INFO [19.00418291] spinCompletionCallback(autoReceive=true, canceled=false)
Spindexer.setEntryTriggerEnabled_INFO [19.004817868] setEntryTriggerEnabled(enabled=true)
Spindexer.onEntryTrigger_INFO [19.083488835] onEntryTrigger(active=true, numObj=5, advOnTrigger=false)
Spindexer.getEntryArtifactType_INFO [19.149447799] EntryArtifact: hue=160.000, type=Green
Spindexer.entryTriggerCallback_INFO [19.150617091] hue=160.000000 (160.000000/160.000000), count=1
Intake.setPickupArtifactType_INFO [19.151401675] Expect to pick up artifact Purple
Spindexer.setEntryTriggerEnabled_INFO [19.151954675] setEntryTriggerEnabled(enabled=false)
Spindexer.entryTriggerCallback_INFO [19.153743758] Entry[0]: value=160.000000, artifact=Green, slotStates=[Green, None, Purple] (P=1, G=1, U=0), expectedNext=Purple
Spindexer.findSlot_INFO [19.154815925] find slot for None (1=None)
Spindexer.moveToNextVacantEntrySlot_INFO [19.1554013] moveToNextVacantSlot: FromSlot=0, ToSlot=1
Spindexer.moveToEntrySlot_INFO [19.157078384] MoveToEntrySlot: Slot=1, event=(Spindexer.callbackEvent=CLEARED)
Spindexer.Motor.pidCtrlTask_INFO [19.758275486] controlMode: Position,onTarget=true(-240.64542936288092/-240.0), stalled=false, expired=false, event=(Spindexer.moveCallback=SIGNALED)
Spindexer.moveCompletionCallback_INFO [19.779397696] intakeCompletionCallback(canceled=false)
Spindexer.spinCompletionCallback_INFO [19.832919702] spinCompletionCallback(autoReceive=true, canceled=false)
Spindexer.setEntryTriggerEnabled_INFO [19.833552035] setEntryTriggerEnabled(enabled=true)
purePursuitDrive.xPosPid.isStalled_INFO [21.82635336] PID stalled (stallTime=0.20609307289123535/0.2, error=-1.0695619428597656, errorRate=-0.06992212388812588/0.1).
purePursuitDrive.driveTask_INFO [22.095867679] Done: index=2/3, stalled=false, timeout=false, posOnTarget=true, headingOnTarget=true, robotPose=(x=11.304663,y=59.780466,angle=0.127534)
CmdDecodeAuto.cmdPeriodic_INFO [22.898150009] <Event name="StateInfo" time="22.897858343" tag="vvvvv" CmdDecodeAuto.state="FINISH_PICKUP" />
Spindexer.performAutoReceiveEnabled_INFO [22.899899426] performAutoReceiveEnabled(enable=false)
Spindexer.setEntryTriggerEnabled_INFO [22.900462635] setEntryTriggerEnabled(enabled=false)
Spindexer.cancel_INFO [22.90221876] cancel(owner=null)
CmdDecodeAuto.cmdPeriodic_INFO [22.904828593] <Event name="StateInfo" time="22.904492885" tag="^^^^^" CmdDecodeAuto.state="FINISH_PICKUP" />
CmdDecodeAuto.cmdPeriodic_INFO [22.912246844] <Event name="StateInfo" time="22.911925136" tag="vvvvv" CmdDecodeAuto.state="GOTO_SHOOT_POS" />
CmdDecodeAuto.cmdPeriodic_INFO [22.920881053] intermediatePose=(x=11.336014,y=47.930785,angle=0.437009)
purePursuitDrive.start_INFO [22.923796554] Path=TrcPath(degrees=true, [Waypoint(simple=true,index=0,pose=(x=11.336014,y=59.930785,angle=0.437009),vel=0.0), Waypoint(simple=true,index=1,pose=(x=11.336014,y=47.930785,angle=0.437009),vel=0.0), Waypoint(simple=true,index=2,pose=(x=-23.540000,y=23.540000,angle=0.000000),vel=0.0)])
CmdDecodeAuto.cmdPeriodic_INFO [22.926188221] <Event name="StateInfo" time="22.925813721" tag="^^^^^" CmdDecodeAuto.state="GOTO_SHOOT_POS" RobotPose=(x=11.336014,y=59.930785,angle=0.437009) TargetPose=(x=-23.540000,y=23.540000,angle=0.000000) vel=(x=0.000007,y=-0.000000,angle=0.000054) Path=TrcPath(degrees=true, [Waypoint(simple=true,index=0,pose=(x=0.000000,y=0.000000,angle=0.000000),vel=0.0), Waypoint(simple=true,index=1,pose=(x=0.091526,y=-11.999651,angle=0.000000),vel=0.0), Waypoint(simple=true,index=2,pose=(x=-34.597440,y=-36.655732,angle=-0.437009),vel=0.0)]) />
Shooter.TiltMotor.pidCtrlTask_INFO [23.341248304] controlMode: Position,onTarget=true(30.314089129346815/30.0), stalled=false, expired=false, event=(Shooter.tiltOnTarget=SIGNALED)
Shooter.PanMotor.pidCtrlTask_INFO [24.03146354] controlMode: Position,onTarget=true(-44.26890911489252/-45.0), stalled=false, expired=false, event=(Shooter.panOnTarget=SIGNALED)
Shooter.ShootMotor1.pidCtrlTask_INFO [24.162890595] controlMode: Velocity,onTarget=true(60.0/60.0), stalled=false, expired=false, event=(Shooter.shooter1OnTarget=SIGNALED)
purePursuitDrive.driveTask_INFO [25.882221434] Done: index=2/3, stalled=false, timeout=false, posOnTarget=true, headingOnTarget=true, robotPose=(x=-25.349241,y=21.818208,angle=-0.009753)
purePursuitDrive.driveTask_INFO [25.902743103] Signal completion event (CmdDecodeAuto=CLEARED).
CmdDecodeAuto.cmdPeriodic_INFO [25.90491077] <Event name="StateInfo" time="25.904586728" tag="vvvvv" CmdDecodeAuto.state="SHOOT_ARTIFACTS" />
TaskAutoShoot.autoShoot_INFO [25.906509103] autoShoot(owner=null, event=(CmdDecodeAuto=SIGNALED), taskParams=(alliance=RED_ALLIANCE,inAuto=true,useAprilTagVision=true,doMotif=true,useClassifierVision=false,relocalize=false,numArtifactsToShoot=3,moveToNextExitSlot=false))
CmdDecodeAuto.cmdPeriodic_INFO [25.907438937] <Event name="StateInfo" time="25.907068812" tag="^^^^^" CmdDecodeAuto.state="SHOOT_ARTIFACTS" />
TaskAutoShoot.autoTask_INFO [25.908585479] <Event name="StateInfo" time="25.907851062" tag="vvvvv" TaskAutoShoot.state="START" />
TaskAutoShoot.runTaskState_INFO [25.909176104] ***** Using AprilTag Vision.
TaskAutoShoot.autoTask_INFO [25.912732104] <Event name="StateInfo" time="25.911671604" tag="^^^^^" TaskAutoShoot.state="START" />
TaskAutoShoot.autoTask_INFO [25.919350021] <Event name="StateInfo" time="25.918951021" tag="vvvvv" TaskAutoShoot.state="DO_VISION" />
TaskAutoShoot.runTaskState_INFO [25.920995897] ***** Vision found AprilTag 24: aprilTagPose=(x=4.933030,y=52.723333,angle=5.345287)
TaskAutoShoot.runTaskState_INFO [25.922595397] adjustedTargetPose=(x=9.102013,y=71.616227,angle=6.717026)
TaskAutoShoot.runTaskState_INFO [25.929003897] ***** ShootParams: distance=52.9536082083023, params={loc=Interpolated, distance=52.9536082083023, shooter1Vel=3948.7113389763235, shooter2Vel=0.0, tiltAngle=33.0}
TaskAutoShoot.autoTask_INFO [25.929604731] <Event name="StateInfo" time="25.929280981" tag="^^^^^" TaskAutoShoot.state="DO_VISION" />
TaskAutoShoot.autoTask_INFO [25.930780439] <Event name="StateInfo" time="25.930501023" tag="vvvvv" TaskAutoShoot.state="AIM" />
TaskAutoShoot.runTaskState_INFO [25.931596231] ***** Shooting Purple artifact (MotifArtifact=Purple, exitArtifact=null).
Spindexer.findSlot_INFO [25.932817148] find slot for Purple (2=Purple)
Spindexer.moveToExitSlotWithArtifact_INFO [25.933370439] MoveToExitSlot: FromSlot=null, ToSlot=2, artifactType=Purple
Spindexer.moveToExitSlot_INFO [25.934162898] MoveToExitSlot: Slot=2, event=(TaskAutoShoot.spindexerEvent=CLEARED)
TaskAutoShoot.runTaskState_INFO [25.949712816] ***** Aiming: vel=3948.711339 RPM, tilt=33.000000, pan=-37.385889, event=(TaskAutoShoot.event=CLEARED)
TaskAutoShoot.autoTask_INFO [25.957511692] <Event name="StateInfo" time="25.957014108" tag="^^^^^" TaskAutoShoot.state="AIM" />
Shooter.PanMotor.pidCtrlTask_INFO [26.354463648] controlMode: Position,onTarget=true(-37.62915182693578/-37.385889473124955), stalled=false, expired=false, event=(Shooter.panOnTarget=SIGNALED)
Spindexer.moveCompletionCallback_INFO [26.479796036] intakeCompletionCallback(canceled=false)
Spindexer.Motor.pidCtrlTask_INFO [26.479759869] controlMode: Position,onTarget=true(-301.4566679857538/-300.0), stalled=false, expired=false, event=(Spindexer.moveCallback=SIGNALED)
Shooter.ShootMotor1.pidCtrlTask_INFO [26.656228137] controlMode: Velocity,onTarget=true(65.0/65.81185564960539), stalled=false, expired=false, event=(Shooter.shooter1OnTarget=SIGNALED)
TaskAutoShoot.autoTask_INFO [26.662264179] <Event name="StateInfo" time="26.661949763" tag="vvvvv" TaskAutoShoot.state="SHOOT" />
TaskAutoShoot.runTaskState_INFO [26.663496471] ***** Feed artifact to shooter.
Shooter.shoot_INFO [26.66501693] shoot(owner=null, event=(TaskAutoShoot.event=SIGNALED), pos=1.000000, duration=0.750000)
Spindexer.enableExitTrigger_INFO [26.669108138] Enabling exit trigger: lowThreshold=3550.000000, highThreshold=4250.000000
TaskAutoShoot.autoTask_INFO [26.678099348] <Event name="StateInfo" time="26.677792223" tag="^^^^^" TaskAutoShoot.state="SHOOT" />
Intake.setPickupArtifactType_INFO [26.899649078] Expect to pick up artifact Purple
Spindexer.setExitTriggerEnabled_INFO [26.90327537] setExitTriggerEnabled(enabled=false)
Spindexer.velTriggerCallback_INFO [26.904583204] Exit[2]: vel=3960.000000, artifact=Purple, numPurple=0, numGreen=1, numUnknown=0, expectedNext=Purple
Spindexer.disableExitTrigger_INFO [26.906796662] Disabling exit trigger.
TaskAutoShoot.autoTask_INFO [27.167337855] <Event name="StateInfo" time="27.166977647" tag="vvvvv" TaskAutoShoot.state="SHOOT_NEXT" />
TaskAutoShoot.autoTask_INFO [27.169687522] <Event name="StateInfo" time="27.169333439" tag="^^^^^" TaskAutoShoot.state="SHOOT_NEXT" />
TaskAutoShoot.autoTask_INFO [27.17144248] <Event name="StateInfo" time="27.17111348" tag="vvvvv" TaskAutoShoot.state="SETUP_VISION" />
TaskAutoShoot.runTaskState_INFO [27.173146397] ***** Using AprilTag Vision.
TaskAutoShoot.autoTask_INFO [27.175000231] <Event name="StateInfo" time="27.174601231" tag="^^^^^" TaskAutoShoot.state="SETUP_VISION" />
TaskAutoShoot.autoTask_INFO [27.176834814] <Event name="StateInfo" time="27.176472273" tag="vvvvv" TaskAutoShoot.state="DO_VISION" />
TaskAutoShoot.runTaskState_INFO [27.179805148] ***** Vision found AprilTag 24: aprilTagPose=(x=-0.646703,y=52.601438,angle=-0.704382)
TaskAutoShoot.runTaskState_INFO [27.182015107] adjustedTargetPose=(x=1.507929,y=71.828487,angle=0.667357)
TaskAutoShoot.runTaskState_INFO [27.188778274] ***** ShootParams: distance=52.60541321819901, params={loc=Interpolated, distance=52.60541321819901, shooter1Vel=3939.0392548432233, shooter2Vel=0.0, tiltAngle=33.0}
TaskAutoShoot.autoTask_INFO [27.189356357] <Event name="StateInfo" time="27.189056524" tag="^^^^^" TaskAutoShoot.state="DO_VISION" />
TaskAutoShoot.autoTask_INFO [27.190196941] <Event name="StateInfo" time="27.189870566" tag="vvvvv" TaskAutoShoot.state="AIM" />
TaskAutoShoot.runTaskState_INFO [27.190885857] ***** Shooting Green artifact (MotifArtifact=Green, exitArtifact=None).
Spindexer.findSlot_INFO [27.191609191] find slot for Green (0=Green)
Spindexer.moveToExitSlotWithArtifact_INFO [27.192219358] MoveToExitSlot: FromSlot=2, ToSlot=0, artifactType=Green
Spindexer.moveToExitSlot_INFO [27.192916733] MoveToExitSlot: Slot=0, event=(TaskAutoShoot.spindexerEvent=CLEARED)
TaskAutoShoot.runTaskState_INFO [27.211396735] ***** Aiming: vel=3939.039255 RPM, tilt=33.000000, pan=-36.961795, event=(TaskAutoShoot.event=CLEARED)
TaskAutoShoot.autoTask_INFO [27.227044361] <Event name="StateInfo" time="27.226713319" tag="^^^^^" TaskAutoShoot.state="AIM" />
Shooter.PanMotor.pidCtrlTask_INFO [27.462389051] controlMode: Position,onTarget=true(-37.62915182693578/-36.961795317699575), stalled=false, expired=false, event=(Shooter.panOnTarget=SIGNALED)
Shooter.ShootMotor1.pidCtrlTask_INFO [27.499287513] controlMode: Velocity,onTarget=true(65.0/65.65065424738705), stalled=false, expired=false, event=(Shooter.shooter1OnTarget=SIGNALED)
Spindexer.Motor.pidCtrlTask_INFO [27.846440298] controlMode: Position,onTarget=true(-181.7495053423031/-180.0), stalled=false, expired=false, event=(Spindexer.moveCallback=SIGNALED)
Spindexer.moveCompletionCallback_INFO [27.846460423] intakeCompletionCallback(canceled=false)
TaskAutoShoot.autoTask_INFO [27.856549466] <Event name="StateInfo" time="27.854984966" tag="vvvvv" TaskAutoShoot.state="SHOOT" />
TaskAutoShoot.runTaskState_INFO [27.857665091] ***** Feed artifact to shooter.
Shooter.shoot_INFO [27.859221425] shoot(owner=null, event=(TaskAutoShoot.event=SIGNALED), pos=1.000000, duration=0.750000)
Spindexer.enableExitTrigger_INFO [27.861151091] Enabling exit trigger: lowThreshold=3610.000000, highThreshold=4310.000000
TaskAutoShoot.autoTask_INFO [27.872938509] <Event name="StateInfo" time="27.872615343" tag="^^^^^" TaskAutoShoot.state="SHOOT" />
Intake.setPickupArtifactType_INFO [28.112341742] Expect to pick up artifact Any
Spindexer.setExitTriggerEnabled_INFO [28.11399345] setExitTriggerEnabled(enabled=false)
Spindexer.velTriggerCallback_INFO [28.116747075] Exit[0]: vel=3900.000000, artifact=Green, numPurple=0, numGreen=0, numUnknown=0, expectedNext=Any
Spindexer.disableExitTrigger_INFO [28.118751409] Disabling exit trigger.
TaskAutoShoot.autoTask_INFO [28.374340976] <Event name="StateInfo" time="28.373952476" tag="vvvvv" TaskAutoShoot.state="SHOOT_NEXT" />
TaskAutoShoot.autoTask_INFO [28.375819726] <Event name="StateInfo" time="28.375482851" tag="^^^^^" TaskAutoShoot.state="SHOOT_NEXT" />
TaskAutoShoot.autoTask_INFO [28.377945102] <Event name="StateInfo" time="28.377268435" tag="vvvvv" TaskAutoShoot.state="NEXT_EXIT_SLOT" />
TaskAutoShoot.autoTask_INFO [28.379409852] <Event name="StateInfo" time="28.379066268" tag="^^^^^" TaskAutoShoot.state="NEXT_EXIT_SLOT" />
TaskAutoShoot.autoTask_INFO [28.381396102] <Event name="StateInfo" time="28.38102306" tag="vvvvv" TaskAutoShoot.state="DONE" />
TaskAutoShoot.stopSubsystems_INFO [28.382692852] Stopping subsystems.
Shooter.cancel_INFO [28.384098977] owner=null
Spindexer.cancel_INFO [28.394531603] cancel(owner=null)
TaskAutoShoot.autoTask_INFO [28.397376229] <Event name="StateInfo" time="28.397081354" tag="^^^^^" TaskAutoShoot.state="DONE" />
CmdDecodeAuto.cmdPeriodic_INFO [28.398579645] <Event name="StateInfo" time="28.398278645" tag="vvvvv" CmdDecodeAuto.state="PICKUP_SPIKEMARK" />
Spindexer.setAutoReceiveEnabled_INFO [28.41398723] Entry is not at a vacant slot, find one.
Spindexer.findSlot_INFO [28.414829272] find slot for None (1=None)
Spindexer.moveToNextVacantEntrySlot_INFO [28.415414355] moveToNextVacantSlot: FromSlot=null, ToSlot=1
Spindexer.moveToEntrySlot_INFO [28.416129522] MoveToEntrySlot: Slot=1, event=(Spindexer.callbackEvent=CLEARED)
purePursuitDrive.start_INFO [28.464495735] Path=TrcPath(degrees=true, [Waypoint(simple=true,index=0,pose=(x=-25.351546,y=21.881505,angle=0.003620),vel=0.0), Waypoint(simple=true,index=1,pose=(x=33.810000,y=23.071000,angle=0.000000),vel=0.0), Waypoint(simple=true,index=2,pose=(x=33.810000,y=61.071000,angle=0.000000),vel=0.0)])
CmdDecodeAuto.cmdPeriodic_INFO [28.467729736] <Event name="StateInfo" time="28.467240319" tag="^^^^^" CmdDecodeAuto.state="PICKUP_SPIKEMARK" RobotPose=(x=-25.351546,y=21.881505,angle=0.003620) TargetPose=(x=33.810000,y=61.071000,angle=0.000000) vel=(x=-0.333779,y=0.000041,angle=-2.529961) Path=TrcPath(degrees=true, [Waypoint(simple=true,index=0,pose=(x=0.000000,y=0.000000,angle=0.000000),vel=0.0), Waypoint(simple=true,index=1,pose=(x=59.161470,y=1.193233,angle=-0.003620),vel=0.0), Waypoint(simple=true,index=2,pose=(x=59.159069,y=39.193233,angle=-0.003620),vel=0.0)]) />
Spindexer.Motor.pidCtrlTask_INFO [29.070363588] controlMode: Position,onTarget=true(-238.25128611001185/-240.0), stalled=false, expired=false, event=(Spindexer.moveCallback=SIGNALED)
Spindexer.moveCompletionCallback_INFO [29.081386547] intakeCompletionCallback(canceled=false)
Spindexer.spinCompletionCallback_INFO [29.132221136] spinCompletionCallback(autoReceive=false, canceled=false)
Spindexer.performAutoReceiveEnabled_INFO [29.161091764] performAutoReceiveEnabled(enable=true)
Spindexer.setEntryTriggerEnabled_INFO [29.161614139] setEntryTriggerEnabled(enabled=true)
CmdDecodeAuto.lambda$cmdPeriodic$0$teamcode-autocommands-CmdDecodeAuto_INFO [30.051963187] WaypointHandler: index=1
TaskAutoShoot.cancel_INFO [30.099669066] Canceling auto task operation.
Shooter.cancel_INFO [30.101744858] owner=null
Robot.cancelAll_INFO [30.104409817] Cancel all operations.
TaskAutoShoot.cancel_INFO [30.106054817] Canceling auto task operation.
CmdDecodeAuto.lambda$cmdPeriodic$0$teamcode-autocommands-CmdDecodeAuto_INFO [30.117201735] WaypointHandler: index=-1
Spindexer.cancel_INFO [30.129292486] cancel(owner=null)
Shooter.cancel_INFO [30.130720486] owner=null
TrcDigitalInput.getInput.printElapsedTime_INFO [30.133036028] TrcDigitalInput.getInput: avgElapsed=0.007401931026666667, minElapsed=4.7542E-5, maxElapsed=0.01706746
TrcMotor.getPos.printElapsedTime_INFO [30.134602278] TrcMotor.getPos: avgElapsed=0.0010723168310085838, minElapsed=5.541E-6, maxElapsed=0.017589252
TrcMotor.setPower.printElapsedTime_INFO [30.13586607] TrcMotor.setPower: avgElapsed=0.0028673212083333336, minElapsed=1.5167E-5, maxElapsed=0.019950294
TrcMotor.setVel.printElapsedTime_INFO [30.137235153] TrcMotor.setVel: avgElapsed=0.0, minElapsed=0.0, maxElapsed=0.0
TrcMotor.setPos.printElapsedTime_INFO [30.138797612] TrcMotor.setPos: avgElapsed=0.0, minElapsed=0.0, maxElapsed=0.0
TrcMotor.setCurrent.printElapsedTime_INFO [30.139407195] TrcMotor.setCurrent: avgElapsed=0.0, minElapsed=0.0, maxElapsed=0.0
TrcServo.setPos.printElapsedTime_INFO [30.140221529] TrcServo.setPos: avgElapsed=0.0050410030625, minElapsed=0.002025333, maxElapsed=0.009494917
Robot.stopMode_INFO [30.140787654] Disabling LimelightVision.
Vision.setLimelightVisionEnabled_INFO [30.141594112] Pipeline APRIL_TAG is disabled: running=false
Robot.stopMode_INFO [30.142159071] Disabling ArtifactVision.
Robot.stopMode_INFO [30.142743571] Disabling ClassifierVision.
Robot.stopMode_INFO [30.146570821] Saved robot pose=(x=36.024146,y=27.993916,angle=-1.756424)
Robot.stopMode_INFO [30.147154446] Turning all LED indicators OFF.
FtcAuto.stopMode_INFO [30.15084753] ***** Stopping autonomous: 20251123@130415 *****
TrcTaskMgr.printTaskPerformanceMetrics_INFO [30.151665947] FtcDashboard.task: STANDALONE_TASK=0.0010247922353934817/0.011192265784876788
TrcTaskMgr.printTaskPerformanceMetrics_INFO [30.152519947] flDriveMotor.pidCtrlTask: OUTPUT_TASK=1.3712930276722734E-5/0.01527940152278893
TrcTaskMgr.printTaskPerformanceMetrics_INFO [30.153613405] frDriveMotor.pidCtrlTask: OUTPUT_TASK=1.8217701709169834E-5/0.015279402195469345
TrcTaskMgr.printTaskPerformanceMetrics_INFO [30.154370572] blDriveMotor.pidCtrlTask: OUTPUT_TASK=2.851619112859468E-5/0.015279402314026044
TrcTaskMgr.printTaskPerformanceMetrics_INFO [30.155149322] brDriveMotor.pidCtrlTask: OUTPUT_TASK=1.3412837493217579E-5/0.015279402234943028
TrcTaskMgr.printTaskPerformanceMetrics_INFO [30.155895697] TrcMecanumDrive.odometryTask: INPUT_TASK=0.0085154449183359/0.023169621229583975
TrcTaskMgr.printTaskPerformanceMetrics_INFO [30.156930822] purePursuitDrive.driveTask: POST_PERIODIC_TASK=0.04415230061445783/0.09012552737951808
TrcTaskMgr.printTaskPerformanceMetrics_INFO [30.157856572] TrcMecanumDrive.absOdoHeadingWrap.converterTask: INPUT_TASK=1.770033080157331E-5/0.015278218893530449
TrcTaskMgr.printTaskPerformanceMetrics_INFO [30.158742364] StatusLED: OUTPUT_TASK=7.691898767123288E-4/0.015278187246575342
TrcTaskMgr.printTaskPerformanceMetrics_INFO [30.159807531] Spindexer1LED: OUTPUT_TASK=8.057001695375017E-5/0.015276871482707174
TrcTaskMgr.printTaskPerformanceMetrics_INFO [30.162827739] Spindexer2LED: OUTPUT_TASK=8.880354387630544E-5/0.015275616441746914
TrcTaskMgr.printTaskPerformanceMetrics_INFO [30.163456281] Spindexer3LED: OUTPUT_TASK=6.722495727654957E-5/0.015274535300962974
TrcTaskMgr.printTaskPerformanceMetrics_INFO [30.164224823] Intake.Motor.pidCtrlTask: OUTPUT_TASK=6.802092770920928E-6/0.015273081437678014
TrcTaskMgr.printTaskPerformanceMetrics_INFO [30.164825365] Spindexer.EntryTrigger.trigger.triggerTask: PRE_PERIODIC_TASK=0.027157244780701754/0.19565829634210527
TrcTaskMgr.printTaskPerformanceMetrics_INFO [30.165640281] Spindexer.ShootVelTrigger.trigger.triggerTask: PRE_PERIODIC_TASK=3.8166447065727697E-4/0.009405562744131455
TrcTaskMgr.printTaskPerformanceMetrics_INFO [30.166272323] Spindexer.Motor.pidCtrlTask: OUTPUT_TASK=0.002319342864388392/0.0152724737850556
TrcTaskMgr.printTaskPerformanceMetrics_INFO [30.167120781] Shooter.ShootMotor1.pidCtrlTask: OUTPUT_TASK=1.6086292893951722E-4/0.015271782866286955
TrcTaskMgr.printTaskPerformanceMetrics_INFO [30.16780999] Shooter.TiltEncoder.converterTask: INPUT_TASK=0.0026733025938432326/0.015277542868321128
TrcTaskMgr.printTaskPerformanceMetrics_INFO [30.168566282] Shooter.TiltMotor.pidCtrlTask: OUTPUT_TASK=1.4775951179820992E-4/0.015271778594656903
TrcTaskMgr.printTaskPerformanceMetrics_INFO [30.169219032] Shooter.PanMotor.pidCtrlTask: OUTPUT_TASK=0.00678291709466974/0.015273850459785705
TrcTaskMgr.printTaskPerformanceMetrics_INFO [30.170537948] TaskAutoShoot: POST_PERIODIC_TASK=1.8954244647806115E-5/4.930884026003013E-4
FtcOpMode.printPerformanceMetrics_INFO [30.171918407] [FtcAutonomous] Main robot thread average elapsed times:
       robotInit=11.531965s
    initPeriodic=0.000011s
       startMode=0.000040s
    loopInterval=0.000554s (1805.896Hz)
             sdk=0.000025s
 prePeriodicTask=0.000111s
        periodic=0.000033s
postPeriodicTask=0.000329s
         loopSum=0.000530s
        stopMode=0.000000s
