FtcAuto.startMode_INFO [0.009081335] ***** Starting autonomous: 20251102@140402 *****
FtcAuto.startMode_INFO [0.01060471] <Info name="MatchInfo" date="Sun Nov 02 14:03:00 PST 2025" type="QUALIFICATION" number=9 />
FtcAuto.startMode_INFO [0.01203796] <Info name="AutoChoices" startDelay=0 alliance="BLUE_ALLIANCE" startPos="GOAL_ZONE" strategy="DECODE_AUTO" pickupOption="SPIKEMARKS" spikeMarkCount=2 shootDelay1=0 shootDelay2=0 shootDelay3=0 parkOption="PARK" xTarget=4.0 yTarget=4.0 turnTarget=90 driveTime=5 drivePower=0.5 />
FtcAuto.startMode_INFO [0.012910335] Obelisk AprilTag 23: [Purple, Purple, Green]
CmdDecodeAuto.cmdPeriodic_INFO [0.02604992] <Event name="StateInfo" time="0.025757378" tag="vvvvv" CmdDecodeAuto.state="START" />
CmdDecodeAuto.cmdPeriodic_INFO [0.043365296] <Event name="StateInfo" time="0.043105713" tag="^^^^^" CmdDecodeAuto.state="START" />
CmdDecodeAuto.cmdPeriodic_INFO [0.044784838] <Event name="StateInfo" time="0.044523797" tag="vvvvv" CmdDecodeAuto.state="GOTO_PRELOAD_SHOOT_POS" />
purePursuitDrive.start_INFO [0.048106047] Path=TrcPath(degrees=true, [Waypoint(simple=true,index=0,pose=(x=-47.080001,y=-47.080001,angle=35.500004),vel=0.0), Waypoint(simple=false,index=-1,timestep=0.909686299939692,pose=(x=-44.958681,y=-44.958681,angle=36.356101),vel=30.0,encPos=0.0,accel=0.0,jerk=0.0), Waypoint(simple=false,index=-1,timestep=0.20000000000000015,pose=(x=-25.661320,y=-25.661320,angle=44.143903),vel=30.0,encPos=0.0,accel=0.0,jerk=0.0), Waypoint(simple=true,index=1,pose=(x=-23.540000,y=-23.540000,angle=45.000000),vel=0.0)])
CmdDecodeAuto.cmdPeriodic_INFO [0.052344256] <Event name="StateInfo" time="0.052037422" tag="^^^^^" CmdDecodeAuto.state="GOTO_PRELOAD_SHOOT_POS" RobotPose=(x=-47.080001,y=-47.080001,angle=35.500004) TargetPose=(x=-23.540000,y=-23.540000,angle=45.000000) vel=(x=0.000358,y=-0.000112,angle=0.002983) Path=TrcPath(degrees=true, [Waypoint(simple=true,index=0,pose=(x=0.000000,y=0.000000,angle=0.000000),vel=0.0), Waypoint(simple=false,index=-1,timestep=0.909686299939692,pose=(x=0.495143,y=2.958857,angle=0.856097),vel=30.0,encPos=0.0,accel=0.0,jerk=0.0), Waypoint(simple=false,index=-1,timestep=0.20000000000000015,pose=(x=4.999387,y=29.875172,angle=8.643899),vel=30.0,encPos=0.0,accel=0.0,jerk=0.0), Waypoint(simple=true,index=1,pose=(x=5.494530,y=32.834029,angle=9.499996),vel=0.0)]) />
purePursuitDrive.getFollowingPoint_INFO [2.000887785] No intersection found, proceed to the immediate next waypoint 3
purePursuitDrive.getFollowingPoint_INFO [2.050609081] No intersection found, proceed to the immediate next waypoint 3
purePursuitDrive.getFollowingPoint_INFO [2.092780877] No intersection found, proceed to the immediate next waypoint 3
purePursuitDrive.getFollowingPoint_INFO [2.135113673] No intersection found, proceed to the immediate next waypoint 3
purePursuitDrive.getFollowingPoint_INFO [2.20236968] No intersection found, proceed to the immediate next waypoint 3
purePursuitDrive.getFollowingPoint_INFO [2.262629478] No intersection found, proceed to the immediate next waypoint 3
purePursuitDrive.getFollowingPoint_INFO [2.303032898] No intersection found, proceed to the immediate next waypoint 3
purePursuitDrive.getFollowingPoint_INFO [2.355799779] No intersection found, proceed to the immediate next waypoint 3
purePursuitDrive.getFollowingPoint_INFO [2.398393908] No intersection found, proceed to the immediate next waypoint 3
purePursuitDrive.getFollowingPoint_INFO [2.437907454] No intersection found, proceed to the immediate next waypoint 3
purePursuitDrive.getFollowingPoint_INFO [2.474762166] No intersection found, proceed to the immediate next waypoint 3
purePursuitDrive.getFollowingPoint_INFO [2.516575503] No intersection found, proceed to the immediate next waypoint 3
purePursuitDrive.getFollowingPoint_INFO [2.568642384] No intersection found, proceed to the immediate next waypoint 3
purePursuitDrive.driveTask_INFO [2.572085217] Done: index=3/4, stalled=false, timeout=true, posOnTarget=false, headingOnTarget=false, robotPose=(x=-22.279173,y=-21.521400,angle=42.817483)
purePursuitDrive.driveTask_INFO [2.587959469] Signal completion event (CmdDecodeAuto=CLEARED).
CmdDecodeAuto.cmdPeriodic_INFO [2.589502969] <Event name="StateInfo" time="2.589124969" tag="vvvvv" CmdDecodeAuto.state="SHOOT_PRELOAD" />
TaskAutoShoot.autoShoot_INFO [2.591918844] autoShoot(owner=null, event=(CmdDecodeAuto=SIGNALED), taskParams=(alliance=BLUE_ALLIANCE,inAuto=true,useAprilTagVision=true,useClassifierVision=false,numArtifactsToShoot=3,moveToNextExitSlot=false))
CmdDecodeAuto.cmdPeriodic_INFO [2.594555803] <Event name="StateInfo" time="2.593931344" tag="^^^^^" CmdDecodeAuto.state="SHOOT_PRELOAD" />
TaskAutoShoot.autoTask_INFO [2.597366303] <Event name="StateInfo" time="2.596282178" tag="vvvvv" TaskAutoShoot.state="START" />
TaskAutoShoot.runTaskState_INFO [2.599616803] ***** Using AprilTag Vision.
TaskAutoShoot.autoTask_INFO [2.601923012] <Event name="StateInfo" time="2.601631637" tag="^^^^^" TaskAutoShoot.state="START" />
TaskAutoShoot.autoTask_INFO [2.604243804] <Event name="StateInfo" time="2.60382322" tag="vvvvv" TaskAutoShoot.state="DO_VISION" />
TaskAutoShoot.runTaskState_INFO [2.606497804] ***** Vision found AprilTag 20: aprilTagPose=(x=0.959292,y=44.777575,angle=1.099610)
TaskAutoShoot.runTaskState_INFO [2.609988471] ***** ShootParams: distance=44.787849516671315, params={loc=Interpolated, distance=44.787849516671315, shooter1Vel=3721.884683450279, shooter2Vel=0.0, tiltAngle=33.0}
TaskAutoShoot.autoTask_INFO [2.611715138] <Event name="StateInfo" time="2.611390805" tag="^^^^^" TaskAutoShoot.state="DO_VISION" />
TaskAutoShoot.autoTask_INFO [2.61393968] <Event name="StateInfo" time="2.613568971" tag="vvvvv" TaskAutoShoot.state="AIM" />
TaskAutoShoot.runTaskState_INFO [2.615227972] ***** Shooting Purple artifact (MotifArtifact=Purple).
Spindexer.findSlot_INFO [2.616672013] find slot for Purple (1=Purple)
Spindexer.moveToExitSlotWithArtifact_INFO [2.61794018] MoveToExitSlot: FromSlot=null, ToSlot=1, artifactType=Purple
Spindexer.moveToExitSlot_INFO [2.619668305] MoveToExitSlot: Slot=1, event=(TaskAutoShoot.spindexerEvent=CLEARED)
TaskAutoShoot.runTaskState_INFO [2.640760474] ***** Aiming: vel=3721.884683 RPM, tilt=33.000000, pan=-177.733724, event=(TaskAutoShoot.event=CLEARED)
TaskAutoShoot.autoTask_INFO [2.643549391] <Event name="StateInfo" time="2.643272599" tag="^^^^^" TaskAutoShoot.state="AIM" />
Shooter.PanMotor.pidCtrlTask_INFO [3.046652598] controlMode: Position,onTarget=true(-177.53333333333336/-177.7337237978182), stalled=false, expired=false, event=(Shooter.panOnTarget=SIGNALED)
Spindexer.Motor.pidCtrlTask_INFO [3.184654404] controlMode: Position,onTarget=true(-60.52777777777777/-60.0), stalled=false, expired=false, event=(Spindexer.moveCallback=SIGNALED)
Spindexer.moveCompletionCallback_INFO [3.184689987] intakeCompletionCallback(canceled=false)
Shooter.ShootMotor1.pidCtrlTask_INFO [6.005924771] controlMode: Velocity,onTarget=true(63.0/62.03141139083799), stalled=false, expired=false, event=(Shooter.shooter1OnTarget=SIGNALED)
TaskAutoShoot.autoTask_INFO [6.011266063] <Event name="StateInfo" time="6.010902938" tag="vvvvv" TaskAutoShoot.state="SHOOT" />
TaskAutoShoot.runTaskState_INFO [6.012130271] ***** Feed artifact to shooter.
Shooter.shoot_INFO [6.013413021] shoot(owner=null, event=(TaskAutoShoot.event=SIGNALED), pos=1.000000, duration=0.750000)
Spindexer.enableExitTrigger_INFO [6.016341355] Enabling exit trigger: lowThreshold=3430.000000, highThreshold=4130.000000
TaskAutoShoot.autoTask_INFO [6.024824772] <Event name="StateInfo" time="6.024484106" tag="^^^^^" TaskAutoShoot.state="SHOOT" />
Intake.setPickupArtifactType_INFO [6.288041424] Expect to pick up artifact Purple
Spindexer.setExitTriggerEnabled_INFO [6.288640799] setExitTriggerEnabled(enabled=false)
Spindexer.velTriggerCallback_INFO [6.290006674] Exit[1]: vel=0.000000, artifact=Purple, numPurple=1, numGreen=1, numUnknown=0, expectedNext=Purple
Spindexer.disableExitTrigger_INFO [6.29564255] Disabling exit trigger.
TaskAutoShoot.autoTask_INFO [6.552415409] <Event name="StateInfo" time="6.552080867" tag="vvvvv" TaskAutoShoot.state="SHOOT_NEXT" />
TaskAutoShoot.autoTask_INFO [6.554361992] <Event name="StateInfo" time="6.554028034" tag="^^^^^" TaskAutoShoot.state="SHOOT_NEXT" />
TaskAutoShoot.autoTask_INFO [6.556465493] <Event name="StateInfo" time="6.555676534" tag="vvvvv" TaskAutoShoot.state="START" />
TaskAutoShoot.runTaskState_INFO [6.557747368] ***** Using AprilTag Vision.
TaskAutoShoot.autoTask_INFO [6.559405785] <Event name="StateInfo" time="6.55908816" tag="^^^^^" TaskAutoShoot.state="START" />
TaskAutoShoot.autoTask_INFO [6.561057785] <Event name="StateInfo" time="6.560724993" tag="vvvvv" TaskAutoShoot.state="DO_VISION" />
TaskAutoShoot.runTaskState_INFO [6.563476868] ***** Vision found AprilTag 20: aprilTagPose=(x=-2.275646,y=44.586298,angle=-2.898103)
TaskAutoShoot.runTaskState_INFO [6.568004994] ***** ShootParams: distance=44.64433411033041, params={loc=Interpolated, distance=44.64433411033041, shooter1Vel=3717.898143942305, shooter2Vel=0.0, tiltAngle=33.0}
TaskAutoShoot.autoTask_INFO [6.568721327] <Event name="StateInfo" time="6.568368994" tag="^^^^^" TaskAutoShoot.state="DO_VISION" />
TaskAutoShoot.autoTask_INFO [6.571574411] <Event name="StateInfo" time="6.569490452" tag="vvvvv" TaskAutoShoot.state="AIM" />
TaskAutoShoot.runTaskState_INFO [6.573011744] ***** Shooting Purple artifact (MotifArtifact=Purple).
Spindexer.findSlot_INFO [6.573798369] find slot for Purple (2=Purple)
Spindexer.moveToExitSlotWithArtifact_INFO [6.574349328] MoveToExitSlot: FromSlot=1, ToSlot=2, artifactType=Purple
Spindexer.moveToExitSlot_INFO [6.574905536] MoveToExitSlot: Slot=2, event=(TaskAutoShoot.spindexerEvent=CLEARED)
TaskAutoShoot.runTaskState_INFO [6.601275705] ***** Aiming: vel=3717.898144 RPM, tilt=33.000000, pan=-180.431437, event=(TaskAutoShoot.event=CLEARED)
TaskAutoShoot.autoTask_INFO [6.605461706] <Event name="StateInfo" time="6.604285122" tag="^^^^^" TaskAutoShoot.state="AIM" />
Shooter.ShootMotor1.pidCtrlTask_INFO [6.870032566] controlMode: Velocity,onTarget=true(63.0/61.964969065705084), stalled=false, expired=false, event=(Shooter.shooter1OnTarget=SIGNALED)
Shooter.PanMotor.pidCtrlTask_INFO [6.993693703] controlMode: Position,onTarget=true(-180.13333333333333/-180.43143679764552), stalled=false, expired=false, event=(Shooter.panOnTarget=SIGNALED)
Spindexer.moveCompletionCallback_INFO [7.320848944] intakeCompletionCallback(canceled=false)
Spindexer.Motor.pidCtrlTask_INFO [7.320837861] controlMode: Position,onTarget=true(59.05555555555555/60.0), stalled=false, expired=false, event=(Spindexer.moveCallback=SIGNALED)
TaskAutoShoot.autoTask_INFO [7.332885154] <Event name="StateInfo" time="7.332580362" tag="vvvvv" TaskAutoShoot.state="SHOOT" />
TaskAutoShoot.runTaskState_INFO [7.333621904] ***** Feed artifact to shooter.
Shooter.shoot_INFO [7.334559612] shoot(owner=null, event=(TaskAutoShoot.event=SIGNALED), pos=1.000000, duration=0.750000)
Spindexer.enableExitTrigger_INFO [7.335434029] Enabling exit trigger: lowThreshold=3430.000000, highThreshold=4130.000000
TaskAutoShoot.autoTask_INFO [7.343045072] <Event name="StateInfo" time="7.34272803" tag="^^^^^" TaskAutoShoot.state="SHOOT" />
Intake.setPickupArtifactType_INFO [7.581612387] Expect to pick up artifact Purple
Spindexer.setExitTriggerEnabled_INFO [7.582143221] setExitTriggerEnabled(enabled=false)
Spindexer.velTriggerCallback_INFO [7.582868012] Exit[2]: vel=0.000000, artifact=Purple, numPurple=0, numGreen=1, numUnknown=0, expectedNext=Purple
Spindexer.disableExitTrigger_INFO [7.585697763] Disabling exit trigger.
TaskAutoShoot.autoTask_INFO [7.840842247] <Event name="StateInfo" time="7.84041058" tag="vvvvv" TaskAutoShoot.state="SHOOT_NEXT" />
TaskAutoShoot.autoTask_INFO [7.84251758] <Event name="StateInfo" time="7.842214538" tag="^^^^^" TaskAutoShoot.state="SHOOT_NEXT" />
TaskAutoShoot.autoTask_INFO [7.84419583] <Event name="StateInfo" time="7.843894539" tag="vvvvv" TaskAutoShoot.state="START" />
TaskAutoShoot.runTaskState_INFO [7.84540858] ***** Using AprilTag Vision.
TaskAutoShoot.autoTask_INFO [7.847296247] <Event name="StateInfo" time="7.84698533" tag="^^^^^" TaskAutoShoot.state="START" />
TaskAutoShoot.autoTask_INFO [7.849182747] <Event name="StateInfo" time="7.848777331" tag="vvvvv" TaskAutoShoot.state="DO_VISION" />
TaskAutoShoot.runTaskState_INFO [7.851563331] ***** Vision found AprilTag 20: aprilTagPose=(x=-1.674398,y=44.591544,angle=-2.155313)
TaskAutoShoot.runTaskState_INFO [7.853728081] ***** ShootParams: distance=44.6229694365478, params={loc=Interpolated, distance=44.6229694365478, shooter1Vel=3717.3046807157366, shooter2Vel=0.0, tiltAngle=33.0}
TaskAutoShoot.autoTask_INFO [7.854906998] <Event name="StateInfo" time="7.854584706" tag="^^^^^" TaskAutoShoot.state="DO_VISION" />
TaskAutoShoot.autoTask_INFO [7.856483165] <Event name="StateInfo" time="7.856177206" tag="vvvvv" TaskAutoShoot.state="AIM" />
TaskAutoShoot.runTaskState_INFO [7.857927207] ***** Shooting Green artifact (MotifArtifact=Green).
Spindexer.findSlot_INFO [7.859374457] find slot for Green (0=Green)
Spindexer.moveToExitSlotWithArtifact_INFO [7.860706207] MoveToExitSlot: FromSlot=2, ToSlot=0, artifactType=Green
Spindexer.moveToExitSlot_INFO [7.861860915] MoveToExitSlot: Slot=0, event=(TaskAutoShoot.spindexerEvent=CLEARED)
TaskAutoShoot.runTaskState_INFO [7.889297127] ***** Aiming: vel=3717.304681 RPM, tilt=33.000000, pan=-182.288646, event=(TaskAutoShoot.event=CLEARED)
TaskAutoShoot.autoTask_INFO [7.891536543] <Event name="StateInfo" time="7.891211335" tag="^^^^^" TaskAutoShoot.state="AIM" />
Shooter.PanMotor.pidCtrlTask_INFO [8.288807583] controlMode: Position,onTarget=true(-181.86666666666667/-182.28864586559172), stalled=false, expired=false, event=(Shooter.panOnTarget=SIGNALED)
Spindexer.Motor.pidCtrlTask_INFO [8.723268752] controlMode: Position,onTarget=true(181.55555555555554/180.0), stalled=false, expired=false, event=(Spindexer.moveCallback=SIGNALED)
Spindexer.moveCompletionCallback_INFO [8.723972544] intakeCompletionCallback(canceled=false)
Shooter.ShootMotor1.pidCtrlTask_INFO [9.957900584] controlMode: Velocity,onTarget=true(62.0/61.95507801192894), stalled=false, expired=false, event=(Shooter.shooter1OnTarget=SIGNALED)
TaskAutoShoot.autoTask_INFO [9.964423127] <Event name="StateInfo" time="9.964093835" tag="vvvvv" TaskAutoShoot.state="SHOOT" />
TaskAutoShoot.runTaskState_INFO [9.965371918] ***** Feed artifact to shooter.
Shooter.shoot_INFO [9.967577794] shoot(owner=null, event=(TaskAutoShoot.event=SIGNALED), pos=1.000000, duration=0.750000)
Spindexer.enableExitTrigger_INFO [9.969806127] Enabling exit trigger: lowThreshold=3430.000000, highThreshold=4130.000000
TaskAutoShoot.autoTask_INFO [9.978500128] <Event name="StateInfo" time="9.978198253" tag="^^^^^" TaskAutoShoot.state="SHOOT" />
Intake.setPickupArtifactType_INFO [10.235553571] Expect to pick up artifact Any
Spindexer.setExitTriggerEnabled_INFO [10.236845946] setExitTriggerEnabled(enabled=false)
Spindexer.velTriggerCallback_INFO [10.238428529] Exit[0]: vel=0.000000, artifact=Green, numPurple=0, numGreen=0, numUnknown=0, expectedNext=Any
Spindexer.disableExitTrigger_INFO [10.243103363] Disabling exit trigger.
TaskAutoShoot.autoTask_INFO [10.496884013] <Event name="StateInfo" time="10.496561138" tag="vvvvv" TaskAutoShoot.state="SHOOT_NEXT" />
TaskAutoShoot.autoTask_INFO [10.497652555] <Event name="StateInfo" time="10.497287389" tag="^^^^^" TaskAutoShoot.state="SHOOT_NEXT" />
TaskAutoShoot.autoTask_INFO [10.498678639] <Event name="StateInfo" time="10.49835343" tag="vvvvv" TaskAutoShoot.state="NEXT_EXIT_SLOT" />
TaskAutoShoot.autoTask_INFO [10.49931418] <Event name="StateInfo" time="10.498994222" tag="^^^^^" TaskAutoShoot.state="NEXT_EXIT_SLOT" />
TaskAutoShoot.autoTask_INFO [10.500428347] <Event name="StateInfo" time="10.500076306" tag="vvvvv" TaskAutoShoot.state="DONE" />
TaskAutoShoot.stopSubsystems_INFO [10.501119014] Stopping subsystems.
Shooter.cancel_INFO [10.501642264] owner=null
Spindexer.cancel_INFO [10.507268806] cancel(owner=null)
TaskAutoShoot.autoTask_INFO [10.511278932] <Event name="StateInfo" time="10.510970057" tag="^^^^^" TaskAutoShoot.state="DONE" />
CmdDecodeAuto.cmdPeriodic_INFO [10.512412057] <Event name="StateInfo" time="10.512123598" tag="vvvvv" CmdDecodeAuto.state="LEAVE_LAUNCH_ZONE" />
purePursuitDrive.start_INFO [10.515906515] Path=TrcPath(degrees=true, [Waypoint(simple=true,index=0,pose=(x=-22.304877,y=-21.535784,angle=43.795911),vel=0.0), Waypoint(simple=false,index=-1,timestep=0.6,pose=(x=-19.304877,y=-21.535784,angle=43.795911),vel=30.0,encPos=0.0,accel=0.0,jerk=0.0), Waypoint(simple=false,index=-1,timestep=0.19999999999999998,pose=(x=-1.304877,y=-21.535784,angle=43.795911),vel=30.0,encPos=0.0,accel=0.0,jerk=0.0), Waypoint(simple=true,index=1,pose=(x=1.695123,y=-21.535784,angle=43.795911),vel=0.0)])
CmdDecodeAuto.cmdPeriodic_INFO [10.518072724] <Event name="StateInfo" time="10.517762099" tag="^^^^^" CmdDecodeAuto.state="LEAVE_LAUNCH_ZONE" RobotPose=(x=-22.304877,y=-21.535784,angle=43.795911) TargetPose=(x=1.695123,y=-21.535784,angle=43.795911) vel=(x=-0.144250,y=0.138334,angle=-1.514900) Path=TrcPath(degrees=true, [Waypoint(simple=true,index=0,pose=(x=0.000000,y=0.000000,angle=0.000000),vel=0.0), Waypoint(simple=false,index=-1,timestep=0.6,pose=(x=2.165429,y=2.076275,angle=0.000000),vel=30.0,encPos=0.0,accel=0.0,jerk=0.0), Waypoint(simple=false,index=-1,timestep=0.19999999999999998,pose=(x=15.158002,y=14.533925,angle=0.000000),vel=30.0,encPos=0.0,accel=0.0,jerk=0.0), Waypoint(simple=true,index=1,pose=(x=17.323431,y=16.610200,angle=0.000000),vel=0.0)]) />
purePursuitDrive.getFollowingPoint_INFO [11.374100477] No intersection found, proceed to the immediate next waypoint 3
purePursuitDrive.getFollowingPoint_INFO [11.418623106] No intersection found, proceed to the immediate next waypoint 3
purePursuitDrive.getFollowingPoint_INFO [11.475768487] No intersection found, proceed to the immediate next waypoint 3
purePursuitDrive.getFollowingPoint_INFO [11.534761284] No intersection found, proceed to the immediate next waypoint 3
purePursuitDrive.driveTask_INFO [11.53617616] Done: index=3/4, stalled=false, timeout=true, posOnTarget=false, headingOnTarget=false, robotPose=(x=5.748343,y=-26.110484,angle=52.342800)
purePursuitDrive.driveTask_INFO [11.551098411] Signal completion event (CmdDecodeAuto=CLEARED).
CmdDecodeAuto.cmdPeriodic_INFO [11.552687995] <Event name="StateInfo" time="11.552349953" tag="vvvvv" CmdDecodeAuto.state="DONE" />
CmdDecodeAuto.cmdPeriodic_INFO [11.553623661] <Event name="StateInfo" time="11.55318587" tag="^^^^^" CmdDecodeAuto.state="DONE" />
Robot.cancelAll_INFO [18.48653665] Cancel all operations.
Spindexer.cancel_INFO [18.494868692] cancel(owner=null)
Shooter.cancel_INFO [18.496328484] owner=null
TaskAutoShoot.cancel_INFO [18.498091317] Canceling auto task operation.
TrcDigitalInput.getInput.printElapsedTime_INFO [18.499442026] TrcDigitalInput.getInput: avgElapsed=0.0, minElapsed=0.0, maxElapsed=0.0
TrcMotor.getPos.printElapsedTime_INFO [18.500846109] TrcMotor.getPos: avgElapsed=5.133218710102007E-5, minElapsed=3.5E-6, maxElapsed=0.00855196
TrcMotor.setPower.printElapsedTime_INFO [18.501427109] TrcMotor.setPower: avgElapsed=0.0010694520444087747, minElapsed=6.125E-6, maxElapsed=0.011904668
TrcMotor.setVel.printElapsedTime_INFO [18.501872193] TrcMotor.setVel: avgElapsed=0.0, minElapsed=0.0, maxElapsed=0.0
TrcMotor.setPos.printElapsedTime_INFO [18.502383193] TrcMotor.setPos: avgElapsed=0.0, minElapsed=0.0, maxElapsed=0.0
TrcMotor.setCurrent.printElapsedTime_INFO [18.50291286] TrcMotor.setCurrent: avgElapsed=0.0, minElapsed=0.0, maxElapsed=0.0
TrcServo.setPos.printElapsedTime_INFO [18.503490943] TrcServo.setPos: avgElapsed=0.004032000666666666, minElapsed=0.001712959, maxElapsed=0.006272876
Robot.stopMode_INFO [18.505019276] Disabling LimelightVision.
Vision.setLimelightVisionEnabled_INFO [18.50811911] Pipeline APRIL_TAG is disabled: running=false
Robot.stopMode_INFO [18.509268569] Disabling ArtifactVision.
Robot.stopMode_INFO [18.510597402] Disabling ClassifierVision.
Robot.stopMode_INFO [18.512509277] Saved robot pose=(x=7.269188,y=-22.684828,angle=47.655347)
FtcAuto.stopMode_INFO [18.514511861] ***** Stopping autonomous: 20251102@140421 *****
TrcTaskMgr.printTaskPerformanceMetrics_INFO [18.516582986] FtcDashboard.task: STANDALONE_TASK=3.5879693543153795E-5/0.010364202337767683
TrcTaskMgr.printTaskPerformanceMetrics_INFO [18.517920861] TrcWatchdogMgr: STANDALONE_TASK=1.035509365079365E-4/0.9845694276190476
TrcTaskMgr.printTaskPerformanceMetrics_INFO [18.519125445] flDriveMotor.pidCtrlTask: OUTPUT_TASK=2.0729205117952816E-5/0.0127702962485006
TrcTaskMgr.printTaskPerformanceMetrics_INFO [18.520635403] frDriveMotor.pidCtrlTask: OUTPUT_TASK=4.4986763294682125E-6/0.01277027537345062
TrcTaskMgr.printTaskPerformanceMetrics_INFO [18.521955778] blDriveMotor.pidCtrlTask: OUTPUT_TASK=5.777825669732107E-6/0.012770262137145142
TrcTaskMgr.printTaskPerformanceMetrics_INFO [18.523176112] brDriveMotor.pidCtrlTask: OUTPUT_TASK=3.939543982407037E-6/0.012770249600359855
TrcTaskMgr.printTaskPerformanceMetrics_INFO [18.524466153] flSteerEncoder.converterTask: INPUT_TASK=0.0037805989962015193/0.012771827177928827
TrcTaskMgr.printTaskPerformanceMetrics_INFO [18.525667237] frSteerEncoder.converterTask: INPUT_TASK=0.0022262514214314274/0.01277094325629748
TrcTaskMgr.printTaskPerformanceMetrics_INFO [18.526838862] blSteerEncoder.converterTask: INPUT_TASK=3.960860335865654E-5/0.012770674097361056
TrcTaskMgr.printTaskPerformanceMetrics_INFO [18.528180529] brSteerEncoder.converterTask: INPUT_TASK=2.2984462814874053E-5/0.012770610481207518
TrcTaskMgr.printTaskPerformanceMetrics_INFO [18.529345737] flSteerServo.pidCtrlTask: OUTPUT_TASK=2.698378212714914E-4/0.012770228025789684
TrcTaskMgr.printTaskPerformanceMetrics_INFO [18.530618279] frSteerServo.pidCtrlTask: OUTPUT_TASK=2.8900426629348264E-4/0.012770251699520192
TrcTaskMgr.printTaskPerformanceMetrics_INFO [18.532001071] blSteerServo.pidCtrlTask: OUTPUT_TASK=3.146725011995202E-4/0.012770392401639344
TrcTaskMgr.printTaskPerformanceMetrics_INFO [18.533191654] brSteerServo.pidCtrlTask: OUTPUT_TASK=2.765914614154338E-4/0.0127704102445022
TrcTaskMgr.printTaskPerformanceMetrics_INFO [18.534455446] TrcSwerveDriveBase.odometryTask: INPUT_TASK=0.005798595948626045/0.022069027107526885
TrcTaskMgr.printTaskPerformanceMetrics_INFO [18.535870905] purePursuitDrive.driveTask: POST_PERIODIC_TASK=0.04585825952631579/0.15099599818421053
TrcTaskMgr.printTaskPerformanceMetrics_INFO [18.537109321] TrcSwerveDriveBase.absOdoHeadingWrap.converterTask: INPUT_TASK=3.045400419748151E-5/0.012770879764541276
TrcTaskMgr.printTaskPerformanceMetrics_INFO [18.538430571] StatusLED: OUTPUT_TASK=4.301940395762542E-5/0.012771217020387768
TrcTaskMgr.printTaskPerformanceMetrics_INFO [18.539533947] Spindexer1LED: OUTPUT_TASK=1.2682557625424745E-4/0.012769690419548271
TrcTaskMgr.printTaskPerformanceMetrics_INFO [18.540749322] Spindexer2LED: OUTPUT_TASK=1.4042448650809514E-4/0.012768560422546472
TrcTaskMgr.printTaskPerformanceMetrics_INFO [18.541946613] Spindexer3LED: OUTPUT_TASK=1.3129694223465923E-4/0.012767006538077153
TrcTaskMgr.printTaskPerformanceMetrics_INFO [18.543312489] Intake.Motor.pidCtrlTask: OUTPUT_TASK=6.645781930841495E-6/0.012765773002998202
TrcTaskMgr.printTaskPerformanceMetrics_INFO [18.544777239] Spindexer.ShootVelTrigger.trigger.triggerTask: PRE_PERIODIC_TASK=2.9429969466882066E-4/0.003395391428917609
TrcTaskMgr.printTaskPerformanceMetrics_INFO [18.546024697] Spindexer.Motor.pidCtrlTask: OUTPUT_TASK=3.5374832400559663E-4/0.012765760002398562
TrcTaskMgr.printTaskPerformanceMetrics_INFO [18.547643447] Shooter.ShootMotor1.pidCtrlTask: OUTPUT_TASK=6.21995124925045E-5/0.01276192111373176
TrcTaskMgr.printTaskPerformanceMetrics_INFO [18.548861739] Shooter.TiltEncoder.converterTask: INPUT_TASK=3.055710111910471E-5/0.012770421988209432
TrcTaskMgr.printTaskPerformanceMetrics_INFO [18.550057573] Shooter.TiltMotor.pidCtrlTask: OUTPUT_TASK=7.628756814548362E-5/0.01276151467146283
TrcTaskMgr.printTaskPerformanceMetrics_INFO [18.551254573] Shooter.PanMotor.pidCtrlTask: OUTPUT_TASK=5.496184904076739E-4/0.012761498584332533
TrcTaskMgr.printTaskPerformanceMetrics_INFO [18.552747031] TaskAutoShoot: POST_PERIODIC_TASK=1.2901550130147082E-5/2.4786944792548686E-4
FtcOpMode.printPerformanceMetrics_INFO [18.554585698] [FtcAutonomous] Main robot thread average elapsed times:
       robotInit=19.093423s
    initPeriodic=0.006182s
       startMode=0.000062s
    loopInterval=0.000307s (3262.627Hz)
             sdk=0.000027s
 prePeriodicTask=0.000051s
        periodic=0.000062s
postPeriodicTask=0.000113s
         loopSum=0.000279s
        stopMode=0.000000s
