FtcTeleOp.startMode_INFO [0.006696084] ***** Starting TeleOp: 20251102@125708 *****
Robot.startMode_INFO [0.093208801] Restore saved RobotPose=(x=1.323979,y=25.095892,angle=136.479010)
FtcTeleOp.startMode_INFO [0.094730135] Enabling Limelight AprilTagVision.
Vision.setLimelightVisionEnabled_INFO [0.09605226] Pipeline APRIL_TAG is enabled: running=true
FtcTeleOp.driverButtonEvent_INFO [3.029753138] >>>>> Enabling FIELD mode.
FtcTeleOp.setDriveOrientation_INFO [3.030328013] driveOrientation=FIELD
FtcTeleOp.driverButtonEvent_INFO [9.057316952] >>>>> Bulldoze Intake
Spindexer.setAutoReceiveEnabled_INFO [9.073838995] Entry is not at a vacant slot, find one.
Spindexer.findSlot_INFO [9.07482687] find slot for None (0=None)
Spindexer.moveToNextVacantEntrySlot_INFO [9.078134954] moveToNextVacantSlot: FromSlot=null, ToSlot=0
Spindexer.moveToEntrySlot_INFO [9.080185663] MoveToEntrySlot: Slot=0, event=(Spindexer.callbackEvent=CLEARED)
Spindexer.Motor.pidCtrlTask_INFO [10.834419089] controlMode: Position,onTarget=true(2.6666666666666714/0.0), stalled=false, expired=false, event=(Spindexer.moveCallback=SIGNALED)
Spindexer.moveCompletionCallback_INFO [10.8588593] intakeCompletionCallback(canceled=false)
Spindexer.spinCompletionCallback_INFO [10.887554053] spinCompletionCallback(autoReceive=false, canceled=false)
Spindexer.performAutoReceiveEnabled_INFO [10.888698844] performAutoReceiveEnabled(enable=true)
Spindexer.setEntryTriggerEnabled_INFO [10.889388053] setEntryTriggerEnabled(enabled=true)
Spindexer.onEntryTrigger_INFO [12.059854379] onEntryTrigger(active=true, numObj=1, advOnTrigger=false)
Spindexer.getEntryArtifactType_INFO [12.118612093] EntryArtifact: hue=240.000, type=Purple
Intake.setPickupArtifactType_INFO [12.11971401] Expect to pick up artifact Any
Spindexer.setEntryTriggerEnabled_INFO [12.122899302] setEntryTriggerEnabled(enabled=false)
Spindexer.entryTriggerCallback_INFO [12.125154177] Entry[0]: value=240.000000, artifact=Purple, numPurple=1, numGreen=0, numUnknown=0, expectedNext=Any
Spindexer.findSlot_INFO [12.127111552] find slot for None (1=None)
Spindexer.moveToNextVacantEntrySlot_INFO [12.127753219] moveToNextVacantSlot: FromSlot=0, ToSlot=1
Spindexer.moveToEntrySlot_INFO [12.129031011] MoveToEntrySlot: Slot=1, event=(Spindexer.callbackEvent=CLEARED)
Spindexer.Motor.pidCtrlTask_INFO [13.368518219] controlMode: Position,onTarget=true(121.27777777777777/120.0), stalled=false, expired=false, event=(Spindexer.moveCallback=SIGNALED)
Spindexer.moveCompletionCallback_INFO [13.484763147] intakeCompletionCallback(canceled=false)
Spindexer.spinCompletionCallback_INFO [13.498237856] spinCompletionCallback(autoReceive=true, canceled=false)
Spindexer.setEntryTriggerEnabled_INFO [13.499484148] setEntryTriggerEnabled(enabled=true)
Spindexer.onEntryTrigger_INFO [17.397102915] onEntryTrigger(active=true, numObj=2, advOnTrigger=false)
Spindexer.onEntryTrigger_INFO [17.44575467] onEntryTrigger(active=false, numObj=2, advOnTrigger=false)
Spindexer.getEntryArtifactType_INFO [17.447503503] EntryArtifact: hue=180.000, type=Green
Intake.setPickupArtifactType_INFO [17.448805503] Expect to pick up artifact Purple
Spindexer.setEntryTriggerEnabled_INFO [17.450086504] setEntryTriggerEnabled(enabled=false)
Spindexer.entryTriggerCallback_INFO [17.452254171] Entry[1]: value=180.000000, artifact=Green, numPurple=1, numGreen=1, numUnknown=0, expectedNext=Purple
Spindexer.findSlot_INFO [17.453875546] find slot for None (2=None)
Spindexer.moveToNextVacantEntrySlot_INFO [17.455107254] moveToNextVacantSlot: FromSlot=1, ToSlot=2
Spindexer.moveToEntrySlot_INFO [17.456602629] MoveToEntrySlot: Slot=2, event=(Spindexer.callbackEvent=CLEARED)
Spindexer.getEntryArtifactType_INFO [17.57960985] EntryArtifact: hue=180.000, type=Green
Intake.setPickupArtifactType_INFO [17.580260267] Expect to pick up artifact None
Spindexer.setEntryTriggerEnabled_INFO [17.580852933] setEntryTriggerEnabled(enabled=false)
Spindexer.entryTriggerCallback_INFO [17.581744267] Entry[2]: value=180.000000, artifact=Green, numPurple=1, numGreen=2, numUnknown=0, expectedNext=None
Spindexer.moveToNextVacantEntrySlot_INFO [17.582719309] moveToNextVacantSlot: FromSlot=2, ToSlot=null
Spindexer.Motor.pidCtrlTask_INFO [18.179734202] controlMode: Position,onTarget=true(239.88888888888886/240.0), stalled=false, expired=false, event=(Spindexer.moveCallback=SIGNALED)
Spindexer.moveCompletionCallback_INFO [18.19688187] intakeCompletionCallback(canceled=false)
Spindexer.spinCompletionCallback_INFO [18.198231995] spinCompletionCallback(autoReceive=true, canceled=false)
Spindexer.setEntryTriggerEnabled_INFO [18.198783245] setEntryTriggerEnabled(enabled=true)
Spindexer.onEntryTrigger_INFO [18.702442338] onEntryTrigger(active=true, numObj=3, advOnTrigger=false)
Spindexer.onEntryTrigger_INFO [18.840113393] onEntryTrigger(active=false, numObj=3, advOnTrigger=false)
Spindexer.getEntryArtifactType_INFO [18.841255852] EntryArtifact: hue=180.000, type=Green
Intake.setPickupArtifactType_INFO [18.842109852] Expect to pick up artifact Purple
Spindexer.setEntryTriggerEnabled_INFO [18.84281306] setEntryTriggerEnabled(enabled=false)
Spindexer.entryTriggerCallback_INFO [18.845210852] Entry[2]: value=180.000000, artifact=Green, numPurple=1, numGreen=3, numUnknown=0, expectedNext=Purple
Spindexer.moveToNextVacantEntrySlot_INFO [18.846822602] moveToNextVacantSlot: FromSlot=2, ToSlot=null
Spindexer.getEntryArtifactType_INFO [18.885158398] EntryArtifact: hue=180.000, type=Green
Intake.setPickupArtifactType_INFO [18.886314565] Expect to pick up artifact Purple
Spindexer.setEntryTriggerEnabled_INFO [18.88759469] setEntryTriggerEnabled(enabled=false)
Spindexer.entryTriggerCallback_INFO [18.891212815] Entry[2]: value=180.000000, artifact=Green, numPurple=1, numGreen=4, numUnknown=0, expectedNext=Purple
Spindexer.moveToNextVacantEntrySlot_INFO [18.892612232] moveToNextVacantSlot: FromSlot=2, ToSlot=null
FtcTeleOp.driverButtonEvent_INFO [20.041821597] >>>>> Cancel Bulldoze Intake
Spindexer.performAutoReceiveEnabled_INFO [20.051203057] performAutoReceiveEnabled(enable=false)
Spindexer.setEntryTriggerEnabled_INFO [20.052675682] setEntryTriggerEnabled(enabled=false)
Spindexer.cancel_INFO [20.053477765] cancel(owner=null)
FtcTeleOp.operatorButtonEvent_INFO [22.621575315] >>>>> Auto Shoot
TaskAutoShoot.autoShoot_INFO [22.622284065] autoShoot(owner=FtcTeleOp.autoShoot, event=null, taskParams=(alliance=RED_ALLIANCE,inAuto=false,useAprilTagVision=true,useClassifierVision=false,numArtifactsToShoot=1,moveToNextExitSlot=false))
TaskAutoShoot.startAutoTask_INFO [22.623021982] Successfully acquired subsystem ownerships on behalf of FtcTeleOp.autoShoot
TaskAutoShoot.autoTask_INFO [22.667718153] <Event name="StateInfo" time="22.667326736" tag="vvvvv" TaskAutoShoot.state="START" />
TaskAutoShoot.runTaskState_INFO [22.669893111] ***** Using AprilTag Vision.
TaskAutoShoot.autoTask_INFO [22.676384737] <Event name="StateInfo" time="22.676009362" tag="^^^^^" TaskAutoShoot.state="START" />
TaskAutoShoot.autoTask_INFO [22.705268198] <Event name="StateInfo" time="22.704582781" tag="vvvvv" TaskAutoShoot.state="DO_VISION" />
TaskAutoShoot.autoTask_INFO [22.706576615] <Event name="StateInfo" time="22.70618724" tag="^^^^^" TaskAutoShoot.state="DO_VISION" />
TaskAutoShoot.autoTask_INFO [22.709684615] <Event name="StateInfo" time="22.70930399" tag="vvvvv" TaskAutoShoot.state="DO_VISION" />
TaskAutoShoot.autoTask_INFO [22.711684282] <Event name="StateInfo" time="22.710883949" tag="^^^^^" TaskAutoShoot.state="DO_VISION" />
TaskAutoShoot.autoTask_INFO [22.714179199] <Event name="StateInfo" time="22.713671991" tag="vvvvv" TaskAutoShoot.state="DO_VISION" />
TaskAutoShoot.autoTask_INFO [22.715943491] <Event name="StateInfo" time="22.715538658" tag="^^^^^" TaskAutoShoot.state="DO_VISION" />
TaskAutoShoot.autoTask_INFO [22.717492533] <Event name="StateInfo" time="22.717142241" tag="vvvvv" TaskAutoShoot.state="DO_VISION" />
TaskAutoShoot.autoTask_INFO [22.71968995] <Event name="StateInfo" time="22.718944741" tag="^^^^^" TaskAutoShoot.state="DO_VISION" />
TaskAutoShoot.autoTask_INFO [22.722037867] <Event name="StateInfo" time="22.721469992" tag="vvvvv" TaskAutoShoot.state="DO_VISION" />
TaskAutoShoot.autoTask_INFO [22.72430995] <Event name="StateInfo" time="22.723734492" tag="^^^^^" TaskAutoShoot.state="DO_VISION" />
TaskAutoShoot.autoTask_INFO [22.72669695] <Event name="StateInfo" time="22.7255927" tag="vvvvv" TaskAutoShoot.state="DO_VISION" />
TaskAutoShoot.autoTask_INFO [22.728341367] <Event name="StateInfo" time="22.72798845" tag="^^^^^" TaskAutoShoot.state="DO_VISION" />
TaskAutoShoot.autoTask_INFO [22.730055201] <Event name="StateInfo" time="22.729659409" tag="vvvvv" TaskAutoShoot.state="DO_VISION" />
TaskAutoShoot.autoTask_INFO [22.731943743] <Event name="StateInfo" time="22.731474159" tag="^^^^^" TaskAutoShoot.state="DO_VISION" />
TaskAutoShoot.autoTask_INFO [22.736209076] <Event name="StateInfo" time="22.735859076" tag="vvvvv" TaskAutoShoot.state="DO_VISION" />
TaskAutoShoot.autoTask_INFO [22.736958368] <Event name="StateInfo" time="22.73658416" tag="^^^^^" TaskAutoShoot.state="DO_VISION" />
TaskAutoShoot.autoTask_INFO [22.738325993] <Event name="StateInfo" time="22.737754618" tag="vvvvv" TaskAutoShoot.state="DO_VISION" />
TaskAutoShoot.autoTask_INFO [22.73921266] <Event name="StateInfo" time="22.738711285" tag="^^^^^" TaskAutoShoot.state="DO_VISION" />
TaskAutoShoot.autoTask_INFO [22.743164452] <Event name="StateInfo" time="22.74275816" tag="vvvvv" TaskAutoShoot.state="DO_VISION" />
TaskAutoShoot.autoTask_INFO [22.748145828] <Event name="StateInfo" time="22.745330661" tag="^^^^^" TaskAutoShoot.state="DO_VISION" />
TaskAutoShoot.autoTask_INFO [22.752539495] <Event name="StateInfo" time="22.752145161" tag="vvvvv" TaskAutoShoot.state="DO_VISION" />
TaskAutoShoot.autoTask_INFO [22.753250286] <Event name="StateInfo" time="22.752906411" tag="^^^^^" TaskAutoShoot.state="DO_VISION" />
TaskAutoShoot.autoTask_INFO [22.754052078] <Event name="StateInfo" time="22.753740286" tag="vvvvv" TaskAutoShoot.state="DO_VISION" />
TaskAutoShoot.autoTask_INFO [22.754716203] <Event name="StateInfo" time="22.754391578" tag="^^^^^" TaskAutoShoot.state="DO_VISION" />
TaskAutoShoot.autoTask_INFO [22.75628887] <Event name="StateInfo" time="22.755953162" tag="vvvvv" TaskAutoShoot.state="DO_VISION" />
TaskAutoShoot.autoTask_INFO [22.757516787] <Event name="StateInfo" time="22.757170287" tag="^^^^^" TaskAutoShoot.state="DO_VISION" />
TaskAutoShoot.autoTask_INFO [22.758426495] <Event name="StateInfo" time="22.758100995" tag="vvvvv" TaskAutoShoot.state="DO_VISION" />
TaskAutoShoot.autoTask_INFO [22.759245204] <Event name="StateInfo" time="22.758813537" tag="^^^^^" TaskAutoShoot.state="DO_VISION" />
TaskAutoShoot.autoTask_INFO [22.760969246] <Event name="StateInfo" time="22.760635579" tag="vvvvv" TaskAutoShoot.state="DO_VISION" />
TaskAutoShoot.autoTask_INFO [22.762404537] <Event name="StateInfo" time="22.761751204" tag="^^^^^" TaskAutoShoot.state="DO_VISION" />
TaskAutoShoot.autoTask_INFO [22.763685537] <Event name="StateInfo" time="22.763387454" tag="vvvvv" TaskAutoShoot.state="DO_VISION" />
TaskAutoShoot.autoTask_INFO [22.765211538] <Event name="StateInfo" time="22.764850163" tag="^^^^^" TaskAutoShoot.state="DO_VISION" />
TaskAutoShoot.autoTask_INFO [22.766694663] <Event name="StateInfo" time="22.766374413" tag="vvvvv" TaskAutoShoot.state="DO_VISION" />
TaskAutoShoot.autoTask_INFO [22.768025246] <Event name="StateInfo" time="22.767702371" tag="^^^^^" TaskAutoShoot.state="DO_VISION" />
TaskAutoShoot.autoTask_INFO [22.769625038] <Event name="StateInfo" time="22.769301288" tag="vvvvv" TaskAutoShoot.state="DO_VISION" />
TaskAutoShoot.autoTask_INFO [22.77085033] <Event name="StateInfo" time="22.770532705" tag="^^^^^" TaskAutoShoot.state="DO_VISION" />
TaskAutoShoot.autoTask_INFO [22.772786705] <Event name="StateInfo" time="22.772440788" tag="vvvvv" TaskAutoShoot.state="DO_VISION" />
TaskAutoShoot.autoTask_INFO [22.773873163] <Event name="StateInfo" time="22.773552038" tag="^^^^^" TaskAutoShoot.state="DO_VISION" />
TaskAutoShoot.autoTask_INFO [22.77568208] <Event name="StateInfo" time="22.775227372" tag="vvvvv" TaskAutoShoot.state="DO_VISION" />
TaskAutoShoot.autoTask_INFO [22.777123497] <Event name="StateInfo" time="22.776739664" tag="^^^^^" TaskAutoShoot.state="DO_VISION" />
TaskAutoShoot.autoTask_INFO [22.778735831] <Event name="StateInfo" time="22.778401872" tag="vvvvv" TaskAutoShoot.state="DO_VISION" />
TaskAutoShoot.autoTask_INFO [22.780198247] <Event name="StateInfo" time="22.779838622" tag="^^^^^" TaskAutoShoot.state="DO_VISION" />
TaskAutoShoot.autoTask_INFO [22.781911498] <Event name="StateInfo" time="22.781486831" tag="vvvvv" TaskAutoShoot.state="DO_VISION" />
TaskAutoShoot.autoTask_INFO [22.783362539] <Event name="StateInfo" time="22.782709789" tag="^^^^^" TaskAutoShoot.state="DO_VISION" />
TaskAutoShoot.autoTask_INFO [22.784720831] <Event name="StateInfo" time="22.784222664" tag="vvvvv" TaskAutoShoot.state="DO_VISION" />
TaskAutoShoot.autoTask_INFO [22.786013498] <Event name="StateInfo" time="22.78570404" tag="^^^^^" TaskAutoShoot.state="DO_VISION" />
TaskAutoShoot.autoTask_INFO [22.787693207] <Event name="StateInfo" time="22.78733154" tag="vvvvv" TaskAutoShoot.state="DO_VISION" />
TaskAutoShoot.autoTask_INFO [22.789208998] <Event name="StateInfo" time="22.788793957" tag="^^^^^" TaskAutoShoot.state="DO_VISION" />
TaskAutoShoot.autoTask_INFO [22.790760957] <Event name="StateInfo" time="22.790390248" tag="vvvvv" TaskAutoShoot.state="DO_VISION" />
TaskAutoShoot.autoTask_INFO [22.792367749] <Event name="StateInfo" time="22.79201804" tag="^^^^^" TaskAutoShoot.state="DO_VISION" />
TaskAutoShoot.autoTask_INFO [22.793750832] <Event name="StateInfo" time="22.79341979" tag="vvvvv" TaskAutoShoot.state="DO_VISION" />
TaskAutoShoot.autoTask_INFO [22.794664916] <Event name="StateInfo" time="22.794332707" tag="^^^^^" TaskAutoShoot.state="DO_VISION" />
TaskAutoShoot.autoTask_INFO [22.795737666] <Event name="StateInfo" time="22.795356166" tag="vvvvv" TaskAutoShoot.state="DO_VISION" />
TaskAutoShoot.autoTask_INFO [22.796454291] <Event name="StateInfo" time="22.796120332" tag="^^^^^" TaskAutoShoot.state="DO_VISION" />
TaskAutoShoot.autoTask_INFO [22.815624084] <Event name="StateInfo" time="22.815219251" tag="vvvvv" TaskAutoShoot.state="DO_VISION" />
TaskAutoShoot.autoTask_INFO [22.816566751] <Event name="StateInfo" time="22.816001209" tag="^^^^^" TaskAutoShoot.state="DO_VISION" />
TaskAutoShoot.autoTask_INFO [22.818181418] <Event name="StateInfo" time="22.817533335" tag="vvvvv" TaskAutoShoot.state="DO_VISION" />
TaskAutoShoot.autoTask_INFO [22.819073626] <Event name="StateInfo" time="22.818639918" tag="^^^^^" TaskAutoShoot.state="DO_VISION" />
TaskAutoShoot.autoTask_INFO [22.82021346] <Event name="StateInfo" time="22.819777126" tag="vvvvv" TaskAutoShoot.state="DO_VISION" />
TaskAutoShoot.autoTask_INFO [22.821082043] <Event name="StateInfo" time="22.820679543" tag="^^^^^" TaskAutoShoot.state="DO_VISION" />
TaskAutoShoot.autoTask_INFO [22.822183085] <Event name="StateInfo" time="22.821766877" tag="vvvvv" TaskAutoShoot.state="DO_VISION" />
TaskAutoShoot.autoTask_INFO [22.823369002] <Event name="StateInfo" time="22.822763502" tag="^^^^^" TaskAutoShoot.state="DO_VISION" />
TaskAutoShoot.autoTask_INFO [22.824565419] <Event name="StateInfo" time="22.824147752" tag="vvvvv" TaskAutoShoot.state="DO_VISION" />
TaskAutoShoot.autoTask_INFO [22.825250835] <Event name="StateInfo" time="22.824919502" tag="^^^^^" TaskAutoShoot.state="DO_VISION" />
TaskAutoShoot.autoTask_INFO [22.826087627] <Event name="StateInfo" time="22.825779044" tag="vvvvv" TaskAutoShoot.state="DO_VISION" />
TaskAutoShoot.autoTask_INFO [22.826764294] <Event name="StateInfo" time="22.82641371" tag="^^^^^" TaskAutoShoot.state="DO_VISION" />
TaskAutoShoot.autoTask_INFO [22.827743127] <Event name="StateInfo" time="22.827432794" tag="vvvvv" TaskAutoShoot.state="DO_VISION" />
TaskAutoShoot.autoTask_INFO [22.828482211] <Event name="StateInfo" time="22.828095752" tag="^^^^^" TaskAutoShoot.state="DO_VISION" />
TaskAutoShoot.autoTask_INFO [22.829364794] <Event name="StateInfo" time="22.829009836" tag="vvvvv" TaskAutoShoot.state="DO_VISION" />
TaskAutoShoot.autoTask_INFO [22.830021336] <Event name="StateInfo" time="22.829675127" tag="^^^^^" TaskAutoShoot.state="DO_VISION" />
TaskAutoShoot.autoTask_INFO [22.830824586] <Event name="StateInfo" time="22.830486252" tag="vvvvv" TaskAutoShoot.state="DO_VISION" />
TaskAutoShoot.autoTask_INFO [22.831470628] <Event name="StateInfo" time="22.831141628" tag="^^^^^" TaskAutoShoot.state="DO_VISION" />
TaskAutoShoot.autoTask_INFO [22.832599378] <Event name="StateInfo" time="22.832263378" tag="vvvvv" TaskAutoShoot.state="DO_VISION" />
TaskAutoShoot.autoTask_INFO [22.833260878] <Event name="StateInfo" time="22.832930419" tag="^^^^^" TaskAutoShoot.state="DO_VISION" />
TaskAutoShoot.autoTask_INFO [22.834058586] <Event name="StateInfo" time="22.833754086" tag="vvvvv" TaskAutoShoot.state="DO_VISION" />
TaskAutoShoot.autoTask_INFO [22.834772586] <Event name="StateInfo" time="22.834402753" tag="^^^^^" TaskAutoShoot.state="DO_VISION" />
TaskAutoShoot.autoTask_INFO [22.835597128] <Event name="StateInfo" time="22.835268711" tag="vvvvv" TaskAutoShoot.state="DO_VISION" />
TaskAutoShoot.autoTask_INFO [22.836269128] <Event name="StateInfo" time="22.835927295" tag="^^^^^" TaskAutoShoot.state="DO_VISION" />
TaskAutoShoot.autoTask_INFO [22.837364628] <Event name="StateInfo" time="22.837075878" tag="vvvvv" TaskAutoShoot.state="DO_VISION" />
TaskAutoShoot.autoTask_INFO [22.838000753] <Event name="StateInfo" time="22.837667962" tag="^^^^^" TaskAutoShoot.state="DO_VISION" />
TaskAutoShoot.autoTask_INFO [22.838791753] <Event name="StateInfo" time="22.838468295" tag="vvvvv" TaskAutoShoot.state="DO_VISION" />
TaskAutoShoot.autoTask_INFO [22.839502253] <Event name="StateInfo" time="22.839140003" tag="^^^^^" TaskAutoShoot.state="DO_VISION" />
TaskAutoShoot.autoTask_INFO [22.84028042] <Event name="StateInfo" time="22.83997417" tag="vvvvv" TaskAutoShoot.state="DO_VISION" />
TaskAutoShoot.autoTask_INFO [22.840958545] <Event name="StateInfo" time="22.84062517" tag="^^^^^" TaskAutoShoot.state="DO_VISION" />
TaskAutoShoot.autoTask_INFO [22.841809337] <Event name="StateInfo" time="22.841509795" tag="vvvvv" TaskAutoShoot.state="DO_VISION" />
TaskAutoShoot.autoTask_INFO [22.84247667] <Event name="StateInfo" time="22.842103045" tag="^^^^^" TaskAutoShoot.state="DO_VISION" />
TaskAutoShoot.autoTask_INFO [22.843315795] <Event name="StateInfo" time="22.84296492" tag="vvvvv" TaskAutoShoot.state="DO_VISION" />
TaskAutoShoot.autoTask_INFO [22.84410767] <Event name="StateInfo" time="22.843614754" tag="^^^^^" TaskAutoShoot.state="DO_VISION" />
TaskAutoShoot.autoTask_INFO [22.844936296] <Event name="StateInfo" time="22.844621296" tag="vvvvv" TaskAutoShoot.state="DO_VISION" />
TaskAutoShoot.autoTask_INFO [22.845618212] <Event name="StateInfo" time="22.845235837" tag="^^^^^" TaskAutoShoot.state="DO_VISION" />
TaskAutoShoot.autoTask_INFO [22.846510129] <Event name="StateInfo" time="22.846218754" tag="vvvvv" TaskAutoShoot.state="DO_VISION" />
TaskAutoShoot.autoTask_INFO [22.847122046] <Event name="StateInfo" time="22.846807046" tag="^^^^^" TaskAutoShoot.state="DO_VISION" />
TaskAutoShoot.autoTask_INFO [22.851037963] <Event name="StateInfo" time="22.850721505" tag="vvvvv" TaskAutoShoot.state="DO_VISION" />
TaskAutoShoot.autoTask_INFO [22.851724838] <Event name="StateInfo" time="22.851403713" tag="^^^^^" TaskAutoShoot.state="DO_VISION" />
TaskAutoShoot.autoTask_INFO [22.852678005] <Event name="StateInfo" time="22.85232713" tag="vvvvv" TaskAutoShoot.state="DO_VISION" />
TaskAutoShoot.autoTask_INFO [22.853305963] <Event name="StateInfo" time="22.85297463" tag="^^^^^" TaskAutoShoot.state="DO_VISION" />
TaskAutoShoot.autoTask_INFO [22.854249213] <Event name="StateInfo" time="22.853950255" tag="vvvvv" TaskAutoShoot.state="DO_VISION" />
TaskAutoShoot.autoTask_INFO [22.854880088] <Event name="StateInfo" time="22.85455663" tag="^^^^^" TaskAutoShoot.state="DO_VISION" />
TaskAutoShoot.autoTask_INFO [22.855717755] <Event name="StateInfo" time="22.855359005" tag="vvvvv" TaskAutoShoot.state="DO_VISION" />
TaskAutoShoot.autoTask_INFO [22.856391797] <Event name="StateInfo" time="22.856029547" tag="^^^^^" TaskAutoShoot.state="DO_VISION" />
TaskAutoShoot.autoTask_INFO [22.857196505] <Event name="StateInfo" time="22.856866922" tag="vvvvv" TaskAutoShoot.state="DO_VISION" />
TaskAutoShoot.autoTask_INFO [22.857837297] <Event name="StateInfo" time="22.857512089" tag="^^^^^" TaskAutoShoot.state="DO_VISION" />
TaskAutoShoot.autoTask_INFO [22.858612547] <Event name="StateInfo" time="22.858264297" tag="vvvvv" TaskAutoShoot.state="DO_VISION" />
TaskAutoShoot.autoTask_INFO [22.859269089] <Event name="StateInfo" time="22.85885988" tag="^^^^^" TaskAutoShoot.state="DO_VISION" />
TaskAutoShoot.autoTask_INFO [22.859970839] <Event name="StateInfo" time="22.859688214" tag="vvvvv" TaskAutoShoot.state="DO_VISION" />
TaskAutoShoot.autoTask_INFO [22.860529964] <Event name="StateInfo" time="22.860239464" tag="^^^^^" TaskAutoShoot.state="DO_VISION" />
TaskAutoShoot.autoTask_INFO [22.861343131] <Event name="StateInfo" time="22.861044756" tag="vvvvv" TaskAutoShoot.state="DO_VISION" />
TaskAutoShoot.autoTask_INFO [22.861936089] <Event name="StateInfo" time="22.861627506" tag="^^^^^" TaskAutoShoot.state="DO_VISION" />
TaskAutoShoot.autoTask_INFO [22.862789506] <Event name="StateInfo" time="22.862469839" tag="vvvvv" TaskAutoShoot.state="DO_VISION" />
TaskAutoShoot.autoTask_INFO [22.863374881] <Event name="StateInfo" time="22.863057256" tag="^^^^^" TaskAutoShoot.state="DO_VISION" />
TaskAutoShoot.autoTask_INFO [22.864123589] <Event name="StateInfo" time="22.863814131" tag="vvvvv" TaskAutoShoot.state="DO_VISION" />
TaskAutoShoot.autoTask_INFO [22.864810756] <Event name="StateInfo" time="22.864451714" tag="^^^^^" TaskAutoShoot.state="DO_VISION" />
TaskAutoShoot.autoTask_INFO [22.865701506] <Event name="StateInfo" time="22.865298423" tag="vvvvv" TaskAutoShoot.state="DO_VISION" />
TaskAutoShoot.autoTask_INFO [22.867002631] <Event name="StateInfo" time="22.866686464" tag="^^^^^" TaskAutoShoot.state="DO_VISION" />
TaskAutoShoot.autoTask_INFO [22.868561298] <Event name="StateInfo" time="22.868248631" tag="vvvvv" TaskAutoShoot.state="DO_VISION" />
TaskAutoShoot.autoTask_INFO [22.87000009] <Event name="StateInfo" time="22.869652131" tag="^^^^^" TaskAutoShoot.state="DO_VISION" />
TaskAutoShoot.autoTask_INFO [22.871568382] <Event name="StateInfo" time="22.871193298" tag="vvvvv" TaskAutoShoot.state="DO_VISION" />
TaskAutoShoot.autoTask_INFO [22.87292259] <Event name="StateInfo" time="22.872561507" tag="^^^^^" TaskAutoShoot.state="DO_VISION" />
TaskAutoShoot.autoTask_INFO [22.874163049] <Event name="StateInfo" time="22.873873132" tag="vvvvv" TaskAutoShoot.state="DO_VISION" />
TaskAutoShoot.autoTask_INFO [22.874756299] <Event name="StateInfo" time="22.874438382" tag="^^^^^" TaskAutoShoot.state="DO_VISION" />
TaskAutoShoot.autoTask_INFO [22.876960132] <Event name="StateInfo" time="22.875281007" tag="vvvvv" TaskAutoShoot.state="DO_VISION" />
TaskAutoShoot.autoTask_INFO [22.878200591] <Event name="StateInfo" time="22.877864882" tag="^^^^^" TaskAutoShoot.state="DO_VISION" />
TaskAutoShoot.autoTask_INFO [22.879679924] <Event name="StateInfo" time="22.879315049" tag="vvvvv" TaskAutoShoot.state="DO_VISION" />
TaskAutoShoot.autoTask_INFO [22.880900258] <Event name="StateInfo" time="22.880583799" tag="^^^^^" TaskAutoShoot.state="DO_VISION" />
TaskAutoShoot.autoTask_INFO [22.882392716] <Event name="StateInfo" time="22.882019966" tag="vvvvv" TaskAutoShoot.state="DO_VISION" />
TaskAutoShoot.autoTask_INFO [22.883923966] <Event name="StateInfo" time="22.883454091" tag="^^^^^" TaskAutoShoot.state="DO_VISION" />
TaskAutoShoot.autoTask_INFO [22.88485205] <Event name="StateInfo" time="22.884490675" tag="vvvvv" TaskAutoShoot.state="DO_VISION" />
TaskAutoShoot.autoTask_INFO [22.885486716] <Event name="StateInfo" time="22.885161216" tag="^^^^^" TaskAutoShoot.state="DO_VISION" />
TaskAutoShoot.autoTask_INFO [22.886695967] <Event name="StateInfo" time="22.886087841" tag="vvvvv" TaskAutoShoot.state="DO_VISION" />
TaskAutoShoot.autoTask_INFO [22.888603175] <Event name="StateInfo" time="22.887002217" tag="^^^^^" TaskAutoShoot.state="DO_VISION" />
TaskAutoShoot.autoTask_INFO [22.890128883] <Event name="StateInfo" time="22.88981855" tag="vvvvv" TaskAutoShoot.state="DO_VISION" />
TaskAutoShoot.autoTask_INFO [22.891243925] <Event name="StateInfo" time="22.890823634" tag="^^^^^" TaskAutoShoot.state="DO_VISION" />
TaskAutoShoot.autoTask_INFO [22.892172009] <Event name="StateInfo" time="22.891835425" tag="vvvvv" TaskAutoShoot.state="DO_VISION" />
TaskAutoShoot.autoTask_INFO [22.892829425] <Event name="StateInfo" time="22.8925118" tag="^^^^^" TaskAutoShoot.state="DO_VISION" />
TaskAutoShoot.autoTask_INFO [22.893577259] <Event name="StateInfo" time="22.893268675" tag="vvvvv" TaskAutoShoot.state="DO_VISION" />
TaskAutoShoot.autoTask_INFO [22.894120342] <Event name="StateInfo" time="22.893824301" tag="^^^^^" TaskAutoShoot.state="DO_VISION" />
TaskAutoShoot.autoTask_INFO [22.894930592] <Event name="StateInfo" time="22.894589051" tag="vvvvv" TaskAutoShoot.state="DO_VISION" />
TaskAutoShoot.autoTask_INFO [22.895630884] <Event name="StateInfo" time="22.895227509" tag="^^^^^" TaskAutoShoot.state="DO_VISION" />
TaskAutoShoot.autoTask_INFO [22.896438509] <Event name="StateInfo" time="22.896124384" tag="vvvvv" TaskAutoShoot.state="DO_VISION" />
TaskAutoShoot.autoTask_INFO [22.897096218] <Event name="StateInfo" time="22.896784134" tag="^^^^^" TaskAutoShoot.state="DO_VISION" />
TaskAutoShoot.autoTask_INFO [22.92254822] <Event name="StateInfo" time="22.922132595" tag="vvvvv" TaskAutoShoot.state="DO_VISION" />
TaskAutoShoot.autoTask_INFO [22.923334554] <Event name="StateInfo" time="22.922946345" tag="^^^^^" TaskAutoShoot.state="DO_VISION" />
TaskAutoShoot.autoTask_INFO [22.92642272] <Event name="StateInfo" time="22.92597647" tag="vvvvv" TaskAutoShoot.state="DO_VISION" />
TaskAutoShoot.autoTask_INFO [22.929688804] <Event name="StateInfo" time="22.929292721" tag="^^^^^" TaskAutoShoot.state="DO_VISION" />
TaskAutoShoot.autoTask_INFO [22.931393304] <Event name="StateInfo" time="22.931005971" tag="vvvvv" TaskAutoShoot.state="DO_VISION" />
TaskAutoShoot.autoTask_INFO [22.933242763] <Event name="StateInfo" time="22.932816346" tag="^^^^^" TaskAutoShoot.state="DO_VISION" />
TaskAutoShoot.autoTask_INFO [22.935034471] <Event name="StateInfo" time="22.934693221" tag="vvvvv" TaskAutoShoot.state="DO_VISION" />
TaskAutoShoot.autoTask_INFO [22.937673763] <Event name="StateInfo" time="22.937329888" tag="^^^^^" TaskAutoShoot.state="DO_VISION" />
TaskAutoShoot.autoTask_INFO [22.939270638] <Event name="StateInfo" time="22.93885618" tag="vvvvv" TaskAutoShoot.state="DO_VISION" />
TaskAutoShoot.autoTask_INFO [22.94080393] <Event name="StateInfo" time="22.940421555" tag="^^^^^" TaskAutoShoot.state="DO_VISION" />
TaskAutoShoot.autoTask_INFO [22.943278139] <Event name="StateInfo" time="22.942908305" tag="vvvvv" TaskAutoShoot.state="DO_VISION" />
TaskAutoShoot.autoTask_INFO [22.945579389] <Event name="StateInfo" time="22.945166681" tag="^^^^^" TaskAutoShoot.state="DO_VISION" />
TaskAutoShoot.autoTask_INFO [22.952887973] <Event name="StateInfo" time="22.95244989" tag="vvvvv" TaskAutoShoot.state="DO_VISION" />
TaskAutoShoot.autoTask_INFO [22.953654473] <Event name="StateInfo" time="22.953277056" tag="^^^^^" TaskAutoShoot.state="DO_VISION" />
TaskAutoShoot.autoTask_INFO [22.95596039] <Event name="StateInfo" time="22.955593765" tag="vvvvv" TaskAutoShoot.state="DO_VISION" />
TaskAutoShoot.autoTask_INFO [22.957376432] <Event name="StateInfo" time="22.956976849" tag="^^^^^" TaskAutoShoot.state="DO_VISION" />
TaskAutoShoot.autoTask_INFO [22.959025807] <Event name="StateInfo" time="22.958634099" tag="vvvvv" TaskAutoShoot.state="DO_VISION" />
TaskAutoShoot.autoTask_INFO [22.960272974] <Event name="StateInfo" time="22.959889432" tag="^^^^^" TaskAutoShoot.state="DO_VISION" />
TaskAutoShoot.autoTask_INFO [22.961203391] <Event name="StateInfo" time="22.960839391" tag="vvvvv" TaskAutoShoot.state="DO_VISION" />
TaskAutoShoot.autoTask_INFO [22.963110016] <Event name="StateInfo" time="22.962458141" tag="^^^^^" TaskAutoShoot.state="DO_VISION" />
TaskAutoShoot.autoTask_INFO [22.964510891] <Event name="StateInfo" time="22.964139599" tag="vvvvv" TaskAutoShoot.state="DO_VISION" />
TaskAutoShoot.autoTask_INFO [22.966640933] <Event name="StateInfo" time="22.966232599" tag="^^^^^" TaskAutoShoot.state="DO_VISION" />
TaskAutoShoot.autoTask_INFO [22.967804683] <Event name="StateInfo" time="22.967489391" tag="vvvvv" TaskAutoShoot.state="DO_VISION" />
TaskAutoShoot.autoTask_INFO [22.96850935] <Event name="StateInfo" time="22.968147683" tag="^^^^^" TaskAutoShoot.state="DO_VISION" />
TaskAutoShoot.autoTask_INFO [22.969402725] <Event name="StateInfo" time="22.969076058" tag="vvvvv" TaskAutoShoot.state="DO_VISION" />
TaskAutoShoot.autoTask_INFO [22.970074725] <Event name="StateInfo" time="22.969748642" tag="^^^^^" TaskAutoShoot.state="DO_VISION" />
TaskAutoShoot.autoTask_INFO [22.970831308] <Event name="StateInfo" time="22.970511933" tag="vvvvv" TaskAutoShoot.state="DO_VISION" />
TaskAutoShoot.autoTask_INFO [22.971528392] <Event name="StateInfo" time="22.971190933" tag="^^^^^" TaskAutoShoot.state="DO_VISION" />
TaskAutoShoot.autoTask_INFO [22.977192559] <Event name="StateInfo" time="22.976867059" tag="vvvvv" TaskAutoShoot.state="DO_VISION" />
TaskAutoShoot.autoTask_INFO [22.977885851] <Event name="StateInfo" time="22.977513392" tag="^^^^^" TaskAutoShoot.state="DO_VISION" />
TaskAutoShoot.autoTask_INFO [22.978603351] <Event name="StateInfo" time="22.978275809" tag="vvvvv" TaskAutoShoot.state="DO_VISION" />
TaskAutoShoot.autoTask_INFO [22.979269809] <Event name="StateInfo" time="22.978907559" tag="^^^^^" TaskAutoShoot.state="DO_VISION" />
TaskAutoShoot.autoTask_INFO [22.980030768] <Event name="StateInfo" time="22.979720434" tag="vvvvv" TaskAutoShoot.state="DO_VISION" />
TaskAutoShoot.autoTask_INFO [22.980631309] <Event name="StateInfo" time="22.980312226" tag="^^^^^" TaskAutoShoot.state="DO_VISION" />
TaskAutoShoot.autoTask_INFO [22.981505434] <Event name="StateInfo" time="22.981141726" tag="vvvvv" TaskAutoShoot.state="DO_VISION" />
TaskAutoShoot.autoTask_INFO [22.982119101] <Event name="StateInfo" time="22.981779309" tag="^^^^^" TaskAutoShoot.state="DO_VISION" />
TaskAutoShoot.autoTask_INFO [22.982915934] <Event name="StateInfo" time="22.982603851" tag="vvvvv" TaskAutoShoot.state="DO_VISION" />
TaskAutoShoot.autoTask_INFO [22.983546226] <Event name="StateInfo" time="22.983204393" tag="^^^^^" TaskAutoShoot.state="DO_VISION" />
TaskAutoShoot.autoTask_INFO [22.984306601] <Event name="StateInfo" time="22.983984018" tag="vvvvv" TaskAutoShoot.state="DO_VISION" />
TaskAutoShoot.autoTask_INFO [22.984893435] <Event name="StateInfo" time="22.984574643" tag="^^^^^" TaskAutoShoot.state="DO_VISION" />
TaskAutoShoot.autoTask_INFO [22.98593556] <Event name="StateInfo" time="22.985592851" tag="vvvvv" TaskAutoShoot.state="DO_VISION" />
TaskAutoShoot.autoTask_INFO [22.987049727] <Event name="StateInfo" time="22.986498185" tag="^^^^^" TaskAutoShoot.state="DO_VISION" />
TaskAutoShoot.autoTask_INFO [22.987883893] <Event name="StateInfo" time="22.987569768" tag="vvvvv" TaskAutoShoot.state="DO_VISION" />
TaskAutoShoot.autoTask_INFO [22.988986393] <Event name="StateInfo" time="22.98824381" tag="^^^^^" TaskAutoShoot.state="DO_VISION" />
TaskAutoShoot.autoTask_INFO [22.989838352] <Event name="StateInfo" time="22.989501768" tag="vvvvv" TaskAutoShoot.state="DO_VISION" />
TaskAutoShoot.autoTask_INFO [22.990501602] <Event name="StateInfo" time="22.990151602" tag="^^^^^" TaskAutoShoot.state="DO_VISION" />
TaskAutoShoot.autoTask_INFO [22.991266352] <Event name="StateInfo" time="22.990923935" tag="vvvvv" TaskAutoShoot.state="DO_VISION" />
TaskAutoShoot.autoTask_INFO [22.992560477] <Event name="StateInfo" time="22.992203185" tag="^^^^^" TaskAutoShoot.state="DO_VISION" />
TaskAutoShoot.autoTask_INFO [22.993332227] <Event name="StateInfo" time="22.993000602" tag="vvvvv" TaskAutoShoot.state="DO_VISION" />
TaskAutoShoot.autoTask_INFO [22.994374936] <Event name="StateInfo" time="22.993655977" tag="^^^^^" TaskAutoShoot.state="DO_VISION" />
TaskAutoShoot.autoTask_INFO [22.996478728] <Event name="StateInfo" time="22.995533727" tag="vvvvv" TaskAutoShoot.state="DO_VISION" />
TaskAutoShoot.autoTask_INFO [22.997725019] <Event name="StateInfo" time="22.997393103" tag="^^^^^" TaskAutoShoot.state="DO_VISION" />
TaskAutoShoot.autoTask_INFO [23.079378569] <Event name="StateInfo" time="23.078742736" tag="vvvvv" TaskAutoShoot.state="DO_VISION" />
TaskAutoShoot.autoTask_INFO [23.080144194] <Event name="StateInfo" time="23.079746653" tag="^^^^^" TaskAutoShoot.state="DO_VISION" />
TaskAutoShoot.autoTask_INFO [23.122292365] <Event name="StateInfo" time="23.121699698" tag="vvvvv" TaskAutoShoot.state="DO_VISION" />
TaskAutoShoot.autoTask_INFO [23.123961574] <Event name="StateInfo" time="23.123473032" tag="^^^^^" TaskAutoShoot.state="DO_VISION" />
TaskAutoShoot.autoTask_INFO [23.168287911] <Event name="StateInfo" time="23.167988953" tag="vvvvv" TaskAutoShoot.state="DO_VISION" />
TaskAutoShoot.autoTask_INFO [23.168971286] <Event name="StateInfo" time="23.168587745" tag="^^^^^" TaskAutoShoot.state="DO_VISION" />
TaskAutoShoot.autoTask_INFO [23.232979876] <Event name="StateInfo" time="23.232529251" tag="vvvvv" TaskAutoShoot.state="DO_VISION" />
TaskAutoShoot.autoTask_INFO [23.234331751] <Event name="StateInfo" time="23.233977376" tag="^^^^^" TaskAutoShoot.state="DO_VISION" />
TaskAutoShoot.autoTask_INFO [23.252904795] <Event name="StateInfo" time="23.252599712" tag="vvvvv" TaskAutoShoot.state="DO_VISION" />
TaskAutoShoot.autoTask_INFO [23.255228795] <Event name="StateInfo" time="23.25489367" tag="^^^^^" TaskAutoShoot.state="DO_VISION" />
TaskAutoShoot.autoTask_INFO [23.309947509] <Event name="StateInfo" time="23.309575926" tag="vvvvv" TaskAutoShoot.state="DO_VISION" />
TaskAutoShoot.autoTask_INFO [23.311533009] <Event name="StateInfo" time="23.310266592" tag="^^^^^" TaskAutoShoot.state="DO_VISION" />
TaskAutoShoot.autoTask_INFO [23.32057351] <Event name="StateInfo" time="23.320175677" tag="vvvvv" TaskAutoShoot.state="DO_VISION" />
TaskAutoShoot.autoTask_INFO [23.323701635] <Event name="StateInfo" time="23.322689552" tag="^^^^^" TaskAutoShoot.state="DO_VISION" />
TaskAutoShoot.autoTask_INFO [23.325862302] <Event name="StateInfo" time="23.325385136" tag="vvvvv" TaskAutoShoot.state="DO_VISION" />
TaskAutoShoot.autoTask_INFO [23.327683177] <Event name="StateInfo" time="23.326695011" tag="^^^^^" TaskAutoShoot.state="DO_VISION" />
TaskAutoShoot.autoTask_INFO [23.328860344] <Event name="StateInfo" time="23.328488177" tag="vvvvv" TaskAutoShoot.state="DO_VISION" />
TaskAutoShoot.autoTask_INFO [23.330288344] <Event name="StateInfo" time="23.329507553" tag="^^^^^" TaskAutoShoot.state="DO_VISION" />
TaskAutoShoot.autoTask_INFO [23.332599803] <Event name="StateInfo" time="23.331005553" tag="vvvvv" TaskAutoShoot.state="DO_VISION" />
TaskAutoShoot.autoTask_INFO [23.335823887] <Event name="StateInfo" time="23.333014261" tag="^^^^^" TaskAutoShoot.state="DO_VISION" />
TaskAutoShoot.autoTask_INFO [23.338534054] <Event name="StateInfo" time="23.338197179" tag="vvvvv" TaskAutoShoot.state="DO_VISION" />
TaskAutoShoot.runTaskState_INFO [23.34108147] ***** Vision found AprilTag 24: aprilTagPose=(x=-47.442092,y=106.094559,angle=-24.072454)
TaskAutoShoot.runTaskState_INFO [23.343087262] ***** ShootParams: distance=116.21879180147683, params={loc=Interpolated, distance=116.21879180147683, shooter1Vel=4824.527147443752, shooter2Vel=0.0, tiltAngle=42.0}
TaskAutoShoot.autoTask_INFO [23.344360387] <Event name="StateInfo" time="23.343743221" tag="^^^^^" TaskAutoShoot.state="DO_VISION" />
TaskAutoShoot.autoTask_INFO [23.345714304] <Event name="StateInfo" time="23.345372471" tag="vvvvv" TaskAutoShoot.state="AIM" />
TaskAutoShoot.runTaskState_INFO [23.347633763] ***** Shooting Any artifact (MotifArtifact=null).
Spindexer.findSlot_INFO [23.348622805] find slot for Any (0=Purple)
Spindexer.moveToExitSlotWithArtifact_INFO [23.349195055] MoveToExitSlot: FromSlot=null, ToSlot=0, artifactType=Any
Spindexer.moveToExitSlot_INFO [23.350346555] MoveToExitSlot: Slot=0, event=(TaskAutoShoot.spindexerEvent=CLEARED)
Spindexer.Motor.acquireOwnership_INFO [23.37401414] Acquired ownership on behalf of FtcTeleOp.autoShoot
TaskAutoShoot.runTaskState_INFO [23.376949182] ***** Aiming: vel=4824.527147 RPM, tilt=42.000000, pan=-215.472454, event=(TaskAutoShoot.event=CLEARED)
Shooter.TiltMotor.acquireOwnership_INFO [23.377586766] Acquired ownership on behalf of FtcTeleOp.autoShoot
TaskAutoShoot.autoTask_INFO [23.380273599] <Event name="StateInfo" time="23.378971016" tag="^^^^^" TaskAutoShoot.state="AIM" />
Shooter.PanMotor.pidCtrlTask_INFO [24.029224706] controlMode: Position,onTarget=true(-215.23333333333335/-215.47245389065046), stalled=false, expired=false, event=(Shooter.panOnTarget=SIGNALED)
Spindexer.Motor.pidCtrlTask_INFO [24.088863546] controlMode: Position,onTarget=true(181.55555555555554/180.0), stalled=false, expired=false, event=(Spindexer.Motor.releaseOwnership=SIGNALED)
Spindexer.Motor.releaseOwnership_INFO [24.120890591] Released ownership on behalf of FtcTeleOp.autoShoot
Spindexer.Motor.releaseOwnership_INFO [24.121403632] Signal completion event (Spindexer.moveCallback=SIGNALED)
Spindexer.moveCompletionCallback_INFO [24.185394139] intakeCompletionCallback(canceled=false)
Shooter.ShootMotor1.pidCtrlTask_INFO [25.980750819] controlMode: Velocity,onTarget=true(81.0/80.4087857907292), stalled=false, expired=false, event=(Shooter.shooter1OnTarget=SIGNALED)
TaskAutoShoot.autoTask_INFO [25.988447028] <Event name="StateInfo" time="25.988091486" tag="vvvvv" TaskAutoShoot.state="SHOOT" />
TaskAutoShoot.runTaskState_INFO [25.989053987] ***** Feed artifact to shooter.
Shooter.shoot_INFO [25.98986307] shoot(owner=FtcTeleOp.autoShoot, event=(TaskAutoShoot.event=SIGNALED), pos=1.000000, duration=0.750000)
Spindexer.enableExitTrigger_INFO [26.000050988] Enabling exit trigger: lowThreshold=4510.000000, highThreshold=5210.000000
Shooter.Launcher.acquireOwnership_INFO [26.002379363] Acquired ownership on behalf of FtcTeleOp.autoShoot
TaskAutoShoot.autoTask_INFO [26.010952614] <Event name="StateInfo" time="26.010440739" tag="^^^^^" TaskAutoShoot.state="SHOOT" />
Intake.setPickupArtifactType_INFO [26.273116932] Expect to pick up artifact Purple
Spindexer.setExitTriggerEnabled_INFO [26.273653307] setExitTriggerEnabled(enabled=false)
Spindexer.velTriggerCallback_INFO [26.275076057] Exit[0]: vel=0.000000, artifact=Purple, numPurple=0, numGreen=4, numUnknown=0, expectedNext=Purple
Spindexer.disableExitTrigger_INFO [26.28927935] Disabling exit trigger.
Shooter.Launcher.releaseOwnership_INFO [26.296412059] Released ownership on behalf of FtcTeleOp.autoShoot
TaskAutoShoot.autoTask_INFO [26.545352209] <Event name="StateInfo" time="26.545026126" tag="vvvvv" TaskAutoShoot.state="SHOOT_NEXT" />
TaskAutoShoot.autoTask_INFO [26.547837501] <Event name="StateInfo" time="26.547187959" tag="^^^^^" TaskAutoShoot.state="SHOOT_NEXT" />
TaskAutoShoot.autoTask_INFO [26.566832295] <Event name="StateInfo" time="26.566522545" tag="vvvvv" TaskAutoShoot.state="NEXT_EXIT_SLOT" />
TaskAutoShoot.autoTask_INFO [26.567973586] <Event name="StateInfo" time="26.56763292" tag="^^^^^" TaskAutoShoot.state="NEXT_EXIT_SLOT" />
TaskAutoShoot.autoTask_INFO [26.569497253] <Event name="StateInfo" time="26.569191295" tag="vvvvv" TaskAutoShoot.state="DONE" />
TaskAutoShoot.stopSubsystems_INFO [26.570110337] Stopping subsystems.
Shooter.cancel_INFO [26.570600337] owner=FtcTeleOp.autoShoot
Spindexer.cancel_INFO [26.575577337] cancel(owner=FtcTeleOp.autoShoot)
TaskAutoShoot.releaseSubsystemsOwnership_INFO [26.581967171] Releasing subsystem ownership on behalf of FtcTeleOp.autoShoot
	shooter=FtcTeleOp.autoShoot
	spindexer=FtcTeleOp.autoShoot
TaskAutoShoot.autoTask_INFO [26.582871921] <Event name="StateInfo" time="26.582349546" tag="^^^^^" TaskAutoShoot.state="DONE" />
FtcTeleOp.operatorButtonEvent_INFO [28.297357593] >>>>> Auto Shoot
TaskAutoShoot.autoShoot_INFO [28.298340802] autoShoot(owner=FtcTeleOp.autoShoot, event=null, taskParams=(alliance=RED_ALLIANCE,inAuto=false,useAprilTagVision=true,useClassifierVision=false,numArtifactsToShoot=1,moveToNextExitSlot=false))
TaskAutoShoot.startAutoTask_INFO [28.299076094] Successfully acquired subsystem ownerships on behalf of FtcTeleOp.autoShoot
TaskAutoShoot.autoTask_INFO [28.313860678] <Event name="StateInfo" time="28.313512137" tag="vvvvv" TaskAutoShoot.state="START" />
TaskAutoShoot.runTaskState_INFO [28.314392678] ***** Using AprilTag Vision.
TaskAutoShoot.autoTask_INFO [28.315298304] <Event name="StateInfo" time="28.314955595" tag="^^^^^" TaskAutoShoot.state="START" />
TaskAutoShoot.autoTask_INFO [28.316781429] <Event name="StateInfo" time="28.316450095" tag="vvvvv" TaskAutoShoot.state="DO_VISION" />
TaskAutoShoot.runTaskState_INFO [28.318130971] ***** Vision found AprilTag 24: aprilTagPose=(x=-8.037629,y=117.900062,angle=-3.967988)
TaskAutoShoot.runTaskState_INFO [28.320008137] ***** ShootParams: distance=118.17372003292039, params={loc=Interpolated, distance=118.17372003292039, shooter1Vel=4854.14727234211, shooter2Vel=0.0, tiltAngle=42.0}
TaskAutoShoot.autoTask_INFO [28.321394138] <Event name="StateInfo" time="28.321069804" tag="^^^^^" TaskAutoShoot.state="DO_VISION" />
TaskAutoShoot.autoTask_INFO [28.323427929] <Event name="StateInfo" time="28.323103888" tag="vvvvv" TaskAutoShoot.state="AIM" />
TaskAutoShoot.runTaskState_INFO [28.324057638] ***** Shooting Any artifact (MotifArtifact=null).
Spindexer.findSlot_INFO [28.32471943] find slot for Any (1=Green)
Spindexer.moveToExitSlotWithArtifact_INFO [28.325250263] MoveToExitSlot: FromSlot=0, ToSlot=1, artifactType=Any
Spindexer.moveToExitSlot_INFO [28.325784596] MoveToExitSlot: Slot=1, event=(TaskAutoShoot.spindexerEvent=CLEARED)
Spindexer.Motor.acquireOwnership_INFO [28.343636056] Acquired ownership on behalf of FtcTeleOp.autoShoot
TaskAutoShoot.runTaskState_INFO [28.344860765] ***** Aiming: vel=4854.147272 RPM, tilt=42.000000, pan=-219.201322, event=(TaskAutoShoot.event=CLEARED)
Shooter.TiltMotor.acquireOwnership_INFO [28.345455182] Acquired ownership on behalf of FtcTeleOp.autoShoot
TaskAutoShoot.autoTask_INFO [28.347495973] <Event name="StateInfo" time="28.347166098" tag="^^^^^" TaskAutoShoot.state="AIM" />
Spindexer.Motor.pidCtrlTask_INFO [29.07147338] controlMode: Position,onTarget=true(299.1944444444444/300.0), stalled=false, expired=false, event=(Spindexer.Motor.releaseOwnership=SIGNALED)
Spindexer.Motor.releaseOwnership_INFO [29.071578088] Released ownership on behalf of FtcTeleOp.autoShoot
Spindexer.Motor.releaseOwnership_INFO [29.072944546] Signal completion event (Spindexer.moveCallback=SIGNALED)
Spindexer.moveCompletionCallback_INFO [29.074700672] intakeCompletionCallback(canceled=false)
Shooter.PanMotor.pidCtrlTask_INFO [29.768265116] controlMode: Position,onTarget=true(-218.26666666666665/-219.20132175630457), stalled=false, expired=false, event=(Shooter.panOnTarget=SIGNALED)
Shooter.ShootMotor1.pidCtrlTask_INFO [29.802073078] controlMode: Velocity,onTarget=true(79.0/80.90245453903518), stalled=false, expired=false, event=(Shooter.shooter1OnTarget=SIGNALED)
FtcTeleOp.operatorButtonEvent_INFO [29.821255122] >>>>> Setting numArtifactsToShoot = 3
TaskAutoShoot.autoTask_INFO [29.850570541] <Event name="StateInfo" time="29.850247666" tag="vvvvv" TaskAutoShoot.state="SHOOT" />
TaskAutoShoot.runTaskState_INFO [29.851670708] ***** Feed artifact to shooter.
Shooter.shoot_INFO [29.852872375] shoot(owner=FtcTeleOp.autoShoot, event=(TaskAutoShoot.event=SIGNALED), pos=1.000000, duration=0.750000)
Spindexer.enableExitTrigger_INFO [29.853639166] Enabling exit trigger: lowThreshold=4450.000000, highThreshold=5150.000000
Shooter.Launcher.acquireOwnership_INFO [29.856128542] Acquired ownership on behalf of FtcTeleOp.autoShoot
TaskAutoShoot.autoTask_INFO [29.865389543] <Event name="StateInfo" time="29.865075126" tag="^^^^^" TaskAutoShoot.state="SHOOT" />
Intake.setPickupArtifactType_INFO [30.196970243] Expect to pick up artifact None
Spindexer.setExitTriggerEnabled_INFO [30.197523826] setExitTriggerEnabled(enabled=false)
Spindexer.velTriggerCallback_INFO [30.198309868] Exit[1]: vel=0.000000, artifact=Green, numPurple=0, numGreen=3, numUnknown=0, expectedNext=None
Spindexer.disableExitTrigger_INFO [30.208542119] Disabling exit trigger.
Shooter.Launcher.releaseOwnership_INFO [30.259831999] Released ownership on behalf of FtcTeleOp.autoShoot
TaskAutoShoot.autoTask_INFO [30.493864189] <Event name="StateInfo" time="30.492359481" tag="vvvvv" TaskAutoShoot.state="SHOOT_NEXT" />
TaskAutoShoot.autoTask_INFO [30.495814856] <Event name="StateInfo" time="30.495386981" tag="^^^^^" TaskAutoShoot.state="SHOOT_NEXT" />
TaskAutoShoot.autoTask_INFO [30.500070856] <Event name="StateInfo" time="30.499749731" tag="vvvvv" TaskAutoShoot.state="START" />
TaskAutoShoot.runTaskState_INFO [30.500627065] ***** Using AprilTag Vision.
TaskAutoShoot.autoTask_INFO [30.501506148] <Event name="StateInfo" time="30.501209815" tag="^^^^^" TaskAutoShoot.state="START" />
TaskAutoShoot.autoTask_INFO [30.505739107] <Event name="StateInfo" time="30.504730815" tag="vvvvv" TaskAutoShoot.state="DO_VISION" />
TaskAutoShoot.runTaskState_INFO [30.507139107] ***** Vision found AprilTag 24: aprilTagPose=(x=-51.596671,y=122.309780,angle=-22.887618)
TaskAutoShoot.runTaskState_INFO [30.508220024] ***** ShootParams: distance=132.74750002606845, params={loc=Extrapolated, distance=132.74750002606845, shooter1Vel=5074.9621220614135, shooter2Vel=0.0, tiltAngle=42.0}
TaskAutoShoot.autoTask_INFO [30.510279191] <Event name="StateInfo" time="30.508466482" tag="^^^^^" TaskAutoShoot.state="DO_VISION" />
TaskAutoShoot.autoTask_INFO [30.511750649] <Event name="StateInfo" time="30.511445858" tag="vvvvv" TaskAutoShoot.state="AIM" />
TaskAutoShoot.runTaskState_INFO [30.514472191] ***** Shooting Any artifact (MotifArtifact=null).
Spindexer.findSlot_INFO [30.517114983] find slot for Any (2=Green)
Spindexer.moveToExitSlotWithArtifact_INFO [30.518414358] MoveToExitSlot: FromSlot=1, ToSlot=2, artifactType=Any
Spindexer.moveToExitSlot_INFO [30.519782858] MoveToExitSlot: Slot=2, event=(TaskAutoShoot.spindexerEvent=CLEARED)
Spindexer.Motor.acquireOwnership_INFO [30.53120511] Acquired ownership on behalf of FtcTeleOp.autoShoot
TaskAutoShoot.runTaskState_INFO [30.534774818] ***** Aiming: vel=5074.962122 RPM, tilt=42.000000, pan=-241.154285, event=(TaskAutoShoot.event=CLEARED)
Shooter.TiltMotor.acquireOwnership_INFO [30.535409193] Acquired ownership on behalf of FtcTeleOp.autoShoot
TaskAutoShoot.autoTask_INFO [30.540506069] <Event name="StateInfo" time="30.536797818" tag="^^^^^" TaskAutoShoot.state="AIM" />
FtcTeleOp.driverButtonEvent_INFO [31.102358209] >>>>> Cancel Bulldoze Intake
Spindexer.performAutoReceiveEnabled_INFO [31.110283084] performAutoReceiveEnabled(enable=false)
Spindexer.setEntryTriggerEnabled_INFO [31.11166646] setEntryTriggerEnabled(enabled=false)
Spindexer.cancel_INFO [31.115356627] cancel(owner=null)
Robot.cancelAll_INFO [31.203827594] Cancel all operations.
Spindexer.cancel_INFO [31.270784059] cancel(owner=null)
Shooter.cancel_INFO [31.277740018] owner=null
TaskAutoShoot.cancel_INFO [31.28336306] Canceling auto task operation.
TaskAutoShoot.stopSubsystems_INFO [31.28569581] Stopping subsystems.
Shooter.cancel_INFO [31.286969811] owner=FtcTeleOp.autoShoot
Spindexer.cancel_INFO [31.304323979] cancel(owner=FtcTeleOp.autoShoot)
TaskAutoShoot.releaseSubsystemsOwnership_INFO [31.313046855] Releasing subsystem ownership on behalf of FtcTeleOp.autoShoot
	shooter=FtcTeleOp.autoShoot
	spindexer=FtcTeleOp.autoShoot
TrcDigitalInput.getInput.printElapsedTime_INFO [31.320537439] TrcDigitalInput.getInput: avgElapsed=0.0025588638571428573, minElapsed=6.65E-5, maxElapsed=0.014385293
TrcMotor.getPos.printElapsedTime_INFO [31.321799189] TrcMotor.getPos: avgElapsed=1.2815992326939117E-4, minElapsed=2.042E-6, maxElapsed=0.012570543
TrcMotor.setPower.printElapsedTime_INFO [31.323277064] TrcMotor.setPower: avgElapsed=0.0014792597167159764, minElapsed=8.75E-6, maxElapsed=0.022095502
TrcMotor.setVel.printElapsedTime_INFO [31.324520731] TrcMotor.setVel: avgElapsed=0.0, minElapsed=0.0, maxElapsed=0.0
TrcMotor.setPos.printElapsedTime_INFO [31.342681358] TrcMotor.setPos: avgElapsed=0.0, minElapsed=0.0, maxElapsed=0.0
TrcMotor.setCurrent.printElapsedTime_INFO [31.3441744] TrcMotor.setCurrent: avgElapsed=0.0, minElapsed=0.0, maxElapsed=0.0
TrcServo.setPos.printElapsedTime_INFO [31.345420691] TrcServo.setPos: avgElapsed=0.004540594, minElapsed=0.001788209, maxElapsed=0.007723917
Robot.stopMode_INFO [31.346896233] Disabling LimelightVision.
Vision.setLimelightVisionEnabled_INFO [31.363623026] Pipeline APRIL_TAG is disabled: running=false
Robot.stopMode_INFO [31.364808068] Disabling ArtifactVision.
Robot.stopMode_INFO [31.366021693] Disabling ClassifierVision.
FtcTeleOp.stopMode_INFO [31.389069487] ***** Stopping TeleOp: 20251102@125739 *****
TrcTaskMgr.printTaskPerformanceMetrics_INFO [31.391555654] FtcDashboard.task: STANDALONE_TASK=0.008191431113766731/0.015779004573135757
TrcTaskMgr.printTaskPerformanceMetrics_INFO [31.394356238] flDriveMotor.pidCtrlTask: OUTPUT_TASK=3.1742790892857147E-4/0.028553625004464286
TrcTaskMgr.printTaskPerformanceMetrics_INFO [31.396186447] frDriveMotor.pidCtrlTask: OUTPUT_TASK=1.2322656875E-4/0.028553633077678574
TrcTaskMgr.printTaskPerformanceMetrics_INFO [31.399347822] blDriveMotor.pidCtrlTask: OUTPUT_TASK=6.29492205357143E-5/0.028553635160714286
TrcTaskMgr.printTaskPerformanceMetrics_INFO [31.404604531] brDriveMotor.pidCtrlTask: OUTPUT_TASK=4.115103928571429E-5/0.028553636983035712
TrcTaskMgr.printTaskPerformanceMetrics_INFO [31.409902073] flSteerEncoder.converterTask: INPUT_TASK=0.004626838483928571/0.028544603909821428
TrcTaskMgr.printTaskPerformanceMetrics_INFO [31.411021781] frSteerEncoder.converterTask: INPUT_TASK=0.0026649218910714287/0.028546427347321428
TrcTaskMgr.printTaskPerformanceMetrics_INFO [31.412196323] blSteerEncoder.converterTask: INPUT_TASK=4.159584107142857E-5/0.02854787265982143
TrcTaskMgr.printTaskPerformanceMetrics_INFO [31.413629282] brSteerEncoder.converterTask: INPUT_TASK=2.545366875E-5/0.028547880211607143
TrcTaskMgr.printTaskPerformanceMetrics_INFO [31.420058199] flSteerServo.pidCtrlTask: OUTPUT_TASK=0.0029279118820375333/0.02857916164432529
TrcTaskMgr.printTaskPerformanceMetrics_INFO [31.421168866] frSteerServo.pidCtrlTask: OUTPUT_TASK=0.0026231361036639857/0.028555282508489724
TrcTaskMgr.printTaskPerformanceMetrics_INFO [31.423671366] blSteerServo.pidCtrlTask: OUTPUT_TASK=0.003054903941912422/0.02855832402680965
TrcTaskMgr.printTaskPerformanceMetrics_INFO [31.430147533] brSteerServo.pidCtrlTask: OUTPUT_TASK=0.002329326596067918/0.02856079784986595
TrcTaskMgr.printTaskPerformanceMetrics_INFO [31.43127745] TrcSwerveDriveBase.odometryTask: INPUT_TASK=0.006920854358866736/0.031636095518363064
TrcTaskMgr.printTaskPerformanceMetrics_INFO [31.432751533] TrcSwerveDriveBase.absOdoHeadingWrap.converterTask: INPUT_TASK=7.786446428571429E-6/0.028553568233035714
TrcTaskMgr.printTaskPerformanceMetrics_INFO [31.434386034] StatusLED: OUTPUT_TASK=4.6433859159964255E-4/0.028562330990169794
TrcTaskMgr.printTaskPerformanceMetrics_INFO [31.439367701] Spindexer1LED: OUTPUT_TASK=2.715627953529938E-4/0.02855772505451296
TrcTaskMgr.printTaskPerformanceMetrics_INFO [31.440704118] Spindexer2LED: OUTPUT_TASK=3.156172520107239E-4/0.028557671360142985
TrcTaskMgr.printTaskPerformanceMetrics_INFO [31.441973743] Spindexer3LED: OUTPUT_TASK=2.9273718230563E-4/0.028557639039320824
TrcTaskMgr.printTaskPerformanceMetrics_INFO [31.443104826] Intake.Motor.pidCtrlTask: OUTPUT_TASK=6.55351653261841E-6/0.028557597336014297
TrcTaskMgr.printTaskPerformanceMetrics_INFO [31.451688869] Spindexer.EntrySensor.trigger.triggerTask: PRE_PERIODIC_TASK=0.013161201479166666/0.08262385205208334
TrcTaskMgr.printTaskPerformanceMetrics_INFO [31.456188702] Spindexer.ShootVelTrigger.trigger.triggerTask: PRE_PERIODIC_TASK=3.2282173089700995E-4/0.013858397710963456
TrcTaskMgr.printTaskPerformanceMetrics_INFO [31.458327786] Spindexer.Motor.pidCtrlTask: OUTPUT_TASK=8.659002850759606E-4/0.02855761193297587
TrcTaskMgr.printTaskPerformanceMetrics_INFO [31.459750536] Shooter.ShootMotor1.pidCtrlTask: OUTPUT_TASK=1.0954860142984808E-4/0.028557774838248437
TrcTaskMgr.printTaskPerformanceMetrics_INFO [31.460953661] Shooter.TiltEncoder.converterTask: INPUT_TASK=5.651275714285715E-5/0.028553564848214287
TrcTaskMgr.printTaskPerformanceMetrics_INFO [31.462116828] Shooter.TiltMotor.pidCtrlTask: OUTPUT_TASK=2.3374805719392317E-4/0.028558019327077747
TrcTaskMgr.printTaskPerformanceMetrics_INFO [31.472108162] Shooter.PanMotor.pidCtrlTask: OUTPUT_TASK=2.967504075067024E-4/0.02855806754691689
TrcTaskMgr.printTaskPerformanceMetrics_INFO [31.489578123] TaskAutoShoot: POST_PERIODIC_TASK=3.1455367159256675E-5/5.413950434451703E-4
TrcTaskMgr.printTaskPerformanceMetrics_INFO [31.490885373] DriverGamepad.buttonEventTask: PRE_PERIODIC_TASK=6.5556939928119116E-6/8.856738011295567E-4
TrcTaskMgr.printTaskPerformanceMetrics_INFO [31.492136331] OperatorGamepad.buttonEventTask: PRE_PERIODIC_TASK=2.5369474014490275E-6/8.856707728050659E-4
FtcOpMode.printPerformanceMetrics_INFO [31.494107415] [FtcTeleOp] Main robot thread average elapsed times:
       robotInit=2.444079s
    initPeriodic=0.005492s
       startMode=0.000059s
    loopInterval=0.000886s (1129.084Hz)
             sdk=0.000027s
 prePeriodicTask=0.000100s
        periodic=0.000555s
postPeriodicTask=0.000061s
         loopSum=0.000861s
        stopMode=0.000000s
