FtcAuto.startMode_INFO [0.007865959] ***** Starting autonomous: 20251102@151328 *****
FtcAuto.startMode_INFO [0.008950668] <Info name="MatchInfo" date="Sun Nov 02 15:11:35 PST 2025" type="QUALIFICATION" number=16 />
FtcAuto.startMode_INFO [0.010987085] <Info name="AutoChoices" startDelay=0 alliance="BLUE_ALLIANCE" startPos="GOAL_ZONE" strategy="DECODE_AUTO" pickupOption="SPIKEMARKS" spikeMarkCount=2 shootDelay1=0 shootDelay2=0 shootDelay3=0 parkOption="PARK" xTarget=4.0 yTarget=4.0 turnTarget=90 driveTime=5 drivePower=0.5 />
FtcAuto.startMode_INFO [0.012034168] Obelisk AprilTag 23: [Purple, Purple, Green]
CmdDecodeAuto.cmdPeriodic_INFO [0.024090794] <Event name="StateInfo" time="0.023734669" tag="vvvvv" CmdDecodeAuto.state="START" />
CmdDecodeAuto.cmdPeriodic_INFO [0.044142588] <Event name="StateInfo" time="0.043710921" tag="^^^^^" CmdDecodeAuto.state="START" />
CmdDecodeAuto.cmdPeriodic_INFO [0.045513713] <Event name="StateInfo" time="0.045199005" tag="vvvvv" CmdDecodeAuto.state="GOTO_PRELOAD_SHOOT_POS" />
purePursuitDrive.start_INFO [0.049572547] Path=TrcPath(degrees=true, [Waypoint(simple=true,index=0,pose=(x=-47.080001,y=-47.080001,angle=35.500004),vel=0.0), Waypoint(simple=false,index=-1,timestep=0.909686299939692,pose=(x=-44.958681,y=-44.958681,angle=36.356101),vel=30.0,encPos=0.0,accel=0.0,jerk=0.0), Waypoint(simple=false,index=-1,timestep=0.20000000000000015,pose=(x=-25.661320,y=-25.661320,angle=44.143903),vel=30.0,encPos=0.0,accel=0.0,jerk=0.0), Waypoint(simple=true,index=1,pose=(x=-23.540000,y=-23.540000,angle=45.000000),vel=0.0)])
CmdDecodeAuto.cmdPeriodic_INFO [0.052775047] <Event name="StateInfo" time="0.05237138" tag="^^^^^" CmdDecodeAuto.state="GOTO_PRELOAD_SHOOT_POS" RobotPose=(x=-47.080001,y=-47.080001,angle=35.500004) TargetPose=(x=-23.540000,y=-23.540000,angle=45.000000) vel=(x=-0.000040,y=-0.000018,angle=-0.000262) Path=TrcPath(degrees=true, [Waypoint(simple=true,index=0,pose=(x=0.000000,y=0.000000,angle=0.000000),vel=0.0), Waypoint(simple=false,index=-1,timestep=0.909686299939692,pose=(x=0.495143,y=2.958857,angle=0.856097),vel=30.0,encPos=0.0,accel=0.0,jerk=0.0), Waypoint(simple=false,index=-1,timestep=0.20000000000000015,pose=(x=4.999387,y=29.875172,angle=8.643899),vel=30.0,encPos=0.0,accel=0.0,jerk=0.0), Waypoint(simple=true,index=1,pose=(x=5.494530,y=32.834029,angle=9.499996),vel=0.0)]) />
purePursuitDrive.getFollowingPoint_INFO [1.813223016] No intersection found, proceed to the immediate next waypoint 3
purePursuitDrive.getFollowingPoint_INFO [1.849525894] No intersection found, proceed to the immediate next waypoint 3
purePursuitDrive.getFollowingPoint_INFO [1.902761191] No intersection found, proceed to the immediate next waypoint 3
purePursuitDrive.getFollowingPoint_INFO [1.947536987] No intersection found, proceed to the immediate next waypoint 3
purePursuitDrive.getFollowingPoint_INFO [1.984496991] No intersection found, proceed to the immediate next waypoint 3
purePursuitDrive.getFollowingPoint_INFO [2.020582287] No intersection found, proceed to the immediate next waypoint 3
purePursuitDrive.getFollowingPoint_INFO [2.073051375] No intersection found, proceed to the immediate next waypoint 3
purePursuitDrive.getFollowingPoint_INFO [2.115701504] No intersection found, proceed to the immediate next waypoint 3
purePursuitDrive.getFollowingPoint_INFO [2.175027094] No intersection found, proceed to the immediate next waypoint 3
purePursuitDrive.getFollowingPoint_INFO [2.214702514] No intersection found, proceed to the immediate next waypoint 3
purePursuitDrive.getFollowingPoint_INFO [2.266782811] No intersection found, proceed to the immediate next waypoint 3
purePursuitDrive.getFollowingPoint_INFO [2.307680315] No intersection found, proceed to the immediate next waypoint 3
purePursuitDrive.getFollowingPoint_INFO [2.352986362] No intersection found, proceed to the immediate next waypoint 3
purePursuitDrive.getFollowingPoint_INFO [2.393381032] No intersection found, proceed to the immediate next waypoint 3
purePursuitDrive.getFollowingPoint_INFO [2.432993745] No intersection found, proceed to the immediate next waypoint 3
purePursuitDrive.getFollowingPoint_INFO [2.476042291] No intersection found, proceed to the immediate next waypoint 3
purePursuitDrive.getFollowingPoint_INFO [2.523597379] No intersection found, proceed to the immediate next waypoint 3
purePursuitDrive.getFollowingPoint_INFO [2.574677259] No intersection found, proceed to the immediate next waypoint 3
purePursuitDrive.driveTask_INFO [2.576965384] Done: index=3/4, stalled=false, timeout=true, posOnTarget=false, headingOnTarget=false, robotPose=(x=-21.606311,y=-22.733455,angle=43.647586)
purePursuitDrive.driveTask_INFO [2.59977547] Signal completion event (CmdDecodeAuto=CLEARED).
CmdDecodeAuto.cmdPeriodic_INFO [2.602427595] <Event name="StateInfo" time="2.602017803" tag="vvvvv" CmdDecodeAuto.state="SHOOT_PRELOAD" />
TaskAutoShoot.autoShoot_INFO [2.603146845] autoShoot(owner=null, event=(CmdDecodeAuto=SIGNALED), taskParams=(alliance=BLUE_ALLIANCE,inAuto=true,useAprilTagVision=true,useClassifierVision=false,numArtifactsToShoot=3,moveToNextExitSlot=false))
CmdDecodeAuto.cmdPeriodic_INFO [2.604172928] <Event name="StateInfo" time="2.60381097" tag="^^^^^" CmdDecodeAuto.state="SHOOT_PRELOAD" />
TaskAutoShoot.autoTask_INFO [2.605371679] <Event name="StateInfo" time="2.604971804" tag="vvvvv" TaskAutoShoot.state="START" />
TaskAutoShoot.runTaskState_INFO [2.606315804] ***** Using AprilTag Vision.
TaskAutoShoot.autoTask_INFO [2.608141054] <Event name="StateInfo" time="2.607722804" tag="^^^^^" TaskAutoShoot.state="START" />
TaskAutoShoot.autoTask_INFO [2.609749012] <Event name="StateInfo" time="2.609451221" tag="vvvvv" TaskAutoShoot.state="DO_VISION" />
TaskAutoShoot.runTaskState_INFO [2.611178763] ***** Vision found AprilTag 20: aprilTagPose=(x=1.510927,y=44.143790,angle=1.804143)
TaskAutoShoot.runTaskState_INFO [2.619623097] ***** ShootParams: distance=44.1696404215239, params={loc=Interpolated, distance=44.1696404215239, shooter1Vel=3704.7122066770203, shooter2Vel=0.0, tiltAngle=33.0}
TaskAutoShoot.autoTask_INFO [2.620938805] <Event name="StateInfo" time="2.620594638" tag="^^^^^" TaskAutoShoot.state="DO_VISION" />
TaskAutoShoot.autoTask_INFO [2.622058222] <Event name="StateInfo" time="2.621739722" tag="vvvvv" TaskAutoShoot.state="AIM" />
TaskAutoShoot.runTaskState_INFO [2.62279818] ***** Shooting Purple artifact (MotifArtifact=Purple).
Spindexer.findSlot_INFO [2.62405468] find slot for Purple (1=Purple)
Spindexer.moveToExitSlotWithArtifact_INFO [2.624948347] MoveToExitSlot: FromSlot=null, ToSlot=1, artifactType=Purple
Spindexer.moveToExitSlot_INFO [2.625551222] MoveToExitSlot: Slot=1, event=(TaskAutoShoot.spindexerEvent=CLEARED)
TaskAutoShoot.runTaskState_INFO [2.646144058] ***** Aiming: vel=3704.712207 RPM, tilt=33.000000, pan=-178.329190, event=(TaskAutoShoot.event=CLEARED)
TaskAutoShoot.autoTask_INFO [2.651633517] <Event name="StateInfo" time="2.649473725" tag="^^^^^" TaskAutoShoot.state="AIM" />
Shooter.PanMotor.pidCtrlTask_INFO [2.928387003] controlMode: Position,onTarget=true(-178.83333333333331/-178.3291903721726), stalled=false, expired=false, event=(Shooter.panOnTarget=SIGNALED)
Spindexer.Motor.pidCtrlTask_INFO [3.166600235] controlMode: Position,onTarget=true(-60.52777777777777/-60.0), stalled=false, expired=false, event=(Spindexer.moveCallback=SIGNALED)
Spindexer.moveCompletionCallback_INFO [3.166631735] intakeCompletionCallback(canceled=false)
Shooter.ShootMotor1.pidCtrlTask_INFO [5.67575807] controlMode: Velocity,onTarget=true(62.0/61.745203444617005), stalled=false, expired=false, event=(Shooter.shooter1OnTarget=SIGNALED)
TaskAutoShoot.autoTask_INFO [5.680326154] <Event name="StateInfo" time="5.679969154" tag="vvvvv" TaskAutoShoot.state="SHOOT" />
TaskAutoShoot.runTaskState_INFO [5.681594613] ***** Feed artifact to shooter.
Shooter.shoot_INFO [5.68316728] shoot(owner=null, event=(TaskAutoShoot.event=SIGNALED), pos=1.000000, duration=0.750000)
Spindexer.enableExitTrigger_INFO [5.685963488] Enabling exit trigger: lowThreshold=3370.000000, highThreshold=4070.000000
TaskAutoShoot.autoTask_INFO [5.699243364] <Event name="StateInfo" time="5.698302156" tag="^^^^^" TaskAutoShoot.state="SHOOT" />
Intake.setPickupArtifactType_INFO [5.959076974] Expect to pick up artifact Purple
Spindexer.setExitTriggerEnabled_INFO [5.960328516] setExitTriggerEnabled(enabled=false)
Spindexer.velTriggerCallback_INFO [5.961172599] Exit[1]: vel=0.000000, artifact=Purple, numPurple=1, numGreen=1, numUnknown=0, expectedNext=Purple
Spindexer.disableExitTrigger_INFO [5.9664401] Disabling exit trigger.
TaskAutoShoot.autoTask_INFO [6.223278292] <Event name="StateInfo" time="6.222934709" tag="vvvvv" TaskAutoShoot.state="SHOOT_NEXT" />
TaskAutoShoot.autoTask_INFO [6.225050751] <Event name="StateInfo" time="6.224693167" tag="^^^^^" TaskAutoShoot.state="SHOOT_NEXT" />
TaskAutoShoot.autoTask_INFO [6.227821876] <Event name="StateInfo" time="6.227472751" tag="vvvvv" TaskAutoShoot.state="START" />
TaskAutoShoot.runTaskState_INFO [6.230396418] ***** Using AprilTag Vision.
TaskAutoShoot.autoTask_INFO [6.231424543] <Event name="StateInfo" time="6.231094376" tag="^^^^^" TaskAutoShoot.state="START" />
TaskAutoShoot.autoTask_INFO [6.23310396] <Event name="StateInfo" time="6.232053085" tag="vvvvv" TaskAutoShoot.state="DO_VISION" />
TaskAutoShoot.runTaskState_INFO [6.23566246] ***** Vision found AprilTag 20: aprilTagPose=(x=-2.159423,y=43.719454,angle=-2.804521)
TaskAutoShoot.runTaskState_INFO [6.237992877] ***** ShootParams: distance=43.772751842979154, params={loc=Interpolated, distance=43.772751842979154, shooter1Vel=3648.701439101254, shooter2Vel=0.0, tiltAngle=30.0}
TaskAutoShoot.autoTask_INFO [6.240059044] <Event name="StateInfo" time="6.23963846" tag="^^^^^" TaskAutoShoot.state="DO_VISION" />
TaskAutoShoot.autoTask_INFO [6.242278627] <Event name="StateInfo" time="6.241952836" tag="vvvvv" TaskAutoShoot.state="AIM" />
TaskAutoShoot.runTaskState_INFO [6.243097919] ***** Shooting Purple artifact (MotifArtifact=Purple).
Spindexer.findSlot_INFO [6.243855378] find slot for Purple (2=Purple)
Spindexer.moveToExitSlotWithArtifact_INFO [6.244446586] MoveToExitSlot: FromSlot=1, ToSlot=2, artifactType=Purple
Spindexer.moveToExitSlot_INFO [6.245039544] MoveToExitSlot: Slot=2, event=(TaskAutoShoot.spindexerEvent=CLEARED)
TaskAutoShoot.runTaskState_INFO [6.274223422] ***** Aiming: vel=3648.701439 RPM, tilt=30.000000, pan=-180.337854, event=(TaskAutoShoot.event=CLEARED)
TaskAutoShoot.autoTask_INFO [6.278972631] <Event name="StateInfo" time="6.277826964" tag="^^^^^" TaskAutoShoot.state="AIM" />
Shooter.PanMotor.pidCtrlTask_INFO [6.661105878] controlMode: Position,onTarget=true(-180.13333333333333/-180.33785425390906), stalled=false, expired=false, event=(Shooter.panOnTarget=SIGNALED)
Spindexer.Motor.pidCtrlTask_INFO [6.908773486] controlMode: Position,onTarget=true(61.972222222222214/60.0), stalled=false, expired=false, event=(Spindexer.moveCallback=SIGNALED)
Spindexer.moveCompletionCallback_INFO [6.908802361] intakeCompletionCallback(canceled=false)
Shooter.ShootMotor1.pidCtrlTask_INFO [8.113342357] controlMode: Velocity,onTarget=true(60.0/60.81169065168756), stalled=false, expired=false, event=(Shooter.shooter1OnTarget=SIGNALED)
TaskAutoShoot.autoTask_INFO [8.118310608] <Event name="StateInfo" time="8.117985691" tag="vvvvv" TaskAutoShoot.state="SHOOT" />
TaskAutoShoot.runTaskState_INFO [8.118847858] ***** Feed artifact to shooter.
Shooter.shoot_INFO [8.119678524] shoot(owner=null, event=(TaskAutoShoot.event=SIGNALED), pos=1.000000, duration=0.750000)
Spindexer.enableExitTrigger_INFO [8.123956691] Enabling exit trigger: lowThreshold=3250.000000, highThreshold=3950.000000
TaskAutoShoot.autoTask_INFO [8.136817151] <Event name="StateInfo" time="8.136512359" tag="^^^^^" TaskAutoShoot.state="SHOOT" />
Intake.setPickupArtifactType_INFO [8.405376261] Expect to pick up artifact Purple
Spindexer.setExitTriggerEnabled_INFO [8.406140428] setExitTriggerEnabled(enabled=false)
Spindexer.velTriggerCallback_INFO [8.408046178] Exit[2]: vel=0.000000, artifact=Purple, numPurple=0, numGreen=1, numUnknown=0, expectedNext=Purple
Spindexer.disableExitTrigger_INFO [8.41202947] Disabling exit trigger.
TaskAutoShoot.autoTask_INFO [8.666979121] <Event name="StateInfo" time="8.666656829" tag="vvvvv" TaskAutoShoot.state="SHOOT_NEXT" />
TaskAutoShoot.autoTask_INFO [8.668531371] <Event name="StateInfo" time="8.668121579" tag="^^^^^" TaskAutoShoot.state="SHOOT_NEXT" />
TaskAutoShoot.autoTask_INFO [8.669535871] <Event name="StateInfo" time="8.669136871" tag="vvvvv" TaskAutoShoot.state="START" />
TaskAutoShoot.runTaskState_INFO [8.670262121] ***** Using AprilTag Vision.
TaskAutoShoot.autoTask_INFO [8.671323496] <Event name="StateInfo" time="8.670972621" tag="^^^^^" TaskAutoShoot.state="START" />
TaskAutoShoot.autoTask_INFO [8.672452247] <Event name="StateInfo" time="8.672106621" tag="vvvvv" TaskAutoShoot.state="DO_VISION" />
TaskAutoShoot.runTaskState_INFO [8.673958705] ***** Vision found AprilTag 20: aprilTagPose=(x=-1.508575,y=44.071189,angle=-1.970078)
TaskAutoShoot.runTaskState_INFO [8.675421122] ***** ShootParams: distance=44.097000815157536, params={loc=Interpolated, distance=44.097000815157536, shooter1Vel=3702.6944396093136, shooter2Vel=0.0, tiltAngle=33.0}
TaskAutoShoot.autoTask_INFO [8.676191414] <Event name="StateInfo" time="8.675799705" tag="^^^^^" TaskAutoShoot.state="DO_VISION" />
TaskAutoShoot.autoTask_INFO [8.677852164] <Event name="StateInfo" time="8.677279914" tag="vvvvv" TaskAutoShoot.state="AIM" />
TaskAutoShoot.runTaskState_INFO [8.678576372] ***** Shooting Green artifact (MotifArtifact=Green).
Spindexer.findSlot_INFO [8.679362997] find slot for Green (0=Green)
Spindexer.moveToExitSlotWithArtifact_INFO [8.679920081] MoveToExitSlot: FromSlot=2, ToSlot=0, artifactType=Green
Spindexer.moveToExitSlot_INFO [8.680468414] MoveToExitSlot: Slot=0, event=(TaskAutoShoot.spindexerEvent=CLEARED)
TaskAutoShoot.runTaskState_INFO [8.704551625] ***** Aiming: vel=3702.694440 RPM, tilt=33.000000, pan=-182.536745, event=(TaskAutoShoot.event=CLEARED)
TaskAutoShoot.autoTask_INFO [8.708077292] <Event name="StateInfo" time="8.707752083" tag="^^^^^" TaskAutoShoot.state="AIM" />
Shooter.PanMotor.pidCtrlTask_INFO [9.131836626] controlMode: Position,onTarget=true(-182.3/-182.53674456212946), stalled=false, expired=false, event=(Shooter.panOnTarget=SIGNALED)
Spindexer.moveCompletionCallback_INFO [9.609034257] intakeCompletionCallback(canceled=false)
Spindexer.Motor.pidCtrlTask_INFO [9.608966591] controlMode: Position,onTarget=true(179.6111111111111/180.0), stalled=false, expired=false, event=(Spindexer.moveCallback=SIGNALED)
Shooter.ShootMotor1.pidCtrlTask_INFO [14.897063455] controlMode: Velocity,onTarget=true(61.0/61.71157399348856), stalled=false, expired=false, event=(Shooter.shooter1OnTarget=SIGNALED)
TaskAutoShoot.autoTask_INFO [14.904454873] <Event name="StateInfo" time="14.904139289" tag="vvvvv" TaskAutoShoot.state="SHOOT" />
TaskAutoShoot.runTaskState_INFO [14.905703498] ***** Feed artifact to shooter.
Shooter.shoot_INFO [14.907243206] shoot(owner=null, event=(TaskAutoShoot.event=SIGNALED), pos=1.000000, duration=0.750000)
Spindexer.enableExitTrigger_INFO [14.91028879] Enabling exit trigger: lowThreshold=3310.000000, highThreshold=4010.000000
TaskAutoShoot.autoTask_INFO [14.918372041] <Event name="StateInfo" time="14.918064624" tag="^^^^^" TaskAutoShoot.state="SHOOT" />
Intake.setPickupArtifactType_INFO [15.175707233] Expect to pick up artifact Any
Spindexer.setExitTriggerEnabled_INFO [15.177357775] setExitTriggerEnabled(enabled=false)
Spindexer.velTriggerCallback_INFO [15.17879365] Exit[0]: vel=0.000000, artifact=Green, numPurple=0, numGreen=0, numUnknown=0, expectedNext=Any
Spindexer.disableExitTrigger_INFO [15.183149984] Disabling exit trigger.
TaskAutoShoot.autoTask_INFO [15.437987343] <Event name="StateInfo" time="15.43766651" tag="vvvvv" TaskAutoShoot.state="SHOOT_NEXT" />
TaskAutoShoot.autoTask_INFO [15.44014101] <Event name="StateInfo" time="15.439765051" tag="^^^^^" TaskAutoShoot.state="SHOOT_NEXT" />
TaskAutoShoot.autoTask_INFO [15.44289376] <Event name="StateInfo" time="15.442559802" tag="vvvvv" TaskAutoShoot.state="NEXT_EXIT_SLOT" />
TaskAutoShoot.autoTask_INFO [15.444839177] <Event name="StateInfo" time="15.443958635" tag="^^^^^" TaskAutoShoot.state="NEXT_EXIT_SLOT" />
TaskAutoShoot.autoTask_INFO [15.446959302] <Event name="StateInfo" time="15.446410094" tag="vvvvv" TaskAutoShoot.state="DONE" />
TaskAutoShoot.stopSubsystems_INFO [15.448641052] Stopping subsystems.
Shooter.cancel_INFO [15.450125053] owner=null
Spindexer.cancel_INFO [15.463865762] cancel(owner=null)
TaskAutoShoot.autoTask_INFO [15.470033346] <Event name="StateInfo" time="15.469642513" tag="^^^^^" TaskAutoShoot.state="DONE" />
CmdDecodeAuto.cmdPeriodic_INFO [15.472639388] <Event name="StateInfo" time="15.472262263" tag="vvvvv" CmdDecodeAuto.state="LEAVE_LAUNCH_ZONE" />
purePursuitDrive.start_INFO [15.480498931] Path=TrcPath(degrees=true, [Waypoint(simple=true,index=0,pose=(x=-21.825915,y=-22.796713,angle=44.930378),vel=0.0), Waypoint(simple=false,index=-1,timestep=0.6,pose=(x=-18.825915,y=-22.796713,angle=44.930378),vel=30.0,encPos=0.0,accel=0.0,jerk=0.0), Waypoint(simple=false,index=-1,timestep=0.1999999999999999,pose=(x=-0.825915,y=-22.796713,angle=44.930378),vel=30.0,encPos=0.0,accel=0.0,jerk=0.0), Waypoint(simple=true,index=1,pose=(x=2.174085,y=-22.796713,angle=44.930378),vel=0.0)])
CmdDecodeAuto.cmdPeriodic_INFO [15.486936015] <Event name="StateInfo" time="15.486174764" tag="^^^^^" CmdDecodeAuto.state="LEAVE_LAUNCH_ZONE" RobotPose=(x=-21.825915,y=-22.796713,angle=44.930378) TargetPose=(x=2.174085,y=-22.796713,angle=44.930378) vel=(x=-1.290182,y=1.287901,angle=-13.817745) Path=TrcPath(degrees=true, [Waypoint(simple=true,index=0,pose=(x=0.000000,y=0.000000,angle=0.000000),vel=0.0), Waypoint(simple=false,index=-1,timestep=0.6,pose=(x=2.123896,y=2.118741,angle=0.000000),vel=30.0,encPos=0.0,accel=0.0,jerk=0.0), Waypoint(simple=false,index=-1,timestep=0.1999999999999999,pose=(x=14.867275,y=14.831188,angle=0.000000),vel=30.0,encPos=0.0,accel=0.0,jerk=0.0), Waypoint(simple=true,index=1,pose=(x=16.991172,y=16.949929,angle=0.000000),vel=0.0)]) />
purePursuitDrive.getFollowingPoint_INFO [16.365309519] No intersection found, proceed to the immediate next waypoint 3
purePursuitDrive.getFollowingPoint_INFO [16.409267482] No intersection found, proceed to the immediate next waypoint 3
purePursuitDrive.getFollowingPoint_INFO [16.450209028] No intersection found, proceed to the immediate next waypoint 3
purePursuitDrive.getFollowingPoint_INFO [16.492904949] No intersection found, proceed to the immediate next waypoint 3
purePursuitDrive.driveTask_INFO [16.494945158] Done: index=3/4, stalled=false, timeout=true, posOnTarget=false, headingOnTarget=false, robotPose=(x=3.936790,y=-28.605854,angle=56.179361)
purePursuitDrive.driveTask_INFO [16.513863243] Signal completion event (CmdDecodeAuto=CLEARED).
CmdDecodeAuto.cmdPeriodic_INFO [16.515121785] <Event name="StateInfo" time="16.514848493" tag="vvvvv" CmdDecodeAuto.state="DONE" />
CmdDecodeAuto.cmdPeriodic_INFO [16.516162451] <Event name="StateInfo" time="16.515775701" tag="^^^^^" CmdDecodeAuto.state="DONE" />
Robot.cancelAll_INFO [19.763847778] Cancel all operations.
Spindexer.cancel_INFO [19.773066779] cancel(owner=null)
Shooter.cancel_INFO [19.774441112] owner=null
TaskAutoShoot.cancel_INFO [19.777859737] Canceling auto task operation.
TrcDigitalInput.getInput.printElapsedTime_INFO [19.779181862] TrcDigitalInput.getInput: avgElapsed=0.0, minElapsed=0.0, maxElapsed=0.0
TrcMotor.getPos.printElapsedTime_INFO [19.780646321] TrcMotor.getPos: avgElapsed=4.962138954725007E-5, minElapsed=1.75E-6, maxElapsed=0.007592959
TrcMotor.setPower.printElapsedTime_INFO [19.782046029] TrcMotor.setPower: avgElapsed=0.0016360036112929625, minElapsed=7.292E-6, maxElapsed=0.01649696
TrcMotor.setVel.printElapsedTime_INFO [19.78347578] TrcMotor.setVel: avgElapsed=0.0, minElapsed=0.0, maxElapsed=0.0
TrcMotor.setPos.printElapsedTime_INFO [19.784870238] TrcMotor.setPos: avgElapsed=0.0, minElapsed=0.0, maxElapsed=0.0
TrcMotor.setCurrent.printElapsedTime_INFO [19.786059947] TrcMotor.setCurrent: avgElapsed=0.0, minElapsed=0.0, maxElapsed=0.0
TrcServo.setPos.printElapsedTime_INFO [19.787389655] TrcServo.setPos: avgElapsed=0.0050531255, minElapsed=0.001307542, maxElapsed=0.010794876
Robot.stopMode_INFO [19.788756988] Disabling LimelightVision.
Vision.setLimelightVisionEnabled_INFO [19.79003653] Pipeline APRIL_TAG is disabled: running=false
Robot.stopMode_INFO [19.791167905] Disabling ArtifactVision.
Robot.stopMode_INFO [19.792361114] Disabling ClassifierVision.
Robot.stopMode_INFO [19.794311489] Saved robot pose=(x=6.996139,y=-24.331740,angle=52.513653)
FtcAuto.stopMode_INFO [19.796471281] ***** Stopping autonomous: 20251102@151348 *****
TrcTaskMgr.printTaskPerformanceMetrics_INFO [19.797898114] FtcDashboard.task: STANDALONE_TASK=2.6877776184752746E-5/0.010336774776614011
TrcTaskMgr.printTaskPerformanceMetrics_INFO [19.799212365] TrcWatchdogMgr: STANDALONE_TASK=1.0907603305785124E-4/0.9921743049256199
TrcTaskMgr.printTaskPerformanceMetrics_INFO [19.800547323] flDriveMotor.pidCtrlTask: OUTPUT_TASK=1.4629953936265263E-5/0.011951248739600913
TrcTaskMgr.printTaskPerformanceMetrics_INFO [19.80215674] frDriveMotor.pidCtrlTask: OUTPUT_TASK=4.205379628710414E-6/0.01195123817095205
TrcTaskMgr.printTaskPerformanceMetrics_INFO [19.803486157] blDriveMotor.pidCtrlTask: OUTPUT_TASK=4.607976273205599E-6/0.011951235072669512
TrcTaskMgr.printTaskPerformanceMetrics_INFO [19.804725448] brDriveMotor.pidCtrlTask: OUTPUT_TASK=3.688356199741884E-6/0.011951228934180482
TrcTaskMgr.printTaskPerformanceMetrics_INFO [19.806112615] flSteerEncoder.converterTask: INPUT_TASK=0.0037352941362914435/0.011952183274369664
TrcTaskMgr.printTaskPerformanceMetrics_INFO [19.80758349] frSteerEncoder.converterTask: INPUT_TASK=0.002176440104129442/0.011951986947984912
TrcTaskMgr.printTaskPerformanceMetrics_INFO [19.808919907] blSteerEncoder.converterTask: INPUT_TASK=3.8805076632916415E-5/0.011951852174508637
TrcTaskMgr.printTaskPerformanceMetrics_INFO [19.809712074] brSteerEncoder.converterTask: INPUT_TASK=1.9472908973595394E-5/0.01195179785973794
TrcTaskMgr.printTaskPerformanceMetrics_INFO [19.810346449] flSteerServo.pidCtrlTask: OUTPUT_TASK=2.068000846734167E-4/0.011951618673218185
TrcTaskMgr.printTaskPerformanceMetrics_INFO [19.811288824] frSteerServo.pidCtrlTask: OUTPUT_TASK=1.5079217053801867E-4/0.011951731761365892
TrcTaskMgr.printTaskPerformanceMetrics_INFO [19.811924949] blSteerServo.pidCtrlTask: OUTPUT_TASK=1.9665767699027199E-4/0.01195185208765138
TrcTaskMgr.printTaskPerformanceMetrics_INFO [19.813241824] brSteerServo.pidCtrlTask: OUTPUT_TASK=1.4184036718284694E-4/0.011951969431804646
TrcTaskMgr.printTaskPerformanceMetrics_INFO [19.814599533] TrcSwerveDriveBase.odometryTask: INPUT_TASK=0.005841668685494223/0.0253545967381258
TrcTaskMgr.printTaskPerformanceMetrics_INFO [19.815453533] purePursuitDrive.driveTask: POST_PERIODIC_TASK=0.044273405721518985/0.20805194601265825
TrcTaskMgr.printTaskPerformanceMetrics_INFO [19.816094908] TrcSwerveDriveBase.absOdoHeadingWrap.converterTask: INPUT_TASK=2.2398168751240817E-5/0.01195174122880683
TrcTaskMgr.printTaskPerformanceMetrics_INFO [19.818264033] StatusLED: OUTPUT_TASK=3.6589435775263054E-5/0.011952075194957315
TrcTaskMgr.printTaskPerformanceMetrics_INFO [19.821924742] Spindexer1LED: OUTPUT_TASK=1.2126588991463173E-4/0.01195090800714711
TrcTaskMgr.printTaskPerformanceMetrics_INFO [19.823398534] Spindexer2LED: OUTPUT_TASK=1.234917524320032E-4/0.011950227190887433
TrcTaskMgr.printTaskPerformanceMetrics_INFO [19.825036825] Spindexer3LED: OUTPUT_TASK=1.21371472853598E-4/0.011949744509181142
TrcTaskMgr.printTaskPerformanceMetrics_INFO [19.826995076] Intake.Motor.pidCtrlTask: OUTPUT_TASK=7.841476526054591E-6/0.011949044538064515
TrcTaskMgr.printTaskPerformanceMetrics_INFO [19.828632784] Spindexer.ShootVelTrigger.trigger.triggerTask: PRE_PERIODIC_TASK=2.5343735387811634E-4/0.006557435879501384
TrcTaskMgr.printTaskPerformanceMetrics_INFO [19.830271659] Spindexer.Motor.pidCtrlTask: OUTPUT_TASK=3.2251392079404466E-4/0.011949037734888337
TrcTaskMgr.printTaskPerformanceMetrics_INFO [19.832406951] Shooter.ShootMotor1.pidCtrlTask: OUTPUT_TASK=5.1176952952853604E-5/0.011947726551960297
TrcTaskMgr.printTaskPerformanceMetrics_INFO [19.83400441] Shooter.TiltEncoder.converterTask: INPUT_TASK=2.3907315105200477E-5/0.011951809462187376
TrcTaskMgr.printTaskPerformanceMetrics_INFO [19.835661952] Shooter.TiltMotor.pidCtrlTask: OUTPUT_TASK=6.48328197697499E-5/0.011947661461591902
TrcTaskMgr.printTaskPerformanceMetrics_INFO [19.837381327] Shooter.PanMotor.pidCtrlTask: OUTPUT_TASK=5.356903691941247E-4/0.01194765905905121
TrcTaskMgr.printTaskPerformanceMetrics_INFO [19.839301952] TaskAutoShoot: POST_PERIODIC_TASK=1.1041296214901008E-5/2.519758966897553E-4
FtcOpMode.printPerformanceMetrics_INFO [19.84136491] [FtcAutonomous] Main robot thread average elapsed times:
       robotInit=14.841243s
    initPeriodic=0.006220s
       startMode=0.000060s
    loopInterval=0.000314s (3186.133Hz)
             sdk=0.000027s
 prePeriodicTask=0.000055s
        periodic=0.000064s
postPeriodicTask=0.000116s
         loopSum=0.000287s
        stopMode=0.000000s
